This file contains any messages produced by compilers while
running configure, to aid debugging if configure makes a mistake.

It was created by Berkeley DB configure 4.7.25, which was
generated by GNU Autoconf 2.61.  Invocation command line was

  $ ../dist/configure --host=arm-linux --prefix=/home/bing/project/DNS-345_GPL-2011-01-25/afp_module/db-4.7.25/build_unix/install --enable-pthread_api --enable-rpc

## --------- ##
## Platform. ##
## --------- ##

hostname = swtest4
uname -m = i686
uname -r = 2.6.35.6-45.fc14.i686
uname -s = Linux
uname -v = #1 SMP Mon Oct 18 23:56:17 UTC 2010

/usr/bin/uname -p = unknown
/bin/uname -X     = unknown

/bin/arch              = i686
/usr/bin/arch -k       = unknown
/usr/convex/getsysinfo = unknown
/usr/bin/hostinfo      = unknown
/bin/machine           = unknown
/usr/bin/oslevel       = unknown
/bin/universe          = unknown

PATH: /opt_gccarm/arm-mv5sft-linux-gnueabi/bin
PATH: /usr/local/bin
PATH: /bin
PATH: /usr/bin
PATH: /usr/local/sbin
PATH: /usr/sbin
PATH: /sbin
PATH: /home/bing/bin
PATH: /sbin
PATH: /usr/bin
PATH: /usr/sbin


## ----------- ##
## Core tests. ##
## ----------- ##

configure:2074: checking build system type
configure:2092: result: i686-pc-linux-gnu
configure:2114: checking host system type
configure:2129: result: arm-unknown-linux-gnu
configure:2166: checking if building in the top-level or dist directories
configure:2182: result: no
configure:2267: checking if --disable-cryptography option specified
configure:2280: result: no
configure:2284: checking if --disable-hash option specified
configure:2297: result: no
configure:2301: checking if --disable-mutexsupport option specified
configure:2314: result: no
configure:2318: checking if --disable-queue option specified
configure:2331: result: no
configure:2335: checking if --disable-replication option specified
configure:2348: result: no
configure:2352: checking if --disable-statistics option specified
configure:2365: result: no
configure:2369: checking if --disable-verify option specified
configure:2382: result: no
configure:2386: checking if --enable-compat185 option specified
configure:2395: result: no
configure:2398: checking if --enable-cxx option specified
configure:2407: result: no
configure:2410: checking if --enable-debug option specified
configure:2419: result: no
configure:2422: checking if --enable-debug_rop option specified
configure:2431: result: no
configure:2434: checking if --enable-debug_wop option specified
configure:2443: result: no
configure:2446: checking if --enable-diagnostic option specified
configure:2470: result: no
configure:2474: checking if --enable-dump185 option specified
configure:2483: result: no
configure:2486: checking if --enable-java option specified
configure:2495: result: no
configure:2498: checking if --enable-mingw option specified
configure:2507: result: no
configure:2510: checking if --enable-o_direct option specified
configure:2519: result: no
configure:2522: checking if --enable-posixmutexes option specified
configure:2531: result: no
configure:2542: checking if --enable-pthread_api option specified
configure:2555: result: yes
configure:2566: checking if --enable-rpc option specified
configure:2575: result: yes
configure:2578: checking if --enable-smallbuild option specified
configure:2595: result: no
configure:2598: checking if --enable-tcl option specified
configure:2607: result: no
configure:2610: checking if --enable-test option specified
configure:2619: result: no
configure:2622: checking if --enable-uimutexes option specified
configure:2631: result: no
configure:2634: checking if --enable-umrw option specified
configure:2643: result: no
configure:2646: checking if --with-mutex=MUTEX option specified
configure:2664: result: no
configure:2678: checking if --with-tcl=DIR option specified
configure:2688: result: no
configure:2694: checking if --with-uniquename=NAME option specified
configure:2707: result: no
configure:2785: checking for arm-linux-chmod
configure:2815: result: no
configure:2825: checking for chmod
configure:2841: found /bin/chmod
configure:2852: result: chmod
configure:2885: checking for arm-linux-cp
configure:2915: result: no
configure:2925: checking for cp
configure:2941: found /bin/cp
configure:2952: result: cp
configure:3088: checking for arm-linux-ln
configure:3118: result: no
configure:3128: checking for ln
configure:3144: found /bin/ln
configure:3155: result: ln
configure:3188: checking for arm-linux-mkdir
configure:3218: result: no
configure:3228: checking for mkdir
configure:3244: found /bin/mkdir
configure:3255: result: mkdir
configure:3288: checking for arm-linux-rm
configure:3318: result: no
configure:3328: checking for rm
configure:3344: found /bin/rm
configure:3355: result: rm
configure:3389: checking for arm-linux-rpcgen
configure:3419: result: no
configure:3429: checking for rpcgen
configure:3445: found /usr/bin/rpcgen
configure:3456: result: rpcgen
configure:3494: checking for arm-linux-sh
configure:3527: result: no
configure:3537: checking for sh
configure:3555: found /bin/sh
configure:3567: result: /bin/sh
configure:3614: checking for a BSD-compatible install
configure:3670: result: /usr/bin/install -c
configure:3776: checking for arm-linux-cc
configure:3803: result: arm-mv5sft-linux-gnueabi-gcc
configure:3883: checking for C compiler version
configure:3890: arm-mv5sft-linux-gnueabi-gcc --version >&5
arm-mv5sft-linux-gnueabi-gcc (sdk3.3-ct-ng-1.4.1) 4.3.2
Copyright (C) 2008 Free Software Foundation, Inc.
This is free software; see the source for copying conditions.  There is NO
warranty; not even for MERCHANTABILITY or FITNESS FOR A PARTICULAR PURPOSE.

configure:3893: $? = 0
configure:3900: arm-mv5sft-linux-gnueabi-gcc -v >&5
Using built-in specs.
Target: arm-mv5sft-linux-gnueabi
Configured with: /home/seugene/sdk/targets/src/gcc-4.3.2/configure --build=i486-build_pc-linux-gnu --host=i486-build_pc-linux-gnu --target=arm-mv5sft-linux-gnueabi --prefix=/home/seugene/sdk/targets/arm-mv5sft-linux-gnueabi/cross --with-sysroot=/home/seugene/sdk/targets/arm-mv5sft-linux-gnueabi/cross/arm-mv5sft-linux-gnueabi//sys-root --enable-languages=c,c++,fortran,java --disable-multilib --with-arch=armv5te --with-float=soft --with-gmp=/home/seugene/sdk/targets/arm-mv5sft-linux-gnueabi/cross --with-mpfr=/home/seugene/sdk/targets/arm-mv5sft-linux-gnueabi/cross --with-pkgversion=sdk3.3-ct-ng-1.4.1 --disable-sjlj-exceptions --enable-__cxa_atexit --with-local-prefix=/home/seugene/sdk/targets/arm-mv5sft-linux-gnueabi/cross/arm-mv5sft-linux-gnueabi//sys-root --disable-nls --enable-threads=posix --enable-symvers=gnu --enable-c99 --enable-long-long --enable-target-optspace
Thread model: posix
gcc version 4.3.2 (sdk3.3-ct-ng-1.4.1) 
configure:3903: $? = 0
configure:3910: arm-mv5sft-linux-gnueabi-gcc -V >&5
arm-mv5sft-linux-gnueabi-gcc: '-V' option must have argument
configure:3913: $? = 1
configure:3936: checking for C compiler default output file name
configure:3963: arm-mv5sft-linux-gnueabi-gcc -O  -D_GNU_SOURCE -D_REENTRANT  conftest.c  >&5
configure:3966: $? = 0
configure:4004: result: a.out
configure:4021: checking whether the C compiler works
configure:4031: ./a.out
../dist/configure: line 4032: ./a.out: cannot execute binary file
configure:4034: $? = 126
configure:4051: result: yes
configure:4058: checking whether we are cross compiling
configure:4060: result: yes
configure:4063: checking for suffix of executables
configure:4070: arm-mv5sft-linux-gnueabi-gcc -o conftest -O  -D_GNU_SOURCE -D_REENTRANT  conftest.c  >&5
configure:4073: $? = 0
configure:4097: result: 
configure:4103: checking for suffix of object files
configure:4129: arm-mv5sft-linux-gnueabi-gcc -c -O  -D_GNU_SOURCE -D_REENTRANT conftest.c >&5
configure:4132: $? = 0
configure:4155: result: o
configure:4159: checking whether we are using the GNU C compiler
configure:4188: arm-mv5sft-linux-gnueabi-gcc -c -O  -D_GNU_SOURCE -D_REENTRANT conftest.c >&5
configure:4194: $? = 0
configure:4211: result: yes
configure:4216: checking whether arm-mv5sft-linux-gnueabi-gcc accepts -g
configure:4246: arm-mv5sft-linux-gnueabi-gcc -c -g  -D_GNU_SOURCE -D_REENTRANT conftest.c >&5
configure:4252: $? = 0
configure:4351: result: yes
configure:4368: checking for arm-mv5sft-linux-gnueabi-gcc option to accept ISO C89
configure:4442: arm-mv5sft-linux-gnueabi-gcc  -c -O  -D_GNU_SOURCE -D_REENTRANT conftest.c >&5
configure:4448: $? = 0
configure:4471: result: none needed
configure:4512: checking for an ANSI C-conforming const
configure:4587: arm-mv5sft-linux-gnueabi-gcc -c -O3   -D_GNU_SOURCE -D_REENTRANT conftest.c >&5
configure:4593: $? = 0
configure:4608: result: yes
configure:4618: checking for inline
configure:4644: arm-mv5sft-linux-gnueabi-gcc -c -O3   -D_GNU_SOURCE -D_REENTRANT conftest.c >&5
configure:4650: $? = 0
configure:4668: result: inline
configure:5880: checking whether we are using gcc version 2.96
configure:5895: result: no
configure:5906: checking whether g++ requires -fhandle-exceptions
configure:5921: result: no
configure:6018: checking for a sed that does not truncate output
configure:6072: result: /bin/sed
configure:6075: checking for grep that handles long lines and -e
configure:6149: result: /bin/grep
configure:6154: checking for egrep
configure:6232: result: /bin/grep -E
configure:6248: checking for ld used by arm-mv5sft-linux-gnueabi-gcc
configure:6315: result: arm-mv5sft-linux-gnueabi-ld
configure:6324: checking if the linker (arm-mv5sft-linux-gnueabi-ld) is GNU ld
configure:6339: result: yes
configure:6344: checking for arm-mv5sft-linux-gnueabi-ld option to reload object files
configure:6351: result: -r
configure:6369: checking for BSD-compatible nm
configure:6418: result: nm
configure:6422: checking whether ln -s works
configure:6426: result: yes
configure:6433: checking how to recognise dependent libraries
configure:6609: result: pass_all
configure:6842: checking how to run the C preprocessor
configure:6882: arm-mv5sft-linux-gnueabi-gcc -E  -D_GNU_SOURCE -D_REENTRANT conftest.c
configure:6888: $? = 0
configure:6919: arm-mv5sft-linux-gnueabi-gcc -E  -D_GNU_SOURCE -D_REENTRANT conftest.c
conftest.c:10:28: error: ac_nonexistent.h: No such file or directory
configure:6925: $? = 1
configure: failed program was:
| /* confdefs.h.  */
| #define PACKAGE_NAME "Berkeley DB"
| #define PACKAGE_TARNAME "db-4.7.25"
| #define PACKAGE_VERSION "4.7.25"
| #define PACKAGE_STRING "Berkeley DB 4.7.25"
| #define PACKAGE_BUGREPORT "Oracle Technology Network Berkeley DB forum"
| #define HAVE_PTHREAD_API 1
| #define HAVE_UPGRADE_SUPPORT 1
| /* end confdefs.h.  */
| #include <ac_nonexistent.h>
configure:6958: result: arm-mv5sft-linux-gnueabi-gcc -E
configure:6987: arm-mv5sft-linux-gnueabi-gcc -E  -D_GNU_SOURCE -D_REENTRANT conftest.c
configure:6993: $? = 0
configure:7024: arm-mv5sft-linux-gnueabi-gcc -E  -D_GNU_SOURCE -D_REENTRANT conftest.c
conftest.c:10:28: error: ac_nonexistent.h: No such file or directory
configure:7030: $? = 1
configure: failed program was:
| /* confdefs.h.  */
| #define PACKAGE_NAME "Berkeley DB"
| #define PACKAGE_TARNAME "db-4.7.25"
| #define PACKAGE_VERSION "4.7.25"
| #define PACKAGE_STRING "Berkeley DB 4.7.25"
| #define PACKAGE_BUGREPORT "Oracle Technology Network Berkeley DB forum"
| #define HAVE_PTHREAD_API 1
| #define HAVE_UPGRADE_SUPPORT 1
| /* end confdefs.h.  */
| #include <ac_nonexistent.h>
configure:7068: checking for ANSI C header files
configure:7098: arm-mv5sft-linux-gnueabi-gcc -c -O3   -D_GNU_SOURCE -D_REENTRANT conftest.c >&5
configure:7104: $? = 0
configure:7232: result: yes
configure:7256: checking for sys/types.h
configure:7277: arm-mv5sft-linux-gnueabi-gcc -c -O3   -D_GNU_SOURCE -D_REENTRANT conftest.c >&5
configure:7283: $? = 0
configure:7299: result: yes
configure:7256: checking for sys/stat.h
configure:7277: arm-mv5sft-linux-gnueabi-gcc -c -O3   -D_GNU_SOURCE -D_REENTRANT conftest.c >&5
configure:7283: $? = 0
configure:7299: result: yes
configure:7256: checking for stdlib.h
configure:7277: arm-mv5sft-linux-gnueabi-gcc -c -O3   -D_GNU_SOURCE -D_REENTRANT conftest.c >&5
configure:7283: $? = 0
configure:7299: result: yes
configure:7256: checking for string.h
configure:7277: arm-mv5sft-linux-gnueabi-gcc -c -O3   -D_GNU_SOURCE -D_REENTRANT conftest.c >&5
configure:7283: $? = 0
configure:7299: result: yes
configure:7256: checking for memory.h
configure:7277: arm-mv5sft-linux-gnueabi-gcc -c -O3   -D_GNU_SOURCE -D_REENTRANT conftest.c >&5
configure:7283: $? = 0
configure:7299: result: yes
configure:7256: checking for strings.h
configure:7277: arm-mv5sft-linux-gnueabi-gcc -c -O3   -D_GNU_SOURCE -D_REENTRANT conftest.c >&5
configure:7283: $? = 0
configure:7299: result: yes
configure:7256: checking for inttypes.h
configure:7277: arm-mv5sft-linux-gnueabi-gcc -c -O3   -D_GNU_SOURCE -D_REENTRANT conftest.c >&5
configure:7283: $? = 0
configure:7299: result: yes
configure:7256: checking for stdint.h
configure:7277: arm-mv5sft-linux-gnueabi-gcc -c -O3   -D_GNU_SOURCE -D_REENTRANT conftest.c >&5
configure:7283: $? = 0
configure:7299: result: yes
configure:7256: checking for unistd.h
configure:7277: arm-mv5sft-linux-gnueabi-gcc -c -O3   -D_GNU_SOURCE -D_REENTRANT conftest.c >&5
configure:7283: $? = 0
configure:7299: result: yes
configure:7326: checking dlfcn.h usability
configure:7343: arm-mv5sft-linux-gnueabi-gcc -c -O3   -D_GNU_SOURCE -D_REENTRANT conftest.c >&5
configure:7349: $? = 0
configure:7363: result: yes
configure:7367: checking dlfcn.h presence
configure:7382: arm-mv5sft-linux-gnueabi-gcc -E  -D_GNU_SOURCE -D_REENTRANT conftest.c
configure:7388: $? = 0
configure:7402: result: yes
configure:7435: checking for dlfcn.h
configure:7443: result: yes
configure:7466: checking how to run the C++ preprocessor
configure:7502: arm-mv5sft-linux-gnueabi-g++ -E  -D_GNU_SOURCE -D_REENTRANT conftest.cpp
configure:7508: $? = 0
configure:7539: arm-mv5sft-linux-gnueabi-g++ -E  -D_GNU_SOURCE -D_REENTRANT conftest.cpp
conftest.cpp:21:28: error: ac_nonexistent.h: No such file or directory
configure:7545: $? = 1
configure: failed program was:
| /* confdefs.h.  */
| #define PACKAGE_NAME "Berkeley DB"
| #define PACKAGE_TARNAME "db-4.7.25"
| #define PACKAGE_VERSION "4.7.25"
| #define PACKAGE_STRING "Berkeley DB 4.7.25"
| #define PACKAGE_BUGREPORT "Oracle Technology Network Berkeley DB forum"
| #define HAVE_PTHREAD_API 1
| #define HAVE_UPGRADE_SUPPORT 1
| #define STDC_HEADERS 1
| #define HAVE_SYS_TYPES_H 1
| #define HAVE_SYS_STAT_H 1
| #define HAVE_STDLIB_H 1
| #define HAVE_STRING_H 1
| #define HAVE_MEMORY_H 1
| #define HAVE_STRINGS_H 1
| #define HAVE_INTTYPES_H 1
| #define HAVE_STDINT_H 1
| #define HAVE_UNISTD_H 1
| #define HAVE_DLFCN_H 1
| /* end confdefs.h.  */
| #include <ac_nonexistent.h>
configure:7578: result: arm-mv5sft-linux-gnueabi-g++ -E
configure:7607: arm-mv5sft-linux-gnueabi-g++ -E  -D_GNU_SOURCE -D_REENTRANT conftest.cpp
configure:7613: $? = 0
configure:7644: arm-mv5sft-linux-gnueabi-g++ -E  -D_GNU_SOURCE -D_REENTRANT conftest.cpp
conftest.cpp:21:28: error: ac_nonexistent.h: No such file or directory
configure:7650: $? = 1
configure: failed program was:
| /* confdefs.h.  */
| #define PACKAGE_NAME "Berkeley DB"
| #define PACKAGE_TARNAME "db-4.7.25"
| #define PACKAGE_VERSION "4.7.25"
| #define PACKAGE_STRING "Berkeley DB 4.7.25"
| #define PACKAGE_BUGREPORT "Oracle Technology Network Berkeley DB forum"
| #define HAVE_PTHREAD_API 1
| #define HAVE_UPGRADE_SUPPORT 1
| #define STDC_HEADERS 1
| #define HAVE_SYS_TYPES_H 1
| #define HAVE_SYS_STAT_H 1
| #define HAVE_STDLIB_H 1
| #define HAVE_STRING_H 1
| #define HAVE_MEMORY_H 1
| #define HAVE_STRINGS_H 1
| #define HAVE_INTTYPES_H 1
| #define HAVE_STDINT_H 1
| #define HAVE_UNISTD_H 1
| #define HAVE_DLFCN_H 1
| /* end confdefs.h.  */
| #include <ac_nonexistent.h>
configure:7698: checking for arm-linux-g77
configure:7728: result: no
configure:7698: checking for arm-linux-xlf
configure:7728: result: no
configure:7698: checking for arm-linux-f77
configure:7728: result: no
configure:7698: checking for arm-linux-frt
configure:7728: result: no
configure:7698: checking for arm-linux-pgf77
configure:7728: result: no
configure:7698: checking for arm-linux-cf77
configure:7728: result: no
configure:7698: checking for arm-linux-fort77
configure:7728: result: no
configure:7698: checking for arm-linux-fl32
configure:7728: result: no
configure:7698: checking for arm-linux-af77
configure:7728: result: no
configure:7698: checking for arm-linux-xlf90
configure:7728: result: no
configure:7698: checking for arm-linux-f90
configure:7728: result: no
configure:7698: checking for arm-linux-pgf90
configure:7728: result: no
configure:7698: checking for arm-linux-pghpf
configure:7728: result: no
configure:7698: checking for arm-linux-epcf90
configure:7728: result: no
configure:7698: checking for arm-linux-gfortran
configure:7728: result: no
configure:7698: checking for arm-linux-g95
configure:7728: result: no
configure:7698: checking for arm-linux-xlf95
configure:7728: result: no
configure:7698: checking for arm-linux-f95
configure:7728: result: no
configure:7698: checking for arm-linux-fort
configure:7728: result: no
configure:7698: checking for arm-linux-ifort
configure:7728: result: no
configure:7698: checking for arm-linux-ifc
configure:7728: result: no
configure:7698: checking for arm-linux-efc
configure:7728: result: no
configure:7698: checking for arm-linux-pgf95
configure:7728: result: no
configure:7698: checking for arm-linux-lf95
configure:7728: result: no
configure:7698: checking for arm-linux-ftn
configure:7728: result: no
configure:7742: checking for g77
configure:7772: result: no
configure:7742: checking for xlf
configure:7772: result: no
configure:7742: checking for f77
configure:7772: result: no
configure:7742: checking for frt
configure:7772: result: no
configure:7742: checking for pgf77
configure:7772: result: no
configure:7742: checking for cf77
configure:7772: result: no
configure:7742: checking for fort77
configure:7772: result: no
configure:7742: checking for fl32
configure:7772: result: no
configure:7742: checking for af77
configure:7772: result: no
configure:7742: checking for xlf90
configure:7772: result: no
configure:7742: checking for f90
configure:7772: result: no
configure:7742: checking for pgf90
configure:7772: result: no
configure:7742: checking for pghpf
configure:7772: result: no
configure:7742: checking for epcf90
configure:7772: result: no
configure:7742: checking for gfortran
configure:7772: result: no
configure:7742: checking for g95
configure:7772: result: no
configure:7742: checking for xlf95
configure:7772: result: no
configure:7742: checking for f95
configure:7772: result: no
configure:7742: checking for fort
configure:7772: result: no
configure:7742: checking for ifort
configure:7772: result: no
configure:7742: checking for ifc
configure:7772: result: no
configure:7742: checking for efc
configure:7772: result: no
configure:7742: checking for pgf95
configure:7772: result: no
configure:7742: checking for lf95
configure:7772: result: no
configure:7742: checking for ftn
configure:7772: result: no
configure:7799: checking for Fortran 77 compiler version
configure:7806:  --version >&5
../dist/configure: line 7807: --version: command not found
configure:7809: $? = 127
configure:7816:  -v >&5
../dist/configure: line 7817: -v: command not found
configure:7819: $? = 127
configure:7826:  -V >&5
../dist/configure: line 7827: -V: command not found
configure:7829: $? = 127
configure:7837: checking whether we are using the GNU Fortran 77 compiler
configure:7856:  -c  conftest.F >&5
../dist/configure: line 7857: -c: command not found
configure:7862: $? = 127
configure: failed program was:
|       program main
| #ifndef __GNUC__
|        choke me
| #endif
| 
|       end
configure:7879: result: no
configure:7885: checking whether  accepts -g
configure:7902:  -c -g conftest.f >&5
../dist/configure: line 7903: -c: command not found
configure:7908: $? = 127
configure: failed program was:
|       program main
| 
|       end
configure:7924: result: no
configure:7954: checking the maximum length of command line arguments
configure:8063: result: 32768
configure:8074: checking command to parse nm output from arm-mv5sft-linux-gnueabi-gcc object
configure:8179: arm-mv5sft-linux-gnueabi-gcc -c -O3   -D_GNU_SOURCE -D_REENTRANT conftest.c >&5
configure:8182: $? = 0
configure:8186: nm conftest.o \| sed -n -e 's/^.*[ 	]\([ABCDGIRSTW][ABCDGIRSTW]*\)[ 	][ 	]*\([_A-Za-z][_A-Za-z0-9]*\)$/\1 \2 \2/p' \> conftest.nm
configure:8189: $? = 0
configure:8241: arm-mv5sft-linux-gnueabi-gcc -o conftest -O3   -D_GNU_SOURCE -D_REENTRANT  conftest.c conftstm.o >&5
configure:8244: $? = 0
configure:8282: result: ok
configure:8286: checking for objdir
configure:8301: result: .libs
configure:8353: checking for arm-linux-ar
configure:8383: result: no
configure:8393: checking for ar
configure:8409: found /usr/bin/ar
configure:8420: result: ar
configure:8434: WARNING: In the future, Autoconf will not detect cross-tools
whose name does not start with the host triplet.  If you think this
configuration is useful to you, please write to autoconf@gnu.org.
configure:8449: checking for arm-linux-ranlib
configure:8476: result: arm-mv5sft-linux-gnueabi-ranlib
configure:8545: checking for arm-linux-strip
configure:8572: result: arm-mv5sft-linux-gnueabi-strip
configure:8902: checking if arm-mv5sft-linux-gnueabi-gcc supports -fno-rtti -fno-exceptions
configure:8920: arm-mv5sft-linux-gnueabi-gcc -c -O3   -D_GNU_SOURCE -D_REENTRANT -fno-rtti -fno-exceptions conftest.c >&5
cc1: warning: command line option "-fno-rtti" is valid for C++/ObjC++ but not for C
configure:8924: $? = 0
configure:8937: result: no
configure:8952: checking for arm-mv5sft-linux-gnueabi-gcc option to produce PIC
configure:9162: result: -fPIC
configure:9170: checking if arm-mv5sft-linux-gnueabi-gcc PIC flag -fPIC works
configure:9188: arm-mv5sft-linux-gnueabi-gcc -c -O3   -D_GNU_SOURCE -D_REENTRANT -fPIC -DPIC conftest.c >&5
configure:9192: $? = 0
configure:9205: result: yes
configure:9233: checking if arm-mv5sft-linux-gnueabi-gcc static flag -static works
configure:9261: result: yes
configure:9271: checking if arm-mv5sft-linux-gnueabi-gcc supports -c -o file.o
configure:9292: arm-mv5sft-linux-gnueabi-gcc -c -O3   -D_GNU_SOURCE -D_REENTRANT -o out/conftest2.o conftest.c >&5
configure:9296: $? = 0
configure:9318: result: yes
configure:9344: checking whether the arm-mv5sft-linux-gnueabi-gcc linker (arm-mv5sft-linux-gnueabi-ld) supports shared libraries
configure:10298: result: yes
configure:10319: checking whether -lc should be explicitly linked in
configure:10324: arm-mv5sft-linux-gnueabi-gcc -c -O3   -D_GNU_SOURCE -D_REENTRANT conftest.c >&5
configure:10327: $? = 0
configure:10342: arm-mv5sft-linux-gnueabi-gcc -shared conftest.o  -v -Wl,-soname -Wl,conftest -o conftest 2\>\&1 \| grep  -lc  \>/dev/null 2\>\&1
configure:10345: $? = 0
configure:10357: result: no
configure:10365: checking dynamic linker characteristics
configure:10953: result: GNU/Linux ld.so
configure:10962: checking how to hardcode library paths into programs
configure:10987: result: immediate
configure:11001: checking whether stripping libraries is possible
configure:11006: result: yes
configure:11807: checking if libtool supports shared libraries
configure:11809: result: yes
configure:11812: checking whether to build shared libraries
configure:11833: result: yes
configure:11836: checking whether to build static libraries
configure:11840: result: yes
configure:11932: creating libtool
configure:12662: checking whether the arm-mv5sft-linux-gnueabi-g++ linker (arm-mv5sft-linux-gnueabi-ld) supports shared libraries
configure:13596: result: yes
configure:13618: arm-mv5sft-linux-gnueabi-g++ -c -O  -D_GNU_SOURCE -D_REENTRANT conftest.cpp >&5
configure:13621: $? = 0
configure:13740: checking for arm-mv5sft-linux-gnueabi-g++ option to produce PIC
configure:14014: result: 
configure:14085: checking if arm-mv5sft-linux-gnueabi-g++ static flag  works
configure:14113: result: yes
configure:14123: checking if arm-mv5sft-linux-gnueabi-g++ supports -c -o file.o
configure:14144: arm-mv5sft-linux-gnueabi-g++ -c -O  -D_GNU_SOURCE -D_REENTRANT -o out/conftest2.o conftest.cpp >&5
configure:14148: $? = 0
configure:14170: result: yes
configure:14196: checking whether the arm-mv5sft-linux-gnueabi-g++ linker (arm-mv5sft-linux-gnueabi-ld) supports shared libraries
configure:14221: result: yes
configure:14288: checking dynamic linker characteristics
configure:14876: result: GNU/Linux ld.so
configure:14885: checking how to hardcode library paths into programs
configure:14910: result: unsupported
configure:21060: checking SOSUFFIX from libtool
configure:21082: result: .so
configure:21087: checking MODSUFFIX from libtool
configure:21109: result: .so
configure:21114: checking JMODSUFFIX from libtool
configure:21140: result: .so
configure:22000: checking whether stat file-mode macros are broken
configure:22037: arm-mv5sft-linux-gnueabi-gcc -c -O3   -D_GNU_SOURCE -D_REENTRANT conftest.c >&5
configure:22043: $? = 0
configure:22058: result: no
configure:22068: checking whether time.h and sys/time.h may both be included
configure:22098: arm-mv5sft-linux-gnueabi-gcc -c -O3   -D_GNU_SOURCE -D_REENTRANT conftest.c >&5
configure:22104: $? = 0
configure:22119: result: yes
configure:22137: checking for dirent.h that defines DIR
configure:22166: arm-mv5sft-linux-gnueabi-gcc -c -O3   -D_GNU_SOURCE -D_REENTRANT conftest.c >&5
configure:22172: $? = 0
configure:22188: result: yes
configure:22201: checking for library containing opendir
configure:22242: arm-mv5sft-linux-gnueabi-gcc -o conftest -O3   -D_GNU_SOURCE -D_REENTRANT  conftest.c  >&5
configure:22248: $? = 0
configure:22276: result: none required
configure:22388: checking execinfo.h usability
configure:22405: arm-mv5sft-linux-gnueabi-gcc -c -O3   -D_GNU_SOURCE -D_REENTRANT conftest.c >&5
configure:22411: $? = 0
configure:22425: result: yes
configure:22429: checking execinfo.h presence
configure:22444: arm-mv5sft-linux-gnueabi-gcc -E  -D_GNU_SOURCE -D_REENTRANT conftest.c
configure:22450: $? = 0
configure:22464: result: yes
configure:22497: checking for execinfo.h
configure:22505: result: yes
configure:22388: checking sys/select.h usability
configure:22405: arm-mv5sft-linux-gnueabi-gcc -c -O3   -D_GNU_SOURCE -D_REENTRANT conftest.c >&5
configure:22411: $? = 0
configure:22425: result: yes
configure:22429: checking sys/select.h presence
configure:22444: arm-mv5sft-linux-gnueabi-gcc -E  -D_GNU_SOURCE -D_REENTRANT conftest.c
configure:22450: $? = 0
configure:22464: result: yes
configure:22497: checking for sys/select.h
configure:22505: result: yes
configure:22388: checking sys/socket.h usability
configure:22405: arm-mv5sft-linux-gnueabi-gcc -c -O3   -D_GNU_SOURCE -D_REENTRANT conftest.c >&5
configure:22411: $? = 0
configure:22425: result: yes
configure:22429: checking sys/socket.h presence
configure:22444: arm-mv5sft-linux-gnueabi-gcc -E  -D_GNU_SOURCE -D_REENTRANT conftest.c
configure:22450: $? = 0
configure:22464: result: yes
configure:22497: checking for sys/socket.h
configure:22505: result: yes
configure:22388: checking sys/time.h usability
configure:22405: arm-mv5sft-linux-gnueabi-gcc -c -O3   -D_GNU_SOURCE -D_REENTRANT conftest.c >&5
configure:22411: $? = 0
configure:22425: result: yes
configure:22429: checking sys/time.h presence
configure:22444: arm-mv5sft-linux-gnueabi-gcc -E  -D_GNU_SOURCE -D_REENTRANT conftest.c
configure:22450: $? = 0
configure:22464: result: yes
configure:22497: checking for sys/time.h
configure:22505: result: yes
configure:22518: checking for struct stat.st_blksize
configure:22546: arm-mv5sft-linux-gnueabi-gcc -c -O3   -D_GNU_SOURCE -D_REENTRANT conftest.c >&5
configure:22552: $? = 0
configure:22609: result: yes
configure:22635: checking for inttypes.h
configure:22640: result: yes
configure:22780: checking for stdint.h
configure:22795: arm-mv5sft-linux-gnueabi-gcc -c -O3   -D_GNU_SOURCE -D_REENTRANT conftest.c >&5
configure:22801: $? = 0
configure:22806: result: yes
configure:22896: checking stddef.h usability
configure:22913: arm-mv5sft-linux-gnueabi-gcc -c -O3   -D_GNU_SOURCE -D_REENTRANT conftest.c >&5
configure:22919: $? = 0
configure:22933: result: yes
configure:22937: checking stddef.h presence
configure:22952: arm-mv5sft-linux-gnueabi-gcc -E  -D_GNU_SOURCE -D_REENTRANT conftest.c
configure:22958: $? = 0
configure:22972: result: yes
configure:23005: checking for stddef.h
configure:23012: result: yes
configure:23026: checking for unistd.h
configure:23031: result: yes
configure:23167: checking for char
configure:23198: arm-mv5sft-linux-gnueabi-gcc -c -O3   -D_GNU_SOURCE -D_REENTRANT conftest.c >&5
configure:23204: $? = 0
configure:23219: result: yes
configure:23226: checking size of char
configure:23258: arm-mv5sft-linux-gnueabi-gcc -c -O3   -D_GNU_SOURCE -D_REENTRANT conftest.c >&5
configure:23264: $? = 0
configure:23296: arm-mv5sft-linux-gnueabi-gcc -c -O3   -D_GNU_SOURCE -D_REENTRANT conftest.c >&5
conftest.c: In function 'main':
conftest.c:40: error: size of array 'test_array' is negative
configure:23302: $? = 1
configure: failed program was:
| /* confdefs.h.  */
| #define PACKAGE_NAME "Berkeley DB"
| #define PACKAGE_TARNAME "db-4.7.25"
| #define PACKAGE_VERSION "4.7.25"
| #define PACKAGE_STRING "Berkeley DB 4.7.25"
| #define PACKAGE_BUGREPORT "Oracle Technology Network Berkeley DB forum"
| #define HAVE_PTHREAD_API 1
| #define HAVE_UPGRADE_SUPPORT 1
| #define STDC_HEADERS 1
| #define HAVE_SYS_TYPES_H 1
| #define HAVE_SYS_STAT_H 1
| #define HAVE_STDLIB_H 1
| #define HAVE_STRING_H 1
| #define HAVE_MEMORY_H 1
| #define HAVE_STRINGS_H 1
| #define HAVE_INTTYPES_H 1
| #define HAVE_STDINT_H 1
| #define HAVE_UNISTD_H 1
| #define HAVE_DLFCN_H 1
| #define HAVE_SYSTEM_INCLUDE_FILES 1
| #define TIME_WITH_SYS_TIME 1
| #define HAVE_DIRENT_H 1
| #define HAVE_EXECINFO_H 1
| #define HAVE_SYS_SELECT_H 1
| #define HAVE_SYS_SOCKET_H 1
| #define HAVE_SYS_TIME_H 1
| #define HAVE_STRUCT_STAT_ST_BLKSIZE 1
| /* end confdefs.h.  */
| #include <sys/types.h>
| #include <inttypes.h>
| #include <stdint.h>
| #include <stddef.h>
| #include <unistd.h>
| #include <stdio.h>
| 
|    typedef char ac__type_sizeof_;
| int
| main ()
| {
| static int test_array [1 - 2 * !(((long int) (sizeof (ac__type_sizeof_))) <= 0)];
| test_array [0] = 0
| 
|   ;
|   return 0;
| }
configure:23296: arm-mv5sft-linux-gnueabi-gcc -c -O3   -D_GNU_SOURCE -D_REENTRANT conftest.c >&5
configure:23302: $? = 0
configure:23569: result: 1
configure:23579: checking for unsigned char
configure:23610: arm-mv5sft-linux-gnueabi-gcc -c -O3   -D_GNU_SOURCE -D_REENTRANT conftest.c >&5
configure:23616: $? = 0
configure:23631: result: yes
configure:23638: checking size of unsigned char
configure:23670: arm-mv5sft-linux-gnueabi-gcc -c -O3   -D_GNU_SOURCE -D_REENTRANT conftest.c >&5
configure:23676: $? = 0
configure:23708: arm-mv5sft-linux-gnueabi-gcc -c -O3   -D_GNU_SOURCE -D_REENTRANT conftest.c >&5
conftest.c: In function 'main':
conftest.c:41: error: size of array 'test_array' is negative
configure:23714: $? = 1
configure: failed program was:
| /* confdefs.h.  */
| #define PACKAGE_NAME "Berkeley DB"
| #define PACKAGE_TARNAME "db-4.7.25"
| #define PACKAGE_VERSION "4.7.25"
| #define PACKAGE_STRING "Berkeley DB 4.7.25"
| #define PACKAGE_BUGREPORT "Oracle Technology Network Berkeley DB forum"
| #define HAVE_PTHREAD_API 1
| #define HAVE_UPGRADE_SUPPORT 1
| #define STDC_HEADERS 1
| #define HAVE_SYS_TYPES_H 1
| #define HAVE_SYS_STAT_H 1
| #define HAVE_STDLIB_H 1
| #define HAVE_STRING_H 1
| #define HAVE_MEMORY_H 1
| #define HAVE_STRINGS_H 1
| #define HAVE_INTTYPES_H 1
| #define HAVE_STDINT_H 1
| #define HAVE_UNISTD_H 1
| #define HAVE_DLFCN_H 1
| #define HAVE_SYSTEM_INCLUDE_FILES 1
| #define TIME_WITH_SYS_TIME 1
| #define HAVE_DIRENT_H 1
| #define HAVE_EXECINFO_H 1
| #define HAVE_SYS_SELECT_H 1
| #define HAVE_SYS_SOCKET_H 1
| #define HAVE_SYS_TIME_H 1
| #define HAVE_STRUCT_STAT_ST_BLKSIZE 1
| #define SIZEOF_CHAR 1
| /* end confdefs.h.  */
| #include <sys/types.h>
| #include <inttypes.h>
| #include <stdint.h>
| #include <stddef.h>
| #include <unistd.h>
| #include <stdio.h>
| 
|    typedef unsigned char ac__type_sizeof_;
| int
| main ()
| {
| static int test_array [1 - 2 * !(((long int) (sizeof (ac__type_sizeof_))) <= 0)];
| test_array [0] = 0
| 
|   ;
|   return 0;
| }
configure:23708: arm-mv5sft-linux-gnueabi-gcc -c -O3   -D_GNU_SOURCE -D_REENTRANT conftest.c >&5
configure:23714: $? = 0
configure:23981: result: 1
configure:23991: checking for short
configure:24022: arm-mv5sft-linux-gnueabi-gcc -c -O3   -D_GNU_SOURCE -D_REENTRANT conftest.c >&5
configure:24028: $? = 0
configure:24043: result: yes
configure:24050: checking size of short
configure:24082: arm-mv5sft-linux-gnueabi-gcc -c -O3   -D_GNU_SOURCE -D_REENTRANT conftest.c >&5
configure:24088: $? = 0
configure:24120: arm-mv5sft-linux-gnueabi-gcc -c -O3   -D_GNU_SOURCE -D_REENTRANT conftest.c >&5
conftest.c: In function 'main':
conftest.c:42: error: size of array 'test_array' is negative
configure:24126: $? = 1
configure: failed program was:
| /* confdefs.h.  */
| #define PACKAGE_NAME "Berkeley DB"
| #define PACKAGE_TARNAME "db-4.7.25"
| #define PACKAGE_VERSION "4.7.25"
| #define PACKAGE_STRING "Berkeley DB 4.7.25"
| #define PACKAGE_BUGREPORT "Oracle Technology Network Berkeley DB forum"
| #define HAVE_PTHREAD_API 1
| #define HAVE_UPGRADE_SUPPORT 1
| #define STDC_HEADERS 1
| #define HAVE_SYS_TYPES_H 1
| #define HAVE_SYS_STAT_H 1
| #define HAVE_STDLIB_H 1
| #define HAVE_STRING_H 1
| #define HAVE_MEMORY_H 1
| #define HAVE_STRINGS_H 1
| #define HAVE_INTTYPES_H 1
| #define HAVE_STDINT_H 1
| #define HAVE_UNISTD_H 1
| #define HAVE_DLFCN_H 1
| #define HAVE_SYSTEM_INCLUDE_FILES 1
| #define TIME_WITH_SYS_TIME 1
| #define HAVE_DIRENT_H 1
| #define HAVE_EXECINFO_H 1
| #define HAVE_SYS_SELECT_H 1
| #define HAVE_SYS_SOCKET_H 1
| #define HAVE_SYS_TIME_H 1
| #define HAVE_STRUCT_STAT_ST_BLKSIZE 1
| #define SIZEOF_CHAR 1
| #define SIZEOF_UNSIGNED_CHAR 1
| /* end confdefs.h.  */
| #include <sys/types.h>
| #include <inttypes.h>
| #include <stdint.h>
| #include <stddef.h>
| #include <unistd.h>
| #include <stdio.h>
| 
|    typedef short ac__type_sizeof_;
| int
| main ()
| {
| static int test_array [1 - 2 * !(((long int) (sizeof (ac__type_sizeof_))) <= 0)];
| test_array [0] = 0
| 
|   ;
|   return 0;
| }
configure:24120: arm-mv5sft-linux-gnueabi-gcc -c -O3   -D_GNU_SOURCE -D_REENTRANT conftest.c >&5
conftest.c: In function 'main':
conftest.c:42: error: size of array 'test_array' is negative
configure:24126: $? = 1
configure: failed program was:
| /* confdefs.h.  */
| #define PACKAGE_NAME "Berkeley DB"
| #define PACKAGE_TARNAME "db-4.7.25"
| #define PACKAGE_VERSION "4.7.25"
| #define PACKAGE_STRING "Berkeley DB 4.7.25"
| #define PACKAGE_BUGREPORT "Oracle Technology Network Berkeley DB forum"
| #define HAVE_PTHREAD_API 1
| #define HAVE_UPGRADE_SUPPORT 1
| #define STDC_HEADERS 1
| #define HAVE_SYS_TYPES_H 1
| #define HAVE_SYS_STAT_H 1
| #define HAVE_STDLIB_H 1
| #define HAVE_STRING_H 1
| #define HAVE_MEMORY_H 1
| #define HAVE_STRINGS_H 1
| #define HAVE_INTTYPES_H 1
| #define HAVE_STDINT_H 1
| #define HAVE_UNISTD_H 1
| #define HAVE_DLFCN_H 1
| #define HAVE_SYSTEM_INCLUDE_FILES 1
| #define TIME_WITH_SYS_TIME 1
| #define HAVE_DIRENT_H 1
| #define HAVE_EXECINFO_H 1
| #define HAVE_SYS_SELECT_H 1
| #define HAVE_SYS_SOCKET_H 1
| #define HAVE_SYS_TIME_H 1
| #define HAVE_STRUCT_STAT_ST_BLKSIZE 1
| #define SIZEOF_CHAR 1
| #define SIZEOF_UNSIGNED_CHAR 1
| /* end confdefs.h.  */
| #include <sys/types.h>
| #include <inttypes.h>
| #include <stdint.h>
| #include <stddef.h>
| #include <unistd.h>
| #include <stdio.h>
| 
|    typedef short ac__type_sizeof_;
| int
| main ()
| {
| static int test_array [1 - 2 * !(((long int) (sizeof (ac__type_sizeof_))) <= 1)];
| test_array [0] = 0
| 
|   ;
|   return 0;
| }
configure:24120: arm-mv5sft-linux-gnueabi-gcc -c -O3   -D_GNU_SOURCE -D_REENTRANT conftest.c >&5
configure:24126: $? = 0
configure:24278: arm-mv5sft-linux-gnueabi-gcc -c -O3   -D_GNU_SOURCE -D_REENTRANT conftest.c >&5
configure:24284: $? = 0
configure:24393: result: 2
configure:24403: checking for unsigned short
configure:24434: arm-mv5sft-linux-gnueabi-gcc -c -O3   -D_GNU_SOURCE -D_REENTRANT conftest.c >&5
configure:24440: $? = 0
configure:24455: result: yes
configure:24462: checking size of unsigned short
configure:24494: arm-mv5sft-linux-gnueabi-gcc -c -O3   -D_GNU_SOURCE -D_REENTRANT conftest.c >&5
configure:24500: $? = 0
configure:24532: arm-mv5sft-linux-gnueabi-gcc -c -O3   -D_GNU_SOURCE -D_REENTRANT conftest.c >&5
conftest.c: In function 'main':
conftest.c:43: error: size of array 'test_array' is negative
configure:24538: $? = 1
configure: failed program was:
| /* confdefs.h.  */
| #define PACKAGE_NAME "Berkeley DB"
| #define PACKAGE_TARNAME "db-4.7.25"
| #define PACKAGE_VERSION "4.7.25"
| #define PACKAGE_STRING "Berkeley DB 4.7.25"
| #define PACKAGE_BUGREPORT "Oracle Technology Network Berkeley DB forum"
| #define HAVE_PTHREAD_API 1
| #define HAVE_UPGRADE_SUPPORT 1
| #define STDC_HEADERS 1
| #define HAVE_SYS_TYPES_H 1
| #define HAVE_SYS_STAT_H 1
| #define HAVE_STDLIB_H 1
| #define HAVE_STRING_H 1
| #define HAVE_MEMORY_H 1
| #define HAVE_STRINGS_H 1
| #define HAVE_INTTYPES_H 1
| #define HAVE_STDINT_H 1
| #define HAVE_UNISTD_H 1
| #define HAVE_DLFCN_H 1
| #define HAVE_SYSTEM_INCLUDE_FILES 1
| #define TIME_WITH_SYS_TIME 1
| #define HAVE_DIRENT_H 1
| #define HAVE_EXECINFO_H 1
| #define HAVE_SYS_SELECT_H 1
| #define HAVE_SYS_SOCKET_H 1
| #define HAVE_SYS_TIME_H 1
| #define HAVE_STRUCT_STAT_ST_BLKSIZE 1
| #define SIZEOF_CHAR 1
| #define SIZEOF_UNSIGNED_CHAR 1
| #define SIZEOF_SHORT 2
| /* end confdefs.h.  */
| #include <sys/types.h>
| #include <inttypes.h>
| #include <stdint.h>
| #include <stddef.h>
| #include <unistd.h>
| #include <stdio.h>
| 
|    typedef unsigned short ac__type_sizeof_;
| int
| main ()
| {
| static int test_array [1 - 2 * !(((long int) (sizeof (ac__type_sizeof_))) <= 0)];
| test_array [0] = 0
| 
|   ;
|   return 0;
| }
configure:24532: arm-mv5sft-linux-gnueabi-gcc -c -O3   -D_GNU_SOURCE -D_REENTRANT conftest.c >&5
conftest.c: In function 'main':
conftest.c:43: error: size of array 'test_array' is negative
configure:24538: $? = 1
configure: failed program was:
| /* confdefs.h.  */
| #define PACKAGE_NAME "Berkeley DB"
| #define PACKAGE_TARNAME "db-4.7.25"
| #define PACKAGE_VERSION "4.7.25"
| #define PACKAGE_STRING "Berkeley DB 4.7.25"
| #define PACKAGE_BUGREPORT "Oracle Technology Network Berkeley DB forum"
| #define HAVE_PTHREAD_API 1
| #define HAVE_UPGRADE_SUPPORT 1
| #define STDC_HEADERS 1
| #define HAVE_SYS_TYPES_H 1
| #define HAVE_SYS_STAT_H 1
| #define HAVE_STDLIB_H 1
| #define HAVE_STRING_H 1
| #define HAVE_MEMORY_H 1
| #define HAVE_STRINGS_H 1
| #define HAVE_INTTYPES_H 1
| #define HAVE_STDINT_H 1
| #define HAVE_UNISTD_H 1
| #define HAVE_DLFCN_H 1
| #define HAVE_SYSTEM_INCLUDE_FILES 1
| #define TIME_WITH_SYS_TIME 1
| #define HAVE_DIRENT_H 1
| #define HAVE_EXECINFO_H 1
| #define HAVE_SYS_SELECT_H 1
| #define HAVE_SYS_SOCKET_H 1
| #define HAVE_SYS_TIME_H 1
| #define HAVE_STRUCT_STAT_ST_BLKSIZE 1
| #define SIZEOF_CHAR 1
| #define SIZEOF_UNSIGNED_CHAR 1
| #define SIZEOF_SHORT 2
| /* end confdefs.h.  */
| #include <sys/types.h>
| #include <inttypes.h>
| #include <stdint.h>
| #include <stddef.h>
| #include <unistd.h>
| #include <stdio.h>
| 
|    typedef unsigned short ac__type_sizeof_;
| int
| main ()
| {
| static int test_array [1 - 2 * !(((long int) (sizeof (ac__type_sizeof_))) <= 1)];
| test_array [0] = 0
| 
|   ;
|   return 0;
| }
configure:24532: arm-mv5sft-linux-gnueabi-gcc -c -O3   -D_GNU_SOURCE -D_REENTRANT conftest.c >&5
configure:24538: $? = 0
configure:24690: arm-mv5sft-linux-gnueabi-gcc -c -O3   -D_GNU_SOURCE -D_REENTRANT conftest.c >&5
configure:24696: $? = 0
configure:24805: result: 2
configure:24815: checking for int
configure:24846: arm-mv5sft-linux-gnueabi-gcc -c -O3   -D_GNU_SOURCE -D_REENTRANT conftest.c >&5
configure:24852: $? = 0
configure:24867: result: yes
configure:24874: checking size of int
configure:24906: arm-mv5sft-linux-gnueabi-gcc -c -O3   -D_GNU_SOURCE -D_REENTRANT conftest.c >&5
configure:24912: $? = 0
configure:24944: arm-mv5sft-linux-gnueabi-gcc -c -O3   -D_GNU_SOURCE -D_REENTRANT conftest.c >&5
conftest.c: In function 'main':
conftest.c:44: error: size of array 'test_array' is negative
configure:24950: $? = 1
configure: failed program was:
| /* confdefs.h.  */
| #define PACKAGE_NAME "Berkeley DB"
| #define PACKAGE_TARNAME "db-4.7.25"
| #define PACKAGE_VERSION "4.7.25"
| #define PACKAGE_STRING "Berkeley DB 4.7.25"
| #define PACKAGE_BUGREPORT "Oracle Technology Network Berkeley DB forum"
| #define HAVE_PTHREAD_API 1
| #define HAVE_UPGRADE_SUPPORT 1
| #define STDC_HEADERS 1
| #define HAVE_SYS_TYPES_H 1
| #define HAVE_SYS_STAT_H 1
| #define HAVE_STDLIB_H 1
| #define HAVE_STRING_H 1
| #define HAVE_MEMORY_H 1
| #define HAVE_STRINGS_H 1
| #define HAVE_INTTYPES_H 1
| #define HAVE_STDINT_H 1
| #define HAVE_UNISTD_H 1
| #define HAVE_DLFCN_H 1
| #define HAVE_SYSTEM_INCLUDE_FILES 1
| #define TIME_WITH_SYS_TIME 1
| #define HAVE_DIRENT_H 1
| #define HAVE_EXECINFO_H 1
| #define HAVE_SYS_SELECT_H 1
| #define HAVE_SYS_SOCKET_H 1
| #define HAVE_SYS_TIME_H 1
| #define HAVE_STRUCT_STAT_ST_BLKSIZE 1
| #define SIZEOF_CHAR 1
| #define SIZEOF_UNSIGNED_CHAR 1
| #define SIZEOF_SHORT 2
| #define SIZEOF_UNSIGNED_SHORT 2
| /* end confdefs.h.  */
| #include <sys/types.h>
| #include <inttypes.h>
| #include <stdint.h>
| #include <stddef.h>
| #include <unistd.h>
| #include <stdio.h>
| 
|    typedef int ac__type_sizeof_;
| int
| main ()
| {
| static int test_array [1 - 2 * !(((long int) (sizeof (ac__type_sizeof_))) <= 0)];
| test_array [0] = 0
| 
|   ;
|   return 0;
| }
configure:24944: arm-mv5sft-linux-gnueabi-gcc -c -O3   -D_GNU_SOURCE -D_REENTRANT conftest.c >&5
conftest.c: In function 'main':
conftest.c:44: error: size of array 'test_array' is negative
configure:24950: $? = 1
configure: failed program was:
| /* confdefs.h.  */
| #define PACKAGE_NAME "Berkeley DB"
| #define PACKAGE_TARNAME "db-4.7.25"
| #define PACKAGE_VERSION "4.7.25"
| #define PACKAGE_STRING "Berkeley DB 4.7.25"
| #define PACKAGE_BUGREPORT "Oracle Technology Network Berkeley DB forum"
| #define HAVE_PTHREAD_API 1
| #define HAVE_UPGRADE_SUPPORT 1
| #define STDC_HEADERS 1
| #define HAVE_SYS_TYPES_H 1
| #define HAVE_SYS_STAT_H 1
| #define HAVE_STDLIB_H 1
| #define HAVE_STRING_H 1
| #define HAVE_MEMORY_H 1
| #define HAVE_STRINGS_H 1
| #define HAVE_INTTYPES_H 1
| #define HAVE_STDINT_H 1
| #define HAVE_UNISTD_H 1
| #define HAVE_DLFCN_H 1
| #define HAVE_SYSTEM_INCLUDE_FILES 1
| #define TIME_WITH_SYS_TIME 1
| #define HAVE_DIRENT_H 1
| #define HAVE_EXECINFO_H 1
| #define HAVE_SYS_SELECT_H 1
| #define HAVE_SYS_SOCKET_H 1
| #define HAVE_SYS_TIME_H 1
| #define HAVE_STRUCT_STAT_ST_BLKSIZE 1
| #define SIZEOF_CHAR 1
| #define SIZEOF_UNSIGNED_CHAR 1
| #define SIZEOF_SHORT 2
| #define SIZEOF_UNSIGNED_SHORT 2
| /* end confdefs.h.  */
| #include <sys/types.h>
| #include <inttypes.h>
| #include <stdint.h>
| #include <stddef.h>
| #include <unistd.h>
| #include <stdio.h>
| 
|    typedef int ac__type_sizeof_;
| int
| main ()
| {
| static int test_array [1 - 2 * !(((long int) (sizeof (ac__type_sizeof_))) <= 1)];
| test_array [0] = 0
| 
|   ;
|   return 0;
| }
configure:24944: arm-mv5sft-linux-gnueabi-gcc -c -O3   -D_GNU_SOURCE -D_REENTRANT conftest.c >&5
conftest.c: In function 'main':
conftest.c:44: error: size of array 'test_array' is negative
configure:24950: $? = 1
configure: failed program was:
| /* confdefs.h.  */
| #define PACKAGE_NAME "Berkeley DB"
| #define PACKAGE_TARNAME "db-4.7.25"
| #define PACKAGE_VERSION "4.7.25"
| #define PACKAGE_STRING "Berkeley DB 4.7.25"
| #define PACKAGE_BUGREPORT "Oracle Technology Network Berkeley DB forum"
| #define HAVE_PTHREAD_API 1
| #define HAVE_UPGRADE_SUPPORT 1
| #define STDC_HEADERS 1
| #define HAVE_SYS_TYPES_H 1
| #define HAVE_SYS_STAT_H 1
| #define HAVE_STDLIB_H 1
| #define HAVE_STRING_H 1
| #define HAVE_MEMORY_H 1
| #define HAVE_STRINGS_H 1
| #define HAVE_INTTYPES_H 1
| #define HAVE_STDINT_H 1
| #define HAVE_UNISTD_H 1
| #define HAVE_DLFCN_H 1
| #define HAVE_SYSTEM_INCLUDE_FILES 1
| #define TIME_WITH_SYS_TIME 1
| #define HAVE_DIRENT_H 1
| #define HAVE_EXECINFO_H 1
| #define HAVE_SYS_SELECT_H 1
| #define HAVE_SYS_SOCKET_H 1
| #define HAVE_SYS_TIME_H 1
| #define HAVE_STRUCT_STAT_ST_BLKSIZE 1
| #define SIZEOF_CHAR 1
| #define SIZEOF_UNSIGNED_CHAR 1
| #define SIZEOF_SHORT 2
| #define SIZEOF_UNSIGNED_SHORT 2
| /* end confdefs.h.  */
| #include <sys/types.h>
| #include <inttypes.h>
| #include <stdint.h>
| #include <stddef.h>
| #include <unistd.h>
| #include <stdio.h>
| 
|    typedef int ac__type_sizeof_;
| int
| main ()
| {
| static int test_array [1 - 2 * !(((long int) (sizeof (ac__type_sizeof_))) <= 3)];
| test_array [0] = 0
| 
|   ;
|   return 0;
| }
configure:24944: arm-mv5sft-linux-gnueabi-gcc -c -O3   -D_GNU_SOURCE -D_REENTRANT conftest.c >&5
configure:24950: $? = 0
configure:25102: arm-mv5sft-linux-gnueabi-gcc -c -O3   -D_GNU_SOURCE -D_REENTRANT conftest.c >&5
configure:25108: $? = 0
configure:25102: arm-mv5sft-linux-gnueabi-gcc -c -O3   -D_GNU_SOURCE -D_REENTRANT conftest.c >&5
configure:25108: $? = 0
configure:25217: result: 4
configure:25227: checking for unsigned int
configure:25258: arm-mv5sft-linux-gnueabi-gcc -c -O3   -D_GNU_SOURCE -D_REENTRANT conftest.c >&5
configure:25264: $? = 0
configure:25279: result: yes
configure:25286: checking size of unsigned int
configure:25318: arm-mv5sft-linux-gnueabi-gcc -c -O3   -D_GNU_SOURCE -D_REENTRANT conftest.c >&5
configure:25324: $? = 0
configure:25356: arm-mv5sft-linux-gnueabi-gcc -c -O3   -D_GNU_SOURCE -D_REENTRANT conftest.c >&5
conftest.c: In function 'main':
conftest.c:45: error: size of array 'test_array' is negative
configure:25362: $? = 1
configure: failed program was:
| /* confdefs.h.  */
| #define PACKAGE_NAME "Berkeley DB"
| #define PACKAGE_TARNAME "db-4.7.25"
| #define PACKAGE_VERSION "4.7.25"
| #define PACKAGE_STRING "Berkeley DB 4.7.25"
| #define PACKAGE_BUGREPORT "Oracle Technology Network Berkeley DB forum"
| #define HAVE_PTHREAD_API 1
| #define HAVE_UPGRADE_SUPPORT 1
| #define STDC_HEADERS 1
| #define HAVE_SYS_TYPES_H 1
| #define HAVE_SYS_STAT_H 1
| #define HAVE_STDLIB_H 1
| #define HAVE_STRING_H 1
| #define HAVE_MEMORY_H 1
| #define HAVE_STRINGS_H 1
| #define HAVE_INTTYPES_H 1
| #define HAVE_STDINT_H 1
| #define HAVE_UNISTD_H 1
| #define HAVE_DLFCN_H 1
| #define HAVE_SYSTEM_INCLUDE_FILES 1
| #define TIME_WITH_SYS_TIME 1
| #define HAVE_DIRENT_H 1
| #define HAVE_EXECINFO_H 1
| #define HAVE_SYS_SELECT_H 1
| #define HAVE_SYS_SOCKET_H 1
| #define HAVE_SYS_TIME_H 1
| #define HAVE_STRUCT_STAT_ST_BLKSIZE 1
| #define SIZEOF_CHAR 1
| #define SIZEOF_UNSIGNED_CHAR 1
| #define SIZEOF_SHORT 2
| #define SIZEOF_UNSIGNED_SHORT 2
| #define SIZEOF_INT 4
| /* end confdefs.h.  */
| #include <sys/types.h>
| #include <inttypes.h>
| #include <stdint.h>
| #include <stddef.h>
| #include <unistd.h>
| #include <stdio.h>
| 
|    typedef unsigned int ac__type_sizeof_;
| int
| main ()
| {
| static int test_array [1 - 2 * !(((long int) (sizeof (ac__type_sizeof_))) <= 0)];
| test_array [0] = 0
| 
|   ;
|   return 0;
| }
configure:25356: arm-mv5sft-linux-gnueabi-gcc -c -O3   -D_GNU_SOURCE -D_REENTRANT conftest.c >&5
conftest.c: In function 'main':
conftest.c:45: error: size of array 'test_array' is negative
configure:25362: $? = 1
configure: failed program was:
| /* confdefs.h.  */
| #define PACKAGE_NAME "Berkeley DB"
| #define PACKAGE_TARNAME "db-4.7.25"
| #define PACKAGE_VERSION "4.7.25"
| #define PACKAGE_STRING "Berkeley DB 4.7.25"
| #define PACKAGE_BUGREPORT "Oracle Technology Network Berkeley DB forum"
| #define HAVE_PTHREAD_API 1
| #define HAVE_UPGRADE_SUPPORT 1
| #define STDC_HEADERS 1
| #define HAVE_SYS_TYPES_H 1
| #define HAVE_SYS_STAT_H 1
| #define HAVE_STDLIB_H 1
| #define HAVE_STRING_H 1
| #define HAVE_MEMORY_H 1
| #define HAVE_STRINGS_H 1
| #define HAVE_INTTYPES_H 1
| #define HAVE_STDINT_H 1
| #define HAVE_UNISTD_H 1
| #define HAVE_DLFCN_H 1
| #define HAVE_SYSTEM_INCLUDE_FILES 1
| #define TIME_WITH_SYS_TIME 1
| #define HAVE_DIRENT_H 1
| #define HAVE_EXECINFO_H 1
| #define HAVE_SYS_SELECT_H 1
| #define HAVE_SYS_SOCKET_H 1
| #define HAVE_SYS_TIME_H 1
| #define HAVE_STRUCT_STAT_ST_BLKSIZE 1
| #define SIZEOF_CHAR 1
| #define SIZEOF_UNSIGNED_CHAR 1
| #define SIZEOF_SHORT 2
| #define SIZEOF_UNSIGNED_SHORT 2
| #define SIZEOF_INT 4
| /* end confdefs.h.  */
| #include <sys/types.h>
| #include <inttypes.h>
| #include <stdint.h>
| #include <stddef.h>
| #include <unistd.h>
| #include <stdio.h>
| 
|    typedef unsigned int ac__type_sizeof_;
| int
| main ()
| {
| static int test_array [1 - 2 * !(((long int) (sizeof (ac__type_sizeof_))) <= 1)];
| test_array [0] = 0
| 
|   ;
|   return 0;
| }
configure:25356: arm-mv5sft-linux-gnueabi-gcc -c -O3   -D_GNU_SOURCE -D_REENTRANT conftest.c >&5
conftest.c: In function 'main':
conftest.c:45: error: size of array 'test_array' is negative
configure:25362: $? = 1
configure: failed program was:
| /* confdefs.h.  */
| #define PACKAGE_NAME "Berkeley DB"
| #define PACKAGE_TARNAME "db-4.7.25"
| #define PACKAGE_VERSION "4.7.25"
| #define PACKAGE_STRING "Berkeley DB 4.7.25"
| #define PACKAGE_BUGREPORT "Oracle Technology Network Berkeley DB forum"
| #define HAVE_PTHREAD_API 1
| #define HAVE_UPGRADE_SUPPORT 1
| #define STDC_HEADERS 1
| #define HAVE_SYS_TYPES_H 1
| #define HAVE_SYS_STAT_H 1
| #define HAVE_STDLIB_H 1
| #define HAVE_STRING_H 1
| #define HAVE_MEMORY_H 1
| #define HAVE_STRINGS_H 1
| #define HAVE_INTTYPES_H 1
| #define HAVE_STDINT_H 1
| #define HAVE_UNISTD_H 1
| #define HAVE_DLFCN_H 1
| #define HAVE_SYSTEM_INCLUDE_FILES 1
| #define TIME_WITH_SYS_TIME 1
| #define HAVE_DIRENT_H 1
| #define HAVE_EXECINFO_H 1
| #define HAVE_SYS_SELECT_H 1
| #define HAVE_SYS_SOCKET_H 1
| #define HAVE_SYS_TIME_H 1
| #define HAVE_STRUCT_STAT_ST_BLKSIZE 1
| #define SIZEOF_CHAR 1
| #define SIZEOF_UNSIGNED_CHAR 1
| #define SIZEOF_SHORT 2
| #define SIZEOF_UNSIGNED_SHORT 2
| #define SIZEOF_INT 4
| /* end confdefs.h.  */
| #include <sys/types.h>
| #include <inttypes.h>
| #include <stdint.h>
| #include <stddef.h>
| #include <unistd.h>
| #include <stdio.h>
| 
|    typedef unsigned int ac__type_sizeof_;
| int
| main ()
| {
| static int test_array [1 - 2 * !(((long int) (sizeof (ac__type_sizeof_))) <= 3)];
| test_array [0] = 0
| 
|   ;
|   return 0;
| }
configure:25356: arm-mv5sft-linux-gnueabi-gcc -c -O3   -D_GNU_SOURCE -D_REENTRANT conftest.c >&5
configure:25362: $? = 0
configure:25514: arm-mv5sft-linux-gnueabi-gcc -c -O3   -D_GNU_SOURCE -D_REENTRANT conftest.c >&5
configure:25520: $? = 0
configure:25514: arm-mv5sft-linux-gnueabi-gcc -c -O3   -D_GNU_SOURCE -D_REENTRANT conftest.c >&5
configure:25520: $? = 0
configure:25629: result: 4
configure:25639: checking for long
configure:25670: arm-mv5sft-linux-gnueabi-gcc -c -O3   -D_GNU_SOURCE -D_REENTRANT conftest.c >&5
configure:25676: $? = 0
configure:25691: result: yes
configure:25698: checking size of long
configure:25730: arm-mv5sft-linux-gnueabi-gcc -c -O3   -D_GNU_SOURCE -D_REENTRANT conftest.c >&5
configure:25736: $? = 0
configure:25768: arm-mv5sft-linux-gnueabi-gcc -c -O3   -D_GNU_SOURCE -D_REENTRANT conftest.c >&5
conftest.c: In function 'main':
conftest.c:46: error: size of array 'test_array' is negative
configure:25774: $? = 1
configure: failed program was:
| /* confdefs.h.  */
| #define PACKAGE_NAME "Berkeley DB"
| #define PACKAGE_TARNAME "db-4.7.25"
| #define PACKAGE_VERSION "4.7.25"
| #define PACKAGE_STRING "Berkeley DB 4.7.25"
| #define PACKAGE_BUGREPORT "Oracle Technology Network Berkeley DB forum"
| #define HAVE_PTHREAD_API 1
| #define HAVE_UPGRADE_SUPPORT 1
| #define STDC_HEADERS 1
| #define HAVE_SYS_TYPES_H 1
| #define HAVE_SYS_STAT_H 1
| #define HAVE_STDLIB_H 1
| #define HAVE_STRING_H 1
| #define HAVE_MEMORY_H 1
| #define HAVE_STRINGS_H 1
| #define HAVE_INTTYPES_H 1
| #define HAVE_STDINT_H 1
| #define HAVE_UNISTD_H 1
| #define HAVE_DLFCN_H 1
| #define HAVE_SYSTEM_INCLUDE_FILES 1
| #define TIME_WITH_SYS_TIME 1
| #define HAVE_DIRENT_H 1
| #define HAVE_EXECINFO_H 1
| #define HAVE_SYS_SELECT_H 1
| #define HAVE_SYS_SOCKET_H 1
| #define HAVE_SYS_TIME_H 1
| #define HAVE_STRUCT_STAT_ST_BLKSIZE 1
| #define SIZEOF_CHAR 1
| #define SIZEOF_UNSIGNED_CHAR 1
| #define SIZEOF_SHORT 2
| #define SIZEOF_UNSIGNED_SHORT 2
| #define SIZEOF_INT 4
| #define SIZEOF_UNSIGNED_INT 4
| /* end confdefs.h.  */
| #include <sys/types.h>
| #include <inttypes.h>
| #include <stdint.h>
| #include <stddef.h>
| #include <unistd.h>
| #include <stdio.h>
| 
|    typedef long ac__type_sizeof_;
| int
| main ()
| {
| static int test_array [1 - 2 * !(((long int) (sizeof (ac__type_sizeof_))) <= 0)];
| test_array [0] = 0
| 
|   ;
|   return 0;
| }
configure:25768: arm-mv5sft-linux-gnueabi-gcc -c -O3   -D_GNU_SOURCE -D_REENTRANT conftest.c >&5
conftest.c: In function 'main':
conftest.c:46: error: size of array 'test_array' is negative
configure:25774: $? = 1
configure: failed program was:
| /* confdefs.h.  */
| #define PACKAGE_NAME "Berkeley DB"
| #define PACKAGE_TARNAME "db-4.7.25"
| #define PACKAGE_VERSION "4.7.25"
| #define PACKAGE_STRING "Berkeley DB 4.7.25"
| #define PACKAGE_BUGREPORT "Oracle Technology Network Berkeley DB forum"
| #define HAVE_PTHREAD_API 1
| #define HAVE_UPGRADE_SUPPORT 1
| #define STDC_HEADERS 1
| #define HAVE_SYS_TYPES_H 1
| #define HAVE_SYS_STAT_H 1
| #define HAVE_STDLIB_H 1
| #define HAVE_STRING_H 1
| #define HAVE_MEMORY_H 1
| #define HAVE_STRINGS_H 1
| #define HAVE_INTTYPES_H 1
| #define HAVE_STDINT_H 1
| #define HAVE_UNISTD_H 1
| #define HAVE_DLFCN_H 1
| #define HAVE_SYSTEM_INCLUDE_FILES 1
| #define TIME_WITH_SYS_TIME 1
| #define HAVE_DIRENT_H 1
| #define HAVE_EXECINFO_H 1
| #define HAVE_SYS_SELECT_H 1
| #define HAVE_SYS_SOCKET_H 1
| #define HAVE_SYS_TIME_H 1
| #define HAVE_STRUCT_STAT_ST_BLKSIZE 1
| #define SIZEOF_CHAR 1
| #define SIZEOF_UNSIGNED_CHAR 1
| #define SIZEOF_SHORT 2
| #define SIZEOF_UNSIGNED_SHORT 2
| #define SIZEOF_INT 4
| #define SIZEOF_UNSIGNED_INT 4
| /* end confdefs.h.  */
| #include <sys/types.h>
| #include <inttypes.h>
| #include <stdint.h>
| #include <stddef.h>
| #include <unistd.h>
| #include <stdio.h>
| 
|    typedef long ac__type_sizeof_;
| int
| main ()
| {
| static int test_array [1 - 2 * !(((long int) (sizeof (ac__type_sizeof_))) <= 1)];
| test_array [0] = 0
| 
|   ;
|   return 0;
| }
configure:25768: arm-mv5sft-linux-gnueabi-gcc -c -O3   -D_GNU_SOURCE -D_REENTRANT conftest.c >&5
conftest.c: In function 'main':
conftest.c:46: error: size of array 'test_array' is negative
configure:25774: $? = 1
configure: failed program was:
| /* confdefs.h.  */
| #define PACKAGE_NAME "Berkeley DB"
| #define PACKAGE_TARNAME "db-4.7.25"
| #define PACKAGE_VERSION "4.7.25"
| #define PACKAGE_STRING "Berkeley DB 4.7.25"
| #define PACKAGE_BUGREPORT "Oracle Technology Network Berkeley DB forum"
| #define HAVE_PTHREAD_API 1
| #define HAVE_UPGRADE_SUPPORT 1
| #define STDC_HEADERS 1
| #define HAVE_SYS_TYPES_H 1
| #define HAVE_SYS_STAT_H 1
| #define HAVE_STDLIB_H 1
| #define HAVE_STRING_H 1
| #define HAVE_MEMORY_H 1
| #define HAVE_STRINGS_H 1
| #define HAVE_INTTYPES_H 1
| #define HAVE_STDINT_H 1
| #define HAVE_UNISTD_H 1
| #define HAVE_DLFCN_H 1
| #define HAVE_SYSTEM_INCLUDE_FILES 1
| #define TIME_WITH_SYS_TIME 1
| #define HAVE_DIRENT_H 1
| #define HAVE_EXECINFO_H 1
| #define HAVE_SYS_SELECT_H 1
| #define HAVE_SYS_SOCKET_H 1
| #define HAVE_SYS_TIME_H 1
| #define HAVE_STRUCT_STAT_ST_BLKSIZE 1
| #define SIZEOF_CHAR 1
| #define SIZEOF_UNSIGNED_CHAR 1
| #define SIZEOF_SHORT 2
| #define SIZEOF_UNSIGNED_SHORT 2
| #define SIZEOF_INT 4
| #define SIZEOF_UNSIGNED_INT 4
| /* end confdefs.h.  */
| #include <sys/types.h>
| #include <inttypes.h>
| #include <stdint.h>
| #include <stddef.h>
| #include <unistd.h>
| #include <stdio.h>
| 
|    typedef long ac__type_sizeof_;
| int
| main ()
| {
| static int test_array [1 - 2 * !(((long int) (sizeof (ac__type_sizeof_))) <= 3)];
| test_array [0] = 0
| 
|   ;
|   return 0;
| }
configure:25768: arm-mv5sft-linux-gnueabi-gcc -c -O3   -D_GNU_SOURCE -D_REENTRANT conftest.c >&5
configure:25774: $? = 0
configure:25926: arm-mv5sft-linux-gnueabi-gcc -c -O3   -D_GNU_SOURCE -D_REENTRANT conftest.c >&5
configure:25932: $? = 0
configure:25926: arm-mv5sft-linux-gnueabi-gcc -c -O3   -D_GNU_SOURCE -D_REENTRANT conftest.c >&5
configure:25932: $? = 0
configure:26041: result: 4
configure:26051: checking for unsigned long
configure:26082: arm-mv5sft-linux-gnueabi-gcc -c -O3   -D_GNU_SOURCE -D_REENTRANT conftest.c >&5
configure:26088: $? = 0
configure:26103: result: yes
configure:26110: checking size of unsigned long
configure:26142: arm-mv5sft-linux-gnueabi-gcc -c -O3   -D_GNU_SOURCE -D_REENTRANT conftest.c >&5
configure:26148: $? = 0
configure:26180: arm-mv5sft-linux-gnueabi-gcc -c -O3   -D_GNU_SOURCE -D_REENTRANT conftest.c >&5
conftest.c: In function 'main':
conftest.c:47: error: size of array 'test_array' is negative
configure:26186: $? = 1
configure: failed program was:
| /* confdefs.h.  */
| #define PACKAGE_NAME "Berkeley DB"
| #define PACKAGE_TARNAME "db-4.7.25"
| #define PACKAGE_VERSION "4.7.25"
| #define PACKAGE_STRING "Berkeley DB 4.7.25"
| #define PACKAGE_BUGREPORT "Oracle Technology Network Berkeley DB forum"
| #define HAVE_PTHREAD_API 1
| #define HAVE_UPGRADE_SUPPORT 1
| #define STDC_HEADERS 1
| #define HAVE_SYS_TYPES_H 1
| #define HAVE_SYS_STAT_H 1
| #define HAVE_STDLIB_H 1
| #define HAVE_STRING_H 1
| #define HAVE_MEMORY_H 1
| #define HAVE_STRINGS_H 1
| #define HAVE_INTTYPES_H 1
| #define HAVE_STDINT_H 1
| #define HAVE_UNISTD_H 1
| #define HAVE_DLFCN_H 1
| #define HAVE_SYSTEM_INCLUDE_FILES 1
| #define TIME_WITH_SYS_TIME 1
| #define HAVE_DIRENT_H 1
| #define HAVE_EXECINFO_H 1
| #define HAVE_SYS_SELECT_H 1
| #define HAVE_SYS_SOCKET_H 1
| #define HAVE_SYS_TIME_H 1
| #define HAVE_STRUCT_STAT_ST_BLKSIZE 1
| #define SIZEOF_CHAR 1
| #define SIZEOF_UNSIGNED_CHAR 1
| #define SIZEOF_SHORT 2
| #define SIZEOF_UNSIGNED_SHORT 2
| #define SIZEOF_INT 4
| #define SIZEOF_UNSIGNED_INT 4
| #define SIZEOF_LONG 4
| /* end confdefs.h.  */
| #include <sys/types.h>
| #include <inttypes.h>
| #include <stdint.h>
| #include <stddef.h>
| #include <unistd.h>
| #include <stdio.h>
| 
|    typedef unsigned long ac__type_sizeof_;
| int
| main ()
| {
| static int test_array [1 - 2 * !(((long int) (sizeof (ac__type_sizeof_))) <= 0)];
| test_array [0] = 0
| 
|   ;
|   return 0;
| }
configure:26180: arm-mv5sft-linux-gnueabi-gcc -c -O3   -D_GNU_SOURCE -D_REENTRANT conftest.c >&5
conftest.c: In function 'main':
conftest.c:47: error: size of array 'test_array' is negative
configure:26186: $? = 1
configure: failed program was:
| /* confdefs.h.  */
| #define PACKAGE_NAME "Berkeley DB"
| #define PACKAGE_TARNAME "db-4.7.25"
| #define PACKAGE_VERSION "4.7.25"
| #define PACKAGE_STRING "Berkeley DB 4.7.25"
| #define PACKAGE_BUGREPORT "Oracle Technology Network Berkeley DB forum"
| #define HAVE_PTHREAD_API 1
| #define HAVE_UPGRADE_SUPPORT 1
| #define STDC_HEADERS 1
| #define HAVE_SYS_TYPES_H 1
| #define HAVE_SYS_STAT_H 1
| #define HAVE_STDLIB_H 1
| #define HAVE_STRING_H 1
| #define HAVE_MEMORY_H 1
| #define HAVE_STRINGS_H 1
| #define HAVE_INTTYPES_H 1
| #define HAVE_STDINT_H 1
| #define HAVE_UNISTD_H 1
| #define HAVE_DLFCN_H 1
| #define HAVE_SYSTEM_INCLUDE_FILES 1
| #define TIME_WITH_SYS_TIME 1
| #define HAVE_DIRENT_H 1
| #define HAVE_EXECINFO_H 1
| #define HAVE_SYS_SELECT_H 1
| #define HAVE_SYS_SOCKET_H 1
| #define HAVE_SYS_TIME_H 1
| #define HAVE_STRUCT_STAT_ST_BLKSIZE 1
| #define SIZEOF_CHAR 1
| #define SIZEOF_UNSIGNED_CHAR 1
| #define SIZEOF_SHORT 2
| #define SIZEOF_UNSIGNED_SHORT 2
| #define SIZEOF_INT 4
| #define SIZEOF_UNSIGNED_INT 4
| #define SIZEOF_LONG 4
| /* end confdefs.h.  */
| #include <sys/types.h>
| #include <inttypes.h>
| #include <stdint.h>
| #include <stddef.h>
| #include <unistd.h>
| #include <stdio.h>
| 
|    typedef unsigned long ac__type_sizeof_;
| int
| main ()
| {
| static int test_array [1 - 2 * !(((long int) (sizeof (ac__type_sizeof_))) <= 1)];
| test_array [0] = 0
| 
|   ;
|   return 0;
| }
configure:26180: arm-mv5sft-linux-gnueabi-gcc -c -O3   -D_GNU_SOURCE -D_REENTRANT conftest.c >&5
conftest.c: In function 'main':
conftest.c:47: error: size of array 'test_array' is negative
configure:26186: $? = 1
configure: failed program was:
| /* confdefs.h.  */
| #define PACKAGE_NAME "Berkeley DB"
| #define PACKAGE_TARNAME "db-4.7.25"
| #define PACKAGE_VERSION "4.7.25"
| #define PACKAGE_STRING "Berkeley DB 4.7.25"
| #define PACKAGE_BUGREPORT "Oracle Technology Network Berkeley DB forum"
| #define HAVE_PTHREAD_API 1
| #define HAVE_UPGRADE_SUPPORT 1
| #define STDC_HEADERS 1
| #define HAVE_SYS_TYPES_H 1
| #define HAVE_SYS_STAT_H 1
| #define HAVE_STDLIB_H 1
| #define HAVE_STRING_H 1
| #define HAVE_MEMORY_H 1
| #define HAVE_STRINGS_H 1
| #define HAVE_INTTYPES_H 1
| #define HAVE_STDINT_H 1
| #define HAVE_UNISTD_H 1
| #define HAVE_DLFCN_H 1
| #define HAVE_SYSTEM_INCLUDE_FILES 1
| #define TIME_WITH_SYS_TIME 1
| #define HAVE_DIRENT_H 1
| #define HAVE_EXECINFO_H 1
| #define HAVE_SYS_SELECT_H 1
| #define HAVE_SYS_SOCKET_H 1
| #define HAVE_SYS_TIME_H 1
| #define HAVE_STRUCT_STAT_ST_BLKSIZE 1
| #define SIZEOF_CHAR 1
| #define SIZEOF_UNSIGNED_CHAR 1
| #define SIZEOF_SHORT 2
| #define SIZEOF_UNSIGNED_SHORT 2
| #define SIZEOF_INT 4
| #define SIZEOF_UNSIGNED_INT 4
| #define SIZEOF_LONG 4
| /* end confdefs.h.  */
| #include <sys/types.h>
| #include <inttypes.h>
| #include <stdint.h>
| #include <stddef.h>
| #include <unistd.h>
| #include <stdio.h>
| 
|    typedef unsigned long ac__type_sizeof_;
| int
| main ()
| {
| static int test_array [1 - 2 * !(((long int) (sizeof (ac__type_sizeof_))) <= 3)];
| test_array [0] = 0
| 
|   ;
|   return 0;
| }
configure:26180: arm-mv5sft-linux-gnueabi-gcc -c -O3   -D_GNU_SOURCE -D_REENTRANT conftest.c >&5
configure:26186: $? = 0
configure:26338: arm-mv5sft-linux-gnueabi-gcc -c -O3   -D_GNU_SOURCE -D_REENTRANT conftest.c >&5
configure:26344: $? = 0
configure:26338: arm-mv5sft-linux-gnueabi-gcc -c -O3   -D_GNU_SOURCE -D_REENTRANT conftest.c >&5
configure:26344: $? = 0
configure:26453: result: 4
configure:26463: checking for long long
configure:26494: arm-mv5sft-linux-gnueabi-gcc -c -O3   -D_GNU_SOURCE -D_REENTRANT conftest.c >&5
configure:26500: $? = 0
configure:26515: result: yes
configure:26522: checking size of long long
configure:26554: arm-mv5sft-linux-gnueabi-gcc -c -O3   -D_GNU_SOURCE -D_REENTRANT conftest.c >&5
configure:26560: $? = 0
configure:26592: arm-mv5sft-linux-gnueabi-gcc -c -O3   -D_GNU_SOURCE -D_REENTRANT conftest.c >&5
conftest.c: In function 'main':
conftest.c:48: error: size of array 'test_array' is negative
configure:26598: $? = 1
configure: failed program was:
| /* confdefs.h.  */
| #define PACKAGE_NAME "Berkeley DB"
| #define PACKAGE_TARNAME "db-4.7.25"
| #define PACKAGE_VERSION "4.7.25"
| #define PACKAGE_STRING "Berkeley DB 4.7.25"
| #define PACKAGE_BUGREPORT "Oracle Technology Network Berkeley DB forum"
| #define HAVE_PTHREAD_API 1
| #define HAVE_UPGRADE_SUPPORT 1
| #define STDC_HEADERS 1
| #define HAVE_SYS_TYPES_H 1
| #define HAVE_SYS_STAT_H 1
| #define HAVE_STDLIB_H 1
| #define HAVE_STRING_H 1
| #define HAVE_MEMORY_H 1
| #define HAVE_STRINGS_H 1
| #define HAVE_INTTYPES_H 1
| #define HAVE_STDINT_H 1
| #define HAVE_UNISTD_H 1
| #define HAVE_DLFCN_H 1
| #define HAVE_SYSTEM_INCLUDE_FILES 1
| #define TIME_WITH_SYS_TIME 1
| #define HAVE_DIRENT_H 1
| #define HAVE_EXECINFO_H 1
| #define HAVE_SYS_SELECT_H 1
| #define HAVE_SYS_SOCKET_H 1
| #define HAVE_SYS_TIME_H 1
| #define HAVE_STRUCT_STAT_ST_BLKSIZE 1
| #define SIZEOF_CHAR 1
| #define SIZEOF_UNSIGNED_CHAR 1
| #define SIZEOF_SHORT 2
| #define SIZEOF_UNSIGNED_SHORT 2
| #define SIZEOF_INT 4
| #define SIZEOF_UNSIGNED_INT 4
| #define SIZEOF_LONG 4
| #define SIZEOF_UNSIGNED_LONG 4
| /* end confdefs.h.  */
| #include <sys/types.h>
| #include <inttypes.h>
| #include <stdint.h>
| #include <stddef.h>
| #include <unistd.h>
| #include <stdio.h>
| 
|    typedef long long ac__type_sizeof_;
| int
| main ()
| {
| static int test_array [1 - 2 * !(((long int) (sizeof (ac__type_sizeof_))) <= 0)];
| test_array [0] = 0
| 
|   ;
|   return 0;
| }
configure:26592: arm-mv5sft-linux-gnueabi-gcc -c -O3   -D_GNU_SOURCE -D_REENTRANT conftest.c >&5
conftest.c: In function 'main':
conftest.c:48: error: size of array 'test_array' is negative
configure:26598: $? = 1
configure: failed program was:
| /* confdefs.h.  */
| #define PACKAGE_NAME "Berkeley DB"
| #define PACKAGE_TARNAME "db-4.7.25"
| #define PACKAGE_VERSION "4.7.25"
| #define PACKAGE_STRING "Berkeley DB 4.7.25"
| #define PACKAGE_BUGREPORT "Oracle Technology Network Berkeley DB forum"
| #define HAVE_PTHREAD_API 1
| #define HAVE_UPGRADE_SUPPORT 1
| #define STDC_HEADERS 1
| #define HAVE_SYS_TYPES_H 1
| #define HAVE_SYS_STAT_H 1
| #define HAVE_STDLIB_H 1
| #define HAVE_STRING_H 1
| #define HAVE_MEMORY_H 1
| #define HAVE_STRINGS_H 1
| #define HAVE_INTTYPES_H 1
| #define HAVE_STDINT_H 1
| #define HAVE_UNISTD_H 1
| #define HAVE_DLFCN_H 1
| #define HAVE_SYSTEM_INCLUDE_FILES 1
| #define TIME_WITH_SYS_TIME 1
| #define HAVE_DIRENT_H 1
| #define HAVE_EXECINFO_H 1
| #define HAVE_SYS_SELECT_H 1
| #define HAVE_SYS_SOCKET_H 1
| #define HAVE_SYS_TIME_H 1
| #define HAVE_STRUCT_STAT_ST_BLKSIZE 1
| #define SIZEOF_CHAR 1
| #define SIZEOF_UNSIGNED_CHAR 1
| #define SIZEOF_SHORT 2
| #define SIZEOF_UNSIGNED_SHORT 2
| #define SIZEOF_INT 4
| #define SIZEOF_UNSIGNED_INT 4
| #define SIZEOF_LONG 4
| #define SIZEOF_UNSIGNED_LONG 4
| /* end confdefs.h.  */
| #include <sys/types.h>
| #include <inttypes.h>
| #include <stdint.h>
| #include <stddef.h>
| #include <unistd.h>
| #include <stdio.h>
| 
|    typedef long long ac__type_sizeof_;
| int
| main ()
| {
| static int test_array [1 - 2 * !(((long int) (sizeof (ac__type_sizeof_))) <= 1)];
| test_array [0] = 0
| 
|   ;
|   return 0;
| }
configure:26592: arm-mv5sft-linux-gnueabi-gcc -c -O3   -D_GNU_SOURCE -D_REENTRANT conftest.c >&5
conftest.c: In function 'main':
conftest.c:48: error: size of array 'test_array' is negative
configure:26598: $? = 1
configure: failed program was:
| /* confdefs.h.  */
| #define PACKAGE_NAME "Berkeley DB"
| #define PACKAGE_TARNAME "db-4.7.25"
| #define PACKAGE_VERSION "4.7.25"
| #define PACKAGE_STRING "Berkeley DB 4.7.25"
| #define PACKAGE_BUGREPORT "Oracle Technology Network Berkeley DB forum"
| #define HAVE_PTHREAD_API 1
| #define HAVE_UPGRADE_SUPPORT 1
| #define STDC_HEADERS 1
| #define HAVE_SYS_TYPES_H 1
| #define HAVE_SYS_STAT_H 1
| #define HAVE_STDLIB_H 1
| #define HAVE_STRING_H 1
| #define HAVE_MEMORY_H 1
| #define HAVE_STRINGS_H 1
| #define HAVE_INTTYPES_H 1
| #define HAVE_STDINT_H 1
| #define HAVE_UNISTD_H 1
| #define HAVE_DLFCN_H 1
| #define HAVE_SYSTEM_INCLUDE_FILES 1
| #define TIME_WITH_SYS_TIME 1
| #define HAVE_DIRENT_H 1
| #define HAVE_EXECINFO_H 1
| #define HAVE_SYS_SELECT_H 1
| #define HAVE_SYS_SOCKET_H 1
| #define HAVE_SYS_TIME_H 1
| #define HAVE_STRUCT_STAT_ST_BLKSIZE 1
| #define SIZEOF_CHAR 1
| #define SIZEOF_UNSIGNED_CHAR 1
| #define SIZEOF_SHORT 2
| #define SIZEOF_UNSIGNED_SHORT 2
| #define SIZEOF_INT 4
| #define SIZEOF_UNSIGNED_INT 4
| #define SIZEOF_LONG 4
| #define SIZEOF_UNSIGNED_LONG 4
| /* end confdefs.h.  */
| #include <sys/types.h>
| #include <inttypes.h>
| #include <stdint.h>
| #include <stddef.h>
| #include <unistd.h>
| #include <stdio.h>
| 
|    typedef long long ac__type_sizeof_;
| int
| main ()
| {
| static int test_array [1 - 2 * !(((long int) (sizeof (ac__type_sizeof_))) <= 3)];
| test_array [0] = 0
| 
|   ;
|   return 0;
| }
configure:26592: arm-mv5sft-linux-gnueabi-gcc -c -O3   -D_GNU_SOURCE -D_REENTRANT conftest.c >&5
conftest.c: In function 'main':
conftest.c:48: error: size of array 'test_array' is negative
configure:26598: $? = 1
configure: failed program was:
| /* confdefs.h.  */
| #define PACKAGE_NAME "Berkeley DB"
| #define PACKAGE_TARNAME "db-4.7.25"
| #define PACKAGE_VERSION "4.7.25"
| #define PACKAGE_STRING "Berkeley DB 4.7.25"
| #define PACKAGE_BUGREPORT "Oracle Technology Network Berkeley DB forum"
| #define HAVE_PTHREAD_API 1
| #define HAVE_UPGRADE_SUPPORT 1
| #define STDC_HEADERS 1
| #define HAVE_SYS_TYPES_H 1
| #define HAVE_SYS_STAT_H 1
| #define HAVE_STDLIB_H 1
| #define HAVE_STRING_H 1
| #define HAVE_MEMORY_H 1
| #define HAVE_STRINGS_H 1
| #define HAVE_INTTYPES_H 1
| #define HAVE_STDINT_H 1
| #define HAVE_UNISTD_H 1
| #define HAVE_DLFCN_H 1
| #define HAVE_SYSTEM_INCLUDE_FILES 1
| #define TIME_WITH_SYS_TIME 1
| #define HAVE_DIRENT_H 1
| #define HAVE_EXECINFO_H 1
| #define HAVE_SYS_SELECT_H 1
| #define HAVE_SYS_SOCKET_H 1
| #define HAVE_SYS_TIME_H 1
| #define HAVE_STRUCT_STAT_ST_BLKSIZE 1
| #define SIZEOF_CHAR 1
| #define SIZEOF_UNSIGNED_CHAR 1
| #define SIZEOF_SHORT 2
| #define SIZEOF_UNSIGNED_SHORT 2
| #define SIZEOF_INT 4
| #define SIZEOF_UNSIGNED_INT 4
| #define SIZEOF_LONG 4
| #define SIZEOF_UNSIGNED_LONG 4
| /* end confdefs.h.  */
| #include <sys/types.h>
| #include <inttypes.h>
| #include <stdint.h>
| #include <stddef.h>
| #include <unistd.h>
| #include <stdio.h>
| 
|    typedef long long ac__type_sizeof_;
| int
| main ()
| {
| static int test_array [1 - 2 * !(((long int) (sizeof (ac__type_sizeof_))) <= 7)];
| test_array [0] = 0
| 
|   ;
|   return 0;
| }
configure:26592: arm-mv5sft-linux-gnueabi-gcc -c -O3   -D_GNU_SOURCE -D_REENTRANT conftest.c >&5
configure:26598: $? = 0
configure:26750: arm-mv5sft-linux-gnueabi-gcc -c -O3   -D_GNU_SOURCE -D_REENTRANT conftest.c >&5
configure:26756: $? = 0
configure:26750: arm-mv5sft-linux-gnueabi-gcc -c -O3   -D_GNU_SOURCE -D_REENTRANT conftest.c >&5
configure:26756: $? = 0
configure:26750: arm-mv5sft-linux-gnueabi-gcc -c -O3   -D_GNU_SOURCE -D_REENTRANT conftest.c >&5
configure:26756: $? = 0
configure:26865: result: 8
configure:26875: checking for unsigned long long
configure:26906: arm-mv5sft-linux-gnueabi-gcc -c -O3   -D_GNU_SOURCE -D_REENTRANT conftest.c >&5
configure:26912: $? = 0
configure:26927: result: yes
configure:26934: checking size of unsigned long long
configure:26966: arm-mv5sft-linux-gnueabi-gcc -c -O3   -D_GNU_SOURCE -D_REENTRANT conftest.c >&5
configure:26972: $? = 0
configure:27004: arm-mv5sft-linux-gnueabi-gcc -c -O3   -D_GNU_SOURCE -D_REENTRANT conftest.c >&5
conftest.c: In function 'main':
conftest.c:49: error: size of array 'test_array' is negative
configure:27010: $? = 1
configure: failed program was:
| /* confdefs.h.  */
| #define PACKAGE_NAME "Berkeley DB"
| #define PACKAGE_TARNAME "db-4.7.25"
| #define PACKAGE_VERSION "4.7.25"
| #define PACKAGE_STRING "Berkeley DB 4.7.25"
| #define PACKAGE_BUGREPORT "Oracle Technology Network Berkeley DB forum"
| #define HAVE_PTHREAD_API 1
| #define HAVE_UPGRADE_SUPPORT 1
| #define STDC_HEADERS 1
| #define HAVE_SYS_TYPES_H 1
| #define HAVE_SYS_STAT_H 1
| #define HAVE_STDLIB_H 1
| #define HAVE_STRING_H 1
| #define HAVE_MEMORY_H 1
| #define HAVE_STRINGS_H 1
| #define HAVE_INTTYPES_H 1
| #define HAVE_STDINT_H 1
| #define HAVE_UNISTD_H 1
| #define HAVE_DLFCN_H 1
| #define HAVE_SYSTEM_INCLUDE_FILES 1
| #define TIME_WITH_SYS_TIME 1
| #define HAVE_DIRENT_H 1
| #define HAVE_EXECINFO_H 1
| #define HAVE_SYS_SELECT_H 1
| #define HAVE_SYS_SOCKET_H 1
| #define HAVE_SYS_TIME_H 1
| #define HAVE_STRUCT_STAT_ST_BLKSIZE 1
| #define SIZEOF_CHAR 1
| #define SIZEOF_UNSIGNED_CHAR 1
| #define SIZEOF_SHORT 2
| #define SIZEOF_UNSIGNED_SHORT 2
| #define SIZEOF_INT 4
| #define SIZEOF_UNSIGNED_INT 4
| #define SIZEOF_LONG 4
| #define SIZEOF_UNSIGNED_LONG 4
| #define SIZEOF_LONG_LONG 8
| /* end confdefs.h.  */
| #include <sys/types.h>
| #include <inttypes.h>
| #include <stdint.h>
| #include <stddef.h>
| #include <unistd.h>
| #include <stdio.h>
| 
|    typedef unsigned long long ac__type_sizeof_;
| int
| main ()
| {
| static int test_array [1 - 2 * !(((long int) (sizeof (ac__type_sizeof_))) <= 0)];
| test_array [0] = 0
| 
|   ;
|   return 0;
| }
configure:27004: arm-mv5sft-linux-gnueabi-gcc -c -O3   -D_GNU_SOURCE -D_REENTRANT conftest.c >&5
conftest.c: In function 'main':
conftest.c:49: error: size of array 'test_array' is negative
configure:27010: $? = 1
configure: failed program was:
| /* confdefs.h.  */
| #define PACKAGE_NAME "Berkeley DB"
| #define PACKAGE_TARNAME "db-4.7.25"
| #define PACKAGE_VERSION "4.7.25"
| #define PACKAGE_STRING "Berkeley DB 4.7.25"
| #define PACKAGE_BUGREPORT "Oracle Technology Network Berkeley DB forum"
| #define HAVE_PTHREAD_API 1
| #define HAVE_UPGRADE_SUPPORT 1
| #define STDC_HEADERS 1
| #define HAVE_SYS_TYPES_H 1
| #define HAVE_SYS_STAT_H 1
| #define HAVE_STDLIB_H 1
| #define HAVE_STRING_H 1
| #define HAVE_MEMORY_H 1
| #define HAVE_STRINGS_H 1
| #define HAVE_INTTYPES_H 1
| #define HAVE_STDINT_H 1
| #define HAVE_UNISTD_H 1
| #define HAVE_DLFCN_H 1
| #define HAVE_SYSTEM_INCLUDE_FILES 1
| #define TIME_WITH_SYS_TIME 1
| #define HAVE_DIRENT_H 1
| #define HAVE_EXECINFO_H 1
| #define HAVE_SYS_SELECT_H 1
| #define HAVE_SYS_SOCKET_H 1
| #define HAVE_SYS_TIME_H 1
| #define HAVE_STRUCT_STAT_ST_BLKSIZE 1
| #define SIZEOF_CHAR 1
| #define SIZEOF_UNSIGNED_CHAR 1
| #define SIZEOF_SHORT 2
| #define SIZEOF_UNSIGNED_SHORT 2
| #define SIZEOF_INT 4
| #define SIZEOF_UNSIGNED_INT 4
| #define SIZEOF_LONG 4
| #define SIZEOF_UNSIGNED_LONG 4
| #define SIZEOF_LONG_LONG 8
| /* end confdefs.h.  */
| #include <sys/types.h>
| #include <inttypes.h>
| #include <stdint.h>
| #include <stddef.h>
| #include <unistd.h>
| #include <stdio.h>
| 
|    typedef unsigned long long ac__type_sizeof_;
| int
| main ()
| {
| static int test_array [1 - 2 * !(((long int) (sizeof (ac__type_sizeof_))) <= 1)];
| test_array [0] = 0
| 
|   ;
|   return 0;
| }
configure:27004: arm-mv5sft-linux-gnueabi-gcc -c -O3   -D_GNU_SOURCE -D_REENTRANT conftest.c >&5
conftest.c: In function 'main':
conftest.c:49: error: size of array 'test_array' is negative
configure:27010: $? = 1
configure: failed program was:
| /* confdefs.h.  */
| #define PACKAGE_NAME "Berkeley DB"
| #define PACKAGE_TARNAME "db-4.7.25"
| #define PACKAGE_VERSION "4.7.25"
| #define PACKAGE_STRING "Berkeley DB 4.7.25"
| #define PACKAGE_BUGREPORT "Oracle Technology Network Berkeley DB forum"
| #define HAVE_PTHREAD_API 1
| #define HAVE_UPGRADE_SUPPORT 1
| #define STDC_HEADERS 1
| #define HAVE_SYS_TYPES_H 1
| #define HAVE_SYS_STAT_H 1
| #define HAVE_STDLIB_H 1
| #define HAVE_STRING_H 1
| #define HAVE_MEMORY_H 1
| #define HAVE_STRINGS_H 1
| #define HAVE_INTTYPES_H 1
| #define HAVE_STDINT_H 1
| #define HAVE_UNISTD_H 1
| #define HAVE_DLFCN_H 1
| #define HAVE_SYSTEM_INCLUDE_FILES 1
| #define TIME_WITH_SYS_TIME 1
| #define HAVE_DIRENT_H 1
| #define HAVE_EXECINFO_H 1
| #define HAVE_SYS_SELECT_H 1
| #define HAVE_SYS_SOCKET_H 1
| #define HAVE_SYS_TIME_H 1
| #define HAVE_STRUCT_STAT_ST_BLKSIZE 1
| #define SIZEOF_CHAR 1
| #define SIZEOF_UNSIGNED_CHAR 1
| #define SIZEOF_SHORT 2
| #define SIZEOF_UNSIGNED_SHORT 2
| #define SIZEOF_INT 4
| #define SIZEOF_UNSIGNED_INT 4
| #define SIZEOF_LONG 4
| #define SIZEOF_UNSIGNED_LONG 4
| #define SIZEOF_LONG_LONG 8
| /* end confdefs.h.  */
| #include <sys/types.h>
| #include <inttypes.h>
| #include <stdint.h>
| #include <stddef.h>
| #include <unistd.h>
| #include <stdio.h>
| 
|    typedef unsigned long long ac__type_sizeof_;
| int
| main ()
| {
| static int test_array [1 - 2 * !(((long int) (sizeof (ac__type_sizeof_))) <= 3)];
| test_array [0] = 0
| 
|   ;
|   return 0;
| }
configure:27004: arm-mv5sft-linux-gnueabi-gcc -c -O3   -D_GNU_SOURCE -D_REENTRANT conftest.c >&5
conftest.c: In function 'main':
conftest.c:49: error: size of array 'test_array' is negative
configure:27010: $? = 1
configure: failed program was:
| /* confdefs.h.  */
| #define PACKAGE_NAME "Berkeley DB"
| #define PACKAGE_TARNAME "db-4.7.25"
| #define PACKAGE_VERSION "4.7.25"
| #define PACKAGE_STRING "Berkeley DB 4.7.25"
| #define PACKAGE_BUGREPORT "Oracle Technology Network Berkeley DB forum"
| #define HAVE_PTHREAD_API 1
| #define HAVE_UPGRADE_SUPPORT 1
| #define STDC_HEADERS 1
| #define HAVE_SYS_TYPES_H 1
| #define HAVE_SYS_STAT_H 1
| #define HAVE_STDLIB_H 1
| #define HAVE_STRING_H 1
| #define HAVE_MEMORY_H 1
| #define HAVE_STRINGS_H 1
| #define HAVE_INTTYPES_H 1
| #define HAVE_STDINT_H 1
| #define HAVE_UNISTD_H 1
| #define HAVE_DLFCN_H 1
| #define HAVE_SYSTEM_INCLUDE_FILES 1
| #define TIME_WITH_SYS_TIME 1
| #define HAVE_DIRENT_H 1
| #define HAVE_EXECINFO_H 1
| #define HAVE_SYS_SELECT_H 1
| #define HAVE_SYS_SOCKET_H 1
| #define HAVE_SYS_TIME_H 1
| #define HAVE_STRUCT_STAT_ST_BLKSIZE 1
| #define SIZEOF_CHAR 1
| #define SIZEOF_UNSIGNED_CHAR 1
| #define SIZEOF_SHORT 2
| #define SIZEOF_UNSIGNED_SHORT 2
| #define SIZEOF_INT 4
| #define SIZEOF_UNSIGNED_INT 4
| #define SIZEOF_LONG 4
| #define SIZEOF_UNSIGNED_LONG 4
| #define SIZEOF_LONG_LONG 8
| /* end confdefs.h.  */
| #include <sys/types.h>
| #include <inttypes.h>
| #include <stdint.h>
| #include <stddef.h>
| #include <unistd.h>
| #include <stdio.h>
| 
|    typedef unsigned long long ac__type_sizeof_;
| int
| main ()
| {
| static int test_array [1 - 2 * !(((long int) (sizeof (ac__type_sizeof_))) <= 7)];
| test_array [0] = 0
| 
|   ;
|   return 0;
| }
configure:27004: arm-mv5sft-linux-gnueabi-gcc -c -O3   -D_GNU_SOURCE -D_REENTRANT conftest.c >&5
configure:27010: $? = 0
configure:27162: arm-mv5sft-linux-gnueabi-gcc -c -O3   -D_GNU_SOURCE -D_REENTRANT conftest.c >&5
configure:27168: $? = 0
configure:27162: arm-mv5sft-linux-gnueabi-gcc -c -O3   -D_GNU_SOURCE -D_REENTRANT conftest.c >&5
configure:27168: $? = 0
configure:27162: arm-mv5sft-linux-gnueabi-gcc -c -O3   -D_GNU_SOURCE -D_REENTRANT conftest.c >&5
configure:27168: $? = 0
configure:27277: result: 8
configure:27287: checking for char *
configure:27318: arm-mv5sft-linux-gnueabi-gcc -c -O3   -D_GNU_SOURCE -D_REENTRANT conftest.c >&5
configure:27324: $? = 0
configure:27339: result: yes
configure:27346: checking size of char *
configure:27378: arm-mv5sft-linux-gnueabi-gcc -c -O3   -D_GNU_SOURCE -D_REENTRANT conftest.c >&5
configure:27384: $? = 0
configure:27416: arm-mv5sft-linux-gnueabi-gcc -c -O3   -D_GNU_SOURCE -D_REENTRANT conftest.c >&5
conftest.c: In function 'main':
conftest.c:50: error: size of array 'test_array' is negative
configure:27422: $? = 1
configure: failed program was:
| /* confdefs.h.  */
| #define PACKAGE_NAME "Berkeley DB"
| #define PACKAGE_TARNAME "db-4.7.25"
| #define PACKAGE_VERSION "4.7.25"
| #define PACKAGE_STRING "Berkeley DB 4.7.25"
| #define PACKAGE_BUGREPORT "Oracle Technology Network Berkeley DB forum"
| #define HAVE_PTHREAD_API 1
| #define HAVE_UPGRADE_SUPPORT 1
| #define STDC_HEADERS 1
| #define HAVE_SYS_TYPES_H 1
| #define HAVE_SYS_STAT_H 1
| #define HAVE_STDLIB_H 1
| #define HAVE_STRING_H 1
| #define HAVE_MEMORY_H 1
| #define HAVE_STRINGS_H 1
| #define HAVE_INTTYPES_H 1
| #define HAVE_STDINT_H 1
| #define HAVE_UNISTD_H 1
| #define HAVE_DLFCN_H 1
| #define HAVE_SYSTEM_INCLUDE_FILES 1
| #define TIME_WITH_SYS_TIME 1
| #define HAVE_DIRENT_H 1
| #define HAVE_EXECINFO_H 1
| #define HAVE_SYS_SELECT_H 1
| #define HAVE_SYS_SOCKET_H 1
| #define HAVE_SYS_TIME_H 1
| #define HAVE_STRUCT_STAT_ST_BLKSIZE 1
| #define SIZEOF_CHAR 1
| #define SIZEOF_UNSIGNED_CHAR 1
| #define SIZEOF_SHORT 2
| #define SIZEOF_UNSIGNED_SHORT 2
| #define SIZEOF_INT 4
| #define SIZEOF_UNSIGNED_INT 4
| #define SIZEOF_LONG 4
| #define SIZEOF_UNSIGNED_LONG 4
| #define SIZEOF_LONG_LONG 8
| #define SIZEOF_UNSIGNED_LONG_LONG 8
| /* end confdefs.h.  */
| #include <sys/types.h>
| #include <inttypes.h>
| #include <stdint.h>
| #include <stddef.h>
| #include <unistd.h>
| #include <stdio.h>
| 
|    typedef char * ac__type_sizeof_;
| int
| main ()
| {
| static int test_array [1 - 2 * !(((long int) (sizeof (ac__type_sizeof_))) <= 0)];
| test_array [0] = 0
| 
|   ;
|   return 0;
| }
configure:27416: arm-mv5sft-linux-gnueabi-gcc -c -O3   -D_GNU_SOURCE -D_REENTRANT conftest.c >&5
conftest.c: In function 'main':
conftest.c:50: error: size of array 'test_array' is negative
configure:27422: $? = 1
configure: failed program was:
| /* confdefs.h.  */
| #define PACKAGE_NAME "Berkeley DB"
| #define PACKAGE_TARNAME "db-4.7.25"
| #define PACKAGE_VERSION "4.7.25"
| #define PACKAGE_STRING "Berkeley DB 4.7.25"
| #define PACKAGE_BUGREPORT "Oracle Technology Network Berkeley DB forum"
| #define HAVE_PTHREAD_API 1
| #define HAVE_UPGRADE_SUPPORT 1
| #define STDC_HEADERS 1
| #define HAVE_SYS_TYPES_H 1
| #define HAVE_SYS_STAT_H 1
| #define HAVE_STDLIB_H 1
| #define HAVE_STRING_H 1
| #define HAVE_MEMORY_H 1
| #define HAVE_STRINGS_H 1
| #define HAVE_INTTYPES_H 1
| #define HAVE_STDINT_H 1
| #define HAVE_UNISTD_H 1
| #define HAVE_DLFCN_H 1
| #define HAVE_SYSTEM_INCLUDE_FILES 1
| #define TIME_WITH_SYS_TIME 1
| #define HAVE_DIRENT_H 1
| #define HAVE_EXECINFO_H 1
| #define HAVE_SYS_SELECT_H 1
| #define HAVE_SYS_SOCKET_H 1
| #define HAVE_SYS_TIME_H 1
| #define HAVE_STRUCT_STAT_ST_BLKSIZE 1
| #define SIZEOF_CHAR 1
| #define SIZEOF_UNSIGNED_CHAR 1
| #define SIZEOF_SHORT 2
| #define SIZEOF_UNSIGNED_SHORT 2
| #define SIZEOF_INT 4
| #define SIZEOF_UNSIGNED_INT 4
| #define SIZEOF_LONG 4
| #define SIZEOF_UNSIGNED_LONG 4
| #define SIZEOF_LONG_LONG 8
| #define SIZEOF_UNSIGNED_LONG_LONG 8
| /* end confdefs.h.  */
| #include <sys/types.h>
| #include <inttypes.h>
| #include <stdint.h>
| #include <stddef.h>
| #include <unistd.h>
| #include <stdio.h>
| 
|    typedef char * ac__type_sizeof_;
| int
| main ()
| {
| static int test_array [1 - 2 * !(((long int) (sizeof (ac__type_sizeof_))) <= 1)];
| test_array [0] = 0
| 
|   ;
|   return 0;
| }
configure:27416: arm-mv5sft-linux-gnueabi-gcc -c -O3   -D_GNU_SOURCE -D_REENTRANT conftest.c >&5
conftest.c: In function 'main':
conftest.c:50: error: size of array 'test_array' is negative
configure:27422: $? = 1
configure: failed program was:
| /* confdefs.h.  */
| #define PACKAGE_NAME "Berkeley DB"
| #define PACKAGE_TARNAME "db-4.7.25"
| #define PACKAGE_VERSION "4.7.25"
| #define PACKAGE_STRING "Berkeley DB 4.7.25"
| #define PACKAGE_BUGREPORT "Oracle Technology Network Berkeley DB forum"
| #define HAVE_PTHREAD_API 1
| #define HAVE_UPGRADE_SUPPORT 1
| #define STDC_HEADERS 1
| #define HAVE_SYS_TYPES_H 1
| #define HAVE_SYS_STAT_H 1
| #define HAVE_STDLIB_H 1
| #define HAVE_STRING_H 1
| #define HAVE_MEMORY_H 1
| #define HAVE_STRINGS_H 1
| #define HAVE_INTTYPES_H 1
| #define HAVE_STDINT_H 1
| #define HAVE_UNISTD_H 1
| #define HAVE_DLFCN_H 1
| #define HAVE_SYSTEM_INCLUDE_FILES 1
| #define TIME_WITH_SYS_TIME 1
| #define HAVE_DIRENT_H 1
| #define HAVE_EXECINFO_H 1
| #define HAVE_SYS_SELECT_H 1
| #define HAVE_SYS_SOCKET_H 1
| #define HAVE_SYS_TIME_H 1
| #define HAVE_STRUCT_STAT_ST_BLKSIZE 1
| #define SIZEOF_CHAR 1
| #define SIZEOF_UNSIGNED_CHAR 1
| #define SIZEOF_SHORT 2
| #define SIZEOF_UNSIGNED_SHORT 2
| #define SIZEOF_INT 4
| #define SIZEOF_UNSIGNED_INT 4
| #define SIZEOF_LONG 4
| #define SIZEOF_UNSIGNED_LONG 4
| #define SIZEOF_LONG_LONG 8
| #define SIZEOF_UNSIGNED_LONG_LONG 8
| /* end confdefs.h.  */
| #include <sys/types.h>
| #include <inttypes.h>
| #include <stdint.h>
| #include <stddef.h>
| #include <unistd.h>
| #include <stdio.h>
| 
|    typedef char * ac__type_sizeof_;
| int
| main ()
| {
| static int test_array [1 - 2 * !(((long int) (sizeof (ac__type_sizeof_))) <= 3)];
| test_array [0] = 0
| 
|   ;
|   return 0;
| }
configure:27416: arm-mv5sft-linux-gnueabi-gcc -c -O3   -D_GNU_SOURCE -D_REENTRANT conftest.c >&5
configure:27422: $? = 0
configure:27574: arm-mv5sft-linux-gnueabi-gcc -c -O3   -D_GNU_SOURCE -D_REENTRANT conftest.c >&5
configure:27580: $? = 0
configure:27574: arm-mv5sft-linux-gnueabi-gcc -c -O3   -D_GNU_SOURCE -D_REENTRANT conftest.c >&5
configure:27580: $? = 0
configure:27689: result: 4
configure:27703: checking for u_char
configure:27734: arm-mv5sft-linux-gnueabi-gcc -c -O3   -D_GNU_SOURCE -D_REENTRANT conftest.c >&5
configure:27740: $? = 0
configure:27755: result: yes
configure:27765: checking for u_short
configure:27796: arm-mv5sft-linux-gnueabi-gcc -c -O3   -D_GNU_SOURCE -D_REENTRANT conftest.c >&5
configure:27802: $? = 0
configure:27817: result: yes
configure:27827: checking for u_int
configure:27858: arm-mv5sft-linux-gnueabi-gcc -c -O3   -D_GNU_SOURCE -D_REENTRANT conftest.c >&5
configure:27864: $? = 0
configure:27879: result: yes
configure:27889: checking for u_long
configure:27920: arm-mv5sft-linux-gnueabi-gcc -c -O3   -D_GNU_SOURCE -D_REENTRANT conftest.c >&5
configure:27926: $? = 0
configure:27941: result: yes
configure:27952: checking for u_int8_t
configure:27983: arm-mv5sft-linux-gnueabi-gcc -c -O3   -D_GNU_SOURCE -D_REENTRANT conftest.c >&5
configure:27989: $? = 0
configure:28004: result: yes
configure:28032: checking for u_int16_t
configure:28063: arm-mv5sft-linux-gnueabi-gcc -c -O3   -D_GNU_SOURCE -D_REENTRANT conftest.c >&5
configure:28069: $? = 0
configure:28084: result: yes
configure:28112: checking for int16_t
configure:28143: arm-mv5sft-linux-gnueabi-gcc -c -O3   -D_GNU_SOURCE -D_REENTRANT conftest.c >&5
configure:28149: $? = 0
configure:28164: result: yes
configure:28192: checking for u_int32_t
configure:28223: arm-mv5sft-linux-gnueabi-gcc -c -O3   -D_GNU_SOURCE -D_REENTRANT conftest.c >&5
configure:28229: $? = 0
configure:28244: result: yes
configure:28272: checking for int32_t
configure:28303: arm-mv5sft-linux-gnueabi-gcc -c -O3   -D_GNU_SOURCE -D_REENTRANT conftest.c >&5
configure:28309: $? = 0
configure:28324: result: yes
configure:28352: checking for u_int64_t
configure:28383: arm-mv5sft-linux-gnueabi-gcc -c -O3   -D_GNU_SOURCE -D_REENTRANT conftest.c >&5
configure:28389: $? = 0
configure:28404: result: yes
configure:28432: checking for int64_t
configure:28463: arm-mv5sft-linux-gnueabi-gcc -c -O3   -D_GNU_SOURCE -D_REENTRANT conftest.c >&5
configure:28469: $? = 0
configure:28484: result: yes
configure:28515: checking for FILE *
configure:28546: arm-mv5sft-linux-gnueabi-gcc -c -O3   -D_GNU_SOURCE -D_REENTRANT conftest.c >&5
configure:28552: $? = 0
configure:28567: result: yes
configure:28578: checking for off_t
configure:28609: arm-mv5sft-linux-gnueabi-gcc -c -O3   -D_GNU_SOURCE -D_REENTRANT conftest.c >&5
configure:28615: $? = 0
configure:28630: result: yes
configure:28641: checking for pid_t
configure:28672: arm-mv5sft-linux-gnueabi-gcc -c -O3   -D_GNU_SOURCE -D_REENTRANT conftest.c >&5
configure:28678: $? = 0
configure:28693: result: yes
configure:28704: checking for size_t
configure:28735: arm-mv5sft-linux-gnueabi-gcc -c -O3   -D_GNU_SOURCE -D_REENTRANT conftest.c >&5
configure:28741: $? = 0
configure:28756: result: yes
configure:28767: checking for time_t
configure:28798: arm-mv5sft-linux-gnueabi-gcc -c -O3   -D_GNU_SOURCE -D_REENTRANT conftest.c >&5
configure:28804: $? = 0
configure:28819: result: yes
configure:28832: checking for size_t
configure:28884: result: yes
configure:28891: checking size of size_t
configure:28923: arm-mv5sft-linux-gnueabi-gcc -c -O3   -D_GNU_SOURCE -D_REENTRANT conftest.c >&5
configure:28929: $? = 0
configure:28961: arm-mv5sft-linux-gnueabi-gcc -c -O3   -D_GNU_SOURCE -D_REENTRANT conftest.c >&5
conftest.c: In function 'main':
conftest.c:51: error: size of array 'test_array' is negative
configure:28967: $? = 1
configure: failed program was:
| /* confdefs.h.  */
| #define PACKAGE_NAME "Berkeley DB"
| #define PACKAGE_TARNAME "db-4.7.25"
| #define PACKAGE_VERSION "4.7.25"
| #define PACKAGE_STRING "Berkeley DB 4.7.25"
| #define PACKAGE_BUGREPORT "Oracle Technology Network Berkeley DB forum"
| #define HAVE_PTHREAD_API 1
| #define HAVE_UPGRADE_SUPPORT 1
| #define STDC_HEADERS 1
| #define HAVE_SYS_TYPES_H 1
| #define HAVE_SYS_STAT_H 1
| #define HAVE_STDLIB_H 1
| #define HAVE_STRING_H 1
| #define HAVE_MEMORY_H 1
| #define HAVE_STRINGS_H 1
| #define HAVE_INTTYPES_H 1
| #define HAVE_STDINT_H 1
| #define HAVE_UNISTD_H 1
| #define HAVE_DLFCN_H 1
| #define HAVE_SYSTEM_INCLUDE_FILES 1
| #define TIME_WITH_SYS_TIME 1
| #define HAVE_DIRENT_H 1
| #define HAVE_EXECINFO_H 1
| #define HAVE_SYS_SELECT_H 1
| #define HAVE_SYS_SOCKET_H 1
| #define HAVE_SYS_TIME_H 1
| #define HAVE_STRUCT_STAT_ST_BLKSIZE 1
| #define SIZEOF_CHAR 1
| #define SIZEOF_UNSIGNED_CHAR 1
| #define SIZEOF_SHORT 2
| #define SIZEOF_UNSIGNED_SHORT 2
| #define SIZEOF_INT 4
| #define SIZEOF_UNSIGNED_INT 4
| #define SIZEOF_LONG 4
| #define SIZEOF_UNSIGNED_LONG 4
| #define SIZEOF_LONG_LONG 8
| #define SIZEOF_UNSIGNED_LONG_LONG 8
| #define SIZEOF_CHAR_P 4
| /* end confdefs.h.  */
| #include <sys/types.h>
| #include <inttypes.h>
| #include <stdint.h>
| #include <stddef.h>
| #include <unistd.h>
| #include <stdio.h>
| 
|    typedef size_t ac__type_sizeof_;
| int
| main ()
| {
| static int test_array [1 - 2 * !(((long int) (sizeof (ac__type_sizeof_))) <= 0)];
| test_array [0] = 0
| 
|   ;
|   return 0;
| }
configure:28961: arm-mv5sft-linux-gnueabi-gcc -c -O3   -D_GNU_SOURCE -D_REENTRANT conftest.c >&5
conftest.c: In function 'main':
conftest.c:51: error: size of array 'test_array' is negative
configure:28967: $? = 1
configure: failed program was:
| /* confdefs.h.  */
| #define PACKAGE_NAME "Berkeley DB"
| #define PACKAGE_TARNAME "db-4.7.25"
| #define PACKAGE_VERSION "4.7.25"
| #define PACKAGE_STRING "Berkeley DB 4.7.25"
| #define PACKAGE_BUGREPORT "Oracle Technology Network Berkeley DB forum"
| #define HAVE_PTHREAD_API 1
| #define HAVE_UPGRADE_SUPPORT 1
| #define STDC_HEADERS 1
| #define HAVE_SYS_TYPES_H 1
| #define HAVE_SYS_STAT_H 1
| #define HAVE_STDLIB_H 1
| #define HAVE_STRING_H 1
| #define HAVE_MEMORY_H 1
| #define HAVE_STRINGS_H 1
| #define HAVE_INTTYPES_H 1
| #define HAVE_STDINT_H 1
| #define HAVE_UNISTD_H 1
| #define HAVE_DLFCN_H 1
| #define HAVE_SYSTEM_INCLUDE_FILES 1
| #define TIME_WITH_SYS_TIME 1
| #define HAVE_DIRENT_H 1
| #define HAVE_EXECINFO_H 1
| #define HAVE_SYS_SELECT_H 1
| #define HAVE_SYS_SOCKET_H 1
| #define HAVE_SYS_TIME_H 1
| #define HAVE_STRUCT_STAT_ST_BLKSIZE 1
| #define SIZEOF_CHAR 1
| #define SIZEOF_UNSIGNED_CHAR 1
| #define SIZEOF_SHORT 2
| #define SIZEOF_UNSIGNED_SHORT 2
| #define SIZEOF_INT 4
| #define SIZEOF_UNSIGNED_INT 4
| #define SIZEOF_LONG 4
| #define SIZEOF_UNSIGNED_LONG 4
| #define SIZEOF_LONG_LONG 8
| #define SIZEOF_UNSIGNED_LONG_LONG 8
| #define SIZEOF_CHAR_P 4
| /* end confdefs.h.  */
| #include <sys/types.h>
| #include <inttypes.h>
| #include <stdint.h>
| #include <stddef.h>
| #include <unistd.h>
| #include <stdio.h>
| 
|    typedef size_t ac__type_sizeof_;
| int
| main ()
| {
| static int test_array [1 - 2 * !(((long int) (sizeof (ac__type_sizeof_))) <= 1)];
| test_array [0] = 0
| 
|   ;
|   return 0;
| }
configure:28961: arm-mv5sft-linux-gnueabi-gcc -c -O3   -D_GNU_SOURCE -D_REENTRANT conftest.c >&5
conftest.c: In function 'main':
conftest.c:51: error: size of array 'test_array' is negative
configure:28967: $? = 1
configure: failed program was:
| /* confdefs.h.  */
| #define PACKAGE_NAME "Berkeley DB"
| #define PACKAGE_TARNAME "db-4.7.25"
| #define PACKAGE_VERSION "4.7.25"
| #define PACKAGE_STRING "Berkeley DB 4.7.25"
| #define PACKAGE_BUGREPORT "Oracle Technology Network Berkeley DB forum"
| #define HAVE_PTHREAD_API 1
| #define HAVE_UPGRADE_SUPPORT 1
| #define STDC_HEADERS 1
| #define HAVE_SYS_TYPES_H 1
| #define HAVE_SYS_STAT_H 1
| #define HAVE_STDLIB_H 1
| #define HAVE_STRING_H 1
| #define HAVE_MEMORY_H 1
| #define HAVE_STRINGS_H 1
| #define HAVE_INTTYPES_H 1
| #define HAVE_STDINT_H 1
| #define HAVE_UNISTD_H 1
| #define HAVE_DLFCN_H 1
| #define HAVE_SYSTEM_INCLUDE_FILES 1
| #define TIME_WITH_SYS_TIME 1
| #define HAVE_DIRENT_H 1
| #define HAVE_EXECINFO_H 1
| #define HAVE_SYS_SELECT_H 1
| #define HAVE_SYS_SOCKET_H 1
| #define HAVE_SYS_TIME_H 1
| #define HAVE_STRUCT_STAT_ST_BLKSIZE 1
| #define SIZEOF_CHAR 1
| #define SIZEOF_UNSIGNED_CHAR 1
| #define SIZEOF_SHORT 2
| #define SIZEOF_UNSIGNED_SHORT 2
| #define SIZEOF_INT 4
| #define SIZEOF_UNSIGNED_INT 4
| #define SIZEOF_LONG 4
| #define SIZEOF_UNSIGNED_LONG 4
| #define SIZEOF_LONG_LONG 8
| #define SIZEOF_UNSIGNED_LONG_LONG 8
| #define SIZEOF_CHAR_P 4
| /* end confdefs.h.  */
| #include <sys/types.h>
| #include <inttypes.h>
| #include <stdint.h>
| #include <stddef.h>
| #include <unistd.h>
| #include <stdio.h>
| 
|    typedef size_t ac__type_sizeof_;
| int
| main ()
| {
| static int test_array [1 - 2 * !(((long int) (sizeof (ac__type_sizeof_))) <= 3)];
| test_array [0] = 0
| 
|   ;
|   return 0;
| }
configure:28961: arm-mv5sft-linux-gnueabi-gcc -c -O3   -D_GNU_SOURCE -D_REENTRANT conftest.c >&5
configure:28967: $? = 0
configure:29119: arm-mv5sft-linux-gnueabi-gcc -c -O3   -D_GNU_SOURCE -D_REENTRANT conftest.c >&5
configure:29125: $? = 0
configure:29119: arm-mv5sft-linux-gnueabi-gcc -c -O3   -D_GNU_SOURCE -D_REENTRANT conftest.c >&5
configure:29125: $? = 0
configure:29234: result: 4
configure:29245: checking for ssize_t
configure:29276: arm-mv5sft-linux-gnueabi-gcc -c -O3   -D_GNU_SOURCE -D_REENTRANT conftest.c >&5
configure:29282: $? = 0
configure:29297: result: yes
configure:29327: checking for uintmax_t
configure:29357: arm-mv5sft-linux-gnueabi-gcc -c -O3   -D_GNU_SOURCE -D_REENTRANT conftest.c >&5
configure:29363: $? = 0
configure:29378: result: yes
configure:29449: checking for uintptr_t
configure:29479: arm-mv5sft-linux-gnueabi-gcc -c -O3   -D_GNU_SOURCE -D_REENTRANT conftest.c >&5
configure:29485: $? = 0
configure:29500: result: yes
configure:29528: checking for socklen_t
configure:29562: arm-mv5sft-linux-gnueabi-gcc -c -O3   -D_GNU_SOURCE -D_REENTRANT conftest.c >&5
configure:29568: $? = 0
configure:29583: result: yes
configure:29667: checking for ANSI C exit success/failure values
configure:29694: arm-mv5sft-linux-gnueabi-gcc -c -O3   -D_GNU_SOURCE -D_REENTRANT conftest.c >&5
configure:29700: $? = 0
configure:29715: result: yes
configure:29726: checking for getopt optreset variable
configure:29753: arm-mv5sft-linux-gnueabi-gcc -o conftest -O3   -D_GNU_SOURCE -D_REENTRANT  conftest.c  >&5
/tmp/ccKMIaUr.o: In function `main':
conftest.c:(.text+0x14): undefined reference to `optreset'
collect2: ld returned 1 exit status
configure:29759: $? = 1
configure: failed program was:
| /* confdefs.h.  */
| #define PACKAGE_NAME "Berkeley DB"
| #define PACKAGE_TARNAME "db-4.7.25"
| #define PACKAGE_VERSION "4.7.25"
| #define PACKAGE_STRING "Berkeley DB 4.7.25"
| #define PACKAGE_BUGREPORT "Oracle Technology Network Berkeley DB forum"
| #define HAVE_PTHREAD_API 1
| #define HAVE_UPGRADE_SUPPORT 1
| #define STDC_HEADERS 1
| #define HAVE_SYS_TYPES_H 1
| #define HAVE_SYS_STAT_H 1
| #define HAVE_STDLIB_H 1
| #define HAVE_STRING_H 1
| #define HAVE_MEMORY_H 1
| #define HAVE_STRINGS_H 1
| #define HAVE_INTTYPES_H 1
| #define HAVE_STDINT_H 1
| #define HAVE_UNISTD_H 1
| #define HAVE_DLFCN_H 1
| #define HAVE_SYSTEM_INCLUDE_FILES 1
| #define TIME_WITH_SYS_TIME 1
| #define HAVE_DIRENT_H 1
| #define HAVE_EXECINFO_H 1
| #define HAVE_SYS_SELECT_H 1
| #define HAVE_SYS_SOCKET_H 1
| #define HAVE_SYS_TIME_H 1
| #define HAVE_STRUCT_STAT_ST_BLKSIZE 1
| #define SIZEOF_CHAR 1
| #define SIZEOF_UNSIGNED_CHAR 1
| #define SIZEOF_SHORT 2
| #define SIZEOF_UNSIGNED_SHORT 2
| #define SIZEOF_INT 4
| #define SIZEOF_UNSIGNED_INT 4
| #define SIZEOF_LONG 4
| #define SIZEOF_UNSIGNED_LONG 4
| #define SIZEOF_LONG_LONG 8
| #define SIZEOF_UNSIGNED_LONG_LONG 8
| #define SIZEOF_CHAR_P 4
| #define SIZEOF_SIZE_T 4
| #define HAVE_EXIT_SUCCESS 1
| /* end confdefs.h.  */
| #include <unistd.h>
| int
| main ()
| {
| extern int optreset; optreset = 1;
|   ;
|   return 0;
| }
configure:29776: result: no
configure:29797: checking for mutexes
configure:29878: arm-mv5sft-linux-gnueabi-gcc -o conftest -O3   -D_GNU_SOURCE -D_REENTRANT  conftest.c  >&5
conftest.c:43:20: error: synch.h: No such file or directory
conftest.c: In function 'main':
conftest.c:48: error: expected '=', ',', ';', 'asm' or '__attribute__' before 'mi'
conftest.c:48: error: 'mi' undeclared (first use in this function)
conftest.c:48: error: (Each undeclared identifier is reported only once
conftest.c:48: error: for each function it appears in.)
conftest.c:48: error: 'SHAREDMUTEX' undeclared (first use in this function)
conftest.c:49: error: expected '=', ',', ';', 'asm' or '__attribute__' before 'ci'
conftest.c:49: error: 'ci' undeclared (first use in this function)
conftest.c:49: error: 'SHAREDCV' undeclared (first use in this function)
conftest.c:50: error: 'lwp_mutex_t' undeclared (first use in this function)
conftest.c:50: error: expected ';' before 'mutex'
conftest.c:51: error: 'lwp_cond_t' undeclared (first use in this function)
conftest.c:51: error: expected ';' before 'cond'
conftest.c:52: warning: incompatible implicit declaration of built-in function 'exit'
conftest.c:53: error: 'mutex' undeclared (first use in this function)
configure:29884: $? = 1
configure: failed program was:
| /* confdefs.h.  */
| #define PACKAGE_NAME "Berkeley DB"
| #define PACKAGE_TARNAME "db-4.7.25"
| #define PACKAGE_VERSION "4.7.25"
| #define PACKAGE_STRING "Berkeley DB 4.7.25"
| #define PACKAGE_BUGREPORT "Oracle Technology Network Berkeley DB forum"
| #define HAVE_PTHREAD_API 1
| #define HAVE_UPGRADE_SUPPORT 1
| #define STDC_HEADERS 1
| #define HAVE_SYS_TYPES_H 1
| #define HAVE_SYS_STAT_H 1
| #define HAVE_STDLIB_H 1
| #define HAVE_STRING_H 1
| #define HAVE_MEMORY_H 1
| #define HAVE_STRINGS_H 1
| #define HAVE_INTTYPES_H 1
| #define HAVE_STDINT_H 1
| #define HAVE_UNISTD_H 1
| #define HAVE_DLFCN_H 1
| #define HAVE_SYSTEM_INCLUDE_FILES 1
| #define TIME_WITH_SYS_TIME 1
| #define HAVE_DIRENT_H 1
| #define HAVE_EXECINFO_H 1
| #define HAVE_SYS_SELECT_H 1
| #define HAVE_SYS_SOCKET_H 1
| #define HAVE_SYS_TIME_H 1
| #define HAVE_STRUCT_STAT_ST_BLKSIZE 1
| #define SIZEOF_CHAR 1
| #define SIZEOF_UNSIGNED_CHAR 1
| #define SIZEOF_SHORT 2
| #define SIZEOF_UNSIGNED_SHORT 2
| #define SIZEOF_INT 4
| #define SIZEOF_UNSIGNED_INT 4
| #define SIZEOF_LONG 4
| #define SIZEOF_UNSIGNED_LONG 4
| #define SIZEOF_LONG_LONG 8
| #define SIZEOF_UNSIGNED_LONG_LONG 8
| #define SIZEOF_CHAR_P 4
| #define SIZEOF_SIZE_T 4
| #define HAVE_EXIT_SUCCESS 1
| /* end confdefs.h.  */
| 
| 	#include <synch.h>
| int
| main ()
| {
| 
| 		static lwp_mutex_t mi = SHAREDMUTEX;
| 		static lwp_cond_t ci = SHAREDCV;
| 		lwp_mutex_t mutex = mi;
| 		lwp_cond_t cond = ci;
| 		exit (
| 		_lwp_mutex_lock(&mutex) ||
| 		_lwp_mutex_unlock(&mutex));
| 
|   ;
|   return 0;
| }
configure:29951: arm-mv5sft-linux-gnueabi-gcc -o conftest -O3   -D_GNU_SOURCE -D_REENTRANT  conftest.c  -lpthread >&5
conftest.c: In function 'main':
conftest.c:52: warning: incompatible implicit declaration of built-in function 'exit'
configure:29957: $? = 0
configure:30568: arm-mv5sft-linux-gnueabi-gcc -c -O3   -D_GNU_SOURCE -D_REENTRANT conftest.c >&5
conftest.c: In function 'main':
conftest.c:50: error: 'FAIL' undeclared (first use in this function)
conftest.c:50: error: (Each undeclared identifier is reported only once
conftest.c:50: error: for each function it appears in.)
conftest.c:50: error: expected ';' before 'TO'
configure:30574: $? = 1
configure: failed program was:
| /* confdefs.h.  */
| #define PACKAGE_NAME "Berkeley DB"
| #define PACKAGE_TARNAME "db-4.7.25"
| #define PACKAGE_VERSION "4.7.25"
| #define PACKAGE_STRING "Berkeley DB 4.7.25"
| #define PACKAGE_BUGREPORT "Oracle Technology Network Berkeley DB forum"
| #define HAVE_PTHREAD_API 1
| #define HAVE_UPGRADE_SUPPORT 1
| #define STDC_HEADERS 1
| #define HAVE_SYS_TYPES_H 1
| #define HAVE_SYS_STAT_H 1
| #define HAVE_STDLIB_H 1
| #define HAVE_STRING_H 1
| #define HAVE_MEMORY_H 1
| #define HAVE_STRINGS_H 1
| #define HAVE_INTTYPES_H 1
| #define HAVE_STDINT_H 1
| #define HAVE_UNISTD_H 1
| #define HAVE_DLFCN_H 1
| #define HAVE_SYSTEM_INCLUDE_FILES 1
| #define TIME_WITH_SYS_TIME 1
| #define HAVE_DIRENT_H 1
| #define HAVE_EXECINFO_H 1
| #define HAVE_SYS_SELECT_H 1
| #define HAVE_SYS_SOCKET_H 1
| #define HAVE_SYS_TIME_H 1
| #define HAVE_STRUCT_STAT_ST_BLKSIZE 1
| #define SIZEOF_CHAR 1
| #define SIZEOF_UNSIGNED_CHAR 1
| #define SIZEOF_SHORT 2
| #define SIZEOF_UNSIGNED_SHORT 2
| #define SIZEOF_INT 4
| #define SIZEOF_UNSIGNED_INT 4
| #define SIZEOF_LONG 4
| #define SIZEOF_UNSIGNED_LONG 4
| #define SIZEOF_LONG_LONG 8
| #define SIZEOF_UNSIGNED_LONG_LONG 8
| #define SIZEOF_CHAR_P 4
| #define SIZEOF_SIZE_T 4
| #define HAVE_EXIT_SUCCESS 1
| /* end confdefs.h.  */
| 
| int
| main ()
| {
| 
| 	#if (defined(i386) || defined(__i386__)) && defined(__GNUC__)
| 		exit(0);
| 	#else
| 		FAIL TO COMPILE/LINK
| 	#endif
| 
|   ;
|   return 0;
| }
configure:30617: arm-mv5sft-linux-gnueabi-gcc -c -O3   -D_GNU_SOURCE -D_REENTRANT conftest.c >&5
conftest.c: In function 'main':
conftest.c:50: error: 'FAIL' undeclared (first use in this function)
conftest.c:50: error: (Each undeclared identifier is reported only once
conftest.c:50: error: for each function it appears in.)
conftest.c:50: error: expected ';' before 'TO'
configure:30623: $? = 1
configure: failed program was:
| /* confdefs.h.  */
| #define PACKAGE_NAME "Berkeley DB"
| #define PACKAGE_TARNAME "db-4.7.25"
| #define PACKAGE_VERSION "4.7.25"
| #define PACKAGE_STRING "Berkeley DB 4.7.25"
| #define PACKAGE_BUGREPORT "Oracle Technology Network Berkeley DB forum"
| #define HAVE_PTHREAD_API 1
| #define HAVE_UPGRADE_SUPPORT 1
| #define STDC_HEADERS 1
| #define HAVE_SYS_TYPES_H 1
| #define HAVE_SYS_STAT_H 1
| #define HAVE_STDLIB_H 1
| #define HAVE_STRING_H 1
| #define HAVE_MEMORY_H 1
| #define HAVE_STRINGS_H 1
| #define HAVE_INTTYPES_H 1
| #define HAVE_STDINT_H 1
| #define HAVE_UNISTD_H 1
| #define HAVE_DLFCN_H 1
| #define HAVE_SYSTEM_INCLUDE_FILES 1
| #define TIME_WITH_SYS_TIME 1
| #define HAVE_DIRENT_H 1
| #define HAVE_EXECINFO_H 1
| #define HAVE_SYS_SELECT_H 1
| #define HAVE_SYS_SOCKET_H 1
| #define HAVE_SYS_TIME_H 1
| #define HAVE_STRUCT_STAT_ST_BLKSIZE 1
| #define SIZEOF_CHAR 1
| #define SIZEOF_UNSIGNED_CHAR 1
| #define SIZEOF_SHORT 2
| #define SIZEOF_UNSIGNED_SHORT 2
| #define SIZEOF_INT 4
| #define SIZEOF_UNSIGNED_INT 4
| #define SIZEOF_LONG 4
| #define SIZEOF_UNSIGNED_LONG 4
| #define SIZEOF_LONG_LONG 8
| #define SIZEOF_UNSIGNED_LONG_LONG 8
| #define SIZEOF_CHAR_P 4
| #define SIZEOF_SIZE_T 4
| #define HAVE_EXIT_SUCCESS 1
| /* end confdefs.h.  */
| 
| int
| main ()
| {
| 
| 	#if (defined(x86_64) || defined(__x86_64__)) && defined(__GNUC__)
| 		exit(0);
| 	#else
| 		FAIL TO COMPILE/LINK
| 	#endif
| 
|   ;
|   return 0;
| }
configure:30670: arm-mv5sft-linux-gnueabi-gcc -o conftest -O3   -D_GNU_SOURCE -D_REENTRANT  conftest.c  >&5
conftest.c:43:25: error: sys/atomic.h: No such file or directory
conftest.c:44:27: error: sys/machlock.h: No such file or directory
conftest.c: In function 'main':
conftest.c:49: error: expected '=', ',', ';', 'asm' or '__attribute__' before 'tsl_t'
conftest.c:49: error: 'tsl_t' undeclared (first use in this function)
conftest.c:49: error: (Each undeclared identifier is reported only once
conftest.c:49: error: for each function it appears in.)
conftest.c:50: error: 'lock_t' undeclared (first use in this function)
conftest.c:50: error: expected ';' before 'x'
conftest.c:51: error: 'x' undeclared (first use in this function)
configure:30676: $? = 1
configure: failed program was:
| /* confdefs.h.  */
| #define PACKAGE_NAME "Berkeley DB"
| #define PACKAGE_TARNAME "db-4.7.25"
| #define PACKAGE_VERSION "4.7.25"
| #define PACKAGE_STRING "Berkeley DB 4.7.25"
| #define PACKAGE_BUGREPORT "Oracle Technology Network Berkeley DB forum"
| #define HAVE_PTHREAD_API 1
| #define HAVE_UPGRADE_SUPPORT 1
| #define STDC_HEADERS 1
| #define HAVE_SYS_TYPES_H 1
| #define HAVE_SYS_STAT_H 1
| #define HAVE_STDLIB_H 1
| #define HAVE_STRING_H 1
| #define HAVE_MEMORY_H 1
| #define HAVE_STRINGS_H 1
| #define HAVE_INTTYPES_H 1
| #define HAVE_STDINT_H 1
| #define HAVE_UNISTD_H 1
| #define HAVE_DLFCN_H 1
| #define HAVE_SYSTEM_INCLUDE_FILES 1
| #define TIME_WITH_SYS_TIME 1
| #define HAVE_DIRENT_H 1
| #define HAVE_EXECINFO_H 1
| #define HAVE_SYS_SELECT_H 1
| #define HAVE_SYS_SOCKET_H 1
| #define HAVE_SYS_TIME_H 1
| #define HAVE_STRUCT_STAT_ST_BLKSIZE 1
| #define SIZEOF_CHAR 1
| #define SIZEOF_UNSIGNED_CHAR 1
| #define SIZEOF_SHORT 2
| #define SIZEOF_UNSIGNED_SHORT 2
| #define SIZEOF_INT 4
| #define SIZEOF_UNSIGNED_INT 4
| #define SIZEOF_LONG 4
| #define SIZEOF_UNSIGNED_LONG 4
| #define SIZEOF_LONG_LONG 8
| #define SIZEOF_UNSIGNED_LONG_LONG 8
| #define SIZEOF_CHAR_P 4
| #define SIZEOF_SIZE_T 4
| #define HAVE_EXIT_SUCCESS 1
| /* end confdefs.h.  */
| 
| 	#include <sys/atomic.h>
| 	#include <sys/machlock.h>
| int
| main ()
| {
| 
| 		typedef lock_t tsl_t;
| 		lock_t x;
| 		_lock_try(&x);
| 		_lock_clear(&x);
| 		membar_enter();
| 
|   ;
|   return 0;
| }
configure:30721: arm-mv5sft-linux-gnueabi-gcc -c -O3   -D_GNU_SOURCE -D_REENTRANT conftest.c >&5
conftest.c: In function 'main':
conftest.c:50: error: 'FAIL' undeclared (first use in this function)
conftest.c:50: error: (Each undeclared identifier is reported only once
conftest.c:50: error: for each function it appears in.)
conftest.c:50: error: expected ';' before 'TO'
configure:30727: $? = 1
configure: failed program was:
| /* confdefs.h.  */
| #define PACKAGE_NAME "Berkeley DB"
| #define PACKAGE_TARNAME "db-4.7.25"
| #define PACKAGE_VERSION "4.7.25"
| #define PACKAGE_STRING "Berkeley DB 4.7.25"
| #define PACKAGE_BUGREPORT "Oracle Technology Network Berkeley DB forum"
| #define HAVE_PTHREAD_API 1
| #define HAVE_UPGRADE_SUPPORT 1
| #define STDC_HEADERS 1
| #define HAVE_SYS_TYPES_H 1
| #define HAVE_SYS_STAT_H 1
| #define HAVE_STDLIB_H 1
| #define HAVE_STRING_H 1
| #define HAVE_MEMORY_H 1
| #define HAVE_STRINGS_H 1
| #define HAVE_INTTYPES_H 1
| #define HAVE_STDINT_H 1
| #define HAVE_UNISTD_H 1
| #define HAVE_DLFCN_H 1
| #define HAVE_SYSTEM_INCLUDE_FILES 1
| #define TIME_WITH_SYS_TIME 1
| #define HAVE_DIRENT_H 1
| #define HAVE_EXECINFO_H 1
| #define HAVE_SYS_SELECT_H 1
| #define HAVE_SYS_SOCKET_H 1
| #define HAVE_SYS_TIME_H 1
| #define HAVE_STRUCT_STAT_ST_BLKSIZE 1
| #define SIZEOF_CHAR 1
| #define SIZEOF_UNSIGNED_CHAR 1
| #define SIZEOF_SHORT 2
| #define SIZEOF_UNSIGNED_SHORT 2
| #define SIZEOF_INT 4
| #define SIZEOF_UNSIGNED_INT 4
| #define SIZEOF_LONG 4
| #define SIZEOF_UNSIGNED_LONG 4
| #define SIZEOF_LONG_LONG 8
| #define SIZEOF_UNSIGNED_LONG_LONG 8
| #define SIZEOF_CHAR_P 4
| #define SIZEOF_SIZE_T 4
| #define HAVE_EXIT_SUCCESS 1
| /* end confdefs.h.  */
| 
| int
| main ()
| {
| 
| 	#if defined(__sparc__) && defined(__GNUC__)
| 		exit(0);
| 	#else
| 		FAIL TO COMPILE/LINK
| 	#endif
| 
|   ;
|   return 0;
| }
configure:31864: result: POSIX/pthreads/library
configure:32192: checking for main in -lpthread
configure:32221: arm-mv5sft-linux-gnueabi-gcc -o conftest -O3   -D_GNU_SOURCE -D_REENTRANT  conftest.c -lpthread   >&5
configure:32227: $? = 0
configure:32245: result: yes
configure:32421: arm-mv5sft-linux-gnueabi-gcc -c -O3   -D_GNU_SOURCE -D_REENTRANT conftest.c >&5
configure:32427: $? = 0
configure:32632: checking for library containing sched_yield
configure:32673: arm-mv5sft-linux-gnueabi-gcc -o conftest -O3   -D_GNU_SOURCE -D_REENTRANT  conftest.c  -lpthread >&5
configure:32679: $? = 0
configure:32707: result: none required
configure:32717: checking for library containing fdatasync
configure:32758: arm-mv5sft-linux-gnueabi-gcc -o conftest -O3   -D_GNU_SOURCE -D_REENTRANT  conftest.c  -lpthread >&5
configure:32764: $? = 0
configure:32792: result: none required
configure:32801: checking for library containing getaddrinfo
configure:32842: arm-mv5sft-linux-gnueabi-gcc -o conftest -O3   -D_GNU_SOURCE -D_REENTRANT  conftest.c  -lpthread >&5
configure:32848: $? = 0
configure:32876: result: none required
configure:32884: checking for library containing hstrerror
configure:32925: arm-mv5sft-linux-gnueabi-gcc -o conftest -O3   -D_GNU_SOURCE -D_REENTRANT  conftest.c  -lpthread >&5
configure:32931: $? = 0
configure:32959: result: none required
configure:32974: checking for main in -lm
configure:33003: arm-mv5sft-linux-gnueabi-gcc -o conftest -O3   -D_GNU_SOURCE -D_REENTRANT  conftest.c -lm   -lpthread >&5
configure:33009: $? = 0
configure:33027: result: yes
configure:33034: checking for main in -lnsl
configure:33063: arm-mv5sft-linux-gnueabi-gcc -o conftest -O3   -D_GNU_SOURCE -D_REENTRANT  conftest.c -lnsl   -lpthread >&5
configure:33069: $? = 0
configure:33087: result: yes
configure:33094: checking for main in -lpthread
configure:33147: result: yes
configure:33154: checking for main in -lsocket
configure:33183: arm-mv5sft-linux-gnueabi-gcc -o conftest -O3   -D_GNU_SOURCE -D_REENTRANT  conftest.c -lsocket   -lpthread >&5
/opt_gccarm/arm-mv5sft-linux-gnueabi/bin/../lib/gcc/arm-mv5sft-linux-gnueabi/4.3.2/../../../../arm-mv5sft-linux-gnueabi/bin/ld: cannot find -lsocket
collect2: ld returned 1 exit status
configure:33189: $? = 1
configure: failed program was:
| /* confdefs.h.  */
| #define PACKAGE_NAME "Berkeley DB"
| #define PACKAGE_TARNAME "db-4.7.25"
| #define PACKAGE_VERSION "4.7.25"
| #define PACKAGE_STRING "Berkeley DB 4.7.25"
| #define PACKAGE_BUGREPORT "Oracle Technology Network Berkeley DB forum"
| #define HAVE_PTHREAD_API 1
| #define HAVE_UPGRADE_SUPPORT 1
| #define STDC_HEADERS 1
| #define HAVE_SYS_TYPES_H 1
| #define HAVE_SYS_STAT_H 1
| #define HAVE_STDLIB_H 1
| #define HAVE_STRING_H 1
| #define HAVE_MEMORY_H 1
| #define HAVE_STRINGS_H 1
| #define HAVE_INTTYPES_H 1
| #define HAVE_STDINT_H 1
| #define HAVE_UNISTD_H 1
| #define HAVE_DLFCN_H 1
| #define HAVE_SYSTEM_INCLUDE_FILES 1
| #define TIME_WITH_SYS_TIME 1
| #define HAVE_DIRENT_H 1
| #define HAVE_EXECINFO_H 1
| #define HAVE_SYS_SELECT_H 1
| #define HAVE_SYS_SOCKET_H 1
| #define HAVE_SYS_TIME_H 1
| #define HAVE_STRUCT_STAT_ST_BLKSIZE 1
| #define SIZEOF_CHAR 1
| #define SIZEOF_UNSIGNED_CHAR 1
| #define SIZEOF_SHORT 2
| #define SIZEOF_UNSIGNED_SHORT 2
| #define SIZEOF_INT 4
| #define SIZEOF_UNSIGNED_INT 4
| #define SIZEOF_LONG 4
| #define SIZEOF_UNSIGNED_LONG 4
| #define SIZEOF_LONG_LONG 8
| #define SIZEOF_UNSIGNED_LONG_LONG 8
| #define SIZEOF_CHAR_P 4
| #define SIZEOF_SIZE_T 4
| #define HAVE_EXIT_SUCCESS 1
| #define HAVE_MUTEX_PTHREADS 1
| #define HAVE_MUTEX_SUPPORT 1
| #define HAVE_SIMPLE_THREAD_TYPE 1
| #define HAVE_REPLICATION_THREADS 1
| /* end confdefs.h.  */
| 
| 
| int
| main ()
| {
| return main ();
|   ;
|   return 0;
| }
configure:33207: result: no
configure:33255: checking for abort
configure:33311: arm-mv5sft-linux-gnueabi-gcc -o conftest -O3   -D_GNU_SOURCE -D_REENTRANT  conftest.c  -lpthread >&5
conftest.c:69: warning: conflicting types for built-in function 'abort'
configure:33317: $? = 0
configure:33335: result: yes
configure:33255: checking for atoi
configure:33311: arm-mv5sft-linux-gnueabi-gcc -o conftest -O3   -D_GNU_SOURCE -D_REENTRANT  conftest.c  -lpthread >&5
configure:33317: $? = 0
configure:33335: result: yes
configure:33255: checking for atol
configure:33311: arm-mv5sft-linux-gnueabi-gcc -o conftest -O3   -D_GNU_SOURCE -D_REENTRANT  conftest.c  -lpthread >&5
configure:33317: $? = 0
configure:33335: result: yes
configure:33255: checking for getcwd
configure:33311: arm-mv5sft-linux-gnueabi-gcc -o conftest -O3   -D_GNU_SOURCE -D_REENTRANT  conftest.c  -lpthread >&5
configure:33317: $? = 0
configure:33335: result: yes
configure:33255: checking for getenv
configure:33311: arm-mv5sft-linux-gnueabi-gcc -o conftest -O3   -D_GNU_SOURCE -D_REENTRANT  conftest.c  -lpthread >&5
configure:33317: $? = 0
configure:33335: result: yes
configure:33255: checking for getopt
configure:33311: arm-mv5sft-linux-gnueabi-gcc -o conftest -O3   -D_GNU_SOURCE -D_REENTRANT  conftest.c  -lpthread >&5
configure:33317: $? = 0
configure:33335: result: yes
configure:33255: checking for isalpha
configure:33311: arm-mv5sft-linux-gnueabi-gcc -o conftest -O3   -D_GNU_SOURCE -D_REENTRANT  conftest.c  -lpthread >&5
conftest.c:75: warning: conflicting types for built-in function 'isalpha'
configure:33317: $? = 0
configure:33335: result: yes
configure:33255: checking for isdigit
configure:33311: arm-mv5sft-linux-gnueabi-gcc -o conftest -O3   -D_GNU_SOURCE -D_REENTRANT  conftest.c  -lpthread >&5
conftest.c:76: warning: conflicting types for built-in function 'isdigit'
configure:33317: $? = 0
configure:33335: result: yes
configure:33255: checking for isprint
configure:33311: arm-mv5sft-linux-gnueabi-gcc -o conftest -O3   -D_GNU_SOURCE -D_REENTRANT  conftest.c  -lpthread >&5
conftest.c:77: warning: conflicting types for built-in function 'isprint'
configure:33317: $? = 0
configure:33335: result: yes
configure:33255: checking for isspace
configure:33311: arm-mv5sft-linux-gnueabi-gcc -o conftest -O3   -D_GNU_SOURCE -D_REENTRANT  conftest.c  -lpthread >&5
conftest.c:78: warning: conflicting types for built-in function 'isspace'
configure:33317: $? = 0
configure:33335: result: yes
configure:33255: checking for memcmp
configure:33311: arm-mv5sft-linux-gnueabi-gcc -o conftest -O3   -D_GNU_SOURCE -D_REENTRANT  conftest.c  -lpthread >&5
conftest.c:79: warning: conflicting types for built-in function 'memcmp'
configure:33317: $? = 0
configure:33335: result: yes
configure:33255: checking for memcpy
configure:33311: arm-mv5sft-linux-gnueabi-gcc -o conftest -O3   -D_GNU_SOURCE -D_REENTRANT  conftest.c  -lpthread >&5
conftest.c:80: warning: conflicting types for built-in function 'memcpy'
configure:33317: $? = 0
configure:33335: result: yes
configure:33255: checking for memmove
configure:33311: arm-mv5sft-linux-gnueabi-gcc -o conftest -O3   -D_GNU_SOURCE -D_REENTRANT  conftest.c  -lpthread >&5
conftest.c:81: warning: conflicting types for built-in function 'memmove'
configure:33317: $? = 0
configure:33335: result: yes
configure:33255: checking for printf
configure:33311: arm-mv5sft-linux-gnueabi-gcc -o conftest -O3   -D_GNU_SOURCE -D_REENTRANT  conftest.c  -lpthread >&5
conftest.c:82: warning: conflicting types for built-in function 'printf'
configure:33317: $? = 0
configure:33335: result: yes
configure:33255: checking for qsort
configure:33311: arm-mv5sft-linux-gnueabi-gcc -o conftest -O3   -D_GNU_SOURCE -D_REENTRANT  conftest.c  -lpthread >&5
configure:33317: $? = 0
configure:33335: result: yes
configure:33255: checking for raise
configure:33311: arm-mv5sft-linux-gnueabi-gcc -o conftest -O3   -D_GNU_SOURCE -D_REENTRANT  conftest.c  -lpthread >&5
configure:33317: $? = 0
configure:33335: result: yes
configure:33255: checking for rand
configure:33311: arm-mv5sft-linux-gnueabi-gcc -o conftest -O3   -D_GNU_SOURCE -D_REENTRANT  conftest.c  -lpthread >&5
configure:33317: $? = 0
configure:33335: result: yes
configure:33255: checking for strcasecmp
configure:33311: arm-mv5sft-linux-gnueabi-gcc -o conftest -O3   -D_GNU_SOURCE -D_REENTRANT  conftest.c  -lpthread >&5
conftest.c:86: warning: conflicting types for built-in function 'strcasecmp'
configure:33317: $? = 0
configure:33335: result: yes
configure:33255: checking for strcat
configure:33311: arm-mv5sft-linux-gnueabi-gcc -o conftest -O3   -D_GNU_SOURCE -D_REENTRANT  conftest.c  -lpthread >&5
conftest.c:87: warning: conflicting types for built-in function 'strcat'
configure:33317: $? = 0
configure:33335: result: yes
configure:33255: checking for strchr
configure:33311: arm-mv5sft-linux-gnueabi-gcc -o conftest -O3   -D_GNU_SOURCE -D_REENTRANT  conftest.c  -lpthread >&5
conftest.c:88: warning: conflicting types for built-in function 'strchr'
configure:33317: $? = 0
configure:33335: result: yes
configure:33255: checking for strdup
configure:33311: arm-mv5sft-linux-gnueabi-gcc -o conftest -O3   -D_GNU_SOURCE -D_REENTRANT  conftest.c  -lpthread >&5
conftest.c:89: warning: conflicting types for built-in function 'strdup'
configure:33317: $? = 0
configure:33335: result: yes
configure:33255: checking for strerror
configure:33311: arm-mv5sft-linux-gnueabi-gcc -o conftest -O3   -D_GNU_SOURCE -D_REENTRANT  conftest.c  -lpthread >&5
configure:33317: $? = 0
configure:33335: result: yes
configure:33255: checking for strncat
configure:33311: arm-mv5sft-linux-gnueabi-gcc -o conftest -O3   -D_GNU_SOURCE -D_REENTRANT  conftest.c  -lpthread >&5
conftest.c:91: warning: conflicting types for built-in function 'strncat'
configure:33317: $? = 0
configure:33335: result: yes
configure:33255: checking for strncmp
configure:33311: arm-mv5sft-linux-gnueabi-gcc -o conftest -O3   -D_GNU_SOURCE -D_REENTRANT  conftest.c  -lpthread >&5
conftest.c:92: warning: conflicting types for built-in function 'strncmp'
configure:33317: $? = 0
configure:33335: result: yes
configure:33255: checking for strrchr
configure:33311: arm-mv5sft-linux-gnueabi-gcc -o conftest -O3   -D_GNU_SOURCE -D_REENTRANT  conftest.c  -lpthread >&5
conftest.c:93: warning: conflicting types for built-in function 'strrchr'
configure:33317: $? = 0
configure:33335: result: yes
configure:33255: checking for strsep
configure:33311: arm-mv5sft-linux-gnueabi-gcc -o conftest -O3   -D_GNU_SOURCE -D_REENTRANT  conftest.c  -lpthread >&5
configure:33317: $? = 0
configure:33335: result: yes
configure:33255: checking for strtol
configure:33311: arm-mv5sft-linux-gnueabi-gcc -o conftest -O3   -D_GNU_SOURCE -D_REENTRANT  conftest.c  -lpthread >&5
configure:33317: $? = 0
configure:33335: result: yes
configure:33255: checking for strtoul
configure:33311: arm-mv5sft-linux-gnueabi-gcc -o conftest -O3   -D_GNU_SOURCE -D_REENTRANT  conftest.c  -lpthread >&5
configure:33317: $? = 0
configure:33335: result: yes
configure:33392: checking for _fstati64
configure:33448: arm-mv5sft-linux-gnueabi-gcc -o conftest -O3   -D_GNU_SOURCE -D_REENTRANT  conftest.c  -lpthread >&5
/tmp/cc6VnSuY.o: In function `main':
conftest.c:(.text+0x4): undefined reference to `_fstati64'
collect2: ld returned 1 exit status
configure:33454: $? = 1
configure: failed program was:
| /* confdefs.h.  */
| #define PACKAGE_NAME "Berkeley DB"
| #define PACKAGE_TARNAME "db-4.7.25"
| #define PACKAGE_VERSION "4.7.25"
| #define PACKAGE_STRING "Berkeley DB 4.7.25"
| #define PACKAGE_BUGREPORT "Oracle Technology Network Berkeley DB forum"
| #define HAVE_PTHREAD_API 1
| #define HAVE_UPGRADE_SUPPORT 1
| #define STDC_HEADERS 1
| #define HAVE_SYS_TYPES_H 1
| #define HAVE_SYS_STAT_H 1
| #define HAVE_STDLIB_H 1
| #define HAVE_STRING_H 1
| #define HAVE_MEMORY_H 1
| #define HAVE_STRINGS_H 1
| #define HAVE_INTTYPES_H 1
| #define HAVE_STDINT_H 1
| #define HAVE_UNISTD_H 1
| #define HAVE_DLFCN_H 1
| #define HAVE_SYSTEM_INCLUDE_FILES 1
| #define TIME_WITH_SYS_TIME 1
| #define HAVE_DIRENT_H 1
| #define HAVE_EXECINFO_H 1
| #define HAVE_SYS_SELECT_H 1
| #define HAVE_SYS_SOCKET_H 1
| #define HAVE_SYS_TIME_H 1
| #define HAVE_STRUCT_STAT_ST_BLKSIZE 1
| #define SIZEOF_CHAR 1
| #define SIZEOF_UNSIGNED_CHAR 1
| #define SIZEOF_SHORT 2
| #define SIZEOF_UNSIGNED_SHORT 2
| #define SIZEOF_INT 4
| #define SIZEOF_UNSIGNED_INT 4
| #define SIZEOF_LONG 4
| #define SIZEOF_UNSIGNED_LONG 4
| #define SIZEOF_LONG_LONG 8
| #define SIZEOF_UNSIGNED_LONG_LONG 8
| #define SIZEOF_CHAR_P 4
| #define SIZEOF_SIZE_T 4
| #define HAVE_EXIT_SUCCESS 1
| #define HAVE_MUTEX_PTHREADS 1
| #define HAVE_MUTEX_SUPPORT 1
| #define HAVE_SIMPLE_THREAD_TYPE 1
| #define HAVE_REPLICATION_THREADS 1
| #define HAVE_ABORT 1
| #define HAVE_ATOI 1
| #define HAVE_ATOL 1
| #define HAVE_GETCWD 1
| #define HAVE_GETENV 1
| #define HAVE_GETOPT 1
| #define HAVE_ISALPHA 1
| #define HAVE_ISDIGIT 1
| #define HAVE_ISPRINT 1
| #define HAVE_ISSPACE 1
| #define HAVE_MEMCMP 1
| #define HAVE_MEMCPY 1
| #define HAVE_MEMMOVE 1
| #define HAVE_PRINTF 1
| #define HAVE_QSORT 1
| #define HAVE_RAISE 1
| #define HAVE_RAND 1
| #define HAVE_STRCASECMP 1
| #define HAVE_STRCAT 1
| #define HAVE_STRCHR 1
| #define HAVE_STRDUP 1
| #define HAVE_STRERROR 1
| #define HAVE_STRNCAT 1
| #define HAVE_STRNCMP 1
| #define HAVE_STRRCHR 1
| #define HAVE_STRSEP 1
| #define HAVE_STRTOL 1
| #define HAVE_STRTOUL 1
| /* end confdefs.h.  */
| /* Define _fstati64 to an innocuous variant, in case <limits.h> declares _fstati64.
|    For example, HP-UX 11i <limits.h> declares gettimeofday.  */
| #define _fstati64 innocuous__fstati64
| 
| /* System header to define __stub macros and hopefully few prototypes,
|     which can conflict with char _fstati64 (); below.
|     Prefer <limits.h> to <assert.h> if __STDC__ is defined, since
|     <limits.h> exists even on freestanding compilers.  */
| 
| #ifdef __STDC__
| # include <limits.h>
| #else
| # include <assert.h>
| #endif
| 
| #undef _fstati64
| 
| /* Override any GCC internal prototype to avoid an error.
|    Use char because int might match the return type of a GCC
|    builtin and then its argument prototype would still apply.  */
| #ifdef __cplusplus
| extern "C"
| #endif
| char _fstati64 ();
| /* The GNU C library defines this for functions which it implements
|     to always fail with ENOSYS.  Some functions are actually named
|     something starting with __ and the normal name is an alias.  */
| #if defined __stub__fstati64 || defined __stub____fstati64
| choke me
| #endif
| 
| int
| main ()
| {
| return _fstati64 ();
|   ;
|   return 0;
| }
configure:33472: result: no
configure:33392: checking for backtrace
configure:33448: arm-mv5sft-linux-gnueabi-gcc -o conftest -O3   -D_GNU_SOURCE -D_REENTRANT  conftest.c  -lpthread >&5
configure:33454: $? = 0
configure:33472: result: yes
configure:33392: checking for backtrace_symbols
configure:33448: arm-mv5sft-linux-gnueabi-gcc -o conftest -O3   -D_GNU_SOURCE -D_REENTRANT  conftest.c  -lpthread >&5
configure:33454: $? = 0
configure:33472: result: yes
configure:33392: checking for directio
configure:33448: arm-mv5sft-linux-gnueabi-gcc -o conftest -O3   -D_GNU_SOURCE -D_REENTRANT  conftest.c  -lpthread >&5
/tmp/cccKVdHo.o: In function `main':
conftest.c:(.text+0x4): undefined reference to `directio'
collect2: ld returned 1 exit status
configure:33454: $? = 1
configure: failed program was:
| /* confdefs.h.  */
| #define PACKAGE_NAME "Berkeley DB"
| #define PACKAGE_TARNAME "db-4.7.25"
| #define PACKAGE_VERSION "4.7.25"
| #define PACKAGE_STRING "Berkeley DB 4.7.25"
| #define PACKAGE_BUGREPORT "Oracle Technology Network Berkeley DB forum"
| #define HAVE_PTHREAD_API 1
| #define HAVE_UPGRADE_SUPPORT 1
| #define STDC_HEADERS 1
| #define HAVE_SYS_TYPES_H 1
| #define HAVE_SYS_STAT_H 1
| #define HAVE_STDLIB_H 1
| #define HAVE_STRING_H 1
| #define HAVE_MEMORY_H 1
| #define HAVE_STRINGS_H 1
| #define HAVE_INTTYPES_H 1
| #define HAVE_STDINT_H 1
| #define HAVE_UNISTD_H 1
| #define HAVE_DLFCN_H 1
| #define HAVE_SYSTEM_INCLUDE_FILES 1
| #define TIME_WITH_SYS_TIME 1
| #define HAVE_DIRENT_H 1
| #define HAVE_EXECINFO_H 1
| #define HAVE_SYS_SELECT_H 1
| #define HAVE_SYS_SOCKET_H 1
| #define HAVE_SYS_TIME_H 1
| #define HAVE_STRUCT_STAT_ST_BLKSIZE 1
| #define SIZEOF_CHAR 1
| #define SIZEOF_UNSIGNED_CHAR 1
| #define SIZEOF_SHORT 2
| #define SIZEOF_UNSIGNED_SHORT 2
| #define SIZEOF_INT 4
| #define SIZEOF_UNSIGNED_INT 4
| #define SIZEOF_LONG 4
| #define SIZEOF_UNSIGNED_LONG 4
| #define SIZEOF_LONG_LONG 8
| #define SIZEOF_UNSIGNED_LONG_LONG 8
| #define SIZEOF_CHAR_P 4
| #define SIZEOF_SIZE_T 4
| #define HAVE_EXIT_SUCCESS 1
| #define HAVE_MUTEX_PTHREADS 1
| #define HAVE_MUTEX_SUPPORT 1
| #define HAVE_SIMPLE_THREAD_TYPE 1
| #define HAVE_REPLICATION_THREADS 1
| #define HAVE_ABORT 1
| #define HAVE_ATOI 1
| #define HAVE_ATOL 1
| #define HAVE_GETCWD 1
| #define HAVE_GETENV 1
| #define HAVE_GETOPT 1
| #define HAVE_ISALPHA 1
| #define HAVE_ISDIGIT 1
| #define HAVE_ISPRINT 1
| #define HAVE_ISSPACE 1
| #define HAVE_MEMCMP 1
| #define HAVE_MEMCPY 1
| #define HAVE_MEMMOVE 1
| #define HAVE_PRINTF 1
| #define HAVE_QSORT 1
| #define HAVE_RAISE 1
| #define HAVE_RAND 1
| #define HAVE_STRCASECMP 1
| #define HAVE_STRCAT 1
| #define HAVE_STRCHR 1
| #define HAVE_STRDUP 1
| #define HAVE_STRERROR 1
| #define HAVE_STRNCAT 1
| #define HAVE_STRNCMP 1
| #define HAVE_STRRCHR 1
| #define HAVE_STRSEP 1
| #define HAVE_STRTOL 1
| #define HAVE_STRTOUL 1
| #define HAVE_BACKTRACE 1
| #define HAVE_BACKTRACE_SYMBOLS 1
| /* end confdefs.h.  */
| /* Define directio to an innocuous variant, in case <limits.h> declares directio.
|    For example, HP-UX 11i <limits.h> declares gettimeofday.  */
| #define directio innocuous_directio
| 
| /* System header to define __stub macros and hopefully few prototypes,
|     which can conflict with char directio (); below.
|     Prefer <limits.h> to <assert.h> if __STDC__ is defined, since
|     <limits.h> exists even on freestanding compilers.  */
| 
| #ifdef __STDC__
| # include <limits.h>
| #else
| # include <assert.h>
| #endif
| 
| #undef directio
| 
| /* Override any GCC internal prototype to avoid an error.
|    Use char because int might match the return type of a GCC
|    builtin and then its argument prototype would still apply.  */
| #ifdef __cplusplus
| extern "C"
| #endif
| char directio ();
| /* The GNU C library defines this for functions which it implements
|     to always fail with ENOSYS.  Some functions are actually named
|     something starting with __ and the normal name is an alias.  */
| #if defined __stub_directio || defined __stub___directio
| choke me
| #endif
| 
| int
| main ()
| {
| return directio ();
|   ;
|   return 0;
| }
configure:33472: result: no
configure:33392: checking for fchmod
configure:33448: arm-mv5sft-linux-gnueabi-gcc -o conftest -O3   -D_GNU_SOURCE -D_REENTRANT  conftest.c  -lpthread >&5
configure:33454: $? = 0
configure:33472: result: yes
configure:33392: checking for fclose
configure:33448: arm-mv5sft-linux-gnueabi-gcc -o conftest -O3   -D_GNU_SOURCE -D_REENTRANT  conftest.c  -lpthread >&5
configure:33454: $? = 0
configure:33472: result: yes
configure:33392: checking for fcntl
configure:33448: arm-mv5sft-linux-gnueabi-gcc -o conftest -O3   -D_GNU_SOURCE -D_REENTRANT  conftest.c  -lpthread >&5
configure:33454: $? = 0
configure:33472: result: yes
configure:33392: checking for fdatasync
configure:33448: arm-mv5sft-linux-gnueabi-gcc -o conftest -O3   -D_GNU_SOURCE -D_REENTRANT  conftest.c  -lpthread >&5
configure:33454: $? = 0
configure:33472: result: yes
configure:33392: checking for fgetc
configure:33448: arm-mv5sft-linux-gnueabi-gcc -o conftest -O3   -D_GNU_SOURCE -D_REENTRANT  conftest.c  -lpthread >&5
configure:33454: $? = 0
configure:33472: result: yes
configure:33392: checking for fgets
configure:33448: arm-mv5sft-linux-gnueabi-gcc -o conftest -O3   -D_GNU_SOURCE -D_REENTRANT  conftest.c  -lpthread >&5
configure:33454: $? = 0
configure:33472: result: yes
configure:33392: checking for fopen
configure:33448: arm-mv5sft-linux-gnueabi-gcc -o conftest -O3   -D_GNU_SOURCE -D_REENTRANT  conftest.c  -lpthread >&5
configure:33454: $? = 0
configure:33472: result: yes
configure:33392: checking for fwrite
configure:33448: arm-mv5sft-linux-gnueabi-gcc -o conftest -O3   -D_GNU_SOURCE -D_REENTRANT  conftest.c  -lpthread >&5
conftest.c:106: warning: conflicting types for built-in function 'fwrite'
configure:33454: $? = 0
configure:33472: result: yes
configure:33392: checking for getgid
configure:33448: arm-mv5sft-linux-gnueabi-gcc -o conftest -O3   -D_GNU_SOURCE -D_REENTRANT  conftest.c  -lpthread >&5
configure:33454: $? = 0
configure:33472: result: yes
configure:33392: checking for getrusage
configure:33448: arm-mv5sft-linux-gnueabi-gcc -o conftest -O3   -D_GNU_SOURCE -D_REENTRANT  conftest.c  -lpthread >&5
configure:33454: $? = 0
configure:33472: result: yes
configure:33392: checking for getuid
configure:33448: arm-mv5sft-linux-gnueabi-gcc -o conftest -O3   -D_GNU_SOURCE -D_REENTRANT  conftest.c  -lpthread >&5
configure:33454: $? = 0
configure:33472: result: yes
configure:33392: checking for hstrerror
configure:33448: arm-mv5sft-linux-gnueabi-gcc -o conftest -O3   -D_GNU_SOURCE -D_REENTRANT  conftest.c  -lpthread >&5
configure:33454: $? = 0
configure:33472: result: yes
configure:33392: checking for mprotect
configure:33448: arm-mv5sft-linux-gnueabi-gcc -o conftest -O3   -D_GNU_SOURCE -D_REENTRANT  conftest.c  -lpthread >&5
configure:33454: $? = 0
configure:33472: result: yes
configure:33392: checking for pstat_getdynamic
configure:33448: arm-mv5sft-linux-gnueabi-gcc -o conftest -O3   -D_GNU_SOURCE -D_REENTRANT  conftest.c  -lpthread >&5
/tmp/ccsH7gpa.o: In function `main':
conftest.c:(.text+0x4): undefined reference to `pstat_getdynamic'
collect2: ld returned 1 exit status
configure:33454: $? = 1
configure: failed program was:
| /* confdefs.h.  */
| #define PACKAGE_NAME "Berkeley DB"
| #define PACKAGE_TARNAME "db-4.7.25"
| #define PACKAGE_VERSION "4.7.25"
| #define PACKAGE_STRING "Berkeley DB 4.7.25"
| #define PACKAGE_BUGREPORT "Oracle Technology Network Berkeley DB forum"
| #define HAVE_PTHREAD_API 1
| #define HAVE_UPGRADE_SUPPORT 1
| #define STDC_HEADERS 1
| #define HAVE_SYS_TYPES_H 1
| #define HAVE_SYS_STAT_H 1
| #define HAVE_STDLIB_H 1
| #define HAVE_STRING_H 1
| #define HAVE_MEMORY_H 1
| #define HAVE_STRINGS_H 1
| #define HAVE_INTTYPES_H 1
| #define HAVE_STDINT_H 1
| #define HAVE_UNISTD_H 1
| #define HAVE_DLFCN_H 1
| #define HAVE_SYSTEM_INCLUDE_FILES 1
| #define TIME_WITH_SYS_TIME 1
| #define HAVE_DIRENT_H 1
| #define HAVE_EXECINFO_H 1
| #define HAVE_SYS_SELECT_H 1
| #define HAVE_SYS_SOCKET_H 1
| #define HAVE_SYS_TIME_H 1
| #define HAVE_STRUCT_STAT_ST_BLKSIZE 1
| #define SIZEOF_CHAR 1
| #define SIZEOF_UNSIGNED_CHAR 1
| #define SIZEOF_SHORT 2
| #define SIZEOF_UNSIGNED_SHORT 2
| #define SIZEOF_INT 4
| #define SIZEOF_UNSIGNED_INT 4
| #define SIZEOF_LONG 4
| #define SIZEOF_UNSIGNED_LONG 4
| #define SIZEOF_LONG_LONG 8
| #define SIZEOF_UNSIGNED_LONG_LONG 8
| #define SIZEOF_CHAR_P 4
| #define SIZEOF_SIZE_T 4
| #define HAVE_EXIT_SUCCESS 1
| #define HAVE_MUTEX_PTHREADS 1
| #define HAVE_MUTEX_SUPPORT 1
| #define HAVE_SIMPLE_THREAD_TYPE 1
| #define HAVE_REPLICATION_THREADS 1
| #define HAVE_ABORT 1
| #define HAVE_ATOI 1
| #define HAVE_ATOL 1
| #define HAVE_GETCWD 1
| #define HAVE_GETENV 1
| #define HAVE_GETOPT 1
| #define HAVE_ISALPHA 1
| #define HAVE_ISDIGIT 1
| #define HAVE_ISPRINT 1
| #define HAVE_ISSPACE 1
| #define HAVE_MEMCMP 1
| #define HAVE_MEMCPY 1
| #define HAVE_MEMMOVE 1
| #define HAVE_PRINTF 1
| #define HAVE_QSORT 1
| #define HAVE_RAISE 1
| #define HAVE_RAND 1
| #define HAVE_STRCASECMP 1
| #define HAVE_STRCAT 1
| #define HAVE_STRCHR 1
| #define HAVE_STRDUP 1
| #define HAVE_STRERROR 1
| #define HAVE_STRNCAT 1
| #define HAVE_STRNCMP 1
| #define HAVE_STRRCHR 1
| #define HAVE_STRSEP 1
| #define HAVE_STRTOL 1
| #define HAVE_STRTOUL 1
| #define HAVE_BACKTRACE 1
| #define HAVE_BACKTRACE_SYMBOLS 1
| #define HAVE_FCHMOD 1
| #define HAVE_FCLOSE 1
| #define HAVE_FCNTL 1
| #define HAVE_FDATASYNC 1
| #define HAVE_FGETC 1
| #define HAVE_FGETS 1
| #define HAVE_FOPEN 1
| #define HAVE_FWRITE 1
| #define HAVE_GETGID 1
| #define HAVE_GETRUSAGE 1
| #define HAVE_GETUID 1
| #define HAVE_HSTRERROR 1
| #define HAVE_MPROTECT 1
| /* end confdefs.h.  */
| /* Define pstat_getdynamic to an innocuous variant, in case <limits.h> declares pstat_getdynamic.
|    For example, HP-UX 11i <limits.h> declares gettimeofday.  */
| #define pstat_getdynamic innocuous_pstat_getdynamic
| 
| /* System header to define __stub macros and hopefully few prototypes,
|     which can conflict with char pstat_getdynamic (); below.
|     Prefer <limits.h> to <assert.h> if __STDC__ is defined, since
|     <limits.h> exists even on freestanding compilers.  */
| 
| #ifdef __STDC__
| # include <limits.h>
| #else
| # include <assert.h>
| #endif
| 
| #undef pstat_getdynamic
| 
| /* Override any GCC internal prototype to avoid an error.
|    Use char because int might match the return type of a GCC
|    builtin and then its argument prototype would still apply.  */
| #ifdef __cplusplus
| extern "C"
| #endif
| char pstat_getdynamic ();
| /* The GNU C library defines this for functions which it implements
|     to always fail with ENOSYS.  Some functions are actually named
|     something starting with __ and the normal name is an alias.  */
| #if defined __stub_pstat_getdynamic || defined __stub___pstat_getdynamic
| choke me
| #endif
| 
| int
| main ()
| {
| return pstat_getdynamic ();
|   ;
|   return 0;
| }
configure:33472: result: no
configure:33392: checking for pthread_yield
configure:33448: arm-mv5sft-linux-gnueabi-gcc -o conftest -O3   -D_GNU_SOURCE -D_REENTRANT  conftest.c  -lpthread >&5
configure:33454: $? = 0
configure:33472: result: yes
configure:33392: checking for sched_yield
configure:33448: arm-mv5sft-linux-gnueabi-gcc -o conftest -O3   -D_GNU_SOURCE -D_REENTRANT  conftest.c  -lpthread >&5
configure:33454: $? = 0
configure:33472: result: yes
configure:33392: checking for select
configure:33448: arm-mv5sft-linux-gnueabi-gcc -o conftest -O3   -D_GNU_SOURCE -D_REENTRANT  conftest.c  -lpthread >&5
configure:33454: $? = 0
configure:33472: result: yes
configure:33392: checking for setgid
configure:33448: arm-mv5sft-linux-gnueabi-gcc -o conftest -O3   -D_GNU_SOURCE -D_REENTRANT  conftest.c  -lpthread >&5
configure:33454: $? = 0
configure:33472: result: yes
configure:33392: checking for setuid
configure:33448: arm-mv5sft-linux-gnueabi-gcc -o conftest -O3   -D_GNU_SOURCE -D_REENTRANT  conftest.c  -lpthread >&5
configure:33454: $? = 0
configure:33472: result: yes
configure:33392: checking for sigaction
configure:33448: arm-mv5sft-linux-gnueabi-gcc -o conftest -O3   -D_GNU_SOURCE -D_REENTRANT  conftest.c  -lpthread >&5
configure:33454: $? = 0
configure:33472: result: yes
configure:33392: checking for snprintf
configure:33448: arm-mv5sft-linux-gnueabi-gcc -o conftest -O3   -D_GNU_SOURCE -D_REENTRANT  conftest.c  -lpthread >&5
conftest.c:118: warning: conflicting types for built-in function 'snprintf'
configure:33454: $? = 0
configure:33472: result: yes
configure:33392: checking for stat
configure:33448: arm-mv5sft-linux-gnueabi-gcc -o conftest -O3   -D_GNU_SOURCE -D_REENTRANT  conftest.c  -lpthread >&5
configure:33454: $? = 0
configure:33472: result: yes
configure:33392: checking for sysconf
configure:33448: arm-mv5sft-linux-gnueabi-gcc -o conftest -O3   -D_GNU_SOURCE -D_REENTRANT  conftest.c  -lpthread >&5
configure:33454: $? = 0
configure:33472: result: yes
configure:33392: checking for vsnprintf
configure:33448: arm-mv5sft-linux-gnueabi-gcc -o conftest -O3   -D_GNU_SOURCE -D_REENTRANT  conftest.c  -lpthread >&5
conftest.c:121: warning: conflicting types for built-in function 'vsnprintf'
configure:33454: $? = 0
configure:33472: result: yes
configure:33392: checking for yield
configure:33448: arm-mv5sft-linux-gnueabi-gcc -o conftest -O3   -D_GNU_SOURCE -D_REENTRANT  conftest.c  -lpthread >&5
/tmp/ccId9rus.o: In function `main':
conftest.c:(.text+0x4): undefined reference to `yield'
collect2: ld returned 1 exit status
configure:33454: $? = 1
configure: failed program was:
| /* confdefs.h.  */
| #define PACKAGE_NAME "Berkeley DB"
| #define PACKAGE_TARNAME "db-4.7.25"
| #define PACKAGE_VERSION "4.7.25"
| #define PACKAGE_STRING "Berkeley DB 4.7.25"
| #define PACKAGE_BUGREPORT "Oracle Technology Network Berkeley DB forum"
| #define HAVE_PTHREAD_API 1
| #define HAVE_UPGRADE_SUPPORT 1
| #define STDC_HEADERS 1
| #define HAVE_SYS_TYPES_H 1
| #define HAVE_SYS_STAT_H 1
| #define HAVE_STDLIB_H 1
| #define HAVE_STRING_H 1
| #define HAVE_MEMORY_H 1
| #define HAVE_STRINGS_H 1
| #define HAVE_INTTYPES_H 1
| #define HAVE_STDINT_H 1
| #define HAVE_UNISTD_H 1
| #define HAVE_DLFCN_H 1
| #define HAVE_SYSTEM_INCLUDE_FILES 1
| #define TIME_WITH_SYS_TIME 1
| #define HAVE_DIRENT_H 1
| #define HAVE_EXECINFO_H 1
| #define HAVE_SYS_SELECT_H 1
| #define HAVE_SYS_SOCKET_H 1
| #define HAVE_SYS_TIME_H 1
| #define HAVE_STRUCT_STAT_ST_BLKSIZE 1
| #define SIZEOF_CHAR 1
| #define SIZEOF_UNSIGNED_CHAR 1
| #define SIZEOF_SHORT 2
| #define SIZEOF_UNSIGNED_SHORT 2
| #define SIZEOF_INT 4
| #define SIZEOF_UNSIGNED_INT 4
| #define SIZEOF_LONG 4
| #define SIZEOF_UNSIGNED_LONG 4
| #define SIZEOF_LONG_LONG 8
| #define SIZEOF_UNSIGNED_LONG_LONG 8
| #define SIZEOF_CHAR_P 4
| #define SIZEOF_SIZE_T 4
| #define HAVE_EXIT_SUCCESS 1
| #define HAVE_MUTEX_PTHREADS 1
| #define HAVE_MUTEX_SUPPORT 1
| #define HAVE_SIMPLE_THREAD_TYPE 1
| #define HAVE_REPLICATION_THREADS 1
| #define HAVE_ABORT 1
| #define HAVE_ATOI 1
| #define HAVE_ATOL 1
| #define HAVE_GETCWD 1
| #define HAVE_GETENV 1
| #define HAVE_GETOPT 1
| #define HAVE_ISALPHA 1
| #define HAVE_ISDIGIT 1
| #define HAVE_ISPRINT 1
| #define HAVE_ISSPACE 1
| #define HAVE_MEMCMP 1
| #define HAVE_MEMCPY 1
| #define HAVE_MEMMOVE 1
| #define HAVE_PRINTF 1
| #define HAVE_QSORT 1
| #define HAVE_RAISE 1
| #define HAVE_RAND 1
| #define HAVE_STRCASECMP 1
| #define HAVE_STRCAT 1
| #define HAVE_STRCHR 1
| #define HAVE_STRDUP 1
| #define HAVE_STRERROR 1
| #define HAVE_STRNCAT 1
| #define HAVE_STRNCMP 1
| #define HAVE_STRRCHR 1
| #define HAVE_STRSEP 1
| #define HAVE_STRTOL 1
| #define HAVE_STRTOUL 1
| #define HAVE_BACKTRACE 1
| #define HAVE_BACKTRACE_SYMBOLS 1
| #define HAVE_FCHMOD 1
| #define HAVE_FCLOSE 1
| #define HAVE_FCNTL 1
| #define HAVE_FDATASYNC 1
| #define HAVE_FGETC 1
| #define HAVE_FGETS 1
| #define HAVE_FOPEN 1
| #define HAVE_FWRITE 1
| #define HAVE_GETGID 1
| #define HAVE_GETRUSAGE 1
| #define HAVE_GETUID 1
| #define HAVE_HSTRERROR 1
| #define HAVE_MPROTECT 1
| #define HAVE_PTHREAD_YIELD 1
| #define HAVE_SCHED_YIELD 1
| #define HAVE_SELECT 1
| #define HAVE_SETGID 1
| #define HAVE_SETUID 1
| #define HAVE_SIGACTION 1
| #define HAVE_SNPRINTF 1
| #define HAVE_STAT 1
| #define HAVE_SYSCONF 1
| #define HAVE_VSNPRINTF 1
| /* end confdefs.h.  */
| /* Define yield to an innocuous variant, in case <limits.h> declares yield.
|    For example, HP-UX 11i <limits.h> declares gettimeofday.  */
| #define yield innocuous_yield
| 
| /* System header to define __stub macros and hopefully few prototypes,
|     which can conflict with char yield (); below.
|     Prefer <limits.h> to <assert.h> if __STDC__ is defined, since
|     <limits.h> exists even on freestanding compilers.  */
| 
| #ifdef __STDC__
| # include <limits.h>
| #else
| # include <assert.h>
| #endif
| 
| #undef yield
| 
| /* Override any GCC internal prototype to avoid an error.
|    Use char because int might match the return type of a GCC
|    builtin and then its argument prototype would still apply.  */
| #ifdef __cplusplus
| extern "C"
| #endif
| char yield ();
| /* The GNU C library defines this for functions which it implements
|     to always fail with ENOSYS.  Some functions are actually named
|     something starting with __ and the normal name is an alias.  */
| #if defined __stub_yield || defined __stub___yield
| choke me
| #endif
| 
| int
| main ()
| {
| return yield ();
|   ;
|   return 0;
| }
configure:33472: result: no
configure:33492: checking for gettimeofday
configure:33548: arm-mv5sft-linux-gnueabi-gcc -o conftest -O3   -D_GNU_SOURCE -D_REENTRANT  conftest.c  -lpthread >&5
configure:33554: $? = 0
configure:33572: result: yes
configure:33492: checking for localtime
configure:33548: arm-mv5sft-linux-gnueabi-gcc -o conftest -O3   -D_GNU_SOURCE -D_REENTRANT  conftest.c  -lpthread >&5
configure:33554: $? = 0
configure:33572: result: yes
configure:33492: checking for time
configure:33548: arm-mv5sft-linux-gnueabi-gcc -o conftest -O3   -D_GNU_SOURCE -D_REENTRANT  conftest.c  -lpthread >&5
configure:33554: $? = 0
configure:33572: result: yes
configure:33492: checking for strftime
configure:33548: arm-mv5sft-linux-gnueabi-gcc -o conftest -O3   -D_GNU_SOURCE -D_REENTRANT  conftest.c  -lpthread >&5
conftest.c:125: warning: conflicting types for built-in function 'strftime'
configure:33554: $? = 0
configure:33572: result: yes
configure:33593: checking for clock_gettime
configure:33649: arm-mv5sft-linux-gnueabi-gcc -o conftest -O3   -D_GNU_SOURCE -D_REENTRANT  conftest.c  -lpthread >&5
/tmp/ccy0fRJd.o: In function `main':
conftest.c:(.text+0x4): undefined reference to `clock_gettime'
collect2: ld returned 1 exit status
configure:33655: $? = 1
configure: failed program was:
| /* confdefs.h.  */
| #define PACKAGE_NAME "Berkeley DB"
| #define PACKAGE_TARNAME "db-4.7.25"
| #define PACKAGE_VERSION "4.7.25"
| #define PACKAGE_STRING "Berkeley DB 4.7.25"
| #define PACKAGE_BUGREPORT "Oracle Technology Network Berkeley DB forum"
| #define HAVE_PTHREAD_API 1
| #define HAVE_UPGRADE_SUPPORT 1
| #define STDC_HEADERS 1
| #define HAVE_SYS_TYPES_H 1
| #define HAVE_SYS_STAT_H 1
| #define HAVE_STDLIB_H 1
| #define HAVE_STRING_H 1
| #define HAVE_MEMORY_H 1
| #define HAVE_STRINGS_H 1
| #define HAVE_INTTYPES_H 1
| #define HAVE_STDINT_H 1
| #define HAVE_UNISTD_H 1
| #define HAVE_DLFCN_H 1
| #define HAVE_SYSTEM_INCLUDE_FILES 1
| #define TIME_WITH_SYS_TIME 1
| #define HAVE_DIRENT_H 1
| #define HAVE_EXECINFO_H 1
| #define HAVE_SYS_SELECT_H 1
| #define HAVE_SYS_SOCKET_H 1
| #define HAVE_SYS_TIME_H 1
| #define HAVE_STRUCT_STAT_ST_BLKSIZE 1
| #define SIZEOF_CHAR 1
| #define SIZEOF_UNSIGNED_CHAR 1
| #define SIZEOF_SHORT 2
| #define SIZEOF_UNSIGNED_SHORT 2
| #define SIZEOF_INT 4
| #define SIZEOF_UNSIGNED_INT 4
| #define SIZEOF_LONG 4
| #define SIZEOF_UNSIGNED_LONG 4
| #define SIZEOF_LONG_LONG 8
| #define SIZEOF_UNSIGNED_LONG_LONG 8
| #define SIZEOF_CHAR_P 4
| #define SIZEOF_SIZE_T 4
| #define HAVE_EXIT_SUCCESS 1
| #define HAVE_MUTEX_PTHREADS 1
| #define HAVE_MUTEX_SUPPORT 1
| #define HAVE_SIMPLE_THREAD_TYPE 1
| #define HAVE_REPLICATION_THREADS 1
| #define HAVE_ABORT 1
| #define HAVE_ATOI 1
| #define HAVE_ATOL 1
| #define HAVE_GETCWD 1
| #define HAVE_GETENV 1
| #define HAVE_GETOPT 1
| #define HAVE_ISALPHA 1
| #define HAVE_ISDIGIT 1
| #define HAVE_ISPRINT 1
| #define HAVE_ISSPACE 1
| #define HAVE_MEMCMP 1
| #define HAVE_MEMCPY 1
| #define HAVE_MEMMOVE 1
| #define HAVE_PRINTF 1
| #define HAVE_QSORT 1
| #define HAVE_RAISE 1
| #define HAVE_RAND 1
| #define HAVE_STRCASECMP 1
| #define HAVE_STRCAT 1
| #define HAVE_STRCHR 1
| #define HAVE_STRDUP 1
| #define HAVE_STRERROR 1
| #define HAVE_STRNCAT 1
| #define HAVE_STRNCMP 1
| #define HAVE_STRRCHR 1
| #define HAVE_STRSEP 1
| #define HAVE_STRTOL 1
| #define HAVE_STRTOUL 1
| #define HAVE_BACKTRACE 1
| #define HAVE_BACKTRACE_SYMBOLS 1
| #define HAVE_FCHMOD 1
| #define HAVE_FCLOSE 1
| #define HAVE_FCNTL 1
| #define HAVE_FDATASYNC 1
| #define HAVE_FGETC 1
| #define HAVE_FGETS 1
| #define HAVE_FOPEN 1
| #define HAVE_FWRITE 1
| #define HAVE_GETGID 1
| #define HAVE_GETRUSAGE 1
| #define HAVE_GETUID 1
| #define HAVE_HSTRERROR 1
| #define HAVE_MPROTECT 1
| #define HAVE_PTHREAD_YIELD 1
| #define HAVE_SCHED_YIELD 1
| #define HAVE_SELECT 1
| #define HAVE_SETGID 1
| #define HAVE_SETUID 1
| #define HAVE_SIGACTION 1
| #define HAVE_SNPRINTF 1
| #define HAVE_STAT 1
| #define HAVE_SYSCONF 1
| #define HAVE_VSNPRINTF 1
| #define HAVE_GETTIMEOFDAY 1
| #define HAVE_LOCALTIME 1
| #define HAVE_TIME 1
| #define HAVE_STRFTIME 1
| /* end confdefs.h.  */
| /* Define clock_gettime to an innocuous variant, in case <limits.h> declares clock_gettime.
|    For example, HP-UX 11i <limits.h> declares gettimeofday.  */
| #define clock_gettime innocuous_clock_gettime
| 
| /* System header to define __stub macros and hopefully few prototypes,
|     which can conflict with char clock_gettime (); below.
|     Prefer <limits.h> to <assert.h> if __STDC__ is defined, since
|     <limits.h> exists even on freestanding compilers.  */
| 
| #ifdef __STDC__
| # include <limits.h>
| #else
| # include <assert.h>
| #endif
| 
| #undef clock_gettime
| 
| /* Override any GCC internal prototype to avoid an error.
|    Use char because int might match the return type of a GCC
|    builtin and then its argument prototype would still apply.  */
| #ifdef __cplusplus
| extern "C"
| #endif
| char clock_gettime ();
| /* The GNU C library defines this for functions which it implements
|     to always fail with ENOSYS.  Some functions are actually named
|     something starting with __ and the normal name is an alias.  */
| #if defined __stub_clock_gettime || defined __stub___clock_gettime
| choke me
| #endif
| 
| int
| main ()
| {
| return clock_gettime ();
|   ;
|   return 0;
| }
configure:33673: result: no
configure:33689: checking for clock_gettime monotonic clock
configure:33721: arm-mv5sft-linux-gnueabi-gcc -o conftest -O3   -D_GNU_SOURCE -D_REENTRANT  conftest.c  -lpthread >&5
conftest.c: In function 'main':
conftest.c:110: error: 'CLOCK_MONOTONIC' undeclared (first use in this function)
conftest.c:110: error: (Each undeclared identifier is reported only once
conftest.c:110: error: for each function it appears in.)
configure:33727: $? = 1
configure: failed program was:
| /* confdefs.h.  */
| #define PACKAGE_NAME "Berkeley DB"
| #define PACKAGE_TARNAME "db-4.7.25"
| #define PACKAGE_VERSION "4.7.25"
| #define PACKAGE_STRING "Berkeley DB 4.7.25"
| #define PACKAGE_BUGREPORT "Oracle Technology Network Berkeley DB forum"
| #define HAVE_PTHREAD_API 1
| #define HAVE_UPGRADE_SUPPORT 1
| #define STDC_HEADERS 1
| #define HAVE_SYS_TYPES_H 1
| #define HAVE_SYS_STAT_H 1
| #define HAVE_STDLIB_H 1
| #define HAVE_STRING_H 1
| #define HAVE_MEMORY_H 1
| #define HAVE_STRINGS_H 1
| #define HAVE_INTTYPES_H 1
| #define HAVE_STDINT_H 1
| #define HAVE_UNISTD_H 1
| #define HAVE_DLFCN_H 1
| #define HAVE_SYSTEM_INCLUDE_FILES 1
| #define TIME_WITH_SYS_TIME 1
| #define HAVE_DIRENT_H 1
| #define HAVE_EXECINFO_H 1
| #define HAVE_SYS_SELECT_H 1
| #define HAVE_SYS_SOCKET_H 1
| #define HAVE_SYS_TIME_H 1
| #define HAVE_STRUCT_STAT_ST_BLKSIZE 1
| #define SIZEOF_CHAR 1
| #define SIZEOF_UNSIGNED_CHAR 1
| #define SIZEOF_SHORT 2
| #define SIZEOF_UNSIGNED_SHORT 2
| #define SIZEOF_INT 4
| #define SIZEOF_UNSIGNED_INT 4
| #define SIZEOF_LONG 4
| #define SIZEOF_UNSIGNED_LONG 4
| #define SIZEOF_LONG_LONG 8
| #define SIZEOF_UNSIGNED_LONG_LONG 8
| #define SIZEOF_CHAR_P 4
| #define SIZEOF_SIZE_T 4
| #define HAVE_EXIT_SUCCESS 1
| #define HAVE_MUTEX_PTHREADS 1
| #define HAVE_MUTEX_SUPPORT 1
| #define HAVE_SIMPLE_THREAD_TYPE 1
| #define HAVE_REPLICATION_THREADS 1
| #define HAVE_ABORT 1
| #define HAVE_ATOI 1
| #define HAVE_ATOL 1
| #define HAVE_GETCWD 1
| #define HAVE_GETENV 1
| #define HAVE_GETOPT 1
| #define HAVE_ISALPHA 1
| #define HAVE_ISDIGIT 1
| #define HAVE_ISPRINT 1
| #define HAVE_ISSPACE 1
| #define HAVE_MEMCMP 1
| #define HAVE_MEMCPY 1
| #define HAVE_MEMMOVE 1
| #define HAVE_PRINTF 1
| #define HAVE_QSORT 1
| #define HAVE_RAISE 1
| #define HAVE_RAND 1
| #define HAVE_STRCASECMP 1
| #define HAVE_STRCAT 1
| #define HAVE_STRCHR 1
| #define HAVE_STRDUP 1
| #define HAVE_STRERROR 1
| #define HAVE_STRNCAT 1
| #define HAVE_STRNCMP 1
| #define HAVE_STRRCHR 1
| #define HAVE_STRSEP 1
| #define HAVE_STRTOL 1
| #define HAVE_STRTOUL 1
| #define HAVE_BACKTRACE 1
| #define HAVE_BACKTRACE_SYMBOLS 1
| #define HAVE_FCHMOD 1
| #define HAVE_FCLOSE 1
| #define HAVE_FCNTL 1
| #define HAVE_FDATASYNC 1
| #define HAVE_FGETC 1
| #define HAVE_FGETS 1
| #define HAVE_FOPEN 1
| #define HAVE_FWRITE 1
| #define HAVE_GETGID 1
| #define HAVE_GETRUSAGE 1
| #define HAVE_GETUID 1
| #define HAVE_HSTRERROR 1
| #define HAVE_MPROTECT 1
| #define HAVE_PTHREAD_YIELD 1
| #define HAVE_SCHED_YIELD 1
| #define HAVE_SELECT 1
| #define HAVE_SETGID 1
| #define HAVE_SETUID 1
| #define HAVE_SIGACTION 1
| #define HAVE_SNPRINTF 1
| #define HAVE_STAT 1
| #define HAVE_SYSCONF 1
| #define HAVE_VSNPRINTF 1
| #define HAVE_GETTIMEOFDAY 1
| #define HAVE_LOCALTIME 1
| #define HAVE_TIME 1
| #define HAVE_STRFTIME 1
| /* end confdefs.h.  */
| 
| #include <sys/time.h>
| int
| main ()
| {
| 
| struct timespec t;
| clock_gettime(CLOCK_MONOTONIC, &t);
| 
|   ;
|   return 0;
| }
configure:33792: result: no
configure:33813: checking for ctime_r
configure:33869: arm-mv5sft-linux-gnueabi-gcc -o conftest -O3   -D_GNU_SOURCE -D_REENTRANT  conftest.c  -lpthread >&5
configure:33875: $? = 0
configure:33893: result: yes
configure:33904: checking for 2 or 3 argument version of ctime_r
configure:33934: arm-mv5sft-linux-gnueabi-gcc -o conftest -O3   -D_GNU_SOURCE -D_REENTRANT  conftest.c  -lpthread >&5
conftest.c: In function 'main':
conftest.c:110: error: too many arguments to function 'ctime_r'
configure:33940: $? = 1
configure: failed program was:
| /* confdefs.h.  */
| #define PACKAGE_NAME "Berkeley DB"
| #define PACKAGE_TARNAME "db-4.7.25"
| #define PACKAGE_VERSION "4.7.25"
| #define PACKAGE_STRING "Berkeley DB 4.7.25"
| #define PACKAGE_BUGREPORT "Oracle Technology Network Berkeley DB forum"
| #define HAVE_PTHREAD_API 1
| #define HAVE_UPGRADE_SUPPORT 1
| #define STDC_HEADERS 1
| #define HAVE_SYS_TYPES_H 1
| #define HAVE_SYS_STAT_H 1
| #define HAVE_STDLIB_H 1
| #define HAVE_STRING_H 1
| #define HAVE_MEMORY_H 1
| #define HAVE_STRINGS_H 1
| #define HAVE_INTTYPES_H 1
| #define HAVE_STDINT_H 1
| #define HAVE_UNISTD_H 1
| #define HAVE_DLFCN_H 1
| #define HAVE_SYSTEM_INCLUDE_FILES 1
| #define TIME_WITH_SYS_TIME 1
| #define HAVE_DIRENT_H 1
| #define HAVE_EXECINFO_H 1
| #define HAVE_SYS_SELECT_H 1
| #define HAVE_SYS_SOCKET_H 1
| #define HAVE_SYS_TIME_H 1
| #define HAVE_STRUCT_STAT_ST_BLKSIZE 1
| #define SIZEOF_CHAR 1
| #define SIZEOF_UNSIGNED_CHAR 1
| #define SIZEOF_SHORT 2
| #define SIZEOF_UNSIGNED_SHORT 2
| #define SIZEOF_INT 4
| #define SIZEOF_UNSIGNED_INT 4
| #define SIZEOF_LONG 4
| #define SIZEOF_UNSIGNED_LONG 4
| #define SIZEOF_LONG_LONG 8
| #define SIZEOF_UNSIGNED_LONG_LONG 8
| #define SIZEOF_CHAR_P 4
| #define SIZEOF_SIZE_T 4
| #define HAVE_EXIT_SUCCESS 1
| #define HAVE_MUTEX_PTHREADS 1
| #define HAVE_MUTEX_SUPPORT 1
| #define HAVE_SIMPLE_THREAD_TYPE 1
| #define HAVE_REPLICATION_THREADS 1
| #define HAVE_ABORT 1
| #define HAVE_ATOI 1
| #define HAVE_ATOL 1
| #define HAVE_GETCWD 1
| #define HAVE_GETENV 1
| #define HAVE_GETOPT 1
| #define HAVE_ISALPHA 1
| #define HAVE_ISDIGIT 1
| #define HAVE_ISPRINT 1
| #define HAVE_ISSPACE 1
| #define HAVE_MEMCMP 1
| #define HAVE_MEMCPY 1
| #define HAVE_MEMMOVE 1
| #define HAVE_PRINTF 1
| #define HAVE_QSORT 1
| #define HAVE_RAISE 1
| #define HAVE_RAND 1
| #define HAVE_STRCASECMP 1
| #define HAVE_STRCAT 1
| #define HAVE_STRCHR 1
| #define HAVE_STRDUP 1
| #define HAVE_STRERROR 1
| #define HAVE_STRNCAT 1
| #define HAVE_STRNCMP 1
| #define HAVE_STRRCHR 1
| #define HAVE_STRSEP 1
| #define HAVE_STRTOL 1
| #define HAVE_STRTOUL 1
| #define HAVE_BACKTRACE 1
| #define HAVE_BACKTRACE_SYMBOLS 1
| #define HAVE_FCHMOD 1
| #define HAVE_FCLOSE 1
| #define HAVE_FCNTL 1
| #define HAVE_FDATASYNC 1
| #define HAVE_FGETC 1
| #define HAVE_FGETS 1
| #define HAVE_FOPEN 1
| #define HAVE_FWRITE 1
| #define HAVE_GETGID 1
| #define HAVE_GETRUSAGE 1
| #define HAVE_GETUID 1
| #define HAVE_HSTRERROR 1
| #define HAVE_MPROTECT 1
| #define HAVE_PTHREAD_YIELD 1
| #define HAVE_SCHED_YIELD 1
| #define HAVE_SELECT 1
| #define HAVE_SETGID 1
| #define HAVE_SETUID 1
| #define HAVE_SIGACTION 1
| #define HAVE_SNPRINTF 1
| #define HAVE_STAT 1
| #define HAVE_SYSCONF 1
| #define HAVE_VSNPRINTF 1
| #define HAVE_GETTIMEOFDAY 1
| #define HAVE_LOCALTIME 1
| #define HAVE_TIME 1
| #define HAVE_STRFTIME 1
| #define HAVE_CTIME_R 1
| /* end confdefs.h.  */
| 
| #include <time.h>
| int
| main ()
| {
| 
| 	ctime_r(NULL, NULL, 100);
| 
|   ;
|   return 0;
| }
configure:33957: result: 2-argument
configure:33983: checking for ftruncate
configure:34039: arm-mv5sft-linux-gnueabi-gcc -o conftest -O3   -D_GNU_SOURCE -D_REENTRANT  conftest.c  -lpthread >&5
configure:34045: $? = 0
configure:34063: result: yes
configure:34088: checking for pread
configure:34144: arm-mv5sft-linux-gnueabi-gcc -o conftest -O3   -D_GNU_SOURCE -D_REENTRANT  conftest.c  -lpthread >&5
configure:34150: $? = 0
configure:34168: result: yes
configure:34088: checking for pwrite
configure:34144: arm-mv5sft-linux-gnueabi-gcc -o conftest -O3   -D_GNU_SOURCE -D_REENTRANT  conftest.c  -lpthread >&5
configure:34150: $? = 0
configure:34168: result: yes
configure:34182: checking for getaddrinfo
configure:34213: arm-mv5sft-linux-gnueabi-gcc -o conftest -O3   -D_GNU_SOURCE -D_REENTRANT  conftest.c  -lpthread >&5
configure:34219: $? = 0
configure:34236: result: yes
configure:34249: checking for fcntl/F_SETFD
configure:34280: arm-mv5sft-linux-gnueabi-gcc -o conftest -O3   -D_GNU_SOURCE -D_REENTRANT  conftest.c  -lpthread >&5
configure:34286: $? = 0
configure:34303: result: yes
configure:34403: checking for special C compiler options needed for large files
configure:34496: result: no
configure:34502: checking for _FILE_OFFSET_BITS value needed for large files
configure:34537: arm-mv5sft-linux-gnueabi-gcc -c -O3   -D_GNU_SOURCE -D_REENTRANT conftest.c >&5
conftest.c:115: warning: left shift count >= width of type
conftest.c:115: warning: left shift count >= width of type
conftest.c:117: error: size of array 'off_t_is_large' is negative
configure:34543: $? = 1
configure: failed program was:
| /* confdefs.h.  */
| #define PACKAGE_NAME "Berkeley DB"
| #define PACKAGE_TARNAME "db-4.7.25"
| #define PACKAGE_VERSION "4.7.25"
| #define PACKAGE_STRING "Berkeley DB 4.7.25"
| #define PACKAGE_BUGREPORT "Oracle Technology Network Berkeley DB forum"
| #define HAVE_PTHREAD_API 1
| #define HAVE_UPGRADE_SUPPORT 1
| #define STDC_HEADERS 1
| #define HAVE_SYS_TYPES_H 1
| #define HAVE_SYS_STAT_H 1
| #define HAVE_STDLIB_H 1
| #define HAVE_STRING_H 1
| #define HAVE_MEMORY_H 1
| #define HAVE_STRINGS_H 1
| #define HAVE_INTTYPES_H 1
| #define HAVE_STDINT_H 1
| #define HAVE_UNISTD_H 1
| #define HAVE_DLFCN_H 1
| #define HAVE_SYSTEM_INCLUDE_FILES 1
| #define TIME_WITH_SYS_TIME 1
| #define HAVE_DIRENT_H 1
| #define HAVE_EXECINFO_H 1
| #define HAVE_SYS_SELECT_H 1
| #define HAVE_SYS_SOCKET_H 1
| #define HAVE_SYS_TIME_H 1
| #define HAVE_STRUCT_STAT_ST_BLKSIZE 1
| #define SIZEOF_CHAR 1
| #define SIZEOF_UNSIGNED_CHAR 1
| #define SIZEOF_SHORT 2
| #define SIZEOF_UNSIGNED_SHORT 2
| #define SIZEOF_INT 4
| #define SIZEOF_UNSIGNED_INT 4
| #define SIZEOF_LONG 4
| #define SIZEOF_UNSIGNED_LONG 4
| #define SIZEOF_LONG_LONG 8
| #define SIZEOF_UNSIGNED_LONG_LONG 8
| #define SIZEOF_CHAR_P 4
| #define SIZEOF_SIZE_T 4
| #define HAVE_EXIT_SUCCESS 1
| #define HAVE_MUTEX_PTHREADS 1
| #define HAVE_MUTEX_SUPPORT 1
| #define HAVE_SIMPLE_THREAD_TYPE 1
| #define HAVE_REPLICATION_THREADS 1
| #define HAVE_ABORT 1
| #define HAVE_ATOI 1
| #define HAVE_ATOL 1
| #define HAVE_GETCWD 1
| #define HAVE_GETENV 1
| #define HAVE_GETOPT 1
| #define HAVE_ISALPHA 1
| #define HAVE_ISDIGIT 1
| #define HAVE_ISPRINT 1
| #define HAVE_ISSPACE 1
| #define HAVE_MEMCMP 1
| #define HAVE_MEMCPY 1
| #define HAVE_MEMMOVE 1
| #define HAVE_PRINTF 1
| #define HAVE_QSORT 1
| #define HAVE_RAISE 1
| #define HAVE_RAND 1
| #define HAVE_STRCASECMP 1
| #define HAVE_STRCAT 1
| #define HAVE_STRCHR 1
| #define HAVE_STRDUP 1
| #define HAVE_STRERROR 1
| #define HAVE_STRNCAT 1
| #define HAVE_STRNCMP 1
| #define HAVE_STRRCHR 1
| #define HAVE_STRSEP 1
| #define HAVE_STRTOL 1
| #define HAVE_STRTOUL 1
| #define HAVE_BACKTRACE 1
| #define HAVE_BACKTRACE_SYMBOLS 1
| #define HAVE_FCHMOD 1
| #define HAVE_FCLOSE 1
| #define HAVE_FCNTL 1
| #define HAVE_FDATASYNC 1
| #define HAVE_FGETC 1
| #define HAVE_FGETS 1
| #define HAVE_FOPEN 1
| #define HAVE_FWRITE 1
| #define HAVE_GETGID 1
| #define HAVE_GETRUSAGE 1
| #define HAVE_GETUID 1
| #define HAVE_HSTRERROR 1
| #define HAVE_MPROTECT 1
| #define HAVE_PTHREAD_YIELD 1
| #define HAVE_SCHED_YIELD 1
| #define HAVE_SELECT 1
| #define HAVE_SETGID 1
| #define HAVE_SETUID 1
| #define HAVE_SIGACTION 1
| #define HAVE_SNPRINTF 1
| #define HAVE_STAT 1
| #define HAVE_SYSCONF 1
| #define HAVE_VSNPRINTF 1
| #define HAVE_GETTIMEOFDAY 1
| #define HAVE_LOCALTIME 1
| #define HAVE_TIME 1
| #define HAVE_STRFTIME 1
| #define HAVE_CTIME_R 1
| #define HAVE_FTRUNCATE 1
| #define HAVE_PREAD 1
| #define HAVE_PWRITE 1
| #define HAVE_GETADDRINFO 1
| #define HAVE_FCNTL_F_SETFD 1
| /* end confdefs.h.  */
| #include <sys/types.h>
|  /* Check that off_t can represent 2**63 - 1 correctly.
|     We can't simply define LARGE_OFF_T to be 9223372036854775807,
|     since some C++ compilers masquerading as C compilers
|     incorrectly reject 9223372036854775807.  */
| #define LARGE_OFF_T (((off_t) 1 << 62) - 1 + ((off_t) 1 << 62))
|   int off_t_is_large[(LARGE_OFF_T % 2147483629 == 721
| 		       && LARGE_OFF_T % 2147483647 == 1)
| 		      ? 1 : -1];
| int
| main ()
| {
| 
|   ;
|   return 0;
| }
configure:34587: arm-mv5sft-linux-gnueabi-gcc -c -O3   -D_GNU_SOURCE -D_REENTRANT conftest.c >&5
configure:34593: $? = 0
configure:34611: result: 64
configure:34871: checking for mlock
configure:34927: arm-mv5sft-linux-gnueabi-gcc -o conftest -O3   -D_GNU_SOURCE -D_REENTRANT  conftest.c  -lpthread >&5
configure:34933: $? = 0
configure:34951: result: yes
configure:34871: checking for munlock
configure:34927: arm-mv5sft-linux-gnueabi-gcc -o conftest -O3   -D_GNU_SOURCE -D_REENTRANT  conftest.c  -lpthread >&5
configure:34933: $? = 0
configure:34951: result: yes
configure:34966: checking for mmap
configure:35022: arm-mv5sft-linux-gnueabi-gcc -o conftest -O3   -D_GNU_SOURCE -D_REENTRANT  conftest.c  -lpthread >&5
configure:35028: $? = 0
configure:35046: result: yes
configure:34966: checking for munmap
configure:35022: arm-mv5sft-linux-gnueabi-gcc -o conftest -O3   -D_GNU_SOURCE -D_REENTRANT  conftest.c  -lpthread >&5
configure:35028: $? = 0
configure:35046: result: yes
configure:35075: checking for shmget
configure:35131: arm-mv5sft-linux-gnueabi-gcc -o conftest -O3   -D_GNU_SOURCE -D_REENTRANT  conftest.c  -lpthread >&5
configure:35137: $? = 0
configure:35155: result: yes
configure:35169: checking for shmctl
configure:35202: arm-mv5sft-linux-gnueabi-gcc -o conftest -O3   -D_GNU_SOURCE -D_REENTRANT  conftest.c  -lpthread >&5
configure:35208: $? = 0
configure:35225: result: yes
configure:35260: checking "rpcgen -C" build of db_server.h
configure:35297: result: yes
configure:35326: checking for svc_run
configure:35382: arm-mv5sft-linux-gnueabi-gcc -o conftest -O3   -D_GNU_SOURCE -D_REENTRANT  conftest.c  -lpthread >&5
configure:35388: $? = 0
configure:35405: result: yes
configure:35580: checking for 64-bit integral type support for sequences
configure:35658: arm-mv5sft-linux-gnueabi-gcc -o conftest -O3   -D_GNU_SOURCE -D_REENTRANT  conftest.c  -lpthread >&5
conftest.c: In function 'main':
conftest.c:128: warning: incompatible implicit declaration of built-in function 'snprintf'
configure:35664: $? = 0
configure:35753: result: yes
configure:36043: creating ./config.status

## ---------------------- ##
## Running config.status. ##
## ---------------------- ##

This file was extended by Berkeley DB config.status 4.7.25, which was
generated by GNU Autoconf 2.61.  Invocation command line was

  CONFIG_FILES    = 
  CONFIG_HEADERS  = 
  CONFIG_LINKS    = 
  CONFIG_COMMANDS = 
  $ ./config.status 

on swtest4

config.status:722: creating Makefile
config.status:722: creating db_cxx.h
config.status:722: creating db_int.h
config.status:722: creating clib_port.h
config.status:722: creating include.tcl
config.status:722: creating db.h
config.status:722: creating db_config.h
config.status:1055: db_config.h is unchanged

## ---------------- ##
## Cache variables. ##
## ---------------- ##

ac_cv_build=i686-pc-linux-gnu
ac_cv_c_compiler_gnu=yes
ac_cv_c_const=yes
ac_cv_c_inline=inline
ac_cv_env_CCC_set=
ac_cv_env_CCC_value=
ac_cv_env_CC_set=set
ac_cv_env_CC_value=arm-mv5sft-linux-gnueabi-gcc
ac_cv_env_CFLAGS_set=
ac_cv_env_CFLAGS_value=
ac_cv_env_CPPFLAGS_set=
ac_cv_env_CPPFLAGS_value=
ac_cv_env_CPP_set=
ac_cv_env_CPP_value=
ac_cv_env_CXXCPP_set=
ac_cv_env_CXXCPP_value=
ac_cv_env_CXXFLAGS_set=
ac_cv_env_CXXFLAGS_value=
ac_cv_env_CXX_set=set
ac_cv_env_CXX_value=arm-mv5sft-linux-gnueabi-g++
ac_cv_env_F77_set=
ac_cv_env_F77_value=
ac_cv_env_FFLAGS_set=
ac_cv_env_FFLAGS_value=
ac_cv_env_LDFLAGS_set=
ac_cv_env_LDFLAGS_value=
ac_cv_env_LIBS_set=
ac_cv_env_LIBS_value=
ac_cv_env_build_alias_set=
ac_cv_env_build_alias_value=
ac_cv_env_host_alias_set=set
ac_cv_env_host_alias_value=arm-linux
ac_cv_env_target_alias_set=
ac_cv_env_target_alias_value=
ac_cv_f77_compiler_gnu=no
ac_cv_func__fstati64=no
ac_cv_func_abort=yes
ac_cv_func_atoi=yes
ac_cv_func_atol=yes
ac_cv_func_backtrace=yes
ac_cv_func_backtrace_symbols=yes
ac_cv_func_clock_gettime=no
ac_cv_func_ctime_r=yes
ac_cv_func_directio=no
ac_cv_func_fchmod=yes
ac_cv_func_fclose=yes
ac_cv_func_fcntl=yes
ac_cv_func_fdatasync=yes
ac_cv_func_fgetc=yes
ac_cv_func_fgets=yes
ac_cv_func_fopen=yes
ac_cv_func_ftruncate=yes
ac_cv_func_fwrite=yes
ac_cv_func_getcwd=yes
ac_cv_func_getenv=yes
ac_cv_func_getgid=yes
ac_cv_func_getopt=yes
ac_cv_func_getrusage=yes
ac_cv_func_gettimeofday=yes
ac_cv_func_getuid=yes
ac_cv_func_hstrerror=yes
ac_cv_func_isalpha=yes
ac_cv_func_isdigit=yes
ac_cv_func_isprint=yes
ac_cv_func_isspace=yes
ac_cv_func_localtime=yes
ac_cv_func_memcmp=yes
ac_cv_func_memcpy=yes
ac_cv_func_memmove=yes
ac_cv_func_mlock=yes
ac_cv_func_mmap=yes
ac_cv_func_mprotect=yes
ac_cv_func_munlock=yes
ac_cv_func_munmap=yes
ac_cv_func_pread=yes
ac_cv_func_printf=yes
ac_cv_func_pstat_getdynamic=no
ac_cv_func_pthread_yield=yes
ac_cv_func_pwrite=yes
ac_cv_func_qsort=yes
ac_cv_func_raise=yes
ac_cv_func_rand=yes
ac_cv_func_sched_yield=yes
ac_cv_func_select=yes
ac_cv_func_setgid=yes
ac_cv_func_setuid=yes
ac_cv_func_shmget=yes
ac_cv_func_sigaction=yes
ac_cv_func_snprintf=yes
ac_cv_func_stat=yes
ac_cv_func_strcasecmp=yes
ac_cv_func_strcat=yes
ac_cv_func_strchr=yes
ac_cv_func_strdup=yes
ac_cv_func_strerror=yes
ac_cv_func_strftime=yes
ac_cv_func_strncat=yes
ac_cv_func_strncmp=yes
ac_cv_func_strrchr=yes
ac_cv_func_strsep=yes
ac_cv_func_strtol=yes
ac_cv_func_strtoul=yes
ac_cv_func_svc_run=yes
ac_cv_func_sysconf=yes
ac_cv_func_time=yes
ac_cv_func_vsnprintf=yes
ac_cv_func_yield=no
ac_cv_header_dirent_dirent_h=yes
ac_cv_header_dlfcn_h=yes
ac_cv_header_execinfo_h=yes
ac_cv_header_inttypes_h=yes
ac_cv_header_memory_h=yes
ac_cv_header_stat_broken=no
ac_cv_header_stdc=yes
ac_cv_header_stddef_h=yes
ac_cv_header_stdint_h=yes
ac_cv_header_stdlib_h=yes
ac_cv_header_string_h=yes
ac_cv_header_strings_h=yes
ac_cv_header_sys_select_h=yes
ac_cv_header_sys_socket_h=yes
ac_cv_header_sys_stat_h=yes
ac_cv_header_sys_time_h=yes
ac_cv_header_sys_types_h=yes
ac_cv_header_time=yes
ac_cv_header_unistd_h=yes
ac_cv_host=arm-unknown-linux-gnu
ac_cv_lib_m=ac_cv_lib_m_main
ac_cv_lib_m_main=yes
ac_cv_lib_nsl=ac_cv_lib_nsl_main
ac_cv_lib_nsl_main=yes
ac_cv_lib_pthread=ac_cv_lib_pthread_main
ac_cv_lib_pthread_main=yes
ac_cv_lib_socket=ac_cv_lib_socket_main
ac_cv_lib_socket_main=no
ac_cv_member_struct_stat_st_blksize=yes
ac_cv_objext=o
ac_cv_path_EGREP='/bin/grep -E'
ac_cv_path_GREP=/bin/grep
ac_cv_path_ac_pt_db_cv_path_sh=/bin/sh
ac_cv_path_install='/usr/bin/install -c'
ac_cv_prog_CC=arm-mv5sft-linux-gnueabi-gcc
ac_cv_prog_CPP='arm-mv5sft-linux-gnueabi-gcc -E'
ac_cv_prog_CXXCPP='arm-mv5sft-linux-gnueabi-g++ -E'
ac_cv_prog_RANLIB=arm-mv5sft-linux-gnueabi-ranlib
ac_cv_prog_STRIP=arm-mv5sft-linux-gnueabi-strip
ac_cv_prog_ac_ct_AR=ar
ac_cv_prog_ac_ct_CHMOD=chmod
ac_cv_prog_ac_ct_CP=cp
ac_cv_prog_ac_ct_LN=ln
ac_cv_prog_ac_ct_MKDIR=mkdir
ac_cv_prog_ac_ct_RM=rm
ac_cv_prog_ac_ct_RPCGEN=rpcgen
ac_cv_prog_cc_c89=
ac_cv_prog_cc_g=yes
ac_cv_prog_f77_g=no
ac_cv_search_fdatasync='none required'
ac_cv_search_getaddrinfo='none required'
ac_cv_search_hstrerror='none required'
ac_cv_search_opendir='none required'
ac_cv_search_sched_yield='none required'
ac_cv_sizeof_char=1
ac_cv_sizeof_char_p=4
ac_cv_sizeof_int=4
ac_cv_sizeof_long=4
ac_cv_sizeof_long_long=8
ac_cv_sizeof_short=2
ac_cv_sizeof_size_t=4
ac_cv_sizeof_unsigned_char=1
ac_cv_sizeof_unsigned_int=4
ac_cv_sizeof_unsigned_long=4
ac_cv_sizeof_unsigned_long_long=8
ac_cv_sizeof_unsigned_short=2
ac_cv_sys_file_offset_bits=64
ac_cv_sys_largefile_CC=no
ac_cv_type_FILE_p=yes
ac_cv_type_char=yes
ac_cv_type_char_p=yes
ac_cv_type_int16_t=yes
ac_cv_type_int32_t=yes
ac_cv_type_int64_t=yes
ac_cv_type_int=yes
ac_cv_type_long=yes
ac_cv_type_long_long=yes
ac_cv_type_off_t=yes
ac_cv_type_pid_t=yes
ac_cv_type_short=yes
ac_cv_type_size_t=yes
ac_cv_type_socklen_t=yes
ac_cv_type_ssize_t=yes
ac_cv_type_time_t=yes
ac_cv_type_u_char=yes
ac_cv_type_u_int16_t=yes
ac_cv_type_u_int32_t=yes
ac_cv_type_u_int64_t=yes
ac_cv_type_u_int8_t=yes
ac_cv_type_u_int=yes
ac_cv_type_u_long=yes
ac_cv_type_u_short=yes
ac_cv_type_uintmax_t=yes
ac_cv_type_uintptr_t=yes
ac_cv_type_unsigned_char=yes
ac_cv_type_unsigned_int=yes
ac_cv_type_unsigned_long=yes
ac_cv_type_unsigned_long_long=yes
ac_cv_type_unsigned_short=yes
ac_pt_db_cv_path_sh=/bin/sh
db_cv_build_cryptography=yes
db_cv_build_hash=yes
db_cv_build_mutexsupport=yes
db_cv_build_queue=yes
db_cv_build_replication=yes
db_cv_build_replication_mgr=yes
db_cv_build_sequence=yes
db_cv_build_statistics=yes
db_cv_build_verify=yes
db_cv_clock_monotonic=no
db_cv_compat185=no
db_cv_ctime_r_3arg=2-argument
db_cv_cxx=no
db_cv_debug=no
db_cv_debug_rop=no
db_cv_debug_wop=no
db_cv_diagnostic=no
db_cv_dump185=no
db_cv_exit_defines=yes
db_cv_fcntl_f_setfd=yes
db_cv_gcc_2_96=no
db_cv_getaddrinfo=yes
db_cv_gxx_except=no
db_cv_java=no
db_cv_mingw=no
db_cv_mutex=POSIX/pthreads/library
db_cv_o_direct=no
db_cv_optreset=no
db_cv_path_sh=/bin/sh
db_cv_posixmutexes=no
db_cv_pthread_api=yes
db_cv_rpc=yes
db_cv_seq_fmt='"%lld"'
db_cv_seq_type='long long'
db_cv_seq_ufmt='"%llu"'
db_cv_shmctl_shm_lock=yes
db_cv_smallbuild=no
db_cv_tcl=no
db_cv_test=no
db_cv_uimutexes=no
db_cv_umrw=no
db_cv_uniquename=no
lt_cv_deplibs_check_method=pass_all
lt_cv_file_magic_cmd='$MAGIC_CMD'
lt_cv_file_magic_test_file=
lt_cv_ld_reload_flag=-r
lt_cv_objdir=.libs
lt_cv_path_LD=arm-mv5sft-linux-gnueabi-ld
lt_cv_path_LDCXX=
lt_cv_path_NM=nm
lt_cv_path_SED=/bin/sed
lt_cv_prog_compiler_c_o=yes
lt_cv_prog_compiler_c_o_CXX=yes
lt_cv_prog_compiler_rtti_exceptions=no
lt_cv_prog_gnu_ld=yes
lt_cv_prog_gnu_ldcxx=
lt_cv_sys_global_symbol_pipe='sed -n -e '\''s/^.*[ 	]\([ABCDGIRSTW][ABCDGIRSTW]*\)[ 	][ 	]*\([_A-Za-z][_A-Za-z0-9]*\)$/\1 \2 \2/p'\'''
lt_cv_sys_global_symbol_to_c_name_address='sed -n -e '\''s/^: \([^ ]*\) $/  {\"\1\", (lt_ptr) 0},/p'\'' -e '\''s/^[BCDEGRST] \([^ ]*\) \([^ ]*\)$/  {"\2", (lt_ptr) \&\2},/p'\'''
lt_cv_sys_global_symbol_to_cdecl='sed -n -e '\''s/^. .* \(.*\)$/extern int \1;/p'\'''
lt_cv_sys_max_cmd_len=32768
lt_lt_cv_prog_compiler_c_o='"yes"'
lt_lt_cv_prog_compiler_c_o_CXX='"yes"'
lt_lt_cv_sys_global_symbol_pipe='"sed -n -e '\''s/^.*[ 	]\\([ABCDGIRSTW][ABCDGIRSTW]*\\)[ 	][ 	]*\\([_A-Za-z][_A-Za-z0-9]*\\)\$/\\1 \\2 \\2/p'\''"'
lt_lt_cv_sys_global_symbol_to_c_name_address='"sed -n -e '\''s/^: \\([^ ]*\\) \$/  {\\\"\\1\\\", (lt_ptr) 0},/p'\'' -e '\''s/^[BCDEGRST] \\([^ ]*\\) \\([^ ]*\\)\$/  {\"\\2\", (lt_ptr) \\&\\2},/p'\''"'
lt_lt_cv_sys_global_symbol_to_cdecl='"sed -n -e '\''s/^. .* \\(.*\\)\$/extern int \\1;/p'\''"'

## ----------------- ##
## Output variables. ##
## ----------------- ##

ADDITIONAL_INCS=''
ADDITIONAL_LANG=''
ADDITIONAL_OBJS='mut_pthread.lo  $(BTREE_OBJS) $(HASH_OBJS) $(HASH_VRFY_OBJS) $(QUEUE_OBJS) $(QUEUE_VRFY_OBJS) $(REP_OBJS) $(REPMGR_OBJS) $(BTREE_VRFY_OBJS) $(LOCK_OBJS) $(MUTEX_OBJS)'
ADDITIONAL_PROGS='berkeley_db_svc '
AR='ar'
BUILD_TARGET='library_build'
CC='arm-mv5sft-linux-gnueabi-gcc'
CCC='CXX'
CFLAGS='-O3 '
CHMOD='chmod'
CONFIGURATION_ARGS=''
CONFIGURATION_PATH=''
CP='cp'
CPP='arm-mv5sft-linux-gnueabi-gcc -E'
CPPFLAGS=' -D_GNU_SOURCE -D_REENTRANT'
CRYPTO_OBJS='$(CRYPTO_OBJS)'
CXX='arm-mv5sft-linux-gnueabi-g++'
CXXCPP='arm-mv5sft-linux-gnueabi-g++ -E'
CXXFLAGS='-O'
DB_CONST=''
DB_PROTO1='#undef __P'
DB_PROTO2='#define	__P(protos)	protos'
DB_VERSION_MAJOR='4'
DB_VERSION_MINOR='7'
DB_VERSION_PATCH='25'
DB_VERSION_STRING='"Berkeley DB 4.7.25: (May 15, 2008)"'
DB_VERSION_UNIQUE_NAME=''
DEFAULT_LIB='$(libso_target)'
DEFAULT_LIB_CXX=''
DEFS='-DHAVE_CONFIG_H'
ECHO='echo'
ECHO_C=''
ECHO_N='-n'
ECHO_T=''
EGREP='/bin/grep -E'
EXEEXT=''
F77=''
FFLAGS=''
FILE_t_decl=''
GREP='/bin/grep'
INSTALLER='$(LIBTOOL) --mode=install cp -p'
INSTALL_DATA='${INSTALL} -m 644'
INSTALL_LIBS='$(libso_target) $(libdb)'
INSTALL_PROGRAM='${INSTALL}'
INSTALL_SCRIPT='${INSTALL}'
INSTALL_TARGET='library_install'
INT64_FMT='#define	INT64_FMT	"%lld"'
JAR=''
JAVA=''
JAVAC='nojavac'
JAVACFLAGS=''
JMODSUFFIX='.so'
KILL=''
LDFLAGS=''
LIBCSO_LIBS=''
LIBJSO_LIBS=''
LIBOBJS=''
LIBS=' -lpthread'
LIBSO_LIBS=' -lpthread'
LIBTOOL='$(SHELL) ./libtool'
LIBTSO_LIBS=''
LIBTSO_MODSUFFIX='.so'
LIBTSO_MODULE='-module'
LIBXSO_LIBS=''
LN='ln'
LN_S='ln -s'
LTLIBOBJS=''
MAKEFILE_CC='$(LIBTOOL) --mode=compile arm-mv5sft-linux-gnueabi-gcc'
MAKEFILE_CCLINK='$(LIBTOOL) --mode=link arm-mv5sft-linux-gnueabi-gcc'
MAKEFILE_CXX='$(LIBTOOL) --mode=compile nocxx'
MAKEFILE_CXXLINK='$(LIBTOOL) --mode=link nocxx'
MAKEFILE_SOLINK='$(LIBTOOL) --mode=link arm-mv5sft-linux-gnueabi-gcc -avoid-version'
MAKEFILE_XSOLINK='$(LIBTOOL) --mode=link nocxx -avoid-version'
MKDIR='mkdir'
MODSUFFIX='.so'
OBJEXT='o'
OSDIR='os'
PACKAGE_BUGREPORT='Oracle Technology Network Berkeley DB forum'
PACKAGE_NAME='Berkeley DB'
PACKAGE_STRING='Berkeley DB 4.7.25'
PACKAGE_TARNAME='db-4.7.25'
PACKAGE_VERSION='4.7.25'
PATH_SEPARATOR='/'
POSTLINK='$(LIBTOOL) --mode=execute true'
RANLIB='arm-mv5sft-linux-gnueabi-ranlib'
REPLACEMENT_OBJS=''
RM='rm'
RPCGEN='rpcgen -C'
RPC_CLIENT_OBJS='$(RPC_CLIENT_OBJS)'
RPC_SERVER_H='db_server.h'
SHELL='/bin/sh'
SOFLAGS='-rpath $(libdir)'
SOSUFFIX='.so'
STRIP='arm-mv5sft-linux-gnueabi-strip'
SWIGCFLAGS=''
TCL_BIN_DIR=''
TCL_INCLUDE_SPEC=''
TCL_LIB_FILE=''
TCL_SRC_DIR=''
TCL_TCLSH=''
TEST_LIBS=' -lm -lnsl -lpthread'
UINT64_FMT='#define	UINT64_FMT	"%llu"'
_ACJNI_JAVAC=''
ac_ct_CC=''
ac_ct_CXX=''
ac_ct_F77=''
bindir='${exec_prefix}/bin'
build='i686-pc-linux-gnu'
build_alias=''
build_cpu='i686'
build_os='linux-gnu'
build_vendor='pc'
cxx_have_stdheaders=''
datadir='${datarootdir}'
datarootdir='${prefix}/share'
db_cv_path_sh='/bin/sh'
db_int_def=''
db_seq_decl='typedef int64_t db_seq_t;'
db_threadid_t_decl='typedef pthread_t db_threadid_t;'
docdir='${datarootdir}/doc/${PACKAGE_TARNAME}'
dvidir='${docdir}'
exec_prefix='${prefix}'
host='arm-unknown-linux-gnu'
host_alias='arm-linux'
host_cpu='arm'
host_os='linux-gnu'
host_vendor='unknown'
htmldir='${docdir}'
includedir='${prefix}/include'
infodir='${datarootdir}/info'
int16_decl=''
int32_decl=''
int64_decl=''
inttypes_h_decl='#include <inttypes.h>'
libdir='${exec_prefix}/lib'
libexecdir='${exec_prefix}/libexec'
localedir='${datarootdir}/locale'
localstatedir='${prefix}/var'
mandir='${datarootdir}/man'
o='.lo'
off_t_decl=''
oldincludedir='/usr/include'
pdfdir='${docdir}'
pid_t_decl=''
platform_footer=''
platform_header=''
prefix='/home/bing/project/DNS-345_GPL-2011-01-25/afp_module/db-4.7.25/build_unix/install'
program_transform_name='s,x,x,'
psdir='${docdir}'
sbindir='${exec_prefix}/sbin'
sharedstatedir='${prefix}/com'
size_t_decl=''
ssize_t_decl=''
stddef_h_decl='#include <stddef.h>'
stdint_h_decl='#include <stdint.h>'
sysconfdir='${prefix}/etc'
target_alias=''
thread_h_decl='#include <pthread.h>'
time_t_decl=''
u_char_decl=''
u_int16_decl=''
u_int32_decl=''
u_int64_decl=''
u_int8_decl=''
u_int_decl=''
u_long_decl=''
u_short_decl=''
uintmax_t_decl=''
uintptr_t_decl=''
unistd_h_decl='#include <unistd.h>'
uudecode=''

## ----------- ##
## confdefs.h. ##
## ----------- ##

#define PACKAGE_NAME "Berkeley DB"
#define PACKAGE_TARNAME "db-4.7.25"
#define PACKAGE_VERSION "4.7.25"
#define PACKAGE_STRING "Berkeley DB 4.7.25"
#define PACKAGE_BUGREPORT "Oracle Technology Network Berkeley DB forum"
#define HAVE_PTHREAD_API 1
#define HAVE_UPGRADE_SUPPORT 1
#define STDC_HEADERS 1
#define HAVE_SYS_TYPES_H 1
#define HAVE_SYS_STAT_H 1
#define HAVE_STDLIB_H 1
#define HAVE_STRING_H 1
#define HAVE_MEMORY_H 1
#define HAVE_STRINGS_H 1
#define HAVE_INTTYPES_H 1
#define HAVE_STDINT_H 1
#define HAVE_UNISTD_H 1
#define HAVE_DLFCN_H 1
#define HAVE_SYSTEM_INCLUDE_FILES 1
#define TIME_WITH_SYS_TIME 1
#define HAVE_DIRENT_H 1
#define HAVE_EXECINFO_H 1
#define HAVE_SYS_SELECT_H 1
#define HAVE_SYS_SOCKET_H 1
#define HAVE_SYS_TIME_H 1
#define HAVE_STRUCT_STAT_ST_BLKSIZE 1
#define SIZEOF_CHAR 1
#define SIZEOF_UNSIGNED_CHAR 1
#define SIZEOF_SHORT 2
#define SIZEOF_UNSIGNED_SHORT 2
#define SIZEOF_INT 4
#define SIZEOF_UNSIGNED_INT 4
#define SIZEOF_LONG 4
#define SIZEOF_UNSIGNED_LONG 4
#define SIZEOF_LONG_LONG 8
#define SIZEOF_UNSIGNED_LONG_LONG 8
#define SIZEOF_CHAR_P 4
#define SIZEOF_SIZE_T 4
#define HAVE_EXIT_SUCCESS 1
#define HAVE_MUTEX_PTHREADS 1
#define HAVE_MUTEX_SUPPORT 1
#define HAVE_SIMPLE_THREAD_TYPE 1
#define HAVE_REPLICATION_THREADS 1
#define HAVE_ABORT 1
#define HAVE_ATOI 1
#define HAVE_ATOL 1
#define HAVE_GETCWD 1
#define HAVE_GETENV 1
#define HAVE_GETOPT 1
#define HAVE_ISALPHA 1
#define HAVE_ISDIGIT 1
#define HAVE_ISPRINT 1
#define HAVE_ISSPACE 1
#define HAVE_MEMCMP 1
#define HAVE_MEMCPY 1
#define HAVE_MEMMOVE 1
#define HAVE_PRINTF 1
#define HAVE_QSORT 1
#define HAVE_RAISE 1
#define HAVE_RAND 1
#define HAVE_STRCASECMP 1
#define HAVE_STRCAT 1
#define HAVE_STRCHR 1
#define HAVE_STRDUP 1
#define HAVE_STRERROR 1
#define HAVE_STRNCAT 1
#define HAVE_STRNCMP 1
#define HAVE_STRRCHR 1
#define HAVE_STRSEP 1
#define HAVE_STRTOL 1
#define HAVE_STRTOUL 1
#define HAVE_BACKTRACE 1
#define HAVE_BACKTRACE_SYMBOLS 1
#define HAVE_FCHMOD 1
#define HAVE_FCLOSE 1
#define HAVE_FCNTL 1
#define HAVE_FDATASYNC 1
#define HAVE_FGETC 1
#define HAVE_FGETS 1
#define HAVE_FOPEN 1
#define HAVE_FWRITE 1
#define HAVE_GETGID 1
#define HAVE_GETRUSAGE 1
#define HAVE_GETUID 1
#define HAVE_HSTRERROR 1
#define HAVE_MPROTECT 1
#define HAVE_PTHREAD_YIELD 1
#define HAVE_SCHED_YIELD 1
#define HAVE_SELECT 1
#define HAVE_SETGID 1
#define HAVE_SETUID 1
#define HAVE_SIGACTION 1
#define HAVE_SNPRINTF 1
#define HAVE_STAT 1
#define HAVE_SYSCONF 1
#define HAVE_VSNPRINTF 1
#define HAVE_GETTIMEOFDAY 1
#define HAVE_LOCALTIME 1
#define HAVE_TIME 1
#define HAVE_STRFTIME 1
#define HAVE_CTIME_R 1
#define HAVE_FTRUNCATE 1
#define HAVE_PREAD 1
#define HAVE_PWRITE 1
#define HAVE_GETADDRINFO 1
#define HAVE_FCNTL_F_SETFD 1
#define _FILE_OFFSET_BITS 64
#define HAVE_MLOCK 1
#define HAVE_MUNLOCK 1
#define HAVE_MMAP 1
#define HAVE_MUNMAP 1
#define HAVE_SHMGET 1
#define HAVE_SHMCTL_SHM_LOCK 1
#define HAVE_RPC 1
#define HAVE_64BIT_TYPES 1
#define HAVE_HASH 1
#define HAVE_QUEUE 1
#define HAVE_REPLICATION 1
#define HAVE_STATISTICS 1
#define HAVE_VERIFY 1
#define HAVE_CRYPTO 1

configure: exit 0
