This file contains any messages produced by compilers while
running configure, to aid debugging if configure makes a mistake.

It was created by transmission configure 2.42, which was
generated by GNU Autoconf 2.68.  Invocation command line was

  $ ./configure --host=arm-mv5sft-linux-gnueabi --prefix=/opt_gccarm/arm-mv5sft-linux-gnueabi/arm-mv5sft-linux-gnueabi/sys-root/usr --disable-mac

## --------- ##
## Platform. ##
## --------- ##

hostname = AH-LTNS-FC13
uname -m = i686
uname -r = 2.6.33.3-85.fc13.i686.PAE
uname -s = Linux
uname -v = #1 SMP Thu May 6 18:27:11 UTC 2010

/usr/bin/uname -p = unknown
/bin/uname -X     = unknown

/bin/arch              = i686
/usr/bin/arch -k       = unknown
/usr/convex/getsysinfo = unknown
/usr/bin/hostinfo      = unknown
/bin/machine           = unknown
/usr/bin/oslevel       = unknown
/bin/universe          = unknown

PATH: /opt_gccarm/arm-mv5sft-linux-gnueabi/bin
PATH: /root/git/vim/xinst/bin
PATH: /root/git/git-1.7.5.4/xinst/bin
PATH: /usr/lib/qt-3.3/bin
PATH: /usr/kerberos/sbin
PATH: /usr/kerberos/bin
PATH: /usr/lib/ccache
PATH: /usr/local/sbin
PATH: /usr/local/bin
PATH: /sbin
PATH: /bin
PATH: /usr/sbin
PATH: /usr/bin
PATH: /sbin
PATH: /usr/sbin


## ----------- ##
## Core tests. ##
## ----------- ##

configure:2577: checking for a BSD-compatible install
configure:2645: result: /usr/bin/install -c
configure:2656: checking whether build environment is sane
configure:2706: result: yes
configure:2755: checking for arm-mv5sft-linux-gnueabi-strip
configure:2782: result: arm-mv5sft-linux-gnueabi-strip
configure:2847: checking for a thread-safe mkdir -p
configure:2886: result: /bin/mkdir -p
configure:2899: checking for gawk
configure:2915: found /bin/gawk
configure:2926: result: gawk
configure:2937: checking whether make sets $(MAKE)
configure:2959: result: yes
configure:3034: checking how to create a pax tar archive
configure:3047: tar --version
tar (GNU tar) 1.22
Copyright (C) 2009 Free Software Foundation, Inc.
License GPLv3+: GNU GPL version 3 or later <http://gnu.org/licenses/gpl.html>.
This is free software: you are free to change and redistribute it.
There is NO WARRANTY, to the extent permitted by law.

Written by John Gilmore and Jay Fenlason.
configure:3050: $? = 0
configure:3090: tardir=conftest.dir && eval tar --format=posix -chf - "$tardir" >conftest.tar
configure:3093: $? = 0
configure:3097: tar -xf - <conftest.tar
configure:3100: $? = 0
configure:3113: result: gnutar
configure:3149: checking build system type
configure:3163: result: i686-pc-linux-gnu
configure:3183: checking host system type
configure:3196: result: arm-mv5sft-linux-gnueabi
configure:3237: checking how to print strings
configure:3264: result: printf
configure:3297: checking for style of include used by make
configure:3325: result: GNU
configure:3355: checking for arm-mv5sft-linux-gnueabi-gcc
configure:3382: result: arm-mv5sft-linux-gnueabi-gcc
configure:3651: checking for C compiler version
configure:3660: arm-mv5sft-linux-gnueabi-gcc --version >&5
arm-mv5sft-linux-gnueabi-gcc (sdk3.3-ct-ng-1.4.1) 4.3.2
Copyright (C) 2008 Free Software Foundation, Inc.
This is free software; see the source for copying conditions.  There is NO
warranty; not even for MERCHANTABILITY or FITNESS FOR A PARTICULAR PURPOSE.

configure:3671: $? = 0
configure:3660: arm-mv5sft-linux-gnueabi-gcc -v >&5
Using built-in specs.
Target: arm-mv5sft-linux-gnueabi
Configured with: /home/seugene/sdk/targets/src/gcc-4.3.2/configure --build=i486-build_pc-linux-gnu --host=i486-build_pc-linux-gnu --target=arm-mv5sft-linux-gnueabi --prefix=/home/seugene/sdk/targets/arm-mv5sft-linux-gnueabi/cross --with-sysroot=/home/seugene/sdk/targets/arm-mv5sft-linux-gnueabi/cross/arm-mv5sft-linux-gnueabi//sys-root --enable-languages=c,c++,fortran,java --disable-multilib --with-arch=armv5te --with-float=soft --with-gmp=/home/seugene/sdk/targets/arm-mv5sft-linux-gnueabi/cross --with-mpfr=/home/seugene/sdk/targets/arm-mv5sft-linux-gnueabi/cross --with-pkgversion=sdk3.3-ct-ng-1.4.1 --disable-sjlj-exceptions --enable-__cxa_atexit --with-local-prefix=/home/seugene/sdk/targets/arm-mv5sft-linux-gnueabi/cross/arm-mv5sft-linux-gnueabi//sys-root --disable-nls --enable-threads=posix --enable-symvers=gnu --enable-c99 --enable-long-long --enable-target-optspace
Thread model: posix
gcc version 4.3.2 (sdk3.3-ct-ng-1.4.1) 
configure:3671: $? = 0
configure:3660: arm-mv5sft-linux-gnueabi-gcc -V >&5
arm-mv5sft-linux-gnueabi-gcc: '-V' option must have argument
configure:3671: $? = 1
configure:3660: arm-mv5sft-linux-gnueabi-gcc -qversion >&5
arm-mv5sft-linux-gnueabi-gcc: unrecognized option '-qversion'
arm-mv5sft-linux-gnueabi-gcc: no input files
configure:3671: $? = 1
configure:3691: checking whether the C compiler works
configure:3713: arm-mv5sft-linux-gnueabi-gcc -DALPHA_CUSTOMIZE  -L/opt_gccarm/arm-mv5sft-linux-gnueabi/arm-mv5sft-linux-gnueabi/sys-root/usr/lib -liconv conftest.c  >&5
configure:3717: $? = 0
configure:3765: result: yes
configure:3768: checking for C compiler default output file name
configure:3770: result: a.out
configure:3776: checking for suffix of executables
configure:3783: arm-mv5sft-linux-gnueabi-gcc -o conftest -DALPHA_CUSTOMIZE  -L/opt_gccarm/arm-mv5sft-linux-gnueabi/arm-mv5sft-linux-gnueabi/sys-root/usr/lib -liconv conftest.c  >&5
configure:3787: $? = 0
configure:3809: result: 
configure:3831: checking whether we are cross compiling
configure:3839: arm-mv5sft-linux-gnueabi-gcc -o conftest -DALPHA_CUSTOMIZE  -L/opt_gccarm/arm-mv5sft-linux-gnueabi/arm-mv5sft-linux-gnueabi/sys-root/usr/lib -liconv conftest.c  >&5
configure:3843: $? = 0
configure:3850: ./conftest
./configure: line 3852: ./conftest: cannot execute binary file
configure:3854: $? = 126
configure:3869: result: yes
configure:3874: checking for suffix of object files
configure:3896: arm-mv5sft-linux-gnueabi-gcc -c -DALPHA_CUSTOMIZE  conftest.c >&5
configure:3900: $? = 0
configure:3921: result: o
configure:3925: checking whether we are using the GNU C compiler
configure:3944: arm-mv5sft-linux-gnueabi-gcc -c -DALPHA_CUSTOMIZE  conftest.c >&5
configure:3944: $? = 0
configure:3953: result: yes
configure:3962: checking whether arm-mv5sft-linux-gnueabi-gcc accepts -g
configure:3982: arm-mv5sft-linux-gnueabi-gcc -c -g  conftest.c >&5
configure:3982: $? = 0
configure:4023: result: yes
configure:4040: checking for arm-mv5sft-linux-gnueabi-gcc option to accept ISO C89
configure:4104: arm-mv5sft-linux-gnueabi-gcc  -c -DALPHA_CUSTOMIZE  conftest.c >&5
configure:4104: $? = 0
configure:4117: result: none needed
configure:4139: checking dependency style of arm-mv5sft-linux-gnueabi-gcc
configure:4249: result: gcc3
configure:4264: checking for a sed that does not truncate output
configure:4328: result: /bin/sed
configure:4346: checking for grep that handles long lines and -e
configure:4404: result: /bin/grep
configure:4409: checking for egrep
configure:4471: result: /bin/grep -E
configure:4476: checking for fgrep
configure:4538: result: /bin/grep -F
configure:4573: checking for ld used by arm-mv5sft-linux-gnueabi-gcc
configure:4640: result: arm-mv5sft-linux-gnueabi-ld
configure:4647: checking if the linker (arm-mv5sft-linux-gnueabi-ld) is GNU ld
configure:4662: result: yes
configure:4674: checking for BSD- or MS-compatible name lister (nm)
configure:4723: result: arm-mv5sft-linux-gnueabi-nm
configure:4853: checking the name lister (arm-mv5sft-linux-gnueabi-nm) interface
configure:4860: arm-mv5sft-linux-gnueabi-gcc -c -DALPHA_CUSTOMIZE  conftest.c >&5
configure:4863: arm-mv5sft-linux-gnueabi-nm "conftest.o"
configure:4866: output
00000000 B some_variable
configure:4873: result: BSD nm
configure:4876: checking whether ln -s works
configure:4880: result: yes
configure:4888: checking the maximum length of command line arguments
configure:5013: result: 1966080
configure:5030: checking whether the shell understands some XSI constructs
configure:5040: result: yes
configure:5044: checking whether the shell understands "+="
configure:5050: result: yes
configure:5085: checking how to convert i686-pc-linux-gnu file names to arm-mv5sft-linux-gnueabi format
configure:5125: result: func_convert_file_noop
configure:5132: checking how to convert i686-pc-linux-gnu file names to toolchain format
configure:5152: result: func_convert_file_noop
configure:5159: checking for arm-mv5sft-linux-gnueabi-ld option to reload object files
configure:5166: result: -r
configure:5200: checking for arm-mv5sft-linux-gnueabi-objdump
configure:5216: found /opt_gccarm/arm-mv5sft-linux-gnueabi/bin/arm-mv5sft-linux-gnueabi-objdump
configure:5227: result: arm-mv5sft-linux-gnueabi-objdump
configure:5299: checking how to recognize dependent libraries
configure:5501: result: pass_all
configure:5546: checking for arm-mv5sft-linux-gnueabi-dlltool
configure:5576: result: no
configure:5586: checking for dlltool
configure:5616: result: no
configure:5646: checking how to associate runtime and link libraries
configure:5673: result: printf %s\n
configure:5690: checking for arm-mv5sft-linux-gnueabi-ar
configure:5717: result: arm-mv5sft-linux-gnueabi-ar
configure:5798: checking for archiver @FILE support
configure:5815: arm-mv5sft-linux-gnueabi-gcc -c -DALPHA_CUSTOMIZE  conftest.c >&5
configure:5815: $? = 0
configure:5818: arm-mv5sft-linux-gnueabi-ar cru libconftest.a @conftest.lst >&5
configure:5821: $? = 0
configure:5826: arm-mv5sft-linux-gnueabi-ar cru libconftest.a @conftest.lst >&5
arm-mv5sft-linux-gnueabi-ar: conftest.o: No such file or directory
configure:5829: $? = 1
configure:5841: result: @
configure:5859: checking for arm-mv5sft-linux-gnueabi-strip
configure:5886: result: arm-mv5sft-linux-gnueabi-strip
configure:5958: checking for arm-mv5sft-linux-gnueabi-ranlib
configure:5985: result: arm-mv5sft-linux-gnueabi-ranlib
configure:6127: checking command to parse arm-mv5sft-linux-gnueabi-nm output from arm-mv5sft-linux-gnueabi-gcc object
configure:6246: arm-mv5sft-linux-gnueabi-gcc -c -DALPHA_CUSTOMIZE  conftest.c >&5
configure:6249: $? = 0
configure:6253: arm-mv5sft-linux-gnueabi-nm conftest.o \| sed -n -e 's/^.*[ ]\([ABCDGIRSTW][ABCDGIRSTW]*\)[ ][ ]*\([_A-Za-z][_A-Za-z0-9]*\)$/\1 \2 \2/p' | sed '/ __gnu_lto/d' \> conftest.nm
configure:6256: $? = 0
configure:6322: arm-mv5sft-linux-gnueabi-gcc -o conftest -DALPHA_CUSTOMIZE  -L/opt_gccarm/arm-mv5sft-linux-gnueabi/arm-mv5sft-linux-gnueabi/sys-root/usr/lib -liconv conftest.c conftstm.o >&5
configure:6325: $? = 0
configure:6363: result: ok
configure:6400: checking for sysroot
configure:6430: result: no
configure:6633: checking for arm-mv5sft-linux-gnueabi-mt
configure:6663: result: no
configure:6673: checking for mt
configure:6703: result: no
configure:6723: checking if : is a manifest tool
configure:6729: : '-?'
configure:6737: result: no
configure:7369: checking how to run the C preprocessor
configure:7400: arm-mv5sft-linux-gnueabi-gcc -E  conftest.c
configure:7400: $? = 0
configure:7414: arm-mv5sft-linux-gnueabi-gcc -E  conftest.c
conftest.c:11:28: error: ac_nonexistent.h: No such file or directory
configure:7414: $? = 1
configure: failed program was:
| /* confdefs.h */
| #define PACKAGE_NAME "transmission"
| #define PACKAGE_TARNAME "transmission"
| #define PACKAGE_VERSION "2.42"
| #define PACKAGE_STRING "transmission 2.42"
| #define PACKAGE_BUGREPORT "http://trac.transmissionbt.com/newticket"
| #define PACKAGE_URL ""
| #define PACKAGE "transmission"
| #define VERSION "2.42"
| /* end confdefs.h.  */
| #include <ac_nonexistent.h>
configure:7439: result: arm-mv5sft-linux-gnueabi-gcc -E
configure:7459: arm-mv5sft-linux-gnueabi-gcc -E  conftest.c
configure:7459: $? = 0
configure:7473: arm-mv5sft-linux-gnueabi-gcc -E  conftest.c
conftest.c:11:28: error: ac_nonexistent.h: No such file or directory
configure:7473: $? = 1
configure: failed program was:
| /* confdefs.h */
| #define PACKAGE_NAME "transmission"
| #define PACKAGE_TARNAME "transmission"
| #define PACKAGE_VERSION "2.42"
| #define PACKAGE_STRING "transmission 2.42"
| #define PACKAGE_BUGREPORT "http://trac.transmissionbt.com/newticket"
| #define PACKAGE_URL ""
| #define PACKAGE "transmission"
| #define VERSION "2.42"
| /* end confdefs.h.  */
| #include <ac_nonexistent.h>
configure:7502: checking for ANSI C header files
configure:7522: arm-mv5sft-linux-gnueabi-gcc -c -DALPHA_CUSTOMIZE  conftest.c >&5
configure:7522: $? = 0
configure:7606: result: yes
configure:7619: checking for sys/types.h
configure:7619: arm-mv5sft-linux-gnueabi-gcc -c -DALPHA_CUSTOMIZE  conftest.c >&5
configure:7619: $? = 0
configure:7619: result: yes
configure:7619: checking for sys/stat.h
configure:7619: arm-mv5sft-linux-gnueabi-gcc -c -DALPHA_CUSTOMIZE  conftest.c >&5
configure:7619: $? = 0
configure:7619: result: yes
configure:7619: checking for stdlib.h
configure:7619: arm-mv5sft-linux-gnueabi-gcc -c -DALPHA_CUSTOMIZE  conftest.c >&5
configure:7619: $? = 0
configure:7619: result: yes
configure:7619: checking for string.h
configure:7619: arm-mv5sft-linux-gnueabi-gcc -c -DALPHA_CUSTOMIZE  conftest.c >&5
configure:7619: $? = 0
configure:7619: result: yes
configure:7619: checking for memory.h
configure:7619: arm-mv5sft-linux-gnueabi-gcc -c -DALPHA_CUSTOMIZE  conftest.c >&5
configure:7619: $? = 0
configure:7619: result: yes
configure:7619: checking for strings.h
configure:7619: arm-mv5sft-linux-gnueabi-gcc -c -DALPHA_CUSTOMIZE  conftest.c >&5
configure:7619: $? = 0
configure:7619: result: yes
configure:7619: checking for inttypes.h
configure:7619: arm-mv5sft-linux-gnueabi-gcc -c -DALPHA_CUSTOMIZE  conftest.c >&5
configure:7619: $? = 0
configure:7619: result: yes
configure:7619: checking for stdint.h
configure:7619: arm-mv5sft-linux-gnueabi-gcc -c -DALPHA_CUSTOMIZE  conftest.c >&5
configure:7619: $? = 0
configure:7619: result: yes
configure:7619: checking for unistd.h
configure:7619: arm-mv5sft-linux-gnueabi-gcc -c -DALPHA_CUSTOMIZE  conftest.c >&5
configure:7619: $? = 0
configure:7619: result: yes
configure:7633: checking for dlfcn.h
configure:7633: arm-mv5sft-linux-gnueabi-gcc -c -DALPHA_CUSTOMIZE  conftest.c >&5
configure:7633: $? = 0
configure:7633: result: yes
configure:7820: checking for objdir
configure:7835: result: .libs
configure:8106: checking if arm-mv5sft-linux-gnueabi-gcc supports -fno-rtti -fno-exceptions
configure:8124: arm-mv5sft-linux-gnueabi-gcc -c -DALPHA_CUSTOMIZE  -fno-rtti -fno-exceptions conftest.c >&5
cc1: warning: command line option "-fno-rtti" is valid for C++/ObjC++ but not for C
configure:8128: $? = 0
configure:8141: result: no
configure:8451: checking for arm-mv5sft-linux-gnueabi-gcc option to produce PIC
configure:8458: result: -fPIC -DPIC
configure:8466: checking if arm-mv5sft-linux-gnueabi-gcc PIC flag -fPIC -DPIC works
configure:8484: arm-mv5sft-linux-gnueabi-gcc -c -DALPHA_CUSTOMIZE  -fPIC -DPIC -DPIC conftest.c >&5
configure:8488: $? = 0
configure:8501: result: yes
configure:8530: checking if arm-mv5sft-linux-gnueabi-gcc static flag -static works
configure:8558: result: no
configure:8573: checking if arm-mv5sft-linux-gnueabi-gcc supports -c -o file.o
configure:8594: arm-mv5sft-linux-gnueabi-gcc -c -DALPHA_CUSTOMIZE  -o out/conftest2.o conftest.c >&5
configure:8598: $? = 0
configure:8620: result: yes
configure:8628: checking if arm-mv5sft-linux-gnueabi-gcc supports -c -o file.o
configure:8675: result: yes
configure:8708: checking whether the arm-mv5sft-linux-gnueabi-gcc linker (arm-mv5sft-linux-gnueabi-ld) supports shared libraries
configure:9870: result: yes
configure:9907: checking whether -lc should be explicitly linked in
configure:9915: arm-mv5sft-linux-gnueabi-gcc -c -DALPHA_CUSTOMIZE  conftest.c >&5
configure:9918: $? = 0
configure:9933: arm-mv5sft-linux-gnueabi-gcc -shared  -fPIC -DPIC conftest.o  -v -Wl,-soname -Wl,conftest -o conftest 2\>\&1 \| /bin/grep  -lc  \>/dev/null 2\>\&1
configure:9936: $? = 0
configure:9950: result: no
configure:10115: checking dynamic linker characteristics
configure:10630: arm-mv5sft-linux-gnueabi-gcc -o conftest -DALPHA_CUSTOMIZE  -L/opt_gccarm/arm-mv5sft-linux-gnueabi/arm-mv5sft-linux-gnueabi/sys-root/usr/lib -liconv -Wl,-rpath -Wl,/foo conftest.c  >&5
configure:10630: $? = 0
configure:10864: result: GNU/Linux ld.so
configure:10971: checking how to hardcode library paths into programs
configure:10996: result: immediate
configure:11536: checking whether stripping libraries is possible
configure:11541: result: yes
configure:11576: checking if libtool supports shared libraries
configure:11578: result: yes
configure:11581: checking whether to build shared libraries
configure:11602: result: yes
configure:11605: checking whether to build static libraries
configure:11609: result: yes
configure:11710: checking for arm-mv5sft-linux-gnueabi-gcc
configure:11737: result: arm-mv5sft-linux-gnueabi-gcc
configure:12006: checking for C compiler version
configure:12015: arm-mv5sft-linux-gnueabi-gcc --version >&5
arm-mv5sft-linux-gnueabi-gcc (sdk3.3-ct-ng-1.4.1) 4.3.2
Copyright (C) 2008 Free Software Foundation, Inc.
This is free software; see the source for copying conditions.  There is NO
warranty; not even for MERCHANTABILITY or FITNESS FOR A PARTICULAR PURPOSE.

configure:12026: $? = 0
configure:12015: arm-mv5sft-linux-gnueabi-gcc -v >&5
Using built-in specs.
Target: arm-mv5sft-linux-gnueabi
Configured with: /home/seugene/sdk/targets/src/gcc-4.3.2/configure --build=i486-build_pc-linux-gnu --host=i486-build_pc-linux-gnu --target=arm-mv5sft-linux-gnueabi --prefix=/home/seugene/sdk/targets/arm-mv5sft-linux-gnueabi/cross --with-sysroot=/home/seugene/sdk/targets/arm-mv5sft-linux-gnueabi/cross/arm-mv5sft-linux-gnueabi//sys-root --enable-languages=c,c++,fortran,java --disable-multilib --with-arch=armv5te --with-float=soft --with-gmp=/home/seugene/sdk/targets/arm-mv5sft-linux-gnueabi/cross --with-mpfr=/home/seugene/sdk/targets/arm-mv5sft-linux-gnueabi/cross --with-pkgversion=sdk3.3-ct-ng-1.4.1 --disable-sjlj-exceptions --enable-__cxa_atexit --with-local-prefix=/home/seugene/sdk/targets/arm-mv5sft-linux-gnueabi/cross/arm-mv5sft-linux-gnueabi//sys-root --disable-nls --enable-threads=posix --enable-symvers=gnu --enable-c99 --enable-long-long --enable-target-optspace
Thread model: posix
gcc version 4.3.2 (sdk3.3-ct-ng-1.4.1) 
configure:12026: $? = 0
configure:12015: arm-mv5sft-linux-gnueabi-gcc -V >&5
arm-mv5sft-linux-gnueabi-gcc: '-V' option must have argument
configure:12026: $? = 1
configure:12015: arm-mv5sft-linux-gnueabi-gcc -qversion >&5
arm-mv5sft-linux-gnueabi-gcc: unrecognized option '-qversion'
arm-mv5sft-linux-gnueabi-gcc: no input files
configure:12026: $? = 1
configure:12030: checking whether we are using the GNU C compiler
configure:12058: result: yes
configure:12067: checking whether arm-mv5sft-linux-gnueabi-gcc accepts -g
configure:12128: result: yes
configure:12145: checking for arm-mv5sft-linux-gnueabi-gcc option to accept ISO C89
configure:12222: result: none needed
configure:12244: checking dependency style of arm-mv5sft-linux-gnueabi-gcc
configure:12354: result: gcc3
configure:12481: checking for C++ compiler version
configure:12490: arm-mv5sft-linux-gnueabi-g++ --version >&5
arm-mv5sft-linux-gnueabi-g++ (sdk3.3-ct-ng-1.4.1) 4.3.2
Copyright (C) 2008 Free Software Foundation, Inc.
This is free software; see the source for copying conditions.  There is NO
warranty; not even for MERCHANTABILITY or FITNESS FOR A PARTICULAR PURPOSE.

configure:12501: $? = 0
configure:12490: arm-mv5sft-linux-gnueabi-g++ -v >&5
Using built-in specs.
Target: arm-mv5sft-linux-gnueabi
Configured with: /home/seugene/sdk/targets/src/gcc-4.3.2/configure --build=i486-build_pc-linux-gnu --host=i486-build_pc-linux-gnu --target=arm-mv5sft-linux-gnueabi --prefix=/home/seugene/sdk/targets/arm-mv5sft-linux-gnueabi/cross --with-sysroot=/home/seugene/sdk/targets/arm-mv5sft-linux-gnueabi/cross/arm-mv5sft-linux-gnueabi//sys-root --enable-languages=c,c++,fortran,java --disable-multilib --with-arch=armv5te --with-float=soft --with-gmp=/home/seugene/sdk/targets/arm-mv5sft-linux-gnueabi/cross --with-mpfr=/home/seugene/sdk/targets/arm-mv5sft-linux-gnueabi/cross --with-pkgversion=sdk3.3-ct-ng-1.4.1 --disable-sjlj-exceptions --enable-__cxa_atexit --with-local-prefix=/home/seugene/sdk/targets/arm-mv5sft-linux-gnueabi/cross/arm-mv5sft-linux-gnueabi//sys-root --disable-nls --enable-threads=posix --enable-symvers=gnu --enable-c99 --enable-long-long --enable-target-optspace
Thread model: posix
gcc version 4.3.2 (sdk3.3-ct-ng-1.4.1) 
configure:12501: $? = 0
configure:12490: arm-mv5sft-linux-gnueabi-g++ -V >&5
arm-mv5sft-linux-gnueabi-g++: '-V' option must have argument
configure:12501: $? = 1
configure:12490: arm-mv5sft-linux-gnueabi-g++ -qversion >&5
arm-mv5sft-linux-gnueabi-g++: unrecognized option '-qversion'
arm-mv5sft-linux-gnueabi-g++: no input files
configure:12501: $? = 1
configure:12505: checking whether we are using the GNU C++ compiler
configure:12524: arm-mv5sft-linux-gnueabi-g++ -c -DPROJECT_NAME=\"DNS-320L\" -DPROJECT_DNS_320L=1 -DDNS_320L=1 -I/opt/DNS-320L/unic/module/include -DPROJECT_FEATURE_BAYS=2 -DPROJECT_FEATURE_BAYS_2=1 -DPROJECT_FEATURE_VOLUME_ENCRYPTION=1 -DPROJECT_FEATURE_IPV6=1 -DPROJECT_FEATURE_LED=1  -DNDEBUG conftest.cpp >&5
<command-line>: warning: missing terminating " character
configure:12524: $? = 0
configure:12533: result: yes
configure:12542: checking whether arm-mv5sft-linux-gnueabi-g++ accepts -g
configure:12562: arm-mv5sft-linux-gnueabi-g++ -c -g  -DNDEBUG conftest.cpp >&5
configure:12562: $? = 0
configure:12603: result: yes
configure:12628: checking dependency style of arm-mv5sft-linux-gnueabi-g++
configure:12738: result: gcc3
configure:12771: checking how to run the C++ preprocessor
configure:12798: arm-mv5sft-linux-gnueabi-g++ -E  -DNDEBUG conftest.cpp
configure:12798: $? = 0
configure:12812: arm-mv5sft-linux-gnueabi-g++ -E  -DNDEBUG conftest.cpp
conftest.cpp:23:28: error: ac_nonexistent.h: No such file or directory
configure:12812: $? = 1
configure: failed program was:
| /* confdefs.h */
| #define PACKAGE_NAME "transmission"
| #define PACKAGE_TARNAME "transmission"
| #define PACKAGE_VERSION "2.42"
| #define PACKAGE_STRING "transmission 2.42"
| #define PACKAGE_BUGREPORT "http://trac.transmissionbt.com/newticket"
| #define PACKAGE_URL ""
| #define PACKAGE "transmission"
| #define VERSION "2.42"
| #define STDC_HEADERS 1
| #define HAVE_SYS_TYPES_H 1
| #define HAVE_SYS_STAT_H 1
| #define HAVE_STDLIB_H 1
| #define HAVE_STRING_H 1
| #define HAVE_MEMORY_H 1
| #define HAVE_STRINGS_H 1
| #define HAVE_INTTYPES_H 1
| #define HAVE_STDINT_H 1
| #define HAVE_UNISTD_H 1
| #define HAVE_DLFCN_H 1
| #define LT_OBJDIR ".libs/"
| /* end confdefs.h.  */
| #include <ac_nonexistent.h>
configure:12837: result: arm-mv5sft-linux-gnueabi-g++ -E
configure:12857: arm-mv5sft-linux-gnueabi-g++ -E  -DNDEBUG conftest.cpp
configure:12857: $? = 0
configure:12871: arm-mv5sft-linux-gnueabi-g++ -E  -DNDEBUG conftest.cpp
conftest.cpp:23:28: error: ac_nonexistent.h: No such file or directory
configure:12871: $? = 1
configure: failed program was:
| /* confdefs.h */
| #define PACKAGE_NAME "transmission"
| #define PACKAGE_TARNAME "transmission"
| #define PACKAGE_VERSION "2.42"
| #define PACKAGE_STRING "transmission 2.42"
| #define PACKAGE_BUGREPORT "http://trac.transmissionbt.com/newticket"
| #define PACKAGE_URL ""
| #define PACKAGE "transmission"
| #define VERSION "2.42"
| #define STDC_HEADERS 1
| #define HAVE_SYS_TYPES_H 1
| #define HAVE_SYS_STAT_H 1
| #define HAVE_STDLIB_H 1
| #define HAVE_STRING_H 1
| #define HAVE_MEMORY_H 1
| #define HAVE_STRINGS_H 1
| #define HAVE_INTTYPES_H 1
| #define HAVE_STDINT_H 1
| #define HAVE_UNISTD_H 1
| #define HAVE_DLFCN_H 1
| #define LT_OBJDIR ".libs/"
| /* end confdefs.h.  */
| #include <ac_nonexistent.h>
configure:13041: checking for ld used by arm-mv5sft-linux-gnueabi-g++
configure:13108: result: arm-mv5sft-linux-gnueabi-ld
configure:13115: checking if the linker (arm-mv5sft-linux-gnueabi-ld) is GNU ld
configure:13130: result: yes
configure:13185: checking whether the arm-mv5sft-linux-gnueabi-g++ linker (arm-mv5sft-linux-gnueabi-ld) supports shared libraries
configure:14189: result: yes
configure:14224: arm-mv5sft-linux-gnueabi-g++ -c -DPROJECT_NAME=\"DNS-320L\" -DPROJECT_DNS_320L=1 -DDNS_320L=1 -I/opt/DNS-320L/unic/module/include -DPROJECT_FEATURE_BAYS=2 -DPROJECT_FEATURE_BAYS_2=1 -DPROJECT_FEATURE_VOLUME_ENCRYPTION=1 -DPROJECT_FEATURE_IPV6=1 -DPROJECT_FEATURE_LED=1  -DNDEBUG conftest.cpp >&5
<command-line>: warning: missing terminating " character
configure:14227: $? = 0
configure:14747: checking for arm-mv5sft-linux-gnueabi-g++ option to produce PIC
configure:14754: result: -fPIC -DPIC
configure:14762: checking if arm-mv5sft-linux-gnueabi-g++ PIC flag -fPIC -DPIC works
configure:14780: arm-mv5sft-linux-gnueabi-g++ -c -DPROJECT_NAME=\"DNS-320L\" -DPROJECT_DNS_320L=1 -DDNS_320L=1 -I/opt/DNS-320L/unic/module/include -DPROJECT_FEATURE_BAYS=2 -DPROJECT_FEATURE_BAYS_2=1 -DPROJECT_FEATURE_VOLUME_ENCRYPTION=1 -DPROJECT_FEATURE_IPV6=1 -DPROJECT_FEATURE_LED=1  -DNDEBUG -fPIC -DPIC -DPIC conftest.cpp >&5
<command-line>: warning: missing terminating " character
configure:14784: $? = 0
configure:14797: result: yes
configure:14820: checking if arm-mv5sft-linux-gnueabi-g++ static flag -static works
configure:14848: result: no
configure:14860: checking if arm-mv5sft-linux-gnueabi-g++ supports -c -o file.o
configure:14881: arm-mv5sft-linux-gnueabi-g++ -c -DPROJECT_NAME=\"DNS-320L\" -DPROJECT_DNS_320L=1 -DDNS_320L=1 -I/opt/DNS-320L/unic/module/include -DPROJECT_FEATURE_BAYS=2 -DPROJECT_FEATURE_BAYS_2=1 -DPROJECT_FEATURE_VOLUME_ENCRYPTION=1 -DPROJECT_FEATURE_IPV6=1 -DPROJECT_FEATURE_LED=1  -DNDEBUG -o out/conftest2.o conftest.cpp >&5
<command-line>: warning: missing terminating " character
configure:14885: $? = 0
configure:14907: result: yes
configure:14912: checking if arm-mv5sft-linux-gnueabi-g++ supports -c -o file.o
configure:14959: result: yes
configure:14989: checking whether the arm-mv5sft-linux-gnueabi-g++ linker (arm-mv5sft-linux-gnueabi-ld) supports shared libraries
configure:15026: result: yes
configure:15169: checking dynamic linker characteristics
configure:15852: result: GNU/Linux ld.so
configure:15905: checking how to hardcode library paths into programs
configure:15930: result: immediate
configure:15972: checking for arm-mv5sft-linux-gnueabi-g++
configure:15988: found /opt_gccarm/arm-mv5sft-linux-gnueabi/bin/arm-mv5sft-linux-gnueabi-g++
configure:16000: result: yes
configure:16008: checking for inline
configure:16024: arm-mv5sft-linux-gnueabi-gcc -c -DALPHA_CUSTOMIZE  -DNDEBUG conftest.c >&5
configure:16024: $? = 0
configure:16032: result: inline
configure:16054: checking gcc version
configure:16061: result: 4.3.2
configure:16071: checking for ANSI C header files
configure:16175: result: yes
configure:16183: checking whether time.h and sys/time.h may both be included
configure:16203: arm-mv5sft-linux-gnueabi-gcc -c -DALPHA_CUSTOMIZE -std=gnu99 -ggdb3 -Wall -W -Wpointer-arith -Wformat-security -Wcast-align -Wundef -Wcast-align -Wstrict-prototypes -Wmissing-declarations -Wmissing-format-attribute -Wredundant-decls -Wnested-externs -Wunused-parameter -Wwrite-strings -Winline -Wfloat-equal -Wextra -Wdeclaration-after-statement -Winit-self -Wvariadic-macros  -DNDEBUG conftest.c >&5
conftest.c:30: warning: function declaration isn't a prototype
configure:16203: $? = 0
configure:16210: result: yes
configure:16221: checking stdbool.h usability
configure:16221: arm-mv5sft-linux-gnueabi-gcc -c -DALPHA_CUSTOMIZE -std=gnu99 -ggdb3 -Wall -W -Wpointer-arith -Wformat-security -Wcast-align -Wundef -Wcast-align -Wstrict-prototypes -Wmissing-declarations -Wmissing-format-attribute -Wredundant-decls -Wnested-externs -Wunused-parameter -Wwrite-strings -Winline -Wfloat-equal -Wextra -Wdeclaration-after-statement -Winit-self -Wvariadic-macros  -DNDEBUG conftest.c >&5
configure:16221: $? = 0
configure:16221: result: yes
configure:16221: checking stdbool.h presence
configure:16221: arm-mv5sft-linux-gnueabi-gcc -E  -DNDEBUG conftest.c
configure:16221: $? = 0
configure:16221: result: yes
configure:16221: checking for stdbool.h
configure:16221: result: yes
configure:16234: checking for iconv_open
configure:16234: arm-mv5sft-linux-gnueabi-gcc -o conftest -DALPHA_CUSTOMIZE -std=gnu99 -ggdb3 -Wall -W -Wpointer-arith -Wformat-security -Wcast-align -Wundef -Wcast-align -Wstrict-prototypes -Wmissing-declarations -Wmissing-format-attribute -Wredundant-decls -Wnested-externs -Wunused-parameter -Wwrite-strings -Winline -Wfloat-equal -Wextra -Wdeclaration-after-statement -Winit-self -Wvariadic-macros  -DNDEBUG -L/opt_gccarm/arm-mv5sft-linux-gnueabi/arm-mv5sft-linux-gnueabi/sys-root/usr/lib -liconv conftest.c  >&5
conftest.c:49: warning: function declaration isn't a prototype
conftest.c:59: warning: function declaration isn't a prototype
configure:16234: $? = 0
configure:16234: result: yes
configure:16234: checking for pread
configure:16234: arm-mv5sft-linux-gnueabi-gcc -o conftest -DALPHA_CUSTOMIZE -std=gnu99 -ggdb3 -Wall -W -Wpointer-arith -Wformat-security -Wcast-align -Wundef -Wcast-align -Wstrict-prototypes -Wmissing-declarations -Wmissing-format-attribute -Wredundant-decls -Wnested-externs -Wunused-parameter -Wwrite-strings -Winline -Wfloat-equal -Wextra -Wdeclaration-after-statement -Winit-self -Wvariadic-macros  -DNDEBUG -L/opt_gccarm/arm-mv5sft-linux-gnueabi/arm-mv5sft-linux-gnueabi/sys-root/usr/lib -liconv conftest.c  >&5
conftest.c:50: warning: function declaration isn't a prototype
conftest.c:60: warning: function declaration isn't a prototype
configure:16234: $? = 0
configure:16234: result: yes
configure:16234: checking for pwrite
configure:16234: arm-mv5sft-linux-gnueabi-gcc -o conftest -DALPHA_CUSTOMIZE -std=gnu99 -ggdb3 -Wall -W -Wpointer-arith -Wformat-security -Wcast-align -Wundef -Wcast-align -Wstrict-prototypes -Wmissing-declarations -Wmissing-format-attribute -Wredundant-decls -Wnested-externs -Wunused-parameter -Wwrite-strings -Winline -Wfloat-equal -Wextra -Wdeclaration-after-statement -Winit-self -Wvariadic-macros  -DNDEBUG -L/opt_gccarm/arm-mv5sft-linux-gnueabi/arm-mv5sft-linux-gnueabi/sys-root/usr/lib -liconv conftest.c  >&5
conftest.c:51: warning: function declaration isn't a prototype
conftest.c:61: warning: function declaration isn't a prototype
configure:16234: $? = 0
configure:16234: result: yes
configure:16234: checking for lrintf
configure:16234: arm-mv5sft-linux-gnueabi-gcc -o conftest -DALPHA_CUSTOMIZE -std=gnu99 -ggdb3 -Wall -W -Wpointer-arith -Wformat-security -Wcast-align -Wundef -Wcast-align -Wstrict-prototypes -Wmissing-declarations -Wmissing-format-attribute -Wredundant-decls -Wnested-externs -Wunused-parameter -Wwrite-strings -Winline -Wfloat-equal -Wextra -Wdeclaration-after-statement -Winit-self -Wvariadic-macros  -DNDEBUG -L/opt_gccarm/arm-mv5sft-linux-gnueabi/arm-mv5sft-linux-gnueabi/sys-root/usr/lib -liconv conftest.c  >&5
conftest.c:52: warning: function declaration isn't a prototype
conftest.c:52: warning: conflicting types for built-in function 'lrintf'
conftest.c:62: warning: function declaration isn't a prototype
/tmp/cc8Bdbc5.o: In function `main':
/opt/DNS-320L/GPL_320_325/transmission-2.42/conftest.c:63: undefined reference to `lrintf'
collect2: ld returned 1 exit status
configure:16234: $? = 1
configure: failed program was:
| /* confdefs.h */
| #define PACKAGE_NAME "transmission"
| #define PACKAGE_TARNAME "transmission"
| #define PACKAGE_VERSION "2.42"
| #define PACKAGE_STRING "transmission 2.42"
| #define PACKAGE_BUGREPORT "http://trac.transmissionbt.com/newticket"
| #define PACKAGE_URL ""
| #define PACKAGE "transmission"
| #define VERSION "2.42"
| #define STDC_HEADERS 1
| #define HAVE_SYS_TYPES_H 1
| #define HAVE_SYS_STAT_H 1
| #define HAVE_STDLIB_H 1
| #define HAVE_STRING_H 1
| #define HAVE_MEMORY_H 1
| #define HAVE_STRINGS_H 1
| #define HAVE_INTTYPES_H 1
| #define HAVE_STDINT_H 1
| #define HAVE_UNISTD_H 1
| #define HAVE_DLFCN_H 1
| #define LT_OBJDIR ".libs/"
| #define STDC_HEADERS 1
| #define TIME_WITH_SYS_TIME 1
| #define HAVE_STDBOOL_H 1
| #define HAVE_ICONV_OPEN 1
| #define HAVE_PREAD 1
| #define HAVE_PWRITE 1
| /* end confdefs.h.  */
| /* Define lrintf to an innocuous variant, in case <limits.h> declares lrintf.
|    For example, HP-UX 11i <limits.h> declares gettimeofday.  */
| #define lrintf innocuous_lrintf
| 
| /* System header to define __stub macros and hopefully few prototypes,
|     which can conflict with char lrintf (); below.
|     Prefer <limits.h> to <assert.h> if __STDC__ is defined, since
|     <limits.h> exists even on freestanding compilers.  */
| 
| #ifdef __STDC__
| # include <limits.h>
| #else
| # include <assert.h>
| #endif
| 
| #undef lrintf
| 
| /* Override any GCC internal prototype to avoid an error.
|    Use char because int might match the return type of a GCC
|    builtin and then its argument prototype would still apply.  */
| #ifdef __cplusplus
| extern "C"
| #endif
| char lrintf ();
| /* The GNU C library defines this for functions which it implements
|     to always fail with ENOSYS.  Some functions are actually named
|     something starting with __ and the normal name is an alias.  */
| #if defined __stub_lrintf || defined __stub___lrintf
| choke me
| #endif
| 
| int
| main ()
| {
| return lrintf ();
|   ;
|   return 0;
| }
configure:16234: result: no
configure:16234: checking for strlcpy
configure:16234: arm-mv5sft-linux-gnueabi-gcc -o conftest -DALPHA_CUSTOMIZE -std=gnu99 -ggdb3 -Wall -W -Wpointer-arith -Wformat-security -Wcast-align -Wundef -Wcast-align -Wstrict-prototypes -Wmissing-declarations -Wmissing-format-attribute -Wredundant-decls -Wnested-externs -Wunused-parameter -Wwrite-strings -Winline -Wfloat-equal -Wextra -Wdeclaration-after-statement -Winit-self -Wvariadic-macros  -DNDEBUG -L/opt_gccarm/arm-mv5sft-linux-gnueabi/arm-mv5sft-linux-gnueabi/sys-root/usr/lib -liconv conftest.c  >&5
conftest.c:52: warning: function declaration isn't a prototype
conftest.c:62: warning: function declaration isn't a prototype
/tmp/ccoAZIck.o: In function `main':
/opt/DNS-320L/GPL_320_325/transmission-2.42/conftest.c:63: undefined reference to `strlcpy'
collect2: ld returned 1 exit status
configure:16234: $? = 1
configure: failed program was:
| /* confdefs.h */
| #define PACKAGE_NAME "transmission"
| #define PACKAGE_TARNAME "transmission"
| #define PACKAGE_VERSION "2.42"
| #define PACKAGE_STRING "transmission 2.42"
| #define PACKAGE_BUGREPORT "http://trac.transmissionbt.com/newticket"
| #define PACKAGE_URL ""
| #define PACKAGE "transmission"
| #define VERSION "2.42"
| #define STDC_HEADERS 1
| #define HAVE_SYS_TYPES_H 1
| #define HAVE_SYS_STAT_H 1
| #define HAVE_STDLIB_H 1
| #define HAVE_STRING_H 1
| #define HAVE_MEMORY_H 1
| #define HAVE_STRINGS_H 1
| #define HAVE_INTTYPES_H 1
| #define HAVE_STDINT_H 1
| #define HAVE_UNISTD_H 1
| #define HAVE_DLFCN_H 1
| #define LT_OBJDIR ".libs/"
| #define STDC_HEADERS 1
| #define TIME_WITH_SYS_TIME 1
| #define HAVE_STDBOOL_H 1
| #define HAVE_ICONV_OPEN 1
| #define HAVE_PREAD 1
| #define HAVE_PWRITE 1
| /* end confdefs.h.  */
| /* Define strlcpy to an innocuous variant, in case <limits.h> declares strlcpy.
|    For example, HP-UX 11i <limits.h> declares gettimeofday.  */
| #define strlcpy innocuous_strlcpy
| 
| /* System header to define __stub macros and hopefully few prototypes,
|     which can conflict with char strlcpy (); below.
|     Prefer <limits.h> to <assert.h> if __STDC__ is defined, since
|     <limits.h> exists even on freestanding compilers.  */
| 
| #ifdef __STDC__
| # include <limits.h>
| #else
| # include <assert.h>
| #endif
| 
| #undef strlcpy
| 
| /* Override any GCC internal prototype to avoid an error.
|    Use char because int might match the return type of a GCC
|    builtin and then its argument prototype would still apply.  */
| #ifdef __cplusplus
| extern "C"
| #endif
| char strlcpy ();
| /* The GNU C library defines this for functions which it implements
|     to always fail with ENOSYS.  Some functions are actually named
|     something starting with __ and the normal name is an alias.  */
| #if defined __stub_strlcpy || defined __stub___strlcpy
| choke me
| #endif
| 
| int
| main ()
| {
| return strlcpy ();
|   ;
|   return 0;
| }
configure:16234: result: no
configure:16234: checking for daemon
configure:16234: arm-mv5sft-linux-gnueabi-gcc -o conftest -DALPHA_CUSTOMIZE -std=gnu99 -ggdb3 -Wall -W -Wpointer-arith -Wformat-security -Wcast-align -Wundef -Wcast-align -Wstrict-prototypes -Wmissing-declarations -Wmissing-format-attribute -Wredundant-decls -Wnested-externs -Wunused-parameter -Wwrite-strings -Winline -Wfloat-equal -Wextra -Wdeclaration-after-statement -Winit-self -Wvariadic-macros  -DNDEBUG -L/opt_gccarm/arm-mv5sft-linux-gnueabi/arm-mv5sft-linux-gnueabi/sys-root/usr/lib -liconv conftest.c  >&5
conftest.c:52: warning: function declaration isn't a prototype
conftest.c:62: warning: function declaration isn't a prototype
configure:16234: $? = 0
configure:16234: result: yes
configure:16234: checking for dirname
configure:16234: arm-mv5sft-linux-gnueabi-gcc -o conftest -DALPHA_CUSTOMIZE -std=gnu99 -ggdb3 -Wall -W -Wpointer-arith -Wformat-security -Wcast-align -Wundef -Wcast-align -Wstrict-prototypes -Wmissing-declarations -Wmissing-format-attribute -Wredundant-decls -Wnested-externs -Wunused-parameter -Wwrite-strings -Winline -Wfloat-equal -Wextra -Wdeclaration-after-statement -Winit-self -Wvariadic-macros  -DNDEBUG -L/opt_gccarm/arm-mv5sft-linux-gnueabi/arm-mv5sft-linux-gnueabi/sys-root/usr/lib -liconv conftest.c  >&5
conftest.c:53: warning: function declaration isn't a prototype
conftest.c:63: warning: function declaration isn't a prototype
configure:16234: $? = 0
configure:16234: result: yes
configure:16234: checking for basename
configure:16234: arm-mv5sft-linux-gnueabi-gcc -o conftest -DALPHA_CUSTOMIZE -std=gnu99 -ggdb3 -Wall -W -Wpointer-arith -Wformat-security -Wcast-align -Wundef -Wcast-align -Wstrict-prototypes -Wmissing-declarations -Wmissing-format-attribute -Wredundant-decls -Wnested-externs -Wunused-parameter -Wwrite-strings -Winline -Wfloat-equal -Wextra -Wdeclaration-after-statement -Winit-self -Wvariadic-macros  -DNDEBUG -L/opt_gccarm/arm-mv5sft-linux-gnueabi/arm-mv5sft-linux-gnueabi/sys-root/usr/lib -liconv conftest.c  >&5
conftest.c:54: warning: function declaration isn't a prototype
conftest.c:64: warning: function declaration isn't a prototype
configure:16234: $? = 0
configure:16234: result: yes
configure:16234: checking for strcasecmp
configure:16234: arm-mv5sft-linux-gnueabi-gcc -o conftest -DALPHA_CUSTOMIZE -std=gnu99 -ggdb3 -Wall -W -Wpointer-arith -Wformat-security -Wcast-align -Wundef -Wcast-align -Wstrict-prototypes -Wmissing-declarations -Wmissing-format-attribute -Wredundant-decls -Wnested-externs -Wunused-parameter -Wwrite-strings -Winline -Wfloat-equal -Wextra -Wdeclaration-after-statement -Winit-self -Wvariadic-macros  -DNDEBUG -L/opt_gccarm/arm-mv5sft-linux-gnueabi/arm-mv5sft-linux-gnueabi/sys-root/usr/lib -liconv conftest.c  >&5
conftest.c:55: warning: function declaration isn't a prototype
conftest.c:55: warning: conflicting types for built-in function 'strcasecmp'
conftest.c:65: warning: function declaration isn't a prototype
configure:16234: $? = 0
configure:16234: result: yes
configure:16234: checking for localtime_r
configure:16234: arm-mv5sft-linux-gnueabi-gcc -o conftest -DALPHA_CUSTOMIZE -std=gnu99 -ggdb3 -Wall -W -Wpointer-arith -Wformat-security -Wcast-align -Wundef -Wcast-align -Wstrict-prototypes -Wmissing-declarations -Wmissing-format-attribute -Wredundant-decls -Wnested-externs -Wunused-parameter -Wwrite-strings -Winline -Wfloat-equal -Wextra -Wdeclaration-after-statement -Winit-self -Wvariadic-macros  -DNDEBUG -L/opt_gccarm/arm-mv5sft-linux-gnueabi/arm-mv5sft-linux-gnueabi/sys-root/usr/lib -liconv conftest.c  >&5
conftest.c:56: warning: function declaration isn't a prototype
conftest.c:66: warning: function declaration isn't a prototype
configure:16234: $? = 0
configure:16234: result: yes
configure:16234: checking for fallocate64
configure:16234: arm-mv5sft-linux-gnueabi-gcc -o conftest -DALPHA_CUSTOMIZE -std=gnu99 -ggdb3 -Wall -W -Wpointer-arith -Wformat-security -Wcast-align -Wundef -Wcast-align -Wstrict-prototypes -Wmissing-declarations -Wmissing-format-attribute -Wredundant-decls -Wnested-externs -Wunused-parameter -Wwrite-strings -Winline -Wfloat-equal -Wextra -Wdeclaration-after-statement -Winit-self -Wvariadic-macros  -DNDEBUG -L/opt_gccarm/arm-mv5sft-linux-gnueabi/arm-mv5sft-linux-gnueabi/sys-root/usr/lib -liconv conftest.c  >&5
conftest.c:57: warning: function declaration isn't a prototype
conftest.c:67: warning: function declaration isn't a prototype
/tmp/ccI3qcZn.o: In function `main':
/opt/DNS-320L/GPL_320_325/transmission-2.42/conftest.c:68: undefined reference to `fallocate64'
collect2: ld returned 1 exit status
configure:16234: $? = 1
configure: failed program was:
| /* confdefs.h */
| #define PACKAGE_NAME "transmission"
| #define PACKAGE_TARNAME "transmission"
| #define PACKAGE_VERSION "2.42"
| #define PACKAGE_STRING "transmission 2.42"
| #define PACKAGE_BUGREPORT "http://trac.transmissionbt.com/newticket"
| #define PACKAGE_URL ""
| #define PACKAGE "transmission"
| #define VERSION "2.42"
| #define STDC_HEADERS 1
| #define HAVE_SYS_TYPES_H 1
| #define HAVE_SYS_STAT_H 1
| #define HAVE_STDLIB_H 1
| #define HAVE_STRING_H 1
| #define HAVE_MEMORY_H 1
| #define HAVE_STRINGS_H 1
| #define HAVE_INTTYPES_H 1
| #define HAVE_STDINT_H 1
| #define HAVE_UNISTD_H 1
| #define HAVE_DLFCN_H 1
| #define LT_OBJDIR ".libs/"
| #define STDC_HEADERS 1
| #define TIME_WITH_SYS_TIME 1
| #define HAVE_STDBOOL_H 1
| #define HAVE_ICONV_OPEN 1
| #define HAVE_PREAD 1
| #define HAVE_PWRITE 1
| #define HAVE_DAEMON 1
| #define HAVE_DIRNAME 1
| #define HAVE_BASENAME 1
| #define HAVE_STRCASECMP 1
| #define HAVE_LOCALTIME_R 1
| /* end confdefs.h.  */
| /* Define fallocate64 to an innocuous variant, in case <limits.h> declares fallocate64.
|    For example, HP-UX 11i <limits.h> declares gettimeofday.  */
| #define fallocate64 innocuous_fallocate64
| 
| /* System header to define __stub macros and hopefully few prototypes,
|     which can conflict with char fallocate64 (); below.
|     Prefer <limits.h> to <assert.h> if __STDC__ is defined, since
|     <limits.h> exists even on freestanding compilers.  */
| 
| #ifdef __STDC__
| # include <limits.h>
| #else
| # include <assert.h>
| #endif
| 
| #undef fallocate64
| 
| /* Override any GCC internal prototype to avoid an error.
|    Use char because int might match the return type of a GCC
|    builtin and then its argument prototype would still apply.  */
| #ifdef __cplusplus
| extern "C"
| #endif
| char fallocate64 ();
| /* The GNU C library defines this for functions which it implements
|     to always fail with ENOSYS.  Some functions are actually named
|     something starting with __ and the normal name is an alias.  */
| #if defined __stub_fallocate64 || defined __stub___fallocate64
| choke me
| #endif
| 
| int
| main ()
| {
| return fallocate64 ();
|   ;
|   return 0;
| }
configure:16234: result: no
configure:16234: checking for posix_fallocate
configure:16234: arm-mv5sft-linux-gnueabi-gcc -o conftest -DALPHA_CUSTOMIZE -std=gnu99 -ggdb3 -Wall -W -Wpointer-arith -Wformat-security -Wcast-align -Wundef -Wcast-align -Wstrict-prototypes -Wmissing-declarations -Wmissing-format-attribute -Wredundant-decls -Wnested-externs -Wunused-parameter -Wwrite-strings -Winline -Wfloat-equal -Wextra -Wdeclaration-after-statement -Winit-self -Wvariadic-macros  -DNDEBUG -L/opt_gccarm/arm-mv5sft-linux-gnueabi/arm-mv5sft-linux-gnueabi/sys-root/usr/lib -liconv conftest.c  >&5
conftest.c:57: warning: function declaration isn't a prototype
conftest.c:67: warning: function declaration isn't a prototype
configure:16234: $? = 0
configure:16234: result: yes
configure:16234: checking for memmem
configure:16234: arm-mv5sft-linux-gnueabi-gcc -o conftest -DALPHA_CUSTOMIZE -std=gnu99 -ggdb3 -Wall -W -Wpointer-arith -Wformat-security -Wcast-align -Wundef -Wcast-align -Wstrict-prototypes -Wmissing-declarations -Wmissing-format-attribute -Wredundant-decls -Wnested-externs -Wunused-parameter -Wwrite-strings -Winline -Wfloat-equal -Wextra -Wdeclaration-after-statement -Winit-self -Wvariadic-macros  -DNDEBUG -L/opt_gccarm/arm-mv5sft-linux-gnueabi/arm-mv5sft-linux-gnueabi/sys-root/usr/lib -liconv conftest.c  >&5
conftest.c:58: warning: function declaration isn't a prototype
conftest.c:68: warning: function declaration isn't a prototype
configure:16234: $? = 0
configure:16234: result: yes
configure:16234: checking for strsep
configure:16234: arm-mv5sft-linux-gnueabi-gcc -o conftest -DALPHA_CUSTOMIZE -std=gnu99 -ggdb3 -Wall -W -Wpointer-arith -Wformat-security -Wcast-align -Wundef -Wcast-align -Wstrict-prototypes -Wmissing-declarations -Wmissing-format-attribute -Wredundant-decls -Wnested-externs -Wunused-parameter -Wwrite-strings -Winline -Wfloat-equal -Wextra -Wdeclaration-after-statement -Winit-self -Wvariadic-macros  -DNDEBUG -L/opt_gccarm/arm-mv5sft-linux-gnueabi/arm-mv5sft-linux-gnueabi/sys-root/usr/lib -liconv conftest.c  >&5
conftest.c:59: warning: function declaration isn't a prototype
conftest.c:69: warning: function declaration isn't a prototype
configure:16234: $? = 0
configure:16234: result: yes
configure:16234: checking for strtold
configure:16234: arm-mv5sft-linux-gnueabi-gcc -o conftest -DALPHA_CUSTOMIZE -std=gnu99 -ggdb3 -Wall -W -Wpointer-arith -Wformat-security -Wcast-align -Wundef -Wcast-align -Wstrict-prototypes -Wmissing-declarations -Wmissing-format-attribute -Wredundant-decls -Wnested-externs -Wunused-parameter -Wwrite-strings -Winline -Wfloat-equal -Wextra -Wdeclaration-after-statement -Winit-self -Wvariadic-macros  -DNDEBUG -L/opt_gccarm/arm-mv5sft-linux-gnueabi/arm-mv5sft-linux-gnueabi/sys-root/usr/lib -liconv conftest.c  >&5
conftest.c:60: warning: function declaration isn't a prototype
conftest.c:70: warning: function declaration isn't a prototype
configure:16234: $? = 0
configure:16234: result: yes
configure:16234: checking for syslog
configure:16234: arm-mv5sft-linux-gnueabi-gcc -o conftest -DALPHA_CUSTOMIZE -std=gnu99 -ggdb3 -Wall -W -Wpointer-arith -Wformat-security -Wcast-align -Wundef -Wcast-align -Wstrict-prototypes -Wmissing-declarations -Wmissing-format-attribute -Wredundant-decls -Wnested-externs -Wunused-parameter -Wwrite-strings -Winline -Wfloat-equal -Wextra -Wdeclaration-after-statement -Winit-self -Wvariadic-macros  -DNDEBUG -L/opt_gccarm/arm-mv5sft-linux-gnueabi/arm-mv5sft-linux-gnueabi/sys-root/usr/lib -liconv conftest.c  >&5
conftest.c:61: warning: function declaration isn't a prototype
conftest.c:71: warning: function declaration isn't a prototype
configure:16234: $? = 0
configure:16234: result: yes
configure:16234: checking for valloc
configure:16234: arm-mv5sft-linux-gnueabi-gcc -o conftest -DALPHA_CUSTOMIZE -std=gnu99 -ggdb3 -Wall -W -Wpointer-arith -Wformat-security -Wcast-align -Wundef -Wcast-align -Wstrict-prototypes -Wmissing-declarations -Wmissing-format-attribute -Wredundant-decls -Wnested-externs -Wunused-parameter -Wwrite-strings -Winline -Wfloat-equal -Wextra -Wdeclaration-after-statement -Winit-self -Wvariadic-macros  -DNDEBUG -L/opt_gccarm/arm-mv5sft-linux-gnueabi/arm-mv5sft-linux-gnueabi/sys-root/usr/lib -liconv conftest.c  >&5
conftest.c:62: warning: function declaration isn't a prototype
conftest.c:72: warning: function declaration isn't a prototype
configure:16234: $? = 0
configure:16234: result: yes
configure:16234: checking for getpagesize
configure:16234: arm-mv5sft-linux-gnueabi-gcc -o conftest -DALPHA_CUSTOMIZE -std=gnu99 -ggdb3 -Wall -W -Wpointer-arith -Wformat-security -Wcast-align -Wundef -Wcast-align -Wstrict-prototypes -Wmissing-declarations -Wmissing-format-attribute -Wredundant-decls -Wnested-externs -Wunused-parameter -Wwrite-strings -Winline -Wfloat-equal -Wextra -Wdeclaration-after-statement -Winit-self -Wvariadic-macros  -DNDEBUG -L/opt_gccarm/arm-mv5sft-linux-gnueabi/arm-mv5sft-linux-gnueabi/sys-root/usr/lib -liconv conftest.c  >&5
conftest.c:63: warning: function declaration isn't a prototype
conftest.c:73: warning: function declaration isn't a prototype
configure:16234: $? = 0
configure:16234: result: yes
configure:16234: checking for posix_memalign
configure:16234: arm-mv5sft-linux-gnueabi-gcc -o conftest -DALPHA_CUSTOMIZE -std=gnu99 -ggdb3 -Wall -W -Wpointer-arith -Wformat-security -Wcast-align -Wundef -Wcast-align -Wstrict-prototypes -Wmissing-declarations -Wmissing-format-attribute -Wredundant-decls -Wnested-externs -Wunused-parameter -Wwrite-strings -Winline -Wfloat-equal -Wextra -Wdeclaration-after-statement -Winit-self -Wvariadic-macros  -DNDEBUG -L/opt_gccarm/arm-mv5sft-linux-gnueabi/arm-mv5sft-linux-gnueabi/sys-root/usr/lib -liconv conftest.c  >&5
conftest.c:64: warning: function declaration isn't a prototype
conftest.c:74: warning: function declaration isn't a prototype
configure:16234: $? = 0
configure:16234: result: yes
configure:16234: checking for statvfs
configure:16234: arm-mv5sft-linux-gnueabi-gcc -o conftest -DALPHA_CUSTOMIZE -std=gnu99 -ggdb3 -Wall -W -Wpointer-arith -Wformat-security -Wcast-align -Wundef -Wcast-align -Wstrict-prototypes -Wmissing-declarations -Wmissing-format-attribute -Wredundant-decls -Wnested-externs -Wunused-parameter -Wwrite-strings -Winline -Wfloat-equal -Wextra -Wdeclaration-after-statement -Winit-self -Wvariadic-macros  -DNDEBUG -L/opt_gccarm/arm-mv5sft-linux-gnueabi/arm-mv5sft-linux-gnueabi/sys-root/usr/lib -liconv conftest.c  >&5
conftest.c:65: warning: function declaration isn't a prototype
conftest.c:75: warning: function declaration isn't a prototype
configure:16234: $? = 0
configure:16234: result: yes
configure:16234: checking for htonll
configure:16234: arm-mv5sft-linux-gnueabi-gcc -o conftest -DALPHA_CUSTOMIZE -std=gnu99 -ggdb3 -Wall -W -Wpointer-arith -Wformat-security -Wcast-align -Wundef -Wcast-align -Wstrict-prototypes -Wmissing-declarations -Wmissing-format-attribute -Wredundant-decls -Wnested-externs -Wunused-parameter -Wwrite-strings -Winline -Wfloat-equal -Wextra -Wdeclaration-after-statement -Winit-self -Wvariadic-macros  -DNDEBUG -L/opt_gccarm/arm-mv5sft-linux-gnueabi/arm-mv5sft-linux-gnueabi/sys-root/usr/lib -liconv conftest.c  >&5
conftest.c:66: warning: function declaration isn't a prototype
conftest.c:76: warning: function declaration isn't a prototype
/tmp/ccyxaIBl.o: In function `main':
/opt/DNS-320L/GPL_320_325/transmission-2.42/conftest.c:77: undefined reference to `htonll'
collect2: ld returned 1 exit status
configure:16234: $? = 1
configure: failed program was:
| /* confdefs.h */
| #define PACKAGE_NAME "transmission"
| #define PACKAGE_TARNAME "transmission"
| #define PACKAGE_VERSION "2.42"
| #define PACKAGE_STRING "transmission 2.42"
| #define PACKAGE_BUGREPORT "http://trac.transmissionbt.com/newticket"
| #define PACKAGE_URL ""
| #define PACKAGE "transmission"
| #define VERSION "2.42"
| #define STDC_HEADERS 1
| #define HAVE_SYS_TYPES_H 1
| #define HAVE_SYS_STAT_H 1
| #define HAVE_STDLIB_H 1
| #define HAVE_STRING_H 1
| #define HAVE_MEMORY_H 1
| #define HAVE_STRINGS_H 1
| #define HAVE_INTTYPES_H 1
| #define HAVE_STDINT_H 1
| #define HAVE_UNISTD_H 1
| #define HAVE_DLFCN_H 1
| #define LT_OBJDIR ".libs/"
| #define STDC_HEADERS 1
| #define TIME_WITH_SYS_TIME 1
| #define HAVE_STDBOOL_H 1
| #define HAVE_ICONV_OPEN 1
| #define HAVE_PREAD 1
| #define HAVE_PWRITE 1
| #define HAVE_DAEMON 1
| #define HAVE_DIRNAME 1
| #define HAVE_BASENAME 1
| #define HAVE_STRCASECMP 1
| #define HAVE_LOCALTIME_R 1
| #define HAVE_POSIX_FALLOCATE 1
| #define HAVE_MEMMEM 1
| #define HAVE_STRSEP 1
| #define HAVE_STRTOLD 1
| #define HAVE_SYSLOG 1
| #define HAVE_VALLOC 1
| #define HAVE_GETPAGESIZE 1
| #define HAVE_POSIX_MEMALIGN 1
| #define HAVE_STATVFS 1
| /* end confdefs.h.  */
| /* Define htonll to an innocuous variant, in case <limits.h> declares htonll.
|    For example, HP-UX 11i <limits.h> declares gettimeofday.  */
| #define htonll innocuous_htonll
| 
| /* System header to define __stub macros and hopefully few prototypes,
|     which can conflict with char htonll (); below.
|     Prefer <limits.h> to <assert.h> if __STDC__ is defined, since
|     <limits.h> exists even on freestanding compilers.  */
| 
| #ifdef __STDC__
| # include <limits.h>
| #else
| # include <assert.h>
| #endif
| 
| #undef htonll
| 
| /* Override any GCC internal prototype to avoid an error.
|    Use char because int might match the return type of a GCC
|    builtin and then its argument prototype would still apply.  */
| #ifdef __cplusplus
| extern "C"
| #endif
| char htonll ();
| /* The GNU C library defines this for functions which it implements
|     to always fail with ENOSYS.  Some functions are actually named
|     something starting with __ and the normal name is an alias.  */
| #if defined __stub_htonll || defined __stub___htonll
| choke me
| #endif
| 
| int
| main ()
| {
| return htonll ();
|   ;
|   return 0;
| }
configure:16234: result: no
configure:16234: checking for ntohll
configure:16234: arm-mv5sft-linux-gnueabi-gcc -o conftest -DALPHA_CUSTOMIZE -std=gnu99 -ggdb3 -Wall -W -Wpointer-arith -Wformat-security -Wcast-align -Wundef -Wcast-align -Wstrict-prototypes -Wmissing-declarations -Wmissing-format-attribute -Wredundant-decls -Wnested-externs -Wunused-parameter -Wwrite-strings -Winline -Wfloat-equal -Wextra -Wdeclaration-after-statement -Winit-self -Wvariadic-macros  -DNDEBUG -L/opt_gccarm/arm-mv5sft-linux-gnueabi/arm-mv5sft-linux-gnueabi/sys-root/usr/lib -liconv conftest.c  >&5
conftest.c:66: warning: function declaration isn't a prototype
conftest.c:76: warning: function declaration isn't a prototype
/tmp/ccc0LqEw.o: In function `main':
/opt/DNS-320L/GPL_320_325/transmission-2.42/conftest.c:77: undefined reference to `ntohll'
collect2: ld returned 1 exit status
configure:16234: $? = 1
configure: failed program was:
| /* confdefs.h */
| #define PACKAGE_NAME "transmission"
| #define PACKAGE_TARNAME "transmission"
| #define PACKAGE_VERSION "2.42"
| #define PACKAGE_STRING "transmission 2.42"
| #define PACKAGE_BUGREPORT "http://trac.transmissionbt.com/newticket"
| #define PACKAGE_URL ""
| #define PACKAGE "transmission"
| #define VERSION "2.42"
| #define STDC_HEADERS 1
| #define HAVE_SYS_TYPES_H 1
| #define HAVE_SYS_STAT_H 1
| #define HAVE_STDLIB_H 1
| #define HAVE_STRING_H 1
| #define HAVE_MEMORY_H 1
| #define HAVE_STRINGS_H 1
| #define HAVE_INTTYPES_H 1
| #define HAVE_STDINT_H 1
| #define HAVE_UNISTD_H 1
| #define HAVE_DLFCN_H 1
| #define LT_OBJDIR ".libs/"
| #define STDC_HEADERS 1
| #define TIME_WITH_SYS_TIME 1
| #define HAVE_STDBOOL_H 1
| #define HAVE_ICONV_OPEN 1
| #define HAVE_PREAD 1
| #define HAVE_PWRITE 1
| #define HAVE_DAEMON 1
| #define HAVE_DIRNAME 1
| #define HAVE_BASENAME 1
| #define HAVE_STRCASECMP 1
| #define HAVE_LOCALTIME_R 1
| #define HAVE_POSIX_FALLOCATE 1
| #define HAVE_MEMMEM 1
| #define HAVE_STRSEP 1
| #define HAVE_STRTOLD 1
| #define HAVE_SYSLOG 1
| #define HAVE_VALLOC 1
| #define HAVE_GETPAGESIZE 1
| #define HAVE_POSIX_MEMALIGN 1
| #define HAVE_STATVFS 1
| /* end confdefs.h.  */
| /* Define ntohll to an innocuous variant, in case <limits.h> declares ntohll.
|    For example, HP-UX 11i <limits.h> declares gettimeofday.  */
| #define ntohll innocuous_ntohll
| 
| /* System header to define __stub macros and hopefully few prototypes,
|     which can conflict with char ntohll (); below.
|     Prefer <limits.h> to <assert.h> if __STDC__ is defined, since
|     <limits.h> exists even on freestanding compilers.  */
| 
| #ifdef __STDC__
| # include <limits.h>
| #else
| # include <assert.h>
| #endif
| 
| #undef ntohll
| 
| /* Override any GCC internal prototype to avoid an error.
|    Use char because int might match the return type of a GCC
|    builtin and then its argument prototype would still apply.  */
| #ifdef __cplusplus
| extern "C"
| #endif
| char ntohll ();
| /* The GNU C library defines this for functions which it implements
|     to always fail with ENOSYS.  Some functions are actually named
|     something starting with __ and the normal name is an alias.  */
| #if defined __stub_ntohll || defined __stub___ntohll
| choke me
| #endif
| 
| int
| main ()
| {
| return ntohll ();
|   ;
|   return 0;
| }
configure:16234: result: no
configure:16244: checking whether make sets $(MAKE)
configure:16266: result: yes
configure:16440: checking for the pthreads library -lpthreads
configure:16473: arm-mv5sft-linux-gnueabi-gcc -o conftest -DALPHA_CUSTOMIZE -std=gnu99 -ggdb3 -Wall -W -Wpointer-arith -Wformat-security -Wcast-align -Wundef -Wcast-align -Wstrict-prototypes -Wmissing-declarations -Wmissing-format-attribute -Wredundant-decls -Wnested-externs -Wunused-parameter -Wwrite-strings -Winline -Wfloat-equal -Wextra -Wdeclaration-after-statement -Winit-self -Wvariadic-macros   -DNDEBUG -L/opt_gccarm/arm-mv5sft-linux-gnueabi/arm-mv5sft-linux-gnueabi/sys-root/usr/lib -liconv conftest.c -lpthreads  >&5
conftest.c:46: warning: function declaration isn't a prototype
conftest.c: In function 'main':
conftest.c:48: warning: null argument where non-null required (argument 1)
conftest.c:49: warning: null argument where non-null required (argument 1)
conftest.c:49: warning: null argument where non-null required (argument 3)
conftest.c:49: warning: suggest braces around empty body in 'do' statement
/opt_gccarm/arm-mv5sft-linux-gnueabi/bin/../lib/gcc/arm-mv5sft-linux-gnueabi/4.3.2/../../../../arm-mv5sft-linux-gnueabi/bin/ld: cannot find -lpthreads
collect2: ld returned 1 exit status
configure:16473: $? = 1
configure: failed program was:
| /* confdefs.h */
| #define PACKAGE_NAME "transmission"
| #define PACKAGE_TARNAME "transmission"
| #define PACKAGE_VERSION "2.42"
| #define PACKAGE_STRING "transmission 2.42"
| #define PACKAGE_BUGREPORT "http://trac.transmissionbt.com/newticket"
| #define PACKAGE_URL ""
| #define PACKAGE "transmission"
| #define VERSION "2.42"
| #define STDC_HEADERS 1
| #define HAVE_SYS_TYPES_H 1
| #define HAVE_SYS_STAT_H 1
| #define HAVE_STDLIB_H 1
| #define HAVE_STRING_H 1
| #define HAVE_MEMORY_H 1
| #define HAVE_STRINGS_H 1
| #define HAVE_INTTYPES_H 1
| #define HAVE_STDINT_H 1
| #define HAVE_UNISTD_H 1
| #define HAVE_DLFCN_H 1
| #define LT_OBJDIR ".libs/"
| #define STDC_HEADERS 1
| #define TIME_WITH_SYS_TIME 1
| #define HAVE_STDBOOL_H 1
| #define HAVE_ICONV_OPEN 1
| #define HAVE_PREAD 1
| #define HAVE_PWRITE 1
| #define HAVE_DAEMON 1
| #define HAVE_DIRNAME 1
| #define HAVE_BASENAME 1
| #define HAVE_STRCASECMP 1
| #define HAVE_LOCALTIME_R 1
| #define HAVE_POSIX_FALLOCATE 1
| #define HAVE_MEMMEM 1
| #define HAVE_STRSEP 1
| #define HAVE_STRTOLD 1
| #define HAVE_SYSLOG 1
| #define HAVE_VALLOC 1
| #define HAVE_GETPAGESIZE 1
| #define HAVE_POSIX_MEMALIGN 1
| #define HAVE_STATVFS 1
| /* end confdefs.h.  */
| #include <pthread.h>
| int
| main ()
| {
| pthread_t th; pthread_join(th, 0);
|                      pthread_attr_init(0); pthread_cleanup_push(0, 0);
|                      pthread_create(0,0,0,0); pthread_cleanup_pop(0);
|   ;
|   return 0;
| }
configure:16482: result: no
configure:16385: checking whether pthreads work without any flags
configure:16473: arm-mv5sft-linux-gnueabi-gcc -o conftest -DALPHA_CUSTOMIZE -std=gnu99 -ggdb3 -Wall -W -Wpointer-arith -Wformat-security -Wcast-align -Wundef -Wcast-align -Wstrict-prototypes -Wmissing-declarations -Wmissing-format-attribute -Wredundant-decls -Wnested-externs -Wunused-parameter -Wwrite-strings -Winline -Wfloat-equal -Wextra -Wdeclaration-after-statement -Winit-self -Wvariadic-macros   -DNDEBUG -L/opt_gccarm/arm-mv5sft-linux-gnueabi/arm-mv5sft-linux-gnueabi/sys-root/usr/lib -liconv conftest.c   >&5
conftest.c:46: warning: function declaration isn't a prototype
conftest.c: In function 'main':
conftest.c:48: warning: null argument where non-null required (argument 1)
conftest.c:49: warning: null argument where non-null required (argument 1)
conftest.c:49: warning: null argument where non-null required (argument 3)
conftest.c:49: warning: suggest braces around empty body in 'do' statement
/tmp/ccctOur1.o: In function `main':
/opt/DNS-320L/GPL_320_325/transmission-2.42/conftest.c:47: undefined reference to `pthread_join'
/opt/DNS-320L/GPL_320_325/transmission-2.42/conftest.c:48: undefined reference to `__pthread_register_cancel'
/opt/DNS-320L/GPL_320_325/transmission-2.42/conftest.c:49: undefined reference to `pthread_create'
/opt/DNS-320L/GPL_320_325/transmission-2.42/conftest.c:49: undefined reference to `__pthread_unregister_cancel'
collect2: ld returned 1 exit status
configure:16473: $? = 1
configure: failed program was:
| /* confdefs.h */
| #define PACKAGE_NAME "transmission"
| #define PACKAGE_TARNAME "transmission"
| #define PACKAGE_VERSION "2.42"
| #define PACKAGE_STRING "transmission 2.42"
| #define PACKAGE_BUGREPORT "http://trac.transmissionbt.com/newticket"
| #define PACKAGE_URL ""
| #define PACKAGE "transmission"
| #define VERSION "2.42"
| #define STDC_HEADERS 1
| #define HAVE_SYS_TYPES_H 1
| #define HAVE_SYS_STAT_H 1
| #define HAVE_STDLIB_H 1
| #define HAVE_STRING_H 1
| #define HAVE_MEMORY_H 1
| #define HAVE_STRINGS_H 1
| #define HAVE_INTTYPES_H 1
| #define HAVE_STDINT_H 1
| #define HAVE_UNISTD_H 1
| #define HAVE_DLFCN_H 1
| #define LT_OBJDIR ".libs/"
| #define STDC_HEADERS 1
| #define TIME_WITH_SYS_TIME 1
| #define HAVE_STDBOOL_H 1
| #define HAVE_ICONV_OPEN 1
| #define HAVE_PREAD 1
| #define HAVE_PWRITE 1
| #define HAVE_DAEMON 1
| #define HAVE_DIRNAME 1
| #define HAVE_BASENAME 1
| #define HAVE_STRCASECMP 1
| #define HAVE_LOCALTIME_R 1
| #define HAVE_POSIX_FALLOCATE 1
| #define HAVE_MEMMEM 1
| #define HAVE_STRSEP 1
| #define HAVE_STRTOLD 1
| #define HAVE_SYSLOG 1
| #define HAVE_VALLOC 1
| #define HAVE_GETPAGESIZE 1
| #define HAVE_POSIX_MEMALIGN 1
| #define HAVE_STATVFS 1
| /* end confdefs.h.  */
| #include <pthread.h>
| int
| main ()
| {
| pthread_t th; pthread_join(th, 0);
|                      pthread_attr_init(0); pthread_cleanup_push(0, 0);
|                      pthread_create(0,0,0,0); pthread_cleanup_pop(0);
|   ;
|   return 0;
| }
configure:16482: result: no
configure:16390: checking whether pthreads work with -Kthread
configure:16473: arm-mv5sft-linux-gnueabi-gcc -o conftest -DALPHA_CUSTOMIZE -std=gnu99 -ggdb3 -Wall -W -Wpointer-arith -Wformat-security -Wcast-align -Wundef -Wcast-align -Wstrict-prototypes -Wmissing-declarations -Wmissing-format-attribute -Wredundant-decls -Wnested-externs -Wunused-parameter -Wwrite-strings -Winline -Wfloat-equal -Wextra -Wdeclaration-after-statement -Winit-self -Wvariadic-macros -Kthread  -DNDEBUG -L/opt_gccarm/arm-mv5sft-linux-gnueabi/arm-mv5sft-linux-gnueabi/sys-root/usr/lib -liconv conftest.c   >&5
arm-mv5sft-linux-gnueabi-gcc: unrecognized option '-Kthread'
conftest.c:46: warning: function declaration isn't a prototype
conftest.c: In function 'main':
conftest.c:48: warning: null argument where non-null required (argument 1)
conftest.c:49: warning: null argument where non-null required (argument 1)
conftest.c:49: warning: null argument where non-null required (argument 3)
conftest.c:49: warning: suggest braces around empty body in 'do' statement
/tmp/ccuin2Ec.o: In function `main':
/opt/DNS-320L/GPL_320_325/transmission-2.42/conftest.c:47: undefined reference to `pthread_join'
/opt/DNS-320L/GPL_320_325/transmission-2.42/conftest.c:48: undefined reference to `__pthread_register_cancel'
/opt/DNS-320L/GPL_320_325/transmission-2.42/conftest.c:49: undefined reference to `pthread_create'
/opt/DNS-320L/GPL_320_325/transmission-2.42/conftest.c:49: undefined reference to `__pthread_unregister_cancel'
collect2: ld returned 1 exit status
configure:16473: $? = 1
configure: failed program was:
| /* confdefs.h */
| #define PACKAGE_NAME "transmission"
| #define PACKAGE_TARNAME "transmission"
| #define PACKAGE_VERSION "2.42"
| #define PACKAGE_STRING "transmission 2.42"
| #define PACKAGE_BUGREPORT "http://trac.transmissionbt.com/newticket"
| #define PACKAGE_URL ""
| #define PACKAGE "transmission"
| #define VERSION "2.42"
| #define STDC_HEADERS 1
| #define HAVE_SYS_TYPES_H 1
| #define HAVE_SYS_STAT_H 1
| #define HAVE_STDLIB_H 1
| #define HAVE_STRING_H 1
| #define HAVE_MEMORY_H 1
| #define HAVE_STRINGS_H 1
| #define HAVE_INTTYPES_H 1
| #define HAVE_STDINT_H 1
| #define HAVE_UNISTD_H 1
| #define HAVE_DLFCN_H 1
| #define LT_OBJDIR ".libs/"
| #define STDC_HEADERS 1
| #define TIME_WITH_SYS_TIME 1
| #define HAVE_STDBOOL_H 1
| #define HAVE_ICONV_OPEN 1
| #define HAVE_PREAD 1
| #define HAVE_PWRITE 1
| #define HAVE_DAEMON 1
| #define HAVE_DIRNAME 1
| #define HAVE_BASENAME 1
| #define HAVE_STRCASECMP 1
| #define HAVE_LOCALTIME_R 1
| #define HAVE_POSIX_FALLOCATE 1
| #define HAVE_MEMMEM 1
| #define HAVE_STRSEP 1
| #define HAVE_STRTOLD 1
| #define HAVE_SYSLOG 1
| #define HAVE_VALLOC 1
| #define HAVE_GETPAGESIZE 1
| #define HAVE_POSIX_MEMALIGN 1
| #define HAVE_STATVFS 1
| /* end confdefs.h.  */
| #include <pthread.h>
| int
| main ()
| {
| pthread_t th; pthread_join(th, 0);
|                      pthread_attr_init(0); pthread_cleanup_push(0, 0);
|                      pthread_create(0,0,0,0); pthread_cleanup_pop(0);
|   ;
|   return 0;
| }
configure:16482: result: no
configure:16390: checking whether pthreads work with -kthread
configure:16473: arm-mv5sft-linux-gnueabi-gcc -o conftest -DALPHA_CUSTOMIZE -std=gnu99 -ggdb3 -Wall -W -Wpointer-arith -Wformat-security -Wcast-align -Wundef -Wcast-align -Wstrict-prototypes -Wmissing-declarations -Wmissing-format-attribute -Wredundant-decls -Wnested-externs -Wunused-parameter -Wwrite-strings -Winline -Wfloat-equal -Wextra -Wdeclaration-after-statement -Winit-self -Wvariadic-macros -kthread  -DNDEBUG -L/opt_gccarm/arm-mv5sft-linux-gnueabi/arm-mv5sft-linux-gnueabi/sys-root/usr/lib -liconv conftest.c   >&5
arm-mv5sft-linux-gnueabi-gcc: unrecognized option '-kthread'
conftest.c:46: warning: function declaration isn't a prototype
conftest.c: In function 'main':
conftest.c:48: warning: null argument where non-null required (argument 1)
conftest.c:49: warning: null argument where non-null required (argument 1)
conftest.c:49: warning: null argument where non-null required (argument 3)
conftest.c:49: warning: suggest braces around empty body in 'do' statement
/tmp/ccWmFYlu.o: In function `main':
/opt/DNS-320L/GPL_320_325/transmission-2.42/conftest.c:47: undefined reference to `pthread_join'
/opt/DNS-320L/GPL_320_325/transmission-2.42/conftest.c:48: undefined reference to `__pthread_register_cancel'
/opt/DNS-320L/GPL_320_325/transmission-2.42/conftest.c:49: undefined reference to `pthread_create'
/opt/DNS-320L/GPL_320_325/transmission-2.42/conftest.c:49: undefined reference to `__pthread_unregister_cancel'
collect2: ld returned 1 exit status
configure:16473: $? = 1
configure: failed program was:
| /* confdefs.h */
| #define PACKAGE_NAME "transmission"
| #define PACKAGE_TARNAME "transmission"
| #define PACKAGE_VERSION "2.42"
| #define PACKAGE_STRING "transmission 2.42"
| #define PACKAGE_BUGREPORT "http://trac.transmissionbt.com/newticket"
| #define PACKAGE_URL ""
| #define PACKAGE "transmission"
| #define VERSION "2.42"
| #define STDC_HEADERS 1
| #define HAVE_SYS_TYPES_H 1
| #define HAVE_SYS_STAT_H 1
| #define HAVE_STDLIB_H 1
| #define HAVE_STRING_H 1
| #define HAVE_MEMORY_H 1
| #define HAVE_STRINGS_H 1
| #define HAVE_INTTYPES_H 1
| #define HAVE_STDINT_H 1
| #define HAVE_UNISTD_H 1
| #define HAVE_DLFCN_H 1
| #define LT_OBJDIR ".libs/"
| #define STDC_HEADERS 1
| #define TIME_WITH_SYS_TIME 1
| #define HAVE_STDBOOL_H 1
| #define HAVE_ICONV_OPEN 1
| #define HAVE_PREAD 1
| #define HAVE_PWRITE 1
| #define HAVE_DAEMON 1
| #define HAVE_DIRNAME 1
| #define HAVE_BASENAME 1
| #define HAVE_STRCASECMP 1
| #define HAVE_LOCALTIME_R 1
| #define HAVE_POSIX_FALLOCATE 1
| #define HAVE_MEMMEM 1
| #define HAVE_STRSEP 1
| #define HAVE_STRTOLD 1
| #define HAVE_SYSLOG 1
| #define HAVE_VALLOC 1
| #define HAVE_GETPAGESIZE 1
| #define HAVE_POSIX_MEMALIGN 1
| #define HAVE_STATVFS 1
| /* end confdefs.h.  */
| #include <pthread.h>
| int
| main ()
| {
| pthread_t th; pthread_join(th, 0);
|                      pthread_attr_init(0); pthread_cleanup_push(0, 0);
|                      pthread_create(0,0,0,0); pthread_cleanup_pop(0);
|   ;
|   return 0;
| }
configure:16482: result: no
configure:16440: checking for the pthreads library -llthread
configure:16473: arm-mv5sft-linux-gnueabi-gcc -o conftest -DALPHA_CUSTOMIZE -std=gnu99 -ggdb3 -Wall -W -Wpointer-arith -Wformat-security -Wcast-align -Wundef -Wcast-align -Wstrict-prototypes -Wmissing-declarations -Wmissing-format-attribute -Wredundant-decls -Wnested-externs -Wunused-parameter -Wwrite-strings -Winline -Wfloat-equal -Wextra -Wdeclaration-after-statement -Winit-self -Wvariadic-macros   -DNDEBUG -L/opt_gccarm/arm-mv5sft-linux-gnueabi/arm-mv5sft-linux-gnueabi/sys-root/usr/lib -liconv conftest.c -llthread  >&5
conftest.c:46: warning: function declaration isn't a prototype
conftest.c: In function 'main':
conftest.c:48: warning: null argument where non-null required (argument 1)
conftest.c:49: warning: null argument where non-null required (argument 1)
conftest.c:49: warning: null argument where non-null required (argument 3)
conftest.c:49: warning: suggest braces around empty body in 'do' statement
/opt_gccarm/arm-mv5sft-linux-gnueabi/bin/../lib/gcc/arm-mv5sft-linux-gnueabi/4.3.2/../../../../arm-mv5sft-linux-gnueabi/bin/ld: cannot find -llthread
collect2: ld returned 1 exit status
configure:16473: $? = 1
configure: failed program was:
| /* confdefs.h */
| #define PACKAGE_NAME "transmission"
| #define PACKAGE_TARNAME "transmission"
| #define PACKAGE_VERSION "2.42"
| #define PACKAGE_STRING "transmission 2.42"
| #define PACKAGE_BUGREPORT "http://trac.transmissionbt.com/newticket"
| #define PACKAGE_URL ""
| #define PACKAGE "transmission"
| #define VERSION "2.42"
| #define STDC_HEADERS 1
| #define HAVE_SYS_TYPES_H 1
| #define HAVE_SYS_STAT_H 1
| #define HAVE_STDLIB_H 1
| #define HAVE_STRING_H 1
| #define HAVE_MEMORY_H 1
| #define HAVE_STRINGS_H 1
| #define HAVE_INTTYPES_H 1
| #define HAVE_STDINT_H 1
| #define HAVE_UNISTD_H 1
| #define HAVE_DLFCN_H 1
| #define LT_OBJDIR ".libs/"
| #define STDC_HEADERS 1
| #define TIME_WITH_SYS_TIME 1
| #define HAVE_STDBOOL_H 1
| #define HAVE_ICONV_OPEN 1
| #define HAVE_PREAD 1
| #define HAVE_PWRITE 1
| #define HAVE_DAEMON 1
| #define HAVE_DIRNAME 1
| #define HAVE_BASENAME 1
| #define HAVE_STRCASECMP 1
| #define HAVE_LOCALTIME_R 1
| #define HAVE_POSIX_FALLOCATE 1
| #define HAVE_MEMMEM 1
| #define HAVE_STRSEP 1
| #define HAVE_STRTOLD 1
| #define HAVE_SYSLOG 1
| #define HAVE_VALLOC 1
| #define HAVE_GETPAGESIZE 1
| #define HAVE_POSIX_MEMALIGN 1
| #define HAVE_STATVFS 1
| /* end confdefs.h.  */
| #include <pthread.h>
| int
| main ()
| {
| pthread_t th; pthread_join(th, 0);
|                      pthread_attr_init(0); pthread_cleanup_push(0, 0);
|                      pthread_create(0,0,0,0); pthread_cleanup_pop(0);
|   ;
|   return 0;
| }
configure:16482: result: no
configure:16390: checking whether pthreads work with -pthread
configure:16473: arm-mv5sft-linux-gnueabi-gcc -o conftest -DALPHA_CUSTOMIZE -std=gnu99 -ggdb3 -Wall -W -Wpointer-arith -Wformat-security -Wcast-align -Wundef -Wcast-align -Wstrict-prototypes -Wmissing-declarations -Wmissing-format-attribute -Wredundant-decls -Wnested-externs -Wunused-parameter -Wwrite-strings -Winline -Wfloat-equal -Wextra -Wdeclaration-after-statement -Winit-self -Wvariadic-macros -pthread  -DNDEBUG -L/opt_gccarm/arm-mv5sft-linux-gnueabi/arm-mv5sft-linux-gnueabi/sys-root/usr/lib -liconv conftest.c   >&5
conftest.c:46: warning: function declaration isn't a prototype
conftest.c: In function 'main':
conftest.c:48: warning: null argument where non-null required (argument 1)
conftest.c:49: warning: null argument where non-null required (argument 1)
conftest.c:49: warning: null argument where non-null required (argument 3)
conftest.c:49: warning: suggest braces around empty body in 'do' statement
configure:16473: $? = 0
configure:16482: result: yes
configure:16501: checking for joinable pthread attribute
configure:16516: arm-mv5sft-linux-gnueabi-gcc -o conftest -DALPHA_CUSTOMIZE -std=gnu99 -ggdb3 -Wall -W -Wpointer-arith -Wformat-security -Wcast-align -Wundef -Wcast-align -Wstrict-prototypes -Wmissing-declarations -Wmissing-format-attribute -Wredundant-decls -Wnested-externs -Wunused-parameter -Wwrite-strings -Winline -Wfloat-equal -Wextra -Wdeclaration-after-statement -Winit-self -Wvariadic-macros -pthread  -DNDEBUG -L/opt_gccarm/arm-mv5sft-linux-gnueabi/arm-mv5sft-linux-gnueabi/sys-root/usr/lib -liconv conftest.c   >&5
conftest.c:46: warning: function declaration isn't a prototype
configure:16516: $? = 0
configure:16522: result: PTHREAD_CREATE_JOINABLE
configure:16532: checking if more special flags are required for pthreads
configure:16539: result: no
configure:16626: checking for library containing cos
configure:16657: arm-mv5sft-linux-gnueabi-gcc -o conftest -DALPHA_CUSTOMIZE -std=gnu99 -ggdb3 -Wall -W -Wpointer-arith -Wformat-security -Wcast-align -Wundef -Wcast-align -Wstrict-prototypes -Wmissing-declarations -Wmissing-format-attribute -Wredundant-decls -Wnested-externs -Wunused-parameter -Wwrite-strings -Winline -Wfloat-equal -Wextra -Wdeclaration-after-statement -Winit-self -Wvariadic-macros  -DNDEBUG -L/opt_gccarm/arm-mv5sft-linux-gnueabi/arm-mv5sft-linux-gnueabi/sys-root/usr/lib -liconv conftest.c  >&5
conftest.c:51: warning: function declaration isn't a prototype
conftest.c:51: warning: conflicting types for built-in function 'cos'
conftest.c:54: warning: function declaration isn't a prototype
/tmp/ccGtFbao.o: In function `main':
/opt/DNS-320L/GPL_320_325/transmission-2.42/conftest.c:55: undefined reference to `cos'
collect2: ld returned 1 exit status
configure:16657: $? = 1
configure: failed program was:
| /* confdefs.h */
| #define PACKAGE_NAME "transmission"
| #define PACKAGE_TARNAME "transmission"
| #define PACKAGE_VERSION "2.42"
| #define PACKAGE_STRING "transmission 2.42"
| #define PACKAGE_BUGREPORT "http://trac.transmissionbt.com/newticket"
| #define PACKAGE_URL ""
| #define PACKAGE "transmission"
| #define VERSION "2.42"
| #define STDC_HEADERS 1
| #define HAVE_SYS_TYPES_H 1
| #define HAVE_SYS_STAT_H 1
| #define HAVE_STDLIB_H 1
| #define HAVE_STRING_H 1
| #define HAVE_MEMORY_H 1
| #define HAVE_STRINGS_H 1
| #define HAVE_INTTYPES_H 1
| #define HAVE_STDINT_H 1
| #define HAVE_UNISTD_H 1
| #define HAVE_DLFCN_H 1
| #define LT_OBJDIR ".libs/"
| #define STDC_HEADERS 1
| #define TIME_WITH_SYS_TIME 1
| #define HAVE_STDBOOL_H 1
| #define HAVE_ICONV_OPEN 1
| #define HAVE_PREAD 1
| #define HAVE_PWRITE 1
| #define HAVE_DAEMON 1
| #define HAVE_DIRNAME 1
| #define HAVE_BASENAME 1
| #define HAVE_STRCASECMP 1
| #define HAVE_LOCALTIME_R 1
| #define HAVE_POSIX_FALLOCATE 1
| #define HAVE_MEMMEM 1
| #define HAVE_STRSEP 1
| #define HAVE_STRTOLD 1
| #define HAVE_SYSLOG 1
| #define HAVE_VALLOC 1
| #define HAVE_GETPAGESIZE 1
| #define HAVE_POSIX_MEMALIGN 1
| #define HAVE_STATVFS 1
| #define HAVE_PTHREAD 1
| /* end confdefs.h.  */
| 
| /* Override any GCC internal prototype to avoid an error.
|    Use char because int might match the return type of a GCC
|    builtin and then its argument prototype would still apply.  */
| #ifdef __cplusplus
| extern "C"
| #endif
| char cos ();
| int
| main ()
| {
| return cos ();
|   ;
|   return 0;
| }
configure:16657: arm-mv5sft-linux-gnueabi-gcc -o conftest -DALPHA_CUSTOMIZE -std=gnu99 -ggdb3 -Wall -W -Wpointer-arith -Wformat-security -Wcast-align -Wundef -Wcast-align -Wstrict-prototypes -Wmissing-declarations -Wmissing-format-attribute -Wredundant-decls -Wnested-externs -Wunused-parameter -Wwrite-strings -Winline -Wfloat-equal -Wextra -Wdeclaration-after-statement -Winit-self -Wvariadic-macros  -DNDEBUG -L/opt_gccarm/arm-mv5sft-linux-gnueabi/arm-mv5sft-linux-gnueabi/sys-root/usr/lib -liconv conftest.c -lm   >&5
conftest.c:51: warning: function declaration isn't a prototype
conftest.c:51: warning: conflicting types for built-in function 'cos'
conftest.c:54: warning: function declaration isn't a prototype
configure:16657: $? = 0
configure:16674: result: -lm
configure:16682: checking for library containing socket
configure:16713: arm-mv5sft-linux-gnueabi-gcc -o conftest -DALPHA_CUSTOMIZE -std=gnu99 -ggdb3 -Wall -W -Wpointer-arith -Wformat-security -Wcast-align -Wundef -Wcast-align -Wstrict-prototypes -Wmissing-declarations -Wmissing-format-attribute -Wredundant-decls -Wnested-externs -Wunused-parameter -Wwrite-strings -Winline -Wfloat-equal -Wextra -Wdeclaration-after-statement -Winit-self -Wvariadic-macros  -DNDEBUG -L/opt_gccarm/arm-mv5sft-linux-gnueabi/arm-mv5sft-linux-gnueabi/sys-root/usr/lib -liconv conftest.c -lm  >&5
conftest.c:51: warning: function declaration isn't a prototype
conftest.c:54: warning: function declaration isn't a prototype
configure:16713: $? = 0
configure:16730: result: none required
configure:16738: checking for library containing gethostbyname
configure:16769: arm-mv5sft-linux-gnueabi-gcc -o conftest -DALPHA_CUSTOMIZE -std=gnu99 -ggdb3 -Wall -W -Wpointer-arith -Wformat-security -Wcast-align -Wundef -Wcast-align -Wstrict-prototypes -Wmissing-declarations -Wmissing-format-attribute -Wredundant-decls -Wnested-externs -Wunused-parameter -Wwrite-strings -Winline -Wfloat-equal -Wextra -Wdeclaration-after-statement -Winit-self -Wvariadic-macros  -DNDEBUG -L/opt_gccarm/arm-mv5sft-linux-gnueabi/arm-mv5sft-linux-gnueabi/sys-root/usr/lib -liconv conftest.c -lm  >&5
conftest.c:51: warning: function declaration isn't a prototype
conftest.c:54: warning: function declaration isn't a prototype
configure:16769: $? = 0
configure:16786: result: none required
configure:16800: checking for arm-mv5sft-linux-gnueabi-pkg-config
configure:16833: result: no
configure:16843: checking for pkg-config
configure:16861: found /usr/bin/pkg-config
configure:16873: result: /usr/bin/pkg-config
configure:16885: WARNING: using cross tools not prefixed with host triplet
configure:16898: checking pkg-config is at least version 0.9.0
configure:16901: result: yes
configure:16912: checking for OPENSSL
configure:17025: result: yes
configure:17031: checking for LIBCURL
configure:17115: result: yes
configure:17121: checking for LIBEVENT
configure:17205: result: yes
configure:17245: checking for /tmp/dummy1_zlib.h
configure:17245: arm-mv5sft-linux-gnueabi-gcc -c -DALPHA_CUSTOMIZE -std=gnu99 -ggdb3 -Wall -W -Wpointer-arith -Wformat-security -Wcast-align -Wundef -Wcast-align -Wstrict-prototypes -Wmissing-declarations -Wmissing-format-attribute -Wredundant-decls -Wnested-externs -Wunused-parameter -Wwrite-strings -Winline -Wfloat-equal -Wextra -Wdeclaration-after-statement -Winit-self -Wvariadic-macros   -DNDEBUG conftest.c >&5
configure:17245: $? = 0
configure:17245: result: yes
configure:17260: checking for library containing gzopen
configure:17291: arm-mv5sft-linux-gnueabi-gcc -o conftest -DALPHA_CUSTOMIZE -std=gnu99 -ggdb3 -Wall -W -Wpointer-arith -Wformat-security -Wcast-align -Wundef -Wcast-align -Wstrict-prototypes -Wmissing-declarations -Wmissing-format-attribute -Wredundant-decls -Wnested-externs -Wunused-parameter -Wwrite-strings -Winline -Wfloat-equal -Wextra -Wdeclaration-after-statement -Winit-self -Wvariadic-macros   -DNDEBUG -L/opt_gccarm/arm-mv5sft-linux-gnueabi/arm-mv5sft-linux-gnueabi/sys-root/usr/lib -liconv  conftest.c -lm  >&5
conftest.c:52: warning: function declaration isn't a prototype
conftest.c:55: warning: function declaration isn't a prototype
/tmp/ccKA80y3.o: In function `main':
/opt/DNS-320L/GPL_320_325/transmission-2.42/conftest.c:56: undefined reference to `gzopen'
collect2: ld returned 1 exit status
configure:17291: $? = 1
configure: failed program was:
| /* confdefs.h */
| #define PACKAGE_NAME "transmission"
| #define PACKAGE_TARNAME "transmission"
| #define PACKAGE_VERSION "2.42"
| #define PACKAGE_STRING "transmission 2.42"
| #define PACKAGE_BUGREPORT "http://trac.transmissionbt.com/newticket"
| #define PACKAGE_URL ""
| #define PACKAGE "transmission"
| #define VERSION "2.42"
| #define STDC_HEADERS 1
| #define HAVE_SYS_TYPES_H 1
| #define HAVE_SYS_STAT_H 1
| #define HAVE_STDLIB_H 1
| #define HAVE_STRING_H 1
| #define HAVE_MEMORY_H 1
| #define HAVE_STRINGS_H 1
| #define HAVE_INTTYPES_H 1
| #define HAVE_STDINT_H 1
| #define HAVE_UNISTD_H 1
| #define HAVE_DLFCN_H 1
| #define LT_OBJDIR ".libs/"
| #define STDC_HEADERS 1
| #define TIME_WITH_SYS_TIME 1
| #define HAVE_STDBOOL_H 1
| #define HAVE_ICONV_OPEN 1
| #define HAVE_PREAD 1
| #define HAVE_PWRITE 1
| #define HAVE_DAEMON 1
| #define HAVE_DIRNAME 1
| #define HAVE_BASENAME 1
| #define HAVE_STRCASECMP 1
| #define HAVE_LOCALTIME_R 1
| #define HAVE_POSIX_FALLOCATE 1
| #define HAVE_MEMMEM 1
| #define HAVE_STRSEP 1
| #define HAVE_STRTOLD 1
| #define HAVE_SYSLOG 1
| #define HAVE_VALLOC 1
| #define HAVE_GETPAGESIZE 1
| #define HAVE_POSIX_MEMALIGN 1
| #define HAVE_STATVFS 1
| #define HAVE_PTHREAD 1
| #define HAVE__TMP_DUMMY1_ZLIB_H 1
| /* end confdefs.h.  */
| 
| /* Override any GCC internal prototype to avoid an error.
|    Use char because int might match the return type of a GCC
|    builtin and then its argument prototype would still apply.  */
| #ifdef __cplusplus
| extern "C"
| #endif
| char gzopen ();
| int
| main ()
| {
| return gzopen ();
|   ;
|   return 0;
| }
configure:17291: arm-mv5sft-linux-gnueabi-gcc -o conftest -DALPHA_CUSTOMIZE -std=gnu99 -ggdb3 -Wall -W -Wpointer-arith -Wformat-security -Wcast-align -Wundef -Wcast-align -Wstrict-prototypes -Wmissing-declarations -Wmissing-format-attribute -Wredundant-decls -Wnested-externs -Wunused-parameter -Wwrite-strings -Winline -Wfloat-equal -Wextra -Wdeclaration-after-statement -Winit-self -Wvariadic-macros   -DNDEBUG -L/opt_gccarm/arm-mv5sft-linux-gnueabi/arm-mv5sft-linux-gnueabi/sys-root/usr/lib -liconv  conftest.c -lz  -lm  >&5
conftest.c:52: warning: function declaration isn't a prototype
conftest.c:55: warning: function declaration isn't a prototype
configure:17291: $? = 0
configure:17308: result: -lz
configure:17445: checking for special C compiler options needed for large files
configure:17490: result: no
configure:17496: checking for _FILE_OFFSET_BITS value needed for large files
configure:17521: arm-mv5sft-linux-gnueabi-gcc -c -DALPHA_CUSTOMIZE -std=gnu99 -ggdb3 -Wall -W -Wpointer-arith -Wformat-security -Wcast-align -Wundef -Wcast-align -Wstrict-prototypes -Wmissing-declarations -Wmissing-format-attribute -Wredundant-decls -Wnested-externs -Wunused-parameter -Wwrite-strings -Winline -Wfloat-equal -Wextra -Wdeclaration-after-statement -Winit-self -Wvariadic-macros  -DNDEBUG conftest.c >&5
conftest.c:52: warning: left shift count >= width of type
conftest.c:52: warning: left shift count >= width of type
conftest.c:54: error: size of array 'off_t_is_large' is negative
conftest.c:57: warning: function declaration isn't a prototype
configure:17521: $? = 1
configure: failed program was:
| /* confdefs.h */
| #define PACKAGE_NAME "transmission"
| #define PACKAGE_TARNAME "transmission"
| #define PACKAGE_VERSION "2.42"
| #define PACKAGE_STRING "transmission 2.42"
| #define PACKAGE_BUGREPORT "http://trac.transmissionbt.com/newticket"
| #define PACKAGE_URL ""
| #define PACKAGE "transmission"
| #define VERSION "2.42"
| #define STDC_HEADERS 1
| #define HAVE_SYS_TYPES_H 1
| #define HAVE_SYS_STAT_H 1
| #define HAVE_STDLIB_H 1
| #define HAVE_STRING_H 1
| #define HAVE_MEMORY_H 1
| #define HAVE_STRINGS_H 1
| #define HAVE_INTTYPES_H 1
| #define HAVE_STDINT_H 1
| #define HAVE_UNISTD_H 1
| #define HAVE_DLFCN_H 1
| #define LT_OBJDIR ".libs/"
| #define STDC_HEADERS 1
| #define TIME_WITH_SYS_TIME 1
| #define HAVE_STDBOOL_H 1
| #define HAVE_ICONV_OPEN 1
| #define HAVE_PREAD 1
| #define HAVE_PWRITE 1
| #define HAVE_DAEMON 1
| #define HAVE_DIRNAME 1
| #define HAVE_BASENAME 1
| #define HAVE_STRCASECMP 1
| #define HAVE_LOCALTIME_R 1
| #define HAVE_POSIX_FALLOCATE 1
| #define HAVE_MEMMEM 1
| #define HAVE_STRSEP 1
| #define HAVE_STRTOLD 1
| #define HAVE_SYSLOG 1
| #define HAVE_VALLOC 1
| #define HAVE_GETPAGESIZE 1
| #define HAVE_POSIX_MEMALIGN 1
| #define HAVE_STATVFS 1
| #define HAVE_PTHREAD 1
| #define HAVE__TMP_DUMMY1_ZLIB_H 1
| #define HAVE_ZLIB 1
| /* end confdefs.h.  */
| #include <sys/types.h>
|  /* Check that off_t can represent 2**63 - 1 correctly.
|     We can't simply define LARGE_OFF_T to be 9223372036854775807,
|     since some C++ compilers masquerading as C compilers
|     incorrectly reject 9223372036854775807.  */
| #define LARGE_OFF_T (((off_t) 1 << 62) - 1 + ((off_t) 1 << 62))
|   int off_t_is_large[(LARGE_OFF_T % 2147483629 == 721
| 		       && LARGE_OFF_T % 2147483647 == 1)
| 		      ? 1 : -1];
| int
| main ()
| {
| 
|   ;
|   return 0;
| }
configure:17545: arm-mv5sft-linux-gnueabi-gcc -c -DALPHA_CUSTOMIZE -std=gnu99 -ggdb3 -Wall -W -Wpointer-arith -Wformat-security -Wcast-align -Wundef -Wcast-align -Wstrict-prototypes -Wmissing-declarations -Wmissing-format-attribute -Wredundant-decls -Wnested-externs -Wunused-parameter -Wwrite-strings -Winline -Wfloat-equal -Wextra -Wdeclaration-after-statement -Winit-self -Wvariadic-macros  -DNDEBUG conftest.c >&5
conftest.c:58: warning: function declaration isn't a prototype
configure:17545: $? = 0
configure:17553: result: 64
configure:17638: checking for lseek64
configure:17638: arm-mv5sft-linux-gnueabi-gcc -o conftest -DALPHA_CUSTOMIZE -std=gnu99 -ggdb3 -Wall -W -Wpointer-arith -Wformat-security -Wcast-align -Wundef -Wcast-align -Wstrict-prototypes -Wmissing-declarations -Wmissing-format-attribute -Wredundant-decls -Wnested-externs -Wunused-parameter -Wwrite-strings -Winline -Wfloat-equal -Wextra -Wdeclaration-after-statement -Winit-self -Wvariadic-macros  -DNDEBUG -L/opt_gccarm/arm-mv5sft-linux-gnueabi/arm-mv5sft-linux-gnueabi/sys-root/usr/lib -liconv conftest.c -lm  >&5
conftest.c:70: warning: function declaration isn't a prototype
conftest.c:80: warning: function declaration isn't a prototype
configure:17638: $? = 0
configure:17638: result: yes
configure:17650: checking whether posix_fadvise is declared
configure:17650: arm-mv5sft-linux-gnueabi-gcc -c -DALPHA_CUSTOMIZE -std=gnu99 -ggdb3 -Wall -W -Wpointer-arith -Wformat-security -Wcast-align -Wundef -Wcast-align -Wstrict-prototypes -Wmissing-declarations -Wmissing-format-attribute -Wredundant-decls -Wnested-externs -Wunused-parameter -Wwrite-strings -Winline -Wfloat-equal -Wextra -Wdeclaration-after-statement -Winit-self -Wvariadic-macros  -DNDEBUG conftest.c >&5
conftest.c:54: warning: function declaration isn't a prototype
configure:17650: $? = 0
configure:17650: result: yes
configure:17666: checking for posix_fadvise
configure:17666: arm-mv5sft-linux-gnueabi-gcc -o conftest -DALPHA_CUSTOMIZE -std=gnu99 -ggdb3 -Wall -W -Wpointer-arith -Wformat-security -Wcast-align -Wundef -Wcast-align -Wstrict-prototypes -Wmissing-declarations -Wmissing-format-attribute -Wredundant-decls -Wnested-externs -Wunused-parameter -Wwrite-strings -Winline -Wfloat-equal -Wextra -Wdeclaration-after-statement -Winit-self -Wvariadic-macros  -DNDEBUG -L/opt_gccarm/arm-mv5sft-linux-gnueabi/arm-mv5sft-linux-gnueabi/sys-root/usr/lib -liconv conftest.c -lm  >&5
conftest.c:72: warning: function declaration isn't a prototype
conftest.c:82: warning: function declaration isn't a prototype
configure:17666: $? = 0
configure:17666: result: yes
configure:17678: checking sys/inotify.h usability
configure:17678: arm-mv5sft-linux-gnueabi-gcc -c -DALPHA_CUSTOMIZE -std=gnu99 -ggdb3 -Wall -W -Wpointer-arith -Wformat-security -Wcast-align -Wundef -Wcast-align -Wstrict-prototypes -Wmissing-declarations -Wmissing-format-attribute -Wredundant-decls -Wnested-externs -Wunused-parameter -Wwrite-strings -Winline -Wfloat-equal -Wextra -Wdeclaration-after-statement -Winit-self -Wvariadic-macros  -DNDEBUG conftest.c >&5
configure:17678: $? = 0
configure:17678: result: yes
configure:17678: checking sys/inotify.h presence
configure:17678: arm-mv5sft-linux-gnueabi-gcc -E  -DNDEBUG conftest.c
configure:17678: $? = 0
configure:17678: result: yes
configure:17678: checking for sys/inotify.h
configure:17678: result: yes
configure:17680: checking for inotify_init
configure:17680: arm-mv5sft-linux-gnueabi-gcc -o conftest -DALPHA_CUSTOMIZE -std=gnu99 -ggdb3 -Wall -W -Wpointer-arith -Wformat-security -Wcast-align -Wundef -Wcast-align -Wstrict-prototypes -Wmissing-declarations -Wmissing-format-attribute -Wredundant-decls -Wnested-externs -Wunused-parameter -Wwrite-strings -Winline -Wfloat-equal -Wextra -Wdeclaration-after-statement -Winit-self -Wvariadic-macros  -DNDEBUG -L/opt_gccarm/arm-mv5sft-linux-gnueabi/arm-mv5sft-linux-gnueabi/sys-root/usr/lib -liconv conftest.c -lm  >&5
conftest.c:73: warning: function declaration isn't a prototype
conftest.c:83: warning: function declaration isn't a prototype
configure:17680: $? = 0
configure:17680: result: yes
configure:17709: checking sys/event.h usability
configure:17709: arm-mv5sft-linux-gnueabi-gcc -c -DALPHA_CUSTOMIZE -std=gnu99 -ggdb3 -Wall -W -Wpointer-arith -Wformat-security -Wcast-align -Wundef -Wcast-align -Wstrict-prototypes -Wmissing-declarations -Wmissing-format-attribute -Wredundant-decls -Wnested-externs -Wunused-parameter -Wwrite-strings -Winline -Wfloat-equal -Wextra -Wdeclaration-after-statement -Winit-self -Wvariadic-macros  -DNDEBUG conftest.c >&5
conftest.c:84:23: error: sys/event.h: No such file or directory
configure:17709: $? = 1
configure: failed program was:
| /* confdefs.h */
| #define PACKAGE_NAME "transmission"
| #define PACKAGE_TARNAME "transmission"
| #define PACKAGE_VERSION "2.42"
| #define PACKAGE_STRING "transmission 2.42"
| #define PACKAGE_BUGREPORT "http://trac.transmissionbt.com/newticket"
| #define PACKAGE_URL ""
| #define PACKAGE "transmission"
| #define VERSION "2.42"
| #define STDC_HEADERS 1
| #define HAVE_SYS_TYPES_H 1
| #define HAVE_SYS_STAT_H 1
| #define HAVE_STDLIB_H 1
| #define HAVE_STRING_H 1
| #define HAVE_MEMORY_H 1
| #define HAVE_STRINGS_H 1
| #define HAVE_INTTYPES_H 1
| #define HAVE_STDINT_H 1
| #define HAVE_UNISTD_H 1
| #define HAVE_DLFCN_H 1
| #define LT_OBJDIR ".libs/"
| #define STDC_HEADERS 1
| #define TIME_WITH_SYS_TIME 1
| #define HAVE_STDBOOL_H 1
| #define HAVE_ICONV_OPEN 1
| #define HAVE_PREAD 1
| #define HAVE_PWRITE 1
| #define HAVE_DAEMON 1
| #define HAVE_DIRNAME 1
| #define HAVE_BASENAME 1
| #define HAVE_STRCASECMP 1
| #define HAVE_LOCALTIME_R 1
| #define HAVE_POSIX_FALLOCATE 1
| #define HAVE_MEMMEM 1
| #define HAVE_STRSEP 1
| #define HAVE_STRTOLD 1
| #define HAVE_SYSLOG 1
| #define HAVE_VALLOC 1
| #define HAVE_GETPAGESIZE 1
| #define HAVE_POSIX_MEMALIGN 1
| #define HAVE_STATVFS 1
| #define HAVE_PTHREAD 1
| #define HAVE__TMP_DUMMY1_ZLIB_H 1
| #define HAVE_ZLIB 1
| #define _FILE_OFFSET_BITS 64
| #define HAVE_LSEEK64 1
| #define HAVE_DECL_POSIX_FADVISE 1
| #define HAVE_POSIX_FADVISE 1
| #define WITH_INOTIFY 1
| /* end confdefs.h.  */
| #include <stdio.h>
| #ifdef HAVE_SYS_TYPES_H
| # include <sys/types.h>
| #endif
| #ifdef HAVE_SYS_STAT_H
| # include <sys/stat.h>
| #endif
| #ifdef STDC_HEADERS
| # include <stdlib.h>
| # include <stddef.h>
| #else
| # ifdef HAVE_STDLIB_H
| #  include <stdlib.h>
| # endif
| #endif
| #ifdef HAVE_STRING_H
| # if !defined STDC_HEADERS && defined HAVE_MEMORY_H
| #  include <memory.h>
| # endif
| # include <string.h>
| #endif
| #ifdef HAVE_STRINGS_H
| # include <strings.h>
| #endif
| #ifdef HAVE_INTTYPES_H
| # include <inttypes.h>
| #endif
| #ifdef HAVE_STDINT_H
| # include <stdint.h>
| #endif
| #ifdef HAVE_UNISTD_H
| # include <unistd.h>
| #endif
| #include <sys/event.h>
configure:17709: result: no
configure:17709: checking sys/event.h presence
configure:17709: arm-mv5sft-linux-gnueabi-gcc -E  -DNDEBUG conftest.c
conftest.c:51:23: error: sys/event.h: No such file or directory
configure:17709: $? = 1
configure: failed program was:
| /* confdefs.h */
| #define PACKAGE_NAME "transmission"
| #define PACKAGE_TARNAME "transmission"
| #define PACKAGE_VERSION "2.42"
| #define PACKAGE_STRING "transmission 2.42"
| #define PACKAGE_BUGREPORT "http://trac.transmissionbt.com/newticket"
| #define PACKAGE_URL ""
| #define PACKAGE "transmission"
| #define VERSION "2.42"
| #define STDC_HEADERS 1
| #define HAVE_SYS_TYPES_H 1
| #define HAVE_SYS_STAT_H 1
| #define HAVE_STDLIB_H 1
| #define HAVE_STRING_H 1
| #define HAVE_MEMORY_H 1
| #define HAVE_STRINGS_H 1
| #define HAVE_INTTYPES_H 1
| #define HAVE_STDINT_H 1
| #define HAVE_UNISTD_H 1
| #define HAVE_DLFCN_H 1
| #define LT_OBJDIR ".libs/"
| #define STDC_HEADERS 1
| #define TIME_WITH_SYS_TIME 1
| #define HAVE_STDBOOL_H 1
| #define HAVE_ICONV_OPEN 1
| #define HAVE_PREAD 1
| #define HAVE_PWRITE 1
| #define HAVE_DAEMON 1
| #define HAVE_DIRNAME 1
| #define HAVE_BASENAME 1
| #define HAVE_STRCASECMP 1
| #define HAVE_LOCALTIME_R 1
| #define HAVE_POSIX_FALLOCATE 1
| #define HAVE_MEMMEM 1
| #define HAVE_STRSEP 1
| #define HAVE_STRTOLD 1
| #define HAVE_SYSLOG 1
| #define HAVE_VALLOC 1
| #define HAVE_GETPAGESIZE 1
| #define HAVE_POSIX_MEMALIGN 1
| #define HAVE_STATVFS 1
| #define HAVE_PTHREAD 1
| #define HAVE__TMP_DUMMY1_ZLIB_H 1
| #define HAVE_ZLIB 1
| #define _FILE_OFFSET_BITS 64
| #define HAVE_LSEEK64 1
| #define HAVE_DECL_POSIX_FADVISE 1
| #define HAVE_POSIX_FADVISE 1
| #define WITH_INOTIFY 1
| /* end confdefs.h.  */
| #include <sys/event.h>
configure:17709: result: no
configure:17709: checking for sys/event.h
configure:17709: result: no
configure:17744: checking sys/statvfs.h usability
configure:17744: arm-mv5sft-linux-gnueabi-gcc -c -DALPHA_CUSTOMIZE -std=gnu99 -ggdb3 -Wall -W -Wpointer-arith -Wformat-security -Wcast-align -Wundef -Wcast-align -Wstrict-prototypes -Wmissing-declarations -Wmissing-format-attribute -Wredundant-decls -Wnested-externs -Wunused-parameter -Wwrite-strings -Winline -Wfloat-equal -Wextra -Wdeclaration-after-statement -Winit-self -Wvariadic-macros  -DNDEBUG conftest.c >&5
configure:17744: $? = 0
configure:17744: result: yes
configure:17744: checking sys/statvfs.h presence
configure:17744: arm-mv5sft-linux-gnueabi-gcc -E  -DNDEBUG conftest.c
configure:17744: $? = 0
configure:17744: result: yes
configure:17744: checking for sys/statvfs.h
configure:17744: result: yes
configure:17744: checking xfs/xfs.h usability
configure:17744: arm-mv5sft-linux-gnueabi-gcc -c -DALPHA_CUSTOMIZE -std=gnu99 -ggdb3 -Wall -W -Wpointer-arith -Wformat-security -Wcast-align -Wundef -Wcast-align -Wstrict-prototypes -Wmissing-declarations -Wmissing-format-attribute -Wredundant-decls -Wnested-externs -Wunused-parameter -Wwrite-strings -Winline -Wfloat-equal -Wextra -Wdeclaration-after-statement -Winit-self -Wvariadic-macros  -DNDEBUG conftest.c >&5
conftest.c:85:21: error: xfs/xfs.h: No such file or directory
configure:17744: $? = 1
configure: failed program was:
| /* confdefs.h */
| #define PACKAGE_NAME "transmission"
| #define PACKAGE_TARNAME "transmission"
| #define PACKAGE_VERSION "2.42"
| #define PACKAGE_STRING "transmission 2.42"
| #define PACKAGE_BUGREPORT "http://trac.transmissionbt.com/newticket"
| #define PACKAGE_URL ""
| #define PACKAGE "transmission"
| #define VERSION "2.42"
| #define STDC_HEADERS 1
| #define HAVE_SYS_TYPES_H 1
| #define HAVE_SYS_STAT_H 1
| #define HAVE_STDLIB_H 1
| #define HAVE_STRING_H 1
| #define HAVE_MEMORY_H 1
| #define HAVE_STRINGS_H 1
| #define HAVE_INTTYPES_H 1
| #define HAVE_STDINT_H 1
| #define HAVE_UNISTD_H 1
| #define HAVE_DLFCN_H 1
| #define LT_OBJDIR ".libs/"
| #define STDC_HEADERS 1
| #define TIME_WITH_SYS_TIME 1
| #define HAVE_STDBOOL_H 1
| #define HAVE_ICONV_OPEN 1
| #define HAVE_PREAD 1
| #define HAVE_PWRITE 1
| #define HAVE_DAEMON 1
| #define HAVE_DIRNAME 1
| #define HAVE_BASENAME 1
| #define HAVE_STRCASECMP 1
| #define HAVE_LOCALTIME_R 1
| #define HAVE_POSIX_FALLOCATE 1
| #define HAVE_MEMMEM 1
| #define HAVE_STRSEP 1
| #define HAVE_STRTOLD 1
| #define HAVE_SYSLOG 1
| #define HAVE_VALLOC 1
| #define HAVE_GETPAGESIZE 1
| #define HAVE_POSIX_MEMALIGN 1
| #define HAVE_STATVFS 1
| #define HAVE_PTHREAD 1
| #define HAVE__TMP_DUMMY1_ZLIB_H 1
| #define HAVE_ZLIB 1
| #define _FILE_OFFSET_BITS 64
| #define HAVE_LSEEK64 1
| #define HAVE_DECL_POSIX_FADVISE 1
| #define HAVE_POSIX_FADVISE 1
| #define WITH_INOTIFY 1
| #define HAVE_SYS_STATVFS_H 1
| /* end confdefs.h.  */
| #include <stdio.h>
| #ifdef HAVE_SYS_TYPES_H
| # include <sys/types.h>
| #endif
| #ifdef HAVE_SYS_STAT_H
| # include <sys/stat.h>
| #endif
| #ifdef STDC_HEADERS
| # include <stdlib.h>
| # include <stddef.h>
| #else
| # ifdef HAVE_STDLIB_H
| #  include <stdlib.h>
| # endif
| #endif
| #ifdef HAVE_STRING_H
| # if !defined STDC_HEADERS && defined HAVE_MEMORY_H
| #  include <memory.h>
| # endif
| # include <string.h>
| #endif
| #ifdef HAVE_STRINGS_H
| # include <strings.h>
| #endif
| #ifdef HAVE_INTTYPES_H
| # include <inttypes.h>
| #endif
| #ifdef HAVE_STDINT_H
| # include <stdint.h>
| #endif
| #ifdef HAVE_UNISTD_H
| # include <unistd.h>
| #endif
| #include <xfs/xfs.h>
configure:17744: result: no
configure:17744: checking xfs/xfs.h presence
configure:17744: arm-mv5sft-linux-gnueabi-gcc -E  -DNDEBUG conftest.c
conftest.c:52:21: error: xfs/xfs.h: No such file or directory
configure:17744: $? = 1
configure: failed program was:
| /* confdefs.h */
| #define PACKAGE_NAME "transmission"
| #define PACKAGE_TARNAME "transmission"
| #define PACKAGE_VERSION "2.42"
| #define PACKAGE_STRING "transmission 2.42"
| #define PACKAGE_BUGREPORT "http://trac.transmissionbt.com/newticket"
| #define PACKAGE_URL ""
| #define PACKAGE "transmission"
| #define VERSION "2.42"
| #define STDC_HEADERS 1
| #define HAVE_SYS_TYPES_H 1
| #define HAVE_SYS_STAT_H 1
| #define HAVE_STDLIB_H 1
| #define HAVE_STRING_H 1
| #define HAVE_MEMORY_H 1
| #define HAVE_STRINGS_H 1
| #define HAVE_INTTYPES_H 1
| #define HAVE_STDINT_H 1
| #define HAVE_UNISTD_H 1
| #define HAVE_DLFCN_H 1
| #define LT_OBJDIR ".libs/"
| #define STDC_HEADERS 1
| #define TIME_WITH_SYS_TIME 1
| #define HAVE_STDBOOL_H 1
| #define HAVE_ICONV_OPEN 1
| #define HAVE_PREAD 1
| #define HAVE_PWRITE 1
| #define HAVE_DAEMON 1
| #define HAVE_DIRNAME 1
| #define HAVE_BASENAME 1
| #define HAVE_STRCASECMP 1
| #define HAVE_LOCALTIME_R 1
| #define HAVE_POSIX_FALLOCATE 1
| #define HAVE_MEMMEM 1
| #define HAVE_STRSEP 1
| #define HAVE_STRTOLD 1
| #define HAVE_SYSLOG 1
| #define HAVE_VALLOC 1
| #define HAVE_GETPAGESIZE 1
| #define HAVE_POSIX_MEMALIGN 1
| #define HAVE_STATVFS 1
| #define HAVE_PTHREAD 1
| #define HAVE__TMP_DUMMY1_ZLIB_H 1
| #define HAVE_ZLIB 1
| #define _FILE_OFFSET_BITS 64
| #define HAVE_LSEEK64 1
| #define HAVE_DECL_POSIX_FADVISE 1
| #define HAVE_POSIX_FADVISE 1
| #define WITH_INOTIFY 1
| #define HAVE_SYS_STATVFS_H 1
| /* end confdefs.h.  */
| #include <xfs/xfs.h>
configure:17744: result: no
configure:17744: checking for xfs/xfs.h
configure:17744: result: no
configure:17757: checking how to copy va_list
configure:17770: arm-mv5sft-linux-gnueabi-gcc -o conftest -DALPHA_CUSTOMIZE -std=gnu99 -ggdb3 -Wall -W -Wpointer-arith -Wformat-security -Wcast-align -Wundef -Wcast-align -Wstrict-prototypes -Wmissing-declarations -Wmissing-format-attribute -Wredundant-decls -Wnested-externs -Wunused-parameter -Wwrite-strings -Winline -Wfloat-equal -Wextra -Wdeclaration-after-statement -Winit-self -Wvariadic-macros  -DNDEBUG -L/opt_gccarm/arm-mv5sft-linux-gnueabi/arm-mv5sft-linux-gnueabi/sys-root/usr/lib -liconv conftest.c -lm  >&5
conftest.c:55: warning: function declaration isn't a prototype
configure:17770: $? = 0
configure:17771: result: va_copy
configure:17814: checking for clock_gettime in -lrt
configure:17839: arm-mv5sft-linux-gnueabi-gcc -o conftest -DALPHA_CUSTOMIZE -std=gnu99 -ggdb3 -Wall -W -Wpointer-arith -Wformat-security -Wcast-align -Wundef -Wcast-align -Wstrict-prototypes -Wmissing-declarations -Wmissing-format-attribute -Wredundant-decls -Wnested-externs -Wunused-parameter -Wwrite-strings -Winline -Wfloat-equal -Wextra -Wdeclaration-after-statement -Winit-self -Wvariadic-macros  -DNDEBUG -L/opt_gccarm/arm-mv5sft-linux-gnueabi/arm-mv5sft-linux-gnueabi/sys-root/usr/lib -liconv conftest.c -lrt  -lm  >&5
conftest.c:59: warning: function declaration isn't a prototype
conftest.c:62: warning: function declaration isn't a prototype
configure:17839: $? = 0
configure:17848: result: yes
configure:17857: checking TP
configure:17896: result: yes
configure:17905: $PKG_CONFIG --exists --print-errors "gtk+-2.0 >= $GTK2_MINIMUM"
Package gtk+-2.0 was not found in the pkg-config search path.
Perhaps you should add the directory containing `gtk+-2.0.pc'
to the PKG_CONFIG_PATH environment variable
No package 'gtk+-2.0' found
configure:17908: $? = 1
configure:17913: $PKG_CONFIG --exists --print-errors "gtk+-3.0 >= $GTK3_MINIMUM"
Package gtk+-3.0 was not found in the pkg-config search path.
Perhaps you should add the directory containing `gtk+-3.0.pc'
to the PKG_CONFIG_PATH environment variable
No package 'gtk+-3.0' found
configure:17916: $? = 1
configure:18373: checking whether NLS is requested
configure:18382: result: yes
configure:18397: checking for intltool >= 0.35.0
configure:18404: result: 0.41.1 found
configure:18412: checking for intltool-update
configure:18430: found /usr/bin/intltool-update
configure:18442: result: /usr/bin/intltool-update
configure:18452: checking for intltool-merge
configure:18470: found /usr/bin/intltool-merge
configure:18482: result: /usr/bin/intltool-merge
configure:18492: checking for intltool-extract
configure:18510: found /usr/bin/intltool-extract
configure:18522: result: /usr/bin/intltool-extract
configure:18653: checking for xgettext
configure:18671: found /usr/bin/xgettext
configure:18683: result: /usr/bin/xgettext
configure:18693: checking for msgmerge
configure:18711: found /usr/bin/msgmerge
configure:18723: result: /usr/bin/msgmerge
configure:18733: checking for msgfmt
configure:18751: found /usr/bin/msgfmt
configure:18763: result: /usr/bin/msgfmt
configure:18773: checking for gmsgfmt
configure:18804: result: /usr/bin/msgfmt
configure:18824: checking for perl
configure:18842: found /usr/bin/perl
configure:18854: result: /usr/bin/perl
configure:18865: checking for perl >= 5.8.1
configure:18872: result: 5.10.1
configure:18904: arm-mv5sft-linux-gnueabi-gcc -o conftest -DALPHA_CUSTOMIZE -std=gnu99 -ggdb3 -Wall -W -Wpointer-arith -Wformat-security -Wcast-align -Wundef -Wcast-align -Wstrict-prototypes -Wmissing-declarations -Wmissing-format-attribute -Wredundant-decls -Wnested-externs -Wunused-parameter -Wwrite-strings -Winline -Wfloat-equal -Wextra -Wdeclaration-after-statement -Winit-self -Wvariadic-macros  -DNDEBUG -L/opt_gccarm/arm-mv5sft-linux-gnueabi/arm-mv5sft-linux-gnueabi/sys-root/usr/lib -liconv conftest.c -lm  >&5
conftest.c:56: warning: function declaration isn't a prototype
conftest.c: In function 'main':
conftest.c:57: warning: nested extern declaration of '_nl_msg_cat_cntr'
configure:18904: $? = 0
configure:18932: checking libintl.h usability
configure:18932: arm-mv5sft-linux-gnueabi-gcc -c -DALPHA_CUSTOMIZE -std=gnu99 -ggdb3 -Wall -W -Wpointer-arith -Wformat-security -Wcast-align -Wundef -Wcast-align -Wstrict-prototypes -Wmissing-declarations -Wmissing-format-attribute -Wredundant-decls -Wnested-externs -Wunused-parameter -Wwrite-strings -Winline -Wfloat-equal -Wextra -Wdeclaration-after-statement -Winit-self -Wvariadic-macros  -DNDEBUG conftest.c >&5
configure:18932: $? = 0
configure:18932: result: yes
configure:18932: checking libintl.h presence
configure:18932: arm-mv5sft-linux-gnueabi-gcc -E  -DNDEBUG conftest.c
configure:18932: $? = 0
configure:18932: result: yes
configure:18932: checking for libintl.h
configure:18932: result: yes
configure:18952: checking locale.h usability
configure:18952: arm-mv5sft-linux-gnueabi-gcc -c -DALPHA_CUSTOMIZE -std=gnu99 -ggdb3 -Wall -W -Wpointer-arith -Wformat-security -Wcast-align -Wundef -Wcast-align -Wstrict-prototypes -Wmissing-declarations -Wmissing-format-attribute -Wredundant-decls -Wnested-externs -Wunused-parameter -Wwrite-strings -Winline -Wfloat-equal -Wextra -Wdeclaration-after-statement -Winit-self -Wvariadic-macros  -DNDEBUG conftest.c >&5
configure:18952: $? = 0
configure:18952: result: yes
configure:18952: checking locale.h presence
configure:18952: arm-mv5sft-linux-gnueabi-gcc -E  -DNDEBUG conftest.c
configure:18952: $? = 0
configure:18952: result: yes
configure:18952: checking for locale.h
configure:18952: result: yes
configure:18963: checking for LC_MESSAGES
configure:18979: arm-mv5sft-linux-gnueabi-gcc -o conftest -DALPHA_CUSTOMIZE -std=gnu99 -ggdb3 -Wall -W -Wpointer-arith -Wformat-security -Wcast-align -Wundef -Wcast-align -Wstrict-prototypes -Wmissing-declarations -Wmissing-format-attribute -Wredundant-decls -Wnested-externs -Wunused-parameter -Wwrite-strings -Winline -Wfloat-equal -Wextra -Wdeclaration-after-statement -Winit-self -Wvariadic-macros  -DNDEBUG -L/opt_gccarm/arm-mv5sft-linux-gnueabi/arm-mv5sft-linux-gnueabi/sys-root/usr/lib -liconv conftest.c -lm  >&5
conftest.c:59: warning: function declaration isn't a prototype
configure:18979: $? = 0
configure:18987: result: yes
configure:19004: checking for libintl.h
configure:19004: result: yes
configure:19012: checking for ngettext in libc
configure:19030: arm-mv5sft-linux-gnueabi-gcc -o conftest -DALPHA_CUSTOMIZE -std=gnu99 -ggdb3 -Wall -W -Wpointer-arith -Wformat-security -Wcast-align -Wundef -Wcast-align -Wstrict-prototypes -Wmissing-declarations -Wmissing-format-attribute -Wredundant-decls -Wnested-externs -Wunused-parameter -Wwrite-strings -Winline -Wfloat-equal -Wextra -Wdeclaration-after-statement -Winit-self -Wvariadic-macros  -DNDEBUG -L/opt_gccarm/arm-mv5sft-linux-gnueabi/arm-mv5sft-linux-gnueabi/sys-root/usr/lib -liconv conftest.c -lm  >&5
conftest.c:62: warning: function declaration isn't a prototype
configure:19030: $? = 0
configure:19039: result: yes
configure:19043: checking for dgettext in libc
configure:19061: arm-mv5sft-linux-gnueabi-gcc -o conftest -DALPHA_CUSTOMIZE -std=gnu99 -ggdb3 -Wall -W -Wpointer-arith -Wformat-security -Wcast-align -Wundef -Wcast-align -Wstrict-prototypes -Wmissing-declarations -Wmissing-format-attribute -Wredundant-decls -Wnested-externs -Wunused-parameter -Wwrite-strings -Winline -Wfloat-equal -Wextra -Wdeclaration-after-statement -Winit-self -Wvariadic-macros  -DNDEBUG -L/opt_gccarm/arm-mv5sft-linux-gnueabi/arm-mv5sft-linux-gnueabi/sys-root/usr/lib -liconv conftest.c -lm  >&5
conftest.c:62: warning: function declaration isn't a prototype
configure:19061: $? = 0
configure:19070: result: yes
configure:19077: checking for bind_textdomain_codeset
configure:19077: arm-mv5sft-linux-gnueabi-gcc -o conftest -DALPHA_CUSTOMIZE -std=gnu99 -ggdb3 -Wall -W -Wpointer-arith -Wformat-security -Wcast-align -Wundef -Wcast-align -Wstrict-prototypes -Wmissing-declarations -Wmissing-format-attribute -Wredundant-decls -Wnested-externs -Wunused-parameter -Wwrite-strings -Winline -Wfloat-equal -Wextra -Wdeclaration-after-statement -Winit-self -Wvariadic-macros  -DNDEBUG -L/opt_gccarm/arm-mv5sft-linux-gnueabi/arm-mv5sft-linux-gnueabi/sys-root/usr/lib -liconv conftest.c -lm  >&5
conftest.c:80: warning: function declaration isn't a prototype
conftest.c:90: warning: function declaration isn't a prototype
configure:19077: $? = 0
configure:19077: result: yes
configure:19353: checking for msgfmt
configure:19380: result: /usr/bin/msgfmt
configure:19391: checking for dcgettext
configure:19391: arm-mv5sft-linux-gnueabi-gcc -o conftest -DALPHA_CUSTOMIZE -std=gnu99 -ggdb3 -Wall -W -Wpointer-arith -Wformat-security -Wcast-align -Wundef -Wcast-align -Wstrict-prototypes -Wmissing-declarations -Wmissing-format-attribute -Wredundant-decls -Wnested-externs -Wunused-parameter -Wwrite-strings -Winline -Wfloat-equal -Wextra -Wdeclaration-after-statement -Winit-self -Wvariadic-macros  -DNDEBUG -L/opt_gccarm/arm-mv5sft-linux-gnueabi/arm-mv5sft-linux-gnueabi/sys-root/usr/lib -liconv conftest.c -lm   >&5
conftest.c:82: warning: function declaration isn't a prototype
conftest.c:82: warning: conflicting types for built-in function 'dcgettext'
conftest.c:92: warning: function declaration isn't a prototype
configure:19391: $? = 0
configure:19391: result: yes
configure:19402: checking for gmsgfmt
configure:19433: result: /usr/bin/msgfmt
configure:19443: checking for xgettext
configure:19470: result: /usr/bin/xgettext
configure:19489: arm-mv5sft-linux-gnueabi-gcc -o conftest -DALPHA_CUSTOMIZE -std=gnu99 -ggdb3 -Wall -W -Wpointer-arith -Wformat-security -Wcast-align -Wundef -Wcast-align -Wstrict-prototypes -Wmissing-declarations -Wmissing-format-attribute -Wredundant-decls -Wnested-externs -Wunused-parameter -Wwrite-strings -Winline -Wfloat-equal -Wextra -Wdeclaration-after-statement -Winit-self -Wvariadic-macros  -DNDEBUG -L/opt_gccarm/arm-mv5sft-linux-gnueabi/arm-mv5sft-linux-gnueabi/sys-root/usr/lib -liconv conftest.c -lm   >&5
conftest.c:63: warning: function declaration isn't a prototype
conftest.c: In function 'main':
conftest.c:64: warning: nested extern declaration of '_nl_msg_cat_cntr'
configure:19489: $? = 0
configure:20052: creating ./config.status

## ---------------------- ##
## Running config.status. ##
## ---------------------- ##

This file was extended by transmission config.status 2.42, which was
generated by GNU Autoconf 2.68.  Invocation command line was

  CONFIG_FILES    = 
  CONFIG_HEADERS  = 
  CONFIG_LINKS    = 
  CONFIG_COMMANDS = 
  $ ./config.status 

on AH-LTNS-FC13

config.status:1217: creating Makefile
config.status:1217: creating transmission-gtk.spec
config.status:1217: creating cli/Makefile
config.status:1217: creating daemon/Makefile
config.status:1217: creating extras/Makefile
config.status:1217: creating libtransmission/Makefile
config.status:1217: creating utils/Makefile
config.status:1217: creating third-party/Makefile
config.status:1217: creating third-party/miniupnp/Makefile
config.status:1217: creating third-party/libnatpmp/Makefile
config.status:1217: creating third-party/libutp/Makefile
config.status:1217: creating third-party/dht/Makefile
config.status:1217: creating macosx/Makefile
config.status:1217: creating gtk/Makefile
config.status:1217: creating gtk/icons/Makefile
config.status:1217: creating web/Makefile
config.status:1217: creating web/images/Makefile
config.status:1217: creating web/images/buttons/Makefile
config.status:1217: creating web/images/graphics/Makefile
config.status:1217: creating web/images/progress/Makefile
config.status:1217: creating web/javascript/Makefile
config.status:1217: creating web/javascript/jquery/Makefile
config.status:1217: creating web/stylesheets/Makefile
config.status:1217: creating po/Makefile.in
config.status:1389: executing depfiles commands
config.status:1389: executing libtool commands
config.status:1389: executing default-1 commands
config.status:1389: executing po/stamp-it commands

## ---------------- ##
## Cache variables. ##
## ---------------- ##

ac_cv_build=i686-pc-linux-gnu
ac_cv_c_compiler_gnu=yes
ac_cv_c_inline=inline
ac_cv_cxx_compiler_gnu=yes
ac_cv_env_CCC_set=
ac_cv_env_CCC_value=
ac_cv_env_CC_set=set
ac_cv_env_CC_value=arm-mv5sft-linux-gnueabi-gcc
ac_cv_env_CFLAGS_set=set
ac_cv_env_CFLAGS_value=-DALPHA_CUSTOMIZE
ac_cv_env_CPPFLAGS_set=
ac_cv_env_CPPFLAGS_value=
ac_cv_env_CPP_set=
ac_cv_env_CPP_value=
ac_cv_env_CXXCPP_set=
ac_cv_env_CXXCPP_value=
ac_cv_env_CXXFLAGS_set=set
ac_cv_env_CXXFLAGS_value='-DPROJECT_NAME=\"DNS-320L\" -DPROJECT_DNS_320L=1 -DDNS_320L=1 -I/opt/DNS-320L/unic/module/include -DPROJECT_FEATURE_BAYS=2 -DPROJECT_FEATURE_BAYS_2=1 -DPROJECT_FEATURE_VOLUME_ENCRYPTION=1 -DPROJECT_FEATURE_IPV6=1 -DPROJECT_FEATURE_LED=1'
ac_cv_env_CXX_set=set
ac_cv_env_CXX_value=arm-mv5sft-linux-gnueabi-g++
ac_cv_env_GTK_CFLAGS_set=
ac_cv_env_GTK_CFLAGS_value=
ac_cv_env_GTK_LIBS_set=
ac_cv_env_GTK_LIBS_value=
ac_cv_env_LDFLAGS_set=set
ac_cv_env_LDFLAGS_value='-L/opt_gccarm/arm-mv5sft-linux-gnueabi/arm-mv5sft-linux-gnueabi/sys-root/usr/lib -liconv'
ac_cv_env_LIBAPPINDICATOR_CFLAGS_set=
ac_cv_env_LIBAPPINDICATOR_CFLAGS_value=
ac_cv_env_LIBAPPINDICATOR_LIBS_set=
ac_cv_env_LIBAPPINDICATOR_LIBS_value=
ac_cv_env_LIBCURL_CFLAGS_set=set
ac_cv_env_LIBCURL_CFLAGS_value=-I../curl-7.19.7
ac_cv_env_LIBCURL_LIBS_set=set
ac_cv_env_LIBCURL_LIBS_value=-lcurl
ac_cv_env_LIBEVENT_CFLAGS_set=set
ac_cv_env_LIBEVENT_CFLAGS_value=-I../libevent-2.0.16-stable
ac_cv_env_LIBEVENT_LIBS_set=set
ac_cv_env_LIBEVENT_LIBS_value=-levent
ac_cv_env_LIBS_set=
ac_cv_env_LIBS_value=
ac_cv_env_OPENSSL_CFLAGS_set=set
ac_cv_env_OPENSSL_CFLAGS_value=-I../openssl-0.9.7
ac_cv_env_OPENSSL_LIBS_set=set
ac_cv_env_OPENSSL_LIBS_value='-lssl -lcrypto'
ac_cv_env_PKG_CONFIG_set=
ac_cv_env_PKG_CONFIG_value=
ac_cv_env_build_alias_set=
ac_cv_env_build_alias_value=
ac_cv_env_host_alias_set=set
ac_cv_env_host_alias_value=arm-mv5sft-linux-gnueabi
ac_cv_env_target_alias_set=
ac_cv_env_target_alias_value=
ac_cv_func_basename=yes
ac_cv_func_bind_textdomain_codeset=yes
ac_cv_func_daemon=yes
ac_cv_func_dcgettext=yes
ac_cv_func_dirname=yes
ac_cv_func_fallocate64=no
ac_cv_func_getpagesize=yes
ac_cv_func_htonll=no
ac_cv_func_iconv_open=yes
ac_cv_func_inotify_init=yes
ac_cv_func_localtime_r=yes
ac_cv_func_lrintf=no
ac_cv_func_lseek64=yes
ac_cv_func_memmem=yes
ac_cv_func_ntohll=no
ac_cv_func_posix_fadvise=yes
ac_cv_func_posix_fallocate=yes
ac_cv_func_posix_memalign=yes
ac_cv_func_pread=yes
ac_cv_func_pwrite=yes
ac_cv_func_statvfs=yes
ac_cv_func_strcasecmp=yes
ac_cv_func_strlcpy=no
ac_cv_func_strsep=yes
ac_cv_func_strtold=yes
ac_cv_func_syslog=yes
ac_cv_func_valloc=yes
ac_cv_have_decl_posix_fadvise=yes
ac_cv_header__tmp_dummy1_zlib_h=yes
ac_cv_header_dlfcn_h=yes
ac_cv_header_inttypes_h=yes
ac_cv_header_libintl_h=yes
ac_cv_header_locale_h=yes
ac_cv_header_memory_h=yes
ac_cv_header_stdbool_h=yes
ac_cv_header_stdc=yes
ac_cv_header_stdint_h=yes
ac_cv_header_stdlib_h=yes
ac_cv_header_string_h=yes
ac_cv_header_strings_h=yes
ac_cv_header_sys_event_h=no
ac_cv_header_sys_inotify_h=yes
ac_cv_header_sys_stat_h=yes
ac_cv_header_sys_statvfs_h=yes
ac_cv_header_sys_types_h=yes
ac_cv_header_time=yes
ac_cv_header_unistd_h=yes
ac_cv_header_xfs_xfs_h=no
ac_cv_host=arm-mv5sft-linux-gnueabi
ac_cv_lib_rt_clock_gettime=yes
ac_cv_objext=o
ac_cv_path_EGREP='/bin/grep -E'
ac_cv_path_FGREP='/bin/grep -F'
ac_cv_path_GMSGFMT=/usr/bin/msgfmt
ac_cv_path_GREP=/bin/grep
ac_cv_path_INTLTOOL_EXTRACT=/usr/bin/intltool-extract
ac_cv_path_INTLTOOL_MERGE=/usr/bin/intltool-merge
ac_cv_path_INTLTOOL_PERL=/usr/bin/perl
ac_cv_path_INTLTOOL_UPDATE=/usr/bin/intltool-update
ac_cv_path_MSGFMT=/usr/bin/msgfmt
ac_cv_path_MSGMERGE=/usr/bin/msgmerge
ac_cv_path_SED=/bin/sed
ac_cv_path_XGETTEXT=/usr/bin/xgettext
ac_cv_path_ac_pt_PKG_CONFIG=/usr/bin/pkg-config
ac_cv_path_install='/usr/bin/install -c'
ac_cv_path_mkdir=/bin/mkdir
ac_cv_prog_AR=arm-mv5sft-linux-gnueabi-ar
ac_cv_prog_AWK=gawk
ac_cv_prog_CC=arm-mv5sft-linux-gnueabi-gcc
ac_cv_prog_CPP='arm-mv5sft-linux-gnueabi-gcc -E'
ac_cv_prog_CXXCPP='arm-mv5sft-linux-gnueabi-g++ -E'
ac_cv_prog_HAVE_CXX=yes
ac_cv_prog_OBJDUMP=arm-mv5sft-linux-gnueabi-objdump
ac_cv_prog_RANLIB=arm-mv5sft-linux-gnueabi-ranlib
ac_cv_prog_STRIP=arm-mv5sft-linux-gnueabi-strip
ac_cv_prog_cc_c89=
ac_cv_prog_cc_g=yes
ac_cv_prog_cxx_g=yes
ac_cv_prog_make_make_set=yes
ac_cv_search_cos=-lm
ac_cv_search_gethostbyname='none required'
ac_cv_search_gzopen=-lz
ac_cv_search_socket='none required'
ac_cv_sys_file_offset_bits=64
ac_cv_sys_largefile_CC=no
am_cv_CC_dependencies_compiler_type=gcc3
am_cv_CXX_dependencies_compiler_type=gcc3
am_cv_prog_tar_pax=gnutar
am_cv_val_LC_MESSAGES=yes
gt_cv_func_dgettext_libc=yes
gt_cv_func_dgettext_libintl=no
gt_cv_func_ngettext_libc=yes
gt_cv_have_gettext=yes
lt_cv_ar_at_file=@
lt_cv_archive_cmds_need_lc=no
lt_cv_deplibs_check_method=pass_all
lt_cv_file_magic_cmd='$MAGIC_CMD'
lt_cv_file_magic_test_file=
lt_cv_ld_reload_flag=-r
lt_cv_nm_interface='BSD nm'
lt_cv_objdir=.libs
lt_cv_path_LD=arm-mv5sft-linux-gnueabi-ld
lt_cv_path_LDCXX=arm-mv5sft-linux-gnueabi-ld
lt_cv_path_NM=arm-mv5sft-linux-gnueabi-nm
lt_cv_path_mainfest_tool=no
lt_cv_prog_compiler_c_o=yes
lt_cv_prog_compiler_c_o_CXX=yes
lt_cv_prog_compiler_pic='-fPIC -DPIC'
lt_cv_prog_compiler_pic_CXX='-fPIC -DPIC'
lt_cv_prog_compiler_pic_works=yes
lt_cv_prog_compiler_pic_works_CXX=yes
lt_cv_prog_compiler_rtti_exceptions=no
lt_cv_prog_compiler_static_works=no
lt_cv_prog_compiler_static_works_CXX=no
lt_cv_prog_gnu_ld=yes
lt_cv_prog_gnu_ldcxx=yes
lt_cv_sharedlib_from_linklib_cmd='printf %s\n'
lt_cv_shlibpath_overrides_runpath=yes
lt_cv_sys_global_symbol_pipe='sed -n -e '\''s/^.*[	 ]\([ABCDGIRSTW][ABCDGIRSTW]*\)[	 ][	 ]*\([_A-Za-z][_A-Za-z0-9]*\)$/\1 \2 \2/p'\'' | sed '\''/ __gnu_lto/d'\'''
lt_cv_sys_global_symbol_to_c_name_address='sed -n -e '\''s/^: \([^ ]*\)[ ]*$/  {\"\1\", (void *) 0},/p'\'' -e '\''s/^[ABCDGIRSTW]* \([^ ]*\) \([^ ]*\)$/  {"\2", (void *) \&\2},/p'\'''
lt_cv_sys_global_symbol_to_c_name_address_lib_prefix='sed -n -e '\''s/^: \([^ ]*\)[ ]*$/  {\"\1\", (void *) 0},/p'\'' -e '\''s/^[ABCDGIRSTW]* \([^ ]*\) \(lib[^ ]*\)$/  {"\2", (void *) \&\2},/p'\'' -e '\''s/^[ABCDGIRSTW]* \([^ ]*\) \([^ ]*\)$/  {"lib\2", (void *) \&\2},/p'\'''
lt_cv_sys_global_symbol_to_cdecl='sed -n -e '\''s/^T .* \(.*\)$/extern int \1();/p'\'' -e '\''s/^[ABCDGIRSTW]* .* \(.*\)$/extern char \1;/p'\'''
lt_cv_sys_max_cmd_len=1966080
lt_cv_to_host_file_cmd=func_convert_file_noop
lt_cv_to_tool_file_cmd=func_convert_file_noop
pkg_cv_LIBCURL_CFLAGS=-I../curl-7.19.7
pkg_cv_LIBCURL_LIBS=-lcurl
pkg_cv_LIBEVENT_CFLAGS=-I../libevent-2.0.16-stable
pkg_cv_LIBEVENT_LIBS=-levent
pkg_cv_OPENSSL_CFLAGS=-I../openssl-0.9.7
pkg_cv_OPENSSL_LIBS='-lssl -lcrypto'

## ----------------- ##
## Output variables. ##
## ----------------- ##

ACLOCAL='${SHELL} /opt/DNS-320L/GPL_320_325/transmission-2.42/missing --run aclocal-1.11'
ALL_LINGUAS=''
AMDEPBACKSLASH='\'
AMDEP_FALSE='#'
AMDEP_TRUE=''
AMTAR='${SHELL} /opt/DNS-320L/GPL_320_325/transmission-2.42/missing --run tar'
AM_BACKSLASH='\'
AM_DEFAULT_VERBOSITY='0'
AR='arm-mv5sft-linux-gnueabi-ar'
AUTOCONF='${SHELL} /opt/DNS-320L/GPL_320_325/transmission-2.42/missing --run autoconf'
AUTOHEADER='${SHELL} /opt/DNS-320L/GPL_320_325/transmission-2.42/missing --run autoheader'
AUTOMAKE='${SHELL} /opt/DNS-320L/GPL_320_325/transmission-2.42/missing --run automake-1.11'
AWK='gawk'
BUILD_CLI_FALSE='#'
BUILD_CLI_TRUE=''
BUILD_DAEMON_FALSE='#'
BUILD_DAEMON_TRUE=''
BUILD_GTK_FALSE=''
BUILD_GTK_TRUE='#'
BUILD_MAC_FALSE=''
BUILD_MAC_TRUE='#'
BUILD_UTP_FALSE='#'
BUILD_UTP_TRUE=''
CATALOGS=''
CATOBJEXT='.gmo'
CC='arm-mv5sft-linux-gnueabi-gcc'
CCDEPMODE='depmode=gcc3'
CFLAGS='-DALPHA_CUSTOMIZE -std=gnu99 -ggdb3 -Wall -W -Wpointer-arith -Wformat-security -Wcast-align -Wundef -Wcast-align -Wstrict-prototypes -Wmissing-declarations -Wmissing-format-attribute -Wredundant-decls -Wnested-externs -Wunused-parameter -Wwrite-strings -Winline -Wfloat-equal -Wextra -Wdeclaration-after-statement -Winit-self -Wvariadic-macros'
CPP='arm-mv5sft-linux-gnueabi-gcc -E'
CPPFLAGS=' -DNDEBUG'
CURL_MINIMUM='7.15.4'
CXX='arm-mv5sft-linux-gnueabi-g++'
CXXCPP='arm-mv5sft-linux-gnueabi-g++ -E'
CXXDEPMODE='depmode=gcc3'
CXXFLAGS='-DPROJECT_NAME=\"DNS-320L\" -DPROJECT_DNS_320L=1 -DDNS_320L=1 -I/opt/DNS-320L/unic/module/include -DPROJECT_FEATURE_BAYS=2 -DPROJECT_FEATURE_BAYS_2=1 -DPROJECT_FEATURE_VOLUME_ENCRYPTION=1 -DPROJECT_FEATURE_IPV6=1 -DPROJECT_FEATURE_LED=1'
CYGPATH_W='echo'
DATADIRNAME='share'
DEFS='-DPACKAGE_NAME=\"transmission\" -DPACKAGE_TARNAME=\"transmission\" -DPACKAGE_VERSION=\"2.42\" -DPACKAGE_STRING=\"transmission\ 2.42\" -DPACKAGE_BUGREPORT=\"http://trac.transmissionbt.com/newticket\" -DPACKAGE_URL=\"\" -DPACKAGE=\"transmission\" -DVERSION=\"2.42\" -DSTDC_HEADERS=1 -DHAVE_SYS_TYPES_H=1 -DHAVE_SYS_STAT_H=1 -DHAVE_STDLIB_H=1 -DHAVE_STRING_H=1 -DHAVE_MEMORY_H=1 -DHAVE_STRINGS_H=1 -DHAVE_INTTYPES_H=1 -DHAVE_STDINT_H=1 -DHAVE_UNISTD_H=1 -DHAVE_DLFCN_H=1 -DLT_OBJDIR=\".libs/\" -DSTDC_HEADERS=1 -DTIME_WITH_SYS_TIME=1 -DHAVE_STDBOOL_H=1 -DHAVE_ICONV_OPEN=1 -DHAVE_PREAD=1 -DHAVE_PWRITE=1 -DHAVE_DAEMON=1 -DHAVE_DIRNAME=1 -DHAVE_BASENAME=1 -DHAVE_STRCASECMP=1 -DHAVE_LOCALTIME_R=1 -DHAVE_POSIX_FALLOCATE=1 -DHAVE_MEMMEM=1 -DHAVE_STRSEP=1 -DHAVE_STRTOLD=1 -DHAVE_SYSLOG=1 -DHAVE_VALLOC=1 -DHAVE_GETPAGESIZE=1 -DHAVE_POSIX_MEMALIGN=1 -DHAVE_STATVFS=1 -DHAVE_PTHREAD=1 -DHAVE__TMP_DUMMY1_ZLIB_H=1 -DHAVE_ZLIB=1 -D_FILE_OFFSET_BITS=64 -DHAVE_LSEEK64=1 -DHAVE_DECL_POSIX_FADVISE=1 -DHAVE_POSIX_FADVISE=1 -DWITH_INOTIFY=1 -DHAVE_SYS_STATVFS_H=1 -DWITH_UTP=1 -DHAVE_LIBINTL_H=1 -DGETTEXT_PACKAGE=\"transmission-gtk\" -DHAVE_LOCALE_H=1 -DHAVE_LC_MESSAGES=1 -DHAVE_BIND_TEXTDOMAIN_CODESET=1 -DHAVE_GETTEXT=1 -DHAVE_DCGETTEXT=1 -DENABLE_NLS=1'
DEPDIR='.deps'
DHT_CFLAGS='-I$(top_srcdir)/third-party/dht'
DHT_LIBS='$(top_builddir)/third-party/dht/libdht.a'
DLLTOOL='false'
DSYMUTIL=''
DUMPBIN=''
ECHO_C=''
ECHO_N='-n'
ECHO_T=''
EGREP='/bin/grep -E'
EXEEXT=''
FGREP='/bin/grep -F'
GETTEXT_PACKAGE='transmission-gtk'
GIO_MINIMUM='2.26.0'
GLIB_MINIMUM='2.28.0'
GMOFILES=''
GMSGFMT='/usr/bin/msgfmt'
GREP='/bin/grep'
GTK2_MINIMUM='2.22.0'
GTK3_MINIMUM='3.2.0'
GTK_CFLAGS=''
GTK_LIBS=''
HAVE_CXX='yes'
INSTALL_DATA='${INSTALL} -m 644'
INSTALL_PROGRAM='${INSTALL}'
INSTALL_SCRIPT='${INSTALL}'
INSTALL_STRIP_PROGRAM='$(install_sh) -c -s'
INSTOBJEXT='.mo'
INTLLIBS=''
INTLTOOL_CAVES_RULE='%.caves:     %.caves.in     $(INTLTOOL_MERGE) $(wildcard $(top_srcdir)/po/*.po) ; LC_ALL=C $(INTLTOOL_MERGE) -d -u -c $(top_builddir)/po/.intltool-merge-cache $(top_srcdir)/po $< $@'
INTLTOOL_DESKTOP_RULE='%.desktop:   %.desktop.in   $(INTLTOOL_MERGE) $(wildcard $(top_srcdir)/po/*.po) ; LC_ALL=C $(INTLTOOL_MERGE) -d -u -c $(top_builddir)/po/.intltool-merge-cache $(top_srcdir)/po $< $@'
INTLTOOL_DIRECTORY_RULE='%.directory: %.directory.in $(INTLTOOL_MERGE) $(wildcard $(top_srcdir)/po/*.po) ; LC_ALL=C $(INTLTOOL_MERGE) -d -u -c $(top_builddir)/po/.intltool-merge-cache $(top_srcdir)/po $< $@'
INTLTOOL_EXTRACT='/usr/bin/intltool-extract'
INTLTOOL_KBD_RULE='%.kbd:       %.kbd.in       $(INTLTOOL_MERGE) $(wildcard $(top_srcdir)/po/*.po) ; LC_ALL=C $(INTLTOOL_MERGE) -x -u -m -c $(top_builddir)/po/.intltool-merge-cache $(top_srcdir)/po $< $@'
INTLTOOL_KEYS_RULE='%.keys:      %.keys.in      $(INTLTOOL_MERGE) $(wildcard $(top_srcdir)/po/*.po) ; LC_ALL=C $(INTLTOOL_MERGE) -k -u -c $(top_builddir)/po/.intltool-merge-cache $(top_srcdir)/po $< $@'
INTLTOOL_MERGE='/usr/bin/intltool-merge'
INTLTOOL_OAF_RULE='%.oaf:       %.oaf.in       $(INTLTOOL_MERGE) $(wildcard $(top_srcdir)/po/*.po) ; LC_ALL=C $(INTLTOOL_MERGE) -o -p $(top_srcdir)/po $< $@'
INTLTOOL_PERL='/usr/bin/perl'
INTLTOOL_POLICY_RULE='%.policy:    %.policy.in    $(INTLTOOL_MERGE) $(wildcard $(top_srcdir)/po/*.po) ; LC_ALL=C $(INTLTOOL_MERGE) -x -u -c $(top_builddir)/po/.intltool-merge-cache $(top_srcdir)/po $< $@'
INTLTOOL_PONG_RULE='%.pong:      %.pong.in      $(INTLTOOL_MERGE) $(wildcard $(top_srcdir)/po/*.po) ; LC_ALL=C $(INTLTOOL_MERGE) -x -u -c $(top_builddir)/po/.intltool-merge-cache $(top_srcdir)/po $< $@'
INTLTOOL_PROP_RULE='%.prop:      %.prop.in      $(INTLTOOL_MERGE) $(wildcard $(top_srcdir)/po/*.po) ; LC_ALL=C $(INTLTOOL_MERGE) -d -u -c $(top_builddir)/po/.intltool-merge-cache $(top_srcdir)/po $< $@'
INTLTOOL_SCHEMAS_RULE='%.schemas:   %.schemas.in   $(INTLTOOL_MERGE) $(wildcard $(top_srcdir)/po/*.po) ; LC_ALL=C $(INTLTOOL_MERGE) -s -u -c $(top_builddir)/po/.intltool-merge-cache $(top_srcdir)/po $< $@'
INTLTOOL_SERVER_RULE='%.server:    %.server.in    $(INTLTOOL_MERGE) $(wildcard $(top_srcdir)/po/*.po) ; LC_ALL=C $(INTLTOOL_MERGE) -o -u -c $(top_builddir)/po/.intltool-merge-cache $(top_srcdir)/po $< $@'
INTLTOOL_SERVICE_RULE='%.service: %.service.in   $(INTLTOOL_MERGE) $(wildcard $(top_srcdir)/po/*.po) ; LC_ALL=C $(INTLTOOL_MERGE) -d -u -c $(top_builddir)/po/.intltool-merge-cache $(top_srcdir)/po $< $@'
INTLTOOL_SHEET_RULE='%.sheet:     %.sheet.in     $(INTLTOOL_MERGE) $(wildcard $(top_srcdir)/po/*.po) ; LC_ALL=C $(INTLTOOL_MERGE) -x -u -c $(top_builddir)/po/.intltool-merge-cache $(top_srcdir)/po $< $@'
INTLTOOL_SOUNDLIST_RULE='%.soundlist: %.soundlist.in $(INTLTOOL_MERGE) $(wildcard $(top_srcdir)/po/*.po) ; LC_ALL=C $(INTLTOOL_MERGE) -d -u -c $(top_builddir)/po/.intltool-merge-cache $(top_srcdir)/po $< $@'
INTLTOOL_THEME_RULE='%.theme:     %.theme.in     $(INTLTOOL_MERGE) $(wildcard $(top_srcdir)/po/*.po) ; LC_ALL=C $(INTLTOOL_MERGE) -d -u -c $(top_builddir)/po/.intltool-merge-cache $(top_srcdir)/po $< $@'
INTLTOOL_UI_RULE='%.ui:        %.ui.in        $(INTLTOOL_MERGE) $(wildcard $(top_srcdir)/po/*.po) ; LC_ALL=C $(INTLTOOL_MERGE) -x -u -c $(top_builddir)/po/.intltool-merge-cache $(top_srcdir)/po $< $@'
INTLTOOL_UPDATE='/usr/bin/intltool-update'
INTLTOOL_XAM_RULE='%.xam:       %.xml.in       $(INTLTOOL_MERGE) $(wildcard $(top_srcdir)/po/*.po) ; LC_ALL=C $(INTLTOOL_MERGE) -x -u -c $(top_builddir)/po/.intltool-merge-cache $(top_srcdir)/po $< $@'
INTLTOOL_XML_NOMERGE_RULE='%.xml:       %.xml.in       $(INTLTOOL_MERGE) ; LC_ALL=C $(INTLTOOL_MERGE) -x -u /tmp $< $@'
INTLTOOL_XML_RULE='%.xml:       %.xml.in       $(INTLTOOL_MERGE) $(wildcard $(top_srcdir)/po/*.po) ; LC_ALL=C $(INTLTOOL_MERGE) -x -u -c $(top_builddir)/po/.intltool-merge-cache $(top_srcdir)/po $< $@'
LD='arm-mv5sft-linux-gnueabi-ld'
LDFLAGS='-L/opt_gccarm/arm-mv5sft-linux-gnueabi/arm-mv5sft-linux-gnueabi/sys-root/usr/lib -liconv'
LIBAPPINDICATOR_CFLAGS=''
LIBAPPINDICATOR_LIBS=''
LIBAPPINDICATOR_MINIMUM='0.0.11'
LIBCURL_CFLAGS='-I../curl-7.19.7'
LIBCURL_LIBS='-lcurl'
LIBEVENT_CFLAGS='-I../libevent-2.0.16-stable'
LIBEVENT_LIBS='-levent'
LIBEVENT_MINIUM=''
LIBOBJS=''
LIBS='-lm '
LIBTOOL='$(SHELL) $(top_builddir)/libtool'
LIBUTP_CFLAGS='-I$(top_srcdir)/third-party/'
LIBUTP_LIBS='$(top_builddir)/third-party/libutp/libutp.a -lrt'
LIPO=''
LN_S='ln -s'
LTLIBOBJS=''
MAKEINFO='${SHELL} /opt/DNS-320L/GPL_320_325/transmission-2.42/missing --run makeinfo'
MANIFEST_TOOL=':'
MKDIR_P='/bin/mkdir -p'
MKINSTALLDIRS='./mkinstalldirs'
MSGFMT='/usr/bin/msgfmt'
MSGMERGE='/usr/bin/msgmerge'
NM='arm-mv5sft-linux-gnueabi-nm'
NMEDIT=''
OBJDUMP='arm-mv5sft-linux-gnueabi-objdump'
OBJEXT='o'
OPENSSL_CFLAGS='-I../openssl-0.9.7'
OPENSSL_LIBS='-lssl -lcrypto'
OPENSSL_MINIMUM='0.9.4'
OTOOL64=''
OTOOL=''
PACKAGE='transmission'
PACKAGE_BUGREPORT='http://trac.transmissionbt.com/newticket'
PACKAGE_NAME='transmission'
PACKAGE_STRING='transmission 2.42'
PACKAGE_TARNAME='transmission'
PACKAGE_URL=''
PACKAGE_VERSION='2.42'
PATH_SEPARATOR=':'
PEERID_PREFIX='-TR2420-'
PKG_CONFIG='/usr/bin/pkg-config'
POFILES=''
POSUB='po'
PO_IN_DATADIR_FALSE=''
PO_IN_DATADIR_TRUE=''
PTHREAD_CC='arm-mv5sft-linux-gnueabi-gcc'
PTHREAD_CFLAGS='-pthread'
PTHREAD_LIBS=''
RANLIB='arm-mv5sft-linux-gnueabi-ranlib'
SED='/bin/sed'
SET_MAKE=''
SHELL='/bin/sh'
STRIP='arm-mv5sft-linux-gnueabi-strip'
TR_UNSTABLE_FALSE=''
TR_UNSTABLE_TRUE='#'
USERAGENT_PREFIX='2.42'
USE_NLS='yes'
VERSION='2.42'
WIN32_FALSE=''
WIN32_TRUE='#'
WINDRES=''
XGETTEXT='/usr/bin/xgettext'
ZLIB_CFLAGS=''
ZLIB_LDFLAGS=''
ZLIB_LIBS='-lz -lm '
ac_ct_AR=''
ac_ct_CC=''
ac_ct_CXX=''
ac_ct_DUMPBIN=''
acx_pthread_config=''
am__EXEEXT_FALSE=''
am__EXEEXT_TRUE='#'
am__fastdepCC_FALSE='#'
am__fastdepCC_TRUE=''
am__fastdepCXX_FALSE='#'
am__fastdepCXX_TRUE=''
am__include='include'
am__isrc=''
am__leading_dot='.'
am__quote=''
am__tar='tar --format=posix -chf - "$$tardir"'
am__untar='tar -xf -'
bindir='${exec_prefix}/bin'
build='i686-pc-linux-gnu'
build_alias=''
build_cpu='i686'
build_os='linux-gnu'
build_vendor='pc'
datadir='${datarootdir}'
datarootdir='${prefix}/share'
docdir='${datarootdir}/doc/${PACKAGE_TARNAME}'
dvidir='${docdir}'
exec_prefix='${prefix}'
host='arm-mv5sft-linux-gnueabi'
host_alias='arm-mv5sft-linux-gnueabi'
host_cpu='arm'
host_os='linux-gnueabi'
host_vendor='mv5sft'
htmldir='${docdir}'
includedir='${prefix}/include'
infodir='${datarootdir}/info'
install_sh='${SHELL} /opt/DNS-320L/GPL_320_325/transmission-2.42/install-sh'
libdir='${exec_prefix}/lib'
libexecdir='${exec_prefix}/libexec'
localedir='${datarootdir}/locale'
localstatedir='${prefix}/var'
mandir='${datarootdir}/man'
mkdir_p='/bin/mkdir -p'
oldincludedir='/usr/include'
pdfdir='${docdir}'
prefix='/opt_gccarm/arm-mv5sft-linux-gnueabi/arm-mv5sft-linux-gnueabi/sys-root/usr'
program_transform_name='s,x,x,'
psdir='${docdir}'
sbindir='${exec_prefix}/sbin'
sharedstatedir='${prefix}/com'
sysconfdir='${prefix}/etc'
target_alias=''
transmissionlocaledir='${prefix}/${DATADIRNAME}/locale'

## ----------- ##
## confdefs.h. ##
## ----------- ##

/* confdefs.h */
#define PACKAGE_NAME "transmission"
#define PACKAGE_TARNAME "transmission"
#define PACKAGE_VERSION "2.42"
#define PACKAGE_STRING "transmission 2.42"
#define PACKAGE_BUGREPORT "http://trac.transmissionbt.com/newticket"
#define PACKAGE_URL ""
#define PACKAGE "transmission"
#define VERSION "2.42"
#define STDC_HEADERS 1
#define HAVE_SYS_TYPES_H 1
#define HAVE_SYS_STAT_H 1
#define HAVE_STDLIB_H 1
#define HAVE_STRING_H 1
#define HAVE_MEMORY_H 1
#define HAVE_STRINGS_H 1
#define HAVE_INTTYPES_H 1
#define HAVE_STDINT_H 1
#define HAVE_UNISTD_H 1
#define HAVE_DLFCN_H 1
#define LT_OBJDIR ".libs/"
#define STDC_HEADERS 1
#define TIME_WITH_SYS_TIME 1
#define HAVE_STDBOOL_H 1
#define HAVE_ICONV_OPEN 1
#define HAVE_PREAD 1
#define HAVE_PWRITE 1
#define HAVE_DAEMON 1
#define HAVE_DIRNAME 1
#define HAVE_BASENAME 1
#define HAVE_STRCASECMP 1
#define HAVE_LOCALTIME_R 1
#define HAVE_POSIX_FALLOCATE 1
#define HAVE_MEMMEM 1
#define HAVE_STRSEP 1
#define HAVE_STRTOLD 1
#define HAVE_SYSLOG 1
#define HAVE_VALLOC 1
#define HAVE_GETPAGESIZE 1
#define HAVE_POSIX_MEMALIGN 1
#define HAVE_STATVFS 1
#define HAVE_PTHREAD 1
#define HAVE__TMP_DUMMY1_ZLIB_H 1
#define HAVE_ZLIB 1
#define _FILE_OFFSET_BITS 64
#define HAVE_LSEEK64 1
#define HAVE_DECL_POSIX_FADVISE 1
#define HAVE_POSIX_FADVISE 1
#define WITH_INOTIFY 1
#define HAVE_SYS_STATVFS_H 1
#define WITH_UTP 1
#define HAVE_LIBINTL_H 1
#define GETTEXT_PACKAGE "transmission-gtk"
#define HAVE_LOCALE_H 1
#define HAVE_LC_MESSAGES 1
#define HAVE_BIND_TEXTDOMAIN_CODESET 1
#define HAVE_GETTEXT 1
#define HAVE_DCGETTEXT 1
#define ENABLE_NLS 1

configure: exit 0
